[2022-03-28 10:13:20,585] {taskinstance.py:1037} INFO - Dependencies all met for <TaskInstance: example_bash_operator.runme_2 manual__2022-03-28T16:29:10.852578+00:00 [queued]>
[2022-03-28 10:13:20,596] {taskinstance.py:1037} INFO - Dependencies all met for <TaskInstance: example_bash_operator.runme_2 manual__2022-03-28T16:29:10.852578+00:00 [queued]>
[2022-03-28 10:13:20,596] {taskinstance.py:1243} INFO - 
--------------------------------------------------------------------------------
[2022-03-28 10:13:20,596] {taskinstance.py:1244} INFO - Starting attempt 1 of 1
[2022-03-28 10:13:20,597] {taskinstance.py:1245} INFO - 
--------------------------------------------------------------------------------
[2022-03-28 10:13:20,611] {taskinstance.py:1264} INFO - Executing <Task(BashOperator): runme_2> on 2022-03-28 16:29:10.852578+00:00
[2022-03-28 10:13:20,618] {standard_task_runner.py:52} INFO - Started process 52700 to run task
[2022-03-28 10:13:20,629] {standard_task_runner.py:76} INFO - Running: ['airflow', 'tasks', 'run', 'example_bash_operator', 'runme_2', 'manual__2022-03-28T16:29:10.852578+00:00', '--job-id', '7', '--raw', '--subdir', '/home/vengat/big_data/python/venv/aflow_env/lib/python3.9/site-packages/airflow/example_dags/example_bash_operator.py', '--cfg-path', '/tmp/tmpepg5zfpv', '--error-file', '/tmp/tmphwknojtg']
[2022-03-28 10:13:20,630] {standard_task_runner.py:77} INFO - Job 7: Subtask runme_2
[2022-03-28 10:13:20,688] {logging_mixin.py:109} INFO - Running <TaskInstance: example_bash_operator.runme_2 manual__2022-03-28T16:29:10.852578+00:00 [running]> on host ubuntu
[2022-03-28 10:13:20,734] {taskinstance.py:1429} INFO - Exporting the following env vars:
AIRFLOW_CTX_DAG_OWNER=airflow
AIRFLOW_CTX_DAG_ID=example_bash_operator
AIRFLOW_CTX_TASK_ID=runme_2
AIRFLOW_CTX_EXECUTION_DATE=2022-03-28T16:29:10.852578+00:00
AIRFLOW_CTX_DAG_RUN_ID=manual__2022-03-28T16:29:10.852578+00:00
[2022-03-28 10:13:20,735] {subprocess.py:62} INFO - Tmp dir root location: 
 /tmp
[2022-03-28 10:13:20,746] {subprocess.py:74} INFO - Running command: ['bash', '-c', 'echo "example_bash_operator__runme_2__20220328" && sleep 1']
[2022-03-28 10:13:20,766] {subprocess.py:85} INFO - Output:
[2022-03-28 10:13:20,766] {subprocess.py:89} INFO - example_bash_operator__runme_2__20220328
[2022-03-28 10:13:21,766] {subprocess.py:93} INFO - Command exited with return code 0
[2022-03-28 10:13:21,804] {taskinstance.py:1272} INFO - Marking task as SUCCESS. dag_id=example_bash_operator, task_id=runme_2, execution_date=20220328T162910, start_date=20220328T171320, end_date=20220328T171321
[2022-03-28 10:13:21,859] {local_task_job.py:154} INFO - Task exited with return code 0
[2022-03-28 10:13:21,956] {local_task_job.py:264} INFO - 1 downstream tasks scheduled from follow-on schedule check
