[2022-03-28 10:13:28,935] {taskinstance.py:1037} INFO - Dependencies all met for <TaskInstance: example_bash_operator.this_will_skip manual__2022-03-28T16:29:10.852578+00:00 [queued]>
[2022-03-28 10:13:28,943] {taskinstance.py:1037} INFO - Dependencies all met for <TaskInstance: example_bash_operator.this_will_skip manual__2022-03-28T16:29:10.852578+00:00 [queued]>
[2022-03-28 10:13:28,943] {taskinstance.py:1243} INFO - 
--------------------------------------------------------------------------------
[2022-03-28 10:13:28,943] {taskinstance.py:1244} INFO - Starting attempt 1 of 1
[2022-03-28 10:13:28,943] {taskinstance.py:1245} INFO - 
--------------------------------------------------------------------------------
[2022-03-28 10:13:28,959] {taskinstance.py:1264} INFO - Executing <Task(BashOperator): this_will_skip> on 2022-03-28 16:29:10.852578+00:00
[2022-03-28 10:13:28,962] {standard_task_runner.py:52} INFO - Started process 52712 to run task
[2022-03-28 10:13:28,971] {standard_task_runner.py:76} INFO - Running: ['airflow', 'tasks', 'run', 'example_bash_operator', 'this_will_skip', 'manual__2022-03-28T16:29:10.852578+00:00', '--job-id', '11', '--raw', '--subdir', '/home/vengat/big_data/python/venv/aflow_env/lib/python3.9/site-packages/airflow/example_dags/example_bash_operator.py', '--cfg-path', '/tmp/tmpxqihjblr', '--error-file', '/tmp/tmpiyz7ru_5']
[2022-03-28 10:13:28,972] {standard_task_runner.py:77} INFO - Job 11: Subtask this_will_skip
[2022-03-28 10:13:29,029] {logging_mixin.py:109} INFO - Running <TaskInstance: example_bash_operator.this_will_skip manual__2022-03-28T16:29:10.852578+00:00 [running]> on host ubuntu
[2022-03-28 10:13:29,063] {taskinstance.py:1429} INFO - Exporting the following env vars:
AIRFLOW_CTX_DAG_OWNER=airflow
AIRFLOW_CTX_DAG_ID=example_bash_operator
AIRFLOW_CTX_TASK_ID=this_will_skip
AIRFLOW_CTX_EXECUTION_DATE=2022-03-28T16:29:10.852578+00:00
AIRFLOW_CTX_DAG_RUN_ID=manual__2022-03-28T16:29:10.852578+00:00
[2022-03-28 10:13:29,064] {subprocess.py:62} INFO - Tmp dir root location: 
 /tmp
[2022-03-28 10:13:29,064] {subprocess.py:74} INFO - Running command: ['bash', '-c', 'echo "hello world"; exit 99;']
[2022-03-28 10:13:29,070] {subprocess.py:85} INFO - Output:
[2022-03-28 10:13:29,072] {subprocess.py:89} INFO - hello world
[2022-03-28 10:13:29,072] {subprocess.py:93} INFO - Command exited with return code 99
[2022-03-28 10:13:29,073] {taskinstance.py:1361} INFO - Bash command returned exit code 99. Skipping.
[2022-03-28 10:13:29,081] {taskinstance.py:1272} INFO - Marking task as SKIPPED. dag_id=example_bash_operator, task_id=this_will_skip, execution_date=20220328T162910, start_date=20220328T171328, end_date=20220328T171329
[2022-03-28 10:13:29,106] {local_task_job.py:154} INFO - Task exited with return code 0
[2022-03-28 10:13:29,133] {local_task_job.py:264} INFO - 0 downstream tasks scheduled from follow-on schedule check
