[2022-03-28 10:13:08,472] {taskinstance.py:1037} INFO - Dependencies all met for <TaskInstance: example_bash_operator.runme_1 scheduled__2022-03-27T00:00:00+00:00 [queued]>
[2022-03-28 10:13:08,477] {taskinstance.py:1037} INFO - Dependencies all met for <TaskInstance: example_bash_operator.runme_1 scheduled__2022-03-27T00:00:00+00:00 [queued]>
[2022-03-28 10:13:08,478] {taskinstance.py:1243} INFO - 
--------------------------------------------------------------------------------
[2022-03-28 10:13:08,478] {taskinstance.py:1244} INFO - Starting attempt 1 of 1
[2022-03-28 10:13:08,478] {taskinstance.py:1245} INFO - 
--------------------------------------------------------------------------------
[2022-03-28 10:13:08,488] {taskinstance.py:1264} INFO - Executing <Task(BashOperator): runme_1> on 2022-03-27 00:00:00+00:00
[2022-03-28 10:13:08,490] {standard_task_runner.py:52} INFO - Started process 52684 to run task
[2022-03-28 10:13:08,495] {standard_task_runner.py:76} INFO - Running: ['airflow', 'tasks', 'run', 'example_bash_operator', 'runme_1', 'scheduled__2022-03-27T00:00:00+00:00', '--job-id', '3', '--raw', '--subdir', '/home/vengat/big_data/python/venv/aflow_env/lib/python3.9/site-packages/airflow/example_dags/example_bash_operator.py', '--cfg-path', '/tmp/tmpx7a2tann', '--error-file', '/tmp/tmps5yn_uy2']
[2022-03-28 10:13:08,495] {standard_task_runner.py:77} INFO - Job 3: Subtask runme_1
[2022-03-28 10:13:08,569] {logging_mixin.py:109} INFO - Running <TaskInstance: example_bash_operator.runme_1 scheduled__2022-03-27T00:00:00+00:00 [running]> on host ubuntu
[2022-03-28 10:13:08,601] {taskinstance.py:1429} INFO - Exporting the following env vars:
AIRFLOW_CTX_DAG_OWNER=airflow
AIRFLOW_CTX_DAG_ID=example_bash_operator
AIRFLOW_CTX_TASK_ID=runme_1
AIRFLOW_CTX_EXECUTION_DATE=2022-03-27T00:00:00+00:00
AIRFLOW_CTX_DAG_RUN_ID=scheduled__2022-03-27T00:00:00+00:00
[2022-03-28 10:13:08,602] {subprocess.py:62} INFO - Tmp dir root location: 
 /tmp
[2022-03-28 10:13:08,603] {subprocess.py:74} INFO - Running command: ['bash', '-c', 'echo "example_bash_operator__runme_1__20220327" && sleep 1']
[2022-03-28 10:13:08,608] {subprocess.py:85} INFO - Output:
[2022-03-28 10:13:08,610] {subprocess.py:89} INFO - example_bash_operator__runme_1__20220327
[2022-03-28 10:13:09,612] {subprocess.py:93} INFO - Command exited with return code 0
[2022-03-28 10:13:09,644] {taskinstance.py:1272} INFO - Marking task as SUCCESS. dag_id=example_bash_operator, task_id=runme_1, execution_date=20220327T000000, start_date=20220328T171308, end_date=20220328T171309
[2022-03-28 10:13:09,680] {local_task_job.py:154} INFO - Task exited with return code 0
[2022-03-28 10:13:09,699] {local_task_job.py:264} INFO - 0 downstream tasks scheduled from follow-on schedule check
