[2022-03-28 10:13:16,617] {taskinstance.py:1037} INFO - Dependencies all met for <TaskInstance: example_bash_operator.runme_1 manual__2022-03-28T16:29:10.852578+00:00 [queued]>
[2022-03-28 10:13:16,628] {taskinstance.py:1037} INFO - Dependencies all met for <TaskInstance: example_bash_operator.runme_1 manual__2022-03-28T16:29:10.852578+00:00 [queued]>
[2022-03-28 10:13:16,628] {taskinstance.py:1243} INFO - 
--------------------------------------------------------------------------------
[2022-03-28 10:13:16,628] {taskinstance.py:1244} INFO - Starting attempt 1 of 1
[2022-03-28 10:13:16,628] {taskinstance.py:1245} INFO - 
--------------------------------------------------------------------------------
[2022-03-28 10:13:16,651] {taskinstance.py:1264} INFO - Executing <Task(BashOperator): runme_1> on 2022-03-28 16:29:10.852578+00:00
[2022-03-28 10:13:16,657] {standard_task_runner.py:52} INFO - Started process 52694 to run task
[2022-03-28 10:13:16,673] {standard_task_runner.py:76} INFO - Running: ['airflow', 'tasks', 'run', 'example_bash_operator', 'runme_1', 'manual__2022-03-28T16:29:10.852578+00:00', '--job-id', '6', '--raw', '--subdir', '/home/vengat/big_data/python/venv/aflow_env/lib/python3.9/site-packages/airflow/example_dags/example_bash_operator.py', '--cfg-path', '/tmp/tmpg2uvn2zn', '--error-file', '/tmp/tmpvr09gpnb']
[2022-03-28 10:13:16,674] {standard_task_runner.py:77} INFO - Job 6: Subtask runme_1
[2022-03-28 10:13:16,765] {logging_mixin.py:109} INFO - Running <TaskInstance: example_bash_operator.runme_1 manual__2022-03-28T16:29:10.852578+00:00 [running]> on host ubuntu
[2022-03-28 10:13:16,844] {taskinstance.py:1429} INFO - Exporting the following env vars:
AIRFLOW_CTX_DAG_OWNER=airflow
AIRFLOW_CTX_DAG_ID=example_bash_operator
AIRFLOW_CTX_TASK_ID=runme_1
AIRFLOW_CTX_EXECUTION_DATE=2022-03-28T16:29:10.852578+00:00
AIRFLOW_CTX_DAG_RUN_ID=manual__2022-03-28T16:29:10.852578+00:00
[2022-03-28 10:13:16,845] {subprocess.py:62} INFO - Tmp dir root location: 
 /tmp
[2022-03-28 10:13:16,851] {subprocess.py:74} INFO - Running command: ['bash', '-c', 'echo "example_bash_operator__runme_1__20220328" && sleep 1']
[2022-03-28 10:13:16,869] {subprocess.py:85} INFO - Output:
[2022-03-28 10:13:16,870] {subprocess.py:89} INFO - example_bash_operator__runme_1__20220328
[2022-03-28 10:13:17,868] {subprocess.py:93} INFO - Command exited with return code 0
[2022-03-28 10:13:17,900] {taskinstance.py:1272} INFO - Marking task as SUCCESS. dag_id=example_bash_operator, task_id=runme_1, execution_date=20220328T162910, start_date=20220328T171316, end_date=20220328T171317
[2022-03-28 10:13:17,954] {local_task_job.py:154} INFO - Task exited with return code 0
[2022-03-28 10:13:17,989] {local_task_job.py:264} INFO - 0 downstream tasks scheduled from follow-on schedule check
