[2022-03-28 10:13:25,384] {taskinstance.py:1037} INFO - Dependencies all met for <TaskInstance: example_bash_operator.this_will_skip scheduled__2022-03-27T00:00:00+00:00 [queued]>
[2022-03-28 10:13:25,390] {taskinstance.py:1037} INFO - Dependencies all met for <TaskInstance: example_bash_operator.this_will_skip scheduled__2022-03-27T00:00:00+00:00 [queued]>
[2022-03-28 10:13:25,390] {taskinstance.py:1243} INFO - 
--------------------------------------------------------------------------------
[2022-03-28 10:13:25,390] {taskinstance.py:1244} INFO - Starting attempt 1 of 1
[2022-03-28 10:13:25,391] {taskinstance.py:1245} INFO - 
--------------------------------------------------------------------------------
[2022-03-28 10:13:25,402] {taskinstance.py:1264} INFO - Executing <Task(BashOperator): this_will_skip> on 2022-03-27 00:00:00+00:00
[2022-03-28 10:13:25,405] {standard_task_runner.py:52} INFO - Started process 52706 to run task
[2022-03-28 10:13:25,409] {standard_task_runner.py:76} INFO - Running: ['airflow', 'tasks', 'run', 'example_bash_operator', 'this_will_skip', 'scheduled__2022-03-27T00:00:00+00:00', '--job-id', '9', '--raw', '--subdir', '/home/vengat/big_data/python/venv/aflow_env/lib/python3.9/site-packages/airflow/example_dags/example_bash_operator.py', '--cfg-path', '/tmp/tmp7_851q52', '--error-file', '/tmp/tmpk4vrew24']
[2022-03-28 10:13:25,412] {standard_task_runner.py:77} INFO - Job 9: Subtask this_will_skip
[2022-03-28 10:13:25,479] {logging_mixin.py:109} INFO - Running <TaskInstance: example_bash_operator.this_will_skip scheduled__2022-03-27T00:00:00+00:00 [running]> on host ubuntu
[2022-03-28 10:13:25,535] {taskinstance.py:1429} INFO - Exporting the following env vars:
AIRFLOW_CTX_DAG_OWNER=airflow
AIRFLOW_CTX_DAG_ID=example_bash_operator
AIRFLOW_CTX_TASK_ID=this_will_skip
AIRFLOW_CTX_EXECUTION_DATE=2022-03-27T00:00:00+00:00
AIRFLOW_CTX_DAG_RUN_ID=scheduled__2022-03-27T00:00:00+00:00
[2022-03-28 10:13:25,536] {subprocess.py:62} INFO - Tmp dir root location: 
 /tmp
[2022-03-28 10:13:25,536] {subprocess.py:74} INFO - Running command: ['bash', '-c', 'echo "hello world"; exit 99;']
[2022-03-28 10:13:25,543] {subprocess.py:85} INFO - Output:
[2022-03-28 10:13:25,545] {subprocess.py:89} INFO - hello world
[2022-03-28 10:13:25,545] {subprocess.py:93} INFO - Command exited with return code 99
[2022-03-28 10:13:25,546] {taskinstance.py:1361} INFO - Bash command returned exit code 99. Skipping.
[2022-03-28 10:13:25,555] {taskinstance.py:1272} INFO - Marking task as SKIPPED. dag_id=example_bash_operator, task_id=this_will_skip, execution_date=20220327T000000, start_date=20220328T171325, end_date=20220328T171325
[2022-03-28 10:13:25,583] {local_task_job.py:154} INFO - Task exited with return code 0
[2022-03-28 10:13:25,622] {local_task_job.py:264} INFO - 0 downstream tasks scheduled from follow-on schedule check
