[2022-03-28 10:13:23,648] {taskinstance.py:1037} INFO - Dependencies all met for <TaskInstance: example_bash_operator.also_run_this scheduled__2022-03-27T00:00:00+00:00 [queued]>
[2022-03-28 10:13:23,656] {taskinstance.py:1037} INFO - Dependencies all met for <TaskInstance: example_bash_operator.also_run_this scheduled__2022-03-27T00:00:00+00:00 [queued]>
[2022-03-28 10:13:23,656] {taskinstance.py:1243} INFO - 
--------------------------------------------------------------------------------
[2022-03-28 10:13:23,656] {taskinstance.py:1244} INFO - Starting attempt 1 of 1
[2022-03-28 10:13:23,656] {taskinstance.py:1245} INFO - 
--------------------------------------------------------------------------------
[2022-03-28 10:13:23,668] {taskinstance.py:1264} INFO - Executing <Task(BashOperator): also_run_this> on 2022-03-27 00:00:00+00:00
[2022-03-28 10:13:23,670] {standard_task_runner.py:52} INFO - Started process 52703 to run task
[2022-03-28 10:13:23,677] {standard_task_runner.py:76} INFO - Running: ['airflow', 'tasks', 'run', 'example_bash_operator', 'also_run_this', 'scheduled__2022-03-27T00:00:00+00:00', '--job-id', '8', '--raw', '--subdir', '/home/vengat/big_data/python/venv/aflow_env/lib/python3.9/site-packages/airflow/example_dags/example_bash_operator.py', '--cfg-path', '/tmp/tmppygkaiy0', '--error-file', '/tmp/tmpq4o_z1m3']
[2022-03-28 10:13:23,687] {standard_task_runner.py:77} INFO - Job 8: Subtask also_run_this
[2022-03-28 10:13:23,740] {logging_mixin.py:109} INFO - Running <TaskInstance: example_bash_operator.also_run_this scheduled__2022-03-27T00:00:00+00:00 [running]> on host ubuntu
[2022-03-28 10:13:23,774] {taskinstance.py:1429} INFO - Exporting the following env vars:
AIRFLOW_CTX_DAG_OWNER=airflow
AIRFLOW_CTX_DAG_ID=example_bash_operator
AIRFLOW_CTX_TASK_ID=also_run_this
AIRFLOW_CTX_EXECUTION_DATE=2022-03-27T00:00:00+00:00
AIRFLOW_CTX_DAG_RUN_ID=scheduled__2022-03-27T00:00:00+00:00
[2022-03-28 10:13:23,774] {subprocess.py:62} INFO - Tmp dir root location: 
 /tmp
[2022-03-28 10:13:23,775] {subprocess.py:74} INFO - Running command: ['bash', '-c', 'echo "run_id=scheduled__2022-03-27T00:00:00+00:00 | dag_run=<DagRun example_bash_operator @ 2022-03-27 00:00:00+00:00: scheduled__2022-03-27T00:00:00+00:00, externally triggered: False>"']
[2022-03-28 10:13:23,782] {subprocess.py:85} INFO - Output:
[2022-03-28 10:13:23,785] {subprocess.py:89} INFO - run_id=scheduled__2022-03-27T00:00:00+00:00 | dag_run=<DagRun example_bash_operator @ 2022-03-27 00:00:00+00:00: scheduled__2022-03-27T00:00:00+00:00, externally triggered: False>
[2022-03-28 10:13:23,786] {subprocess.py:93} INFO - Command exited with return code 0
[2022-03-28 10:13:23,801] {taskinstance.py:1272} INFO - Marking task as SUCCESS. dag_id=example_bash_operator, task_id=also_run_this, execution_date=20220327T000000, start_date=20220328T171323, end_date=20220328T171323
[2022-03-28 10:13:23,848] {local_task_job.py:154} INFO - Task exited with return code 0
[2022-03-28 10:13:23,871] {local_task_job.py:264} INFO - 0 downstream tasks scheduled from follow-on schedule check
