[2022-03-30 23:11:42,305] {taskinstance.py:1037} INFO - Dependencies all met for <TaskInstance: irctc_railway_train_schedules.flattening_data_spark_submit_task manual__2022-03-31T06:10:58.044571+00:00 [queued]>
[2022-03-30 23:11:42,314] {taskinstance.py:1037} INFO - Dependencies all met for <TaskInstance: irctc_railway_train_schedules.flattening_data_spark_submit_task manual__2022-03-31T06:10:58.044571+00:00 [queued]>
[2022-03-30 23:11:42,315] {taskinstance.py:1243} INFO - 
--------------------------------------------------------------------------------
[2022-03-30 23:11:42,315] {taskinstance.py:1244} INFO - Starting attempt 1 of 1
[2022-03-30 23:11:42,316] {taskinstance.py:1245} INFO - 
--------------------------------------------------------------------------------
[2022-03-30 23:11:42,345] {taskinstance.py:1264} INFO - Executing <Task(SparkSubmitOperator): flattening_data_spark_submit_task> on 2022-03-31 06:10:58.044571+00:00
[2022-03-30 23:11:42,351] {standard_task_runner.py:52} INFO - Started process 18768 to run task
[2022-03-30 23:11:42,387] {standard_task_runner.py:76} INFO - Running: ['airflow', 'tasks', 'run', 'irctc_railway_train_schedules', 'flattening_data_spark_submit_task', 'manual__2022-03-31T06:10:58.044571+00:00', '--job-id', '16', '--raw', '--subdir', 'DAGS_FOLDER/irctc_railway_train_schedules.py', '--cfg-path', '/tmp/tmp1l50ilwd', '--error-file', '/tmp/tmpaw7jnal9']
[2022-03-30 23:11:42,393] {standard_task_runner.py:77} INFO - Job 16: Subtask flattening_data_spark_submit_task
[2022-03-30 23:11:42,545] {logging_mixin.py:109} INFO - Running <TaskInstance: irctc_railway_train_schedules.flattening_data_spark_submit_task manual__2022-03-31T06:10:58.044571+00:00 [running]> on host ubuntu
[2022-03-30 23:11:42,635] {taskinstance.py:1429} INFO - Exporting the following env vars:
AIRFLOW_CTX_DAG_OWNER=airflow
AIRFLOW_CTX_DAG_ID=irctc_railway_train_schedules
AIRFLOW_CTX_TASK_ID=flattening_data_spark_submit_task
AIRFLOW_CTX_EXECUTION_DATE=2022-03-31T06:10:58.044571+00:00
AIRFLOW_CTX_DAG_RUN_ID=manual__2022-03-31T06:10:58.044571+00:00
[2022-03-30 23:11:42,644] {base.py:70} INFO - Using connection to: id: spark_submit_connection. Host: spark://ubuntu, Port: 7077, Schema: , Login: , Password: None, extra: {}
[2022-03-30 23:11:42,650] {spark_submit.py:335} INFO - Spark-Submit cmd: spark-submit --master spark://ubuntu:7077 --name arrow-spark --class com.hackprotech.railways.RailwaysDataFlatteningUsingDF /home/vengat/big_data/projects/spark_jars/spark-realtime-projects-assembly-2.0.0.jar
[2022-03-30 23:11:49,123] {spark_submit.py:488} INFO - 22/03/30 23:11:49 WARN Utils: Your hostname, ubuntu resolves to a loopback address: 127.0.1.1; using 192.168.232.128 instead (on interface ens33)
[2022-03-30 23:11:49,133] {spark_submit.py:488} INFO - 22/03/30 23:11:49 WARN Utils: Set SPARK_LOCAL_IP if you need to bind to another address
[2022-03-30 23:11:51,794] {spark_submit.py:488} INFO - Using Spark's default log4j profile: org/apache/spark/log4j-defaults.properties
[2022-03-30 23:12:22,614] {spark_submit.py:488} INFO - Flattening the source files failed org.apache.spark.sql.AnalysisException: Path does not exist: file:/home/vengat/datasets/irctc_railways/schedules.json
[2022-03-30 23:12:24,795] {taskinstance.py:1272} INFO - Marking task as SUCCESS. dag_id=irctc_railway_train_schedules, task_id=flattening_data_spark_submit_task, execution_date=20220331T061058, start_date=20220331T061142, end_date=20220331T061224
[2022-03-30 23:12:24,937] {local_task_job.py:154} INFO - Task exited with return code 0
[2022-03-30 23:12:24,965] {local_task_job.py:264} INFO - 0 downstream tasks scheduled from follow-on schedule check
