[2022-03-28 10:13:41,897] {processor.py:163} INFO - Started process (PID=52731) to work on /home/vengat/big_data/python/venv/aflow_env/lib/python3.9/site-packages/airflow/example_dags/plugins/workday.py
[2022-03-28 10:13:41,902] {processor.py:642} INFO - Processing file /home/vengat/big_data/python/venv/aflow_env/lib/python3.9/site-packages/airflow/example_dags/plugins/workday.py for tasks to queue
[2022-03-28 10:13:41,903] {logging_mixin.py:109} INFO - [2022-03-28 10:13:41,903] {dagbag.py:500} INFO - Filling up the DagBag from /home/vengat/big_data/python/venv/aflow_env/lib/python3.9/site-packages/airflow/example_dags/plugins/workday.py
[2022-03-28 10:13:41,915] {processor.py:656} WARNING - No viable dags retrieved from /home/vengat/big_data/python/venv/aflow_env/lib/python3.9/site-packages/airflow/example_dags/plugins/workday.py
[2022-03-28 10:13:41,917] {processor.py:171} INFO - Processing /home/vengat/big_data/python/venv/aflow_env/lib/python3.9/site-packages/airflow/example_dags/plugins/workday.py took 0.023 seconds
[2022-03-28 10:14:14,722] {processor.py:163} INFO - Started process (PID=52765) to work on /home/vengat/big_data/python/venv/aflow_env/lib/python3.9/site-packages/airflow/example_dags/plugins/workday.py
[2022-03-28 10:14:14,724] {processor.py:642} INFO - Processing file /home/vengat/big_data/python/venv/aflow_env/lib/python3.9/site-packages/airflow/example_dags/plugins/workday.py for tasks to queue
[2022-03-28 10:14:14,725] {logging_mixin.py:109} INFO - [2022-03-28 10:14:14,725] {dagbag.py:500} INFO - Filling up the DagBag from /home/vengat/big_data/python/venv/aflow_env/lib/python3.9/site-packages/airflow/example_dags/plugins/workday.py
[2022-03-28 10:14:14,738] {processor.py:656} WARNING - No viable dags retrieved from /home/vengat/big_data/python/venv/aflow_env/lib/python3.9/site-packages/airflow/example_dags/plugins/workday.py
[2022-03-28 10:14:14,739] {processor.py:171} INFO - Processing /home/vengat/big_data/python/venv/aflow_env/lib/python3.9/site-packages/airflow/example_dags/plugins/workday.py took 0.022 seconds
[2022-03-28 10:14:49,559] {processor.py:163} INFO - Started process (PID=52798) to work on /home/vengat/big_data/python/venv/aflow_env/lib/python3.9/site-packages/airflow/example_dags/plugins/workday.py
[2022-03-28 10:14:49,563] {processor.py:642} INFO - Processing file /home/vengat/big_data/python/venv/aflow_env/lib/python3.9/site-packages/airflow/example_dags/plugins/workday.py for tasks to queue
[2022-03-28 10:14:49,564] {logging_mixin.py:109} INFO - [2022-03-28 10:14:49,564] {dagbag.py:500} INFO - Filling up the DagBag from /home/vengat/big_data/python/venv/aflow_env/lib/python3.9/site-packages/airflow/example_dags/plugins/workday.py
[2022-03-28 10:14:49,584] {processor.py:656} WARNING - No viable dags retrieved from /home/vengat/big_data/python/venv/aflow_env/lib/python3.9/site-packages/airflow/example_dags/plugins/workday.py
[2022-03-28 10:14:49,591] {processor.py:171} INFO - Processing /home/vengat/big_data/python/venv/aflow_env/lib/python3.9/site-packages/airflow/example_dags/plugins/workday.py took 0.038 seconds
[2022-03-28 10:15:24,677] {processor.py:163} INFO - Started process (PID=52830) to work on /home/vengat/big_data/python/venv/aflow_env/lib/python3.9/site-packages/airflow/example_dags/plugins/workday.py
[2022-03-28 10:15:24,679] {processor.py:642} INFO - Processing file /home/vengat/big_data/python/venv/aflow_env/lib/python3.9/site-packages/airflow/example_dags/plugins/workday.py for tasks to queue
[2022-03-28 10:15:24,679] {logging_mixin.py:109} INFO - [2022-03-28 10:15:24,679] {dagbag.py:500} INFO - Filling up the DagBag from /home/vengat/big_data/python/venv/aflow_env/lib/python3.9/site-packages/airflow/example_dags/plugins/workday.py
[2022-03-28 10:15:24,695] {processor.py:656} WARNING - No viable dags retrieved from /home/vengat/big_data/python/venv/aflow_env/lib/python3.9/site-packages/airflow/example_dags/plugins/workday.py
[2022-03-28 10:15:24,697] {processor.py:171} INFO - Processing /home/vengat/big_data/python/venv/aflow_env/lib/python3.9/site-packages/airflow/example_dags/plugins/workday.py took 0.023 seconds
[2022-03-28 10:15:59,055] {processor.py:163} INFO - Started process (PID=52862) to work on /home/vengat/big_data/python/venv/aflow_env/lib/python3.9/site-packages/airflow/example_dags/plugins/workday.py
[2022-03-28 10:15:59,059] {processor.py:642} INFO - Processing file /home/vengat/big_data/python/venv/aflow_env/lib/python3.9/site-packages/airflow/example_dags/plugins/workday.py for tasks to queue
[2022-03-28 10:15:59,061] {logging_mixin.py:109} INFO - [2022-03-28 10:15:59,061] {dagbag.py:500} INFO - Filling up the DagBag from /home/vengat/big_data/python/venv/aflow_env/lib/python3.9/site-packages/airflow/example_dags/plugins/workday.py
[2022-03-28 10:15:59,076] {processor.py:656} WARNING - No viable dags retrieved from /home/vengat/big_data/python/venv/aflow_env/lib/python3.9/site-packages/airflow/example_dags/plugins/workday.py
[2022-03-28 10:15:59,079] {processor.py:171} INFO - Processing /home/vengat/big_data/python/venv/aflow_env/lib/python3.9/site-packages/airflow/example_dags/plugins/workday.py took 0.027 seconds
[2022-03-28 10:16:31,583] {processor.py:163} INFO - Started process (PID=52894) to work on /home/vengat/big_data/python/venv/aflow_env/lib/python3.9/site-packages/airflow/example_dags/plugins/workday.py
[2022-03-28 10:16:31,584] {processor.py:642} INFO - Processing file /home/vengat/big_data/python/venv/aflow_env/lib/python3.9/site-packages/airflow/example_dags/plugins/workday.py for tasks to queue
[2022-03-28 10:16:31,585] {logging_mixin.py:109} INFO - [2022-03-28 10:16:31,585] {dagbag.py:500} INFO - Filling up the DagBag from /home/vengat/big_data/python/venv/aflow_env/lib/python3.9/site-packages/airflow/example_dags/plugins/workday.py
[2022-03-28 10:16:31,598] {processor.py:656} WARNING - No viable dags retrieved from /home/vengat/big_data/python/venv/aflow_env/lib/python3.9/site-packages/airflow/example_dags/plugins/workday.py
[2022-03-28 10:16:31,600] {processor.py:171} INFO - Processing /home/vengat/big_data/python/venv/aflow_env/lib/python3.9/site-packages/airflow/example_dags/plugins/workday.py took 0.023 seconds
[2022-03-28 10:17:06,795] {processor.py:163} INFO - Started process (PID=52928) to work on /home/vengat/big_data/python/venv/aflow_env/lib/python3.9/site-packages/airflow/example_dags/plugins/workday.py
[2022-03-28 10:17:06,797] {processor.py:642} INFO - Processing file /home/vengat/big_data/python/venv/aflow_env/lib/python3.9/site-packages/airflow/example_dags/plugins/workday.py for tasks to queue
[2022-03-28 10:17:06,797] {logging_mixin.py:109} INFO - [2022-03-28 10:17:06,797] {dagbag.py:500} INFO - Filling up the DagBag from /home/vengat/big_data/python/venv/aflow_env/lib/python3.9/site-packages/airflow/example_dags/plugins/workday.py
[2022-03-28 10:17:06,810] {processor.py:656} WARNING - No viable dags retrieved from /home/vengat/big_data/python/venv/aflow_env/lib/python3.9/site-packages/airflow/example_dags/plugins/workday.py
[2022-03-28 10:17:06,812] {processor.py:171} INFO - Processing /home/vengat/big_data/python/venv/aflow_env/lib/python3.9/site-packages/airflow/example_dags/plugins/workday.py took 0.021 seconds
[2022-03-28 10:17:39,649] {processor.py:163} INFO - Started process (PID=52962) to work on /home/vengat/big_data/python/venv/aflow_env/lib/python3.9/site-packages/airflow/example_dags/plugins/workday.py
[2022-03-28 10:17:39,655] {processor.py:642} INFO - Processing file /home/vengat/big_data/python/venv/aflow_env/lib/python3.9/site-packages/airflow/example_dags/plugins/workday.py for tasks to queue
[2022-03-28 10:17:39,658] {logging_mixin.py:109} INFO - [2022-03-28 10:17:39,657] {dagbag.py:500} INFO - Filling up the DagBag from /home/vengat/big_data/python/venv/aflow_env/lib/python3.9/site-packages/airflow/example_dags/plugins/workday.py
[2022-03-28 10:17:39,679] {processor.py:656} WARNING - No viable dags retrieved from /home/vengat/big_data/python/venv/aflow_env/lib/python3.9/site-packages/airflow/example_dags/plugins/workday.py
[2022-03-28 10:17:39,681] {processor.py:171} INFO - Processing /home/vengat/big_data/python/venv/aflow_env/lib/python3.9/site-packages/airflow/example_dags/plugins/workday.py took 0.040 seconds
[2022-03-28 10:18:11,553] {processor.py:163} INFO - Started process (PID=52994) to work on /home/vengat/big_data/python/venv/aflow_env/lib/python3.9/site-packages/airflow/example_dags/plugins/workday.py
[2022-03-28 10:18:11,555] {processor.py:642} INFO - Processing file /home/vengat/big_data/python/venv/aflow_env/lib/python3.9/site-packages/airflow/example_dags/plugins/workday.py for tasks to queue
[2022-03-28 10:18:11,556] {logging_mixin.py:109} INFO - [2022-03-28 10:18:11,556] {dagbag.py:500} INFO - Filling up the DagBag from /home/vengat/big_data/python/venv/aflow_env/lib/python3.9/site-packages/airflow/example_dags/plugins/workday.py
[2022-03-28 10:18:11,571] {processor.py:656} WARNING - No viable dags retrieved from /home/vengat/big_data/python/venv/aflow_env/lib/python3.9/site-packages/airflow/example_dags/plugins/workday.py
[2022-03-28 10:18:11,574] {processor.py:171} INFO - Processing /home/vengat/big_data/python/venv/aflow_env/lib/python3.9/site-packages/airflow/example_dags/plugins/workday.py took 0.025 seconds
[2022-03-28 10:18:45,405] {processor.py:163} INFO - Started process (PID=53029) to work on /home/vengat/big_data/python/venv/aflow_env/lib/python3.9/site-packages/airflow/example_dags/plugins/workday.py
[2022-03-28 10:18:45,406] {processor.py:642} INFO - Processing file /home/vengat/big_data/python/venv/aflow_env/lib/python3.9/site-packages/airflow/example_dags/plugins/workday.py for tasks to queue
[2022-03-28 10:18:45,406] {logging_mixin.py:109} INFO - [2022-03-28 10:18:45,406] {dagbag.py:500} INFO - Filling up the DagBag from /home/vengat/big_data/python/venv/aflow_env/lib/python3.9/site-packages/airflow/example_dags/plugins/workday.py
[2022-03-28 10:18:45,418] {processor.py:656} WARNING - No viable dags retrieved from /home/vengat/big_data/python/venv/aflow_env/lib/python3.9/site-packages/airflow/example_dags/plugins/workday.py
[2022-03-28 10:18:45,420] {processor.py:171} INFO - Processing /home/vengat/big_data/python/venv/aflow_env/lib/python3.9/site-packages/airflow/example_dags/plugins/workday.py took 0.019 seconds
[2022-03-28 10:19:18,435] {processor.py:163} INFO - Started process (PID=53061) to work on /home/vengat/big_data/python/venv/aflow_env/lib/python3.9/site-packages/airflow/example_dags/plugins/workday.py
[2022-03-28 10:19:18,437] {processor.py:642} INFO - Processing file /home/vengat/big_data/python/venv/aflow_env/lib/python3.9/site-packages/airflow/example_dags/plugins/workday.py for tasks to queue
[2022-03-28 10:19:18,437] {logging_mixin.py:109} INFO - [2022-03-28 10:19:18,437] {dagbag.py:500} INFO - Filling up the DagBag from /home/vengat/big_data/python/venv/aflow_env/lib/python3.9/site-packages/airflow/example_dags/plugins/workday.py
[2022-03-28 10:19:18,452] {processor.py:656} WARNING - No viable dags retrieved from /home/vengat/big_data/python/venv/aflow_env/lib/python3.9/site-packages/airflow/example_dags/plugins/workday.py
[2022-03-28 10:19:18,454] {processor.py:171} INFO - Processing /home/vengat/big_data/python/venv/aflow_env/lib/python3.9/site-packages/airflow/example_dags/plugins/workday.py took 0.023 seconds
[2022-03-28 10:19:53,301] {processor.py:163} INFO - Started process (PID=53093) to work on /home/vengat/big_data/python/venv/aflow_env/lib/python3.9/site-packages/airflow/example_dags/plugins/workday.py
[2022-03-28 10:19:53,303] {processor.py:642} INFO - Processing file /home/vengat/big_data/python/venv/aflow_env/lib/python3.9/site-packages/airflow/example_dags/plugins/workday.py for tasks to queue
[2022-03-28 10:19:53,303] {logging_mixin.py:109} INFO - [2022-03-28 10:19:53,303] {dagbag.py:500} INFO - Filling up the DagBag from /home/vengat/big_data/python/venv/aflow_env/lib/python3.9/site-packages/airflow/example_dags/plugins/workday.py
[2022-03-28 10:19:53,316] {processor.py:656} WARNING - No viable dags retrieved from /home/vengat/big_data/python/venv/aflow_env/lib/python3.9/site-packages/airflow/example_dags/plugins/workday.py
[2022-03-28 10:19:53,318] {processor.py:171} INFO - Processing /home/vengat/big_data/python/venv/aflow_env/lib/python3.9/site-packages/airflow/example_dags/plugins/workday.py took 0.020 seconds
[2022-03-28 10:20:24,747] {processor.py:163} INFO - Started process (PID=53123) to work on /home/vengat/big_data/python/venv/aflow_env/lib/python3.9/site-packages/airflow/example_dags/plugins/workday.py
[2022-03-28 10:20:24,749] {processor.py:642} INFO - Processing file /home/vengat/big_data/python/venv/aflow_env/lib/python3.9/site-packages/airflow/example_dags/plugins/workday.py for tasks to queue
[2022-03-28 10:20:24,749] {logging_mixin.py:109} INFO - [2022-03-28 10:20:24,749] {dagbag.py:500} INFO - Filling up the DagBag from /home/vengat/big_data/python/venv/aflow_env/lib/python3.9/site-packages/airflow/example_dags/plugins/workday.py
[2022-03-28 10:20:24,761] {processor.py:656} WARNING - No viable dags retrieved from /home/vengat/big_data/python/venv/aflow_env/lib/python3.9/site-packages/airflow/example_dags/plugins/workday.py
[2022-03-28 10:20:24,765] {processor.py:171} INFO - Processing /home/vengat/big_data/python/venv/aflow_env/lib/python3.9/site-packages/airflow/example_dags/plugins/workday.py took 0.022 seconds
[2022-03-28 10:21:00,948] {processor.py:163} INFO - Started process (PID=53156) to work on /home/vengat/big_data/python/venv/aflow_env/lib/python3.9/site-packages/airflow/example_dags/plugins/workday.py
[2022-03-28 10:21:00,950] {processor.py:642} INFO - Processing file /home/vengat/big_data/python/venv/aflow_env/lib/python3.9/site-packages/airflow/example_dags/plugins/workday.py for tasks to queue
[2022-03-28 10:21:00,950] {logging_mixin.py:109} INFO - [2022-03-28 10:21:00,950] {dagbag.py:500} INFO - Filling up the DagBag from /home/vengat/big_data/python/venv/aflow_env/lib/python3.9/site-packages/airflow/example_dags/plugins/workday.py
[2022-03-28 10:21:00,964] {processor.py:656} WARNING - No viable dags retrieved from /home/vengat/big_data/python/venv/aflow_env/lib/python3.9/site-packages/airflow/example_dags/plugins/workday.py
[2022-03-28 10:21:00,967] {processor.py:171} INFO - Processing /home/vengat/big_data/python/venv/aflow_env/lib/python3.9/site-packages/airflow/example_dags/plugins/workday.py took 0.022 seconds
[2022-03-28 10:21:34,687] {processor.py:163} INFO - Started process (PID=53188) to work on /home/vengat/big_data/python/venv/aflow_env/lib/python3.9/site-packages/airflow/example_dags/plugins/workday.py
[2022-03-28 10:21:34,688] {processor.py:642} INFO - Processing file /home/vengat/big_data/python/venv/aflow_env/lib/python3.9/site-packages/airflow/example_dags/plugins/workday.py for tasks to queue
[2022-03-28 10:21:34,689] {logging_mixin.py:109} INFO - [2022-03-28 10:21:34,689] {dagbag.py:500} INFO - Filling up the DagBag from /home/vengat/big_data/python/venv/aflow_env/lib/python3.9/site-packages/airflow/example_dags/plugins/workday.py
[2022-03-28 10:21:34,705] {processor.py:656} WARNING - No viable dags retrieved from /home/vengat/big_data/python/venv/aflow_env/lib/python3.9/site-packages/airflow/example_dags/plugins/workday.py
[2022-03-28 10:21:34,707] {processor.py:171} INFO - Processing /home/vengat/big_data/python/venv/aflow_env/lib/python3.9/site-packages/airflow/example_dags/plugins/workday.py took 0.024 seconds
[2022-03-28 10:22:05,340] {processor.py:163} INFO - Started process (PID=53220) to work on /home/vengat/big_data/python/venv/aflow_env/lib/python3.9/site-packages/airflow/example_dags/plugins/workday.py
[2022-03-28 10:22:05,342] {processor.py:642} INFO - Processing file /home/vengat/big_data/python/venv/aflow_env/lib/python3.9/site-packages/airflow/example_dags/plugins/workday.py for tasks to queue
[2022-03-28 10:22:05,342] {logging_mixin.py:109} INFO - [2022-03-28 10:22:05,342] {dagbag.py:500} INFO - Filling up the DagBag from /home/vengat/big_data/python/venv/aflow_env/lib/python3.9/site-packages/airflow/example_dags/plugins/workday.py
[2022-03-28 10:22:05,355] {processor.py:656} WARNING - No viable dags retrieved from /home/vengat/big_data/python/venv/aflow_env/lib/python3.9/site-packages/airflow/example_dags/plugins/workday.py
[2022-03-28 10:22:05,357] {processor.py:171} INFO - Processing /home/vengat/big_data/python/venv/aflow_env/lib/python3.9/site-packages/airflow/example_dags/plugins/workday.py took 0.020 seconds
[2022-03-28 10:22:38,799] {processor.py:163} INFO - Started process (PID=53251) to work on /home/vengat/big_data/python/venv/aflow_env/lib/python3.9/site-packages/airflow/example_dags/plugins/workday.py
[2022-03-28 10:22:38,801] {processor.py:642} INFO - Processing file /home/vengat/big_data/python/venv/aflow_env/lib/python3.9/site-packages/airflow/example_dags/plugins/workday.py for tasks to queue
[2022-03-28 10:22:38,802] {logging_mixin.py:109} INFO - [2022-03-28 10:22:38,802] {dagbag.py:500} INFO - Filling up the DagBag from /home/vengat/big_data/python/venv/aflow_env/lib/python3.9/site-packages/airflow/example_dags/plugins/workday.py
[2022-03-28 10:22:38,813] {processor.py:656} WARNING - No viable dags retrieved from /home/vengat/big_data/python/venv/aflow_env/lib/python3.9/site-packages/airflow/example_dags/plugins/workday.py
[2022-03-28 10:22:38,818] {processor.py:171} INFO - Processing /home/vengat/big_data/python/venv/aflow_env/lib/python3.9/site-packages/airflow/example_dags/plugins/workday.py took 0.026 seconds
[2022-03-28 10:23:11,460] {processor.py:163} INFO - Started process (PID=53283) to work on /home/vengat/big_data/python/venv/aflow_env/lib/python3.9/site-packages/airflow/example_dags/plugins/workday.py
[2022-03-28 10:23:11,461] {processor.py:642} INFO - Processing file /home/vengat/big_data/python/venv/aflow_env/lib/python3.9/site-packages/airflow/example_dags/plugins/workday.py for tasks to queue
[2022-03-28 10:23:11,462] {logging_mixin.py:109} INFO - [2022-03-28 10:23:11,462] {dagbag.py:500} INFO - Filling up the DagBag from /home/vengat/big_data/python/venv/aflow_env/lib/python3.9/site-packages/airflow/example_dags/plugins/workday.py
[2022-03-28 10:23:11,476] {processor.py:656} WARNING - No viable dags retrieved from /home/vengat/big_data/python/venv/aflow_env/lib/python3.9/site-packages/airflow/example_dags/plugins/workday.py
[2022-03-28 10:23:11,478] {processor.py:171} INFO - Processing /home/vengat/big_data/python/venv/aflow_env/lib/python3.9/site-packages/airflow/example_dags/plugins/workday.py took 0.022 seconds
[2022-03-28 10:23:44,146] {processor.py:163} INFO - Started process (PID=53317) to work on /home/vengat/big_data/python/venv/aflow_env/lib/python3.9/site-packages/airflow/example_dags/plugins/workday.py
[2022-03-28 10:23:44,148] {processor.py:642} INFO - Processing file /home/vengat/big_data/python/venv/aflow_env/lib/python3.9/site-packages/airflow/example_dags/plugins/workday.py for tasks to queue
[2022-03-28 10:23:44,149] {logging_mixin.py:109} INFO - [2022-03-28 10:23:44,148] {dagbag.py:500} INFO - Filling up the DagBag from /home/vengat/big_data/python/venv/aflow_env/lib/python3.9/site-packages/airflow/example_dags/plugins/workday.py
[2022-03-28 10:23:44,166] {processor.py:656} WARNING - No viable dags retrieved from /home/vengat/big_data/python/venv/aflow_env/lib/python3.9/site-packages/airflow/example_dags/plugins/workday.py
[2022-03-28 10:23:44,171] {processor.py:171} INFO - Processing /home/vengat/big_data/python/venv/aflow_env/lib/python3.9/site-packages/airflow/example_dags/plugins/workday.py took 0.029 seconds
[2022-03-28 10:24:18,269] {processor.py:163} INFO - Started process (PID=53349) to work on /home/vengat/big_data/python/venv/aflow_env/lib/python3.9/site-packages/airflow/example_dags/plugins/workday.py
[2022-03-28 10:24:18,272] {processor.py:642} INFO - Processing file /home/vengat/big_data/python/venv/aflow_env/lib/python3.9/site-packages/airflow/example_dags/plugins/workday.py for tasks to queue
[2022-03-28 10:24:18,273] {logging_mixin.py:109} INFO - [2022-03-28 10:24:18,273] {dagbag.py:500} INFO - Filling up the DagBag from /home/vengat/big_data/python/venv/aflow_env/lib/python3.9/site-packages/airflow/example_dags/plugins/workday.py
[2022-03-28 10:24:18,285] {processor.py:656} WARNING - No viable dags retrieved from /home/vengat/big_data/python/venv/aflow_env/lib/python3.9/site-packages/airflow/example_dags/plugins/workday.py
[2022-03-28 10:24:18,289] {processor.py:171} INFO - Processing /home/vengat/big_data/python/venv/aflow_env/lib/python3.9/site-packages/airflow/example_dags/plugins/workday.py took 0.025 seconds
[2022-03-28 10:24:49,505] {processor.py:163} INFO - Started process (PID=53379) to work on /home/vengat/big_data/python/venv/aflow_env/lib/python3.9/site-packages/airflow/example_dags/plugins/workday.py
[2022-03-28 10:24:49,507] {processor.py:642} INFO - Processing file /home/vengat/big_data/python/venv/aflow_env/lib/python3.9/site-packages/airflow/example_dags/plugins/workday.py for tasks to queue
[2022-03-28 10:24:49,508] {logging_mixin.py:109} INFO - [2022-03-28 10:24:49,508] {dagbag.py:500} INFO - Filling up the DagBag from /home/vengat/big_data/python/venv/aflow_env/lib/python3.9/site-packages/airflow/example_dags/plugins/workday.py
[2022-03-28 10:24:49,522] {processor.py:656} WARNING - No viable dags retrieved from /home/vengat/big_data/python/venv/aflow_env/lib/python3.9/site-packages/airflow/example_dags/plugins/workday.py
[2022-03-28 10:24:49,526] {processor.py:171} INFO - Processing /home/vengat/big_data/python/venv/aflow_env/lib/python3.9/site-packages/airflow/example_dags/plugins/workday.py took 0.026 seconds
[2022-03-28 10:25:20,726] {processor.py:163} INFO - Started process (PID=53408) to work on /home/vengat/big_data/python/venv/aflow_env/lib/python3.9/site-packages/airflow/example_dags/plugins/workday.py
[2022-03-28 10:25:20,728] {processor.py:642} INFO - Processing file /home/vengat/big_data/python/venv/aflow_env/lib/python3.9/site-packages/airflow/example_dags/plugins/workday.py for tasks to queue
[2022-03-28 10:25:20,729] {logging_mixin.py:109} INFO - [2022-03-28 10:25:20,729] {dagbag.py:500} INFO - Filling up the DagBag from /home/vengat/big_data/python/venv/aflow_env/lib/python3.9/site-packages/airflow/example_dags/plugins/workday.py
[2022-03-28 10:25:20,744] {processor.py:656} WARNING - No viable dags retrieved from /home/vengat/big_data/python/venv/aflow_env/lib/python3.9/site-packages/airflow/example_dags/plugins/workday.py
[2022-03-28 10:25:20,747] {processor.py:171} INFO - Processing /home/vengat/big_data/python/venv/aflow_env/lib/python3.9/site-packages/airflow/example_dags/plugins/workday.py took 0.026 seconds
[2022-03-28 10:25:53,243] {processor.py:163} INFO - Started process (PID=53438) to work on /home/vengat/big_data/python/venv/aflow_env/lib/python3.9/site-packages/airflow/example_dags/plugins/workday.py
[2022-03-28 10:25:53,246] {processor.py:642} INFO - Processing file /home/vengat/big_data/python/venv/aflow_env/lib/python3.9/site-packages/airflow/example_dags/plugins/workday.py for tasks to queue
[2022-03-28 10:25:53,247] {logging_mixin.py:109} INFO - [2022-03-28 10:25:53,247] {dagbag.py:500} INFO - Filling up the DagBag from /home/vengat/big_data/python/venv/aflow_env/lib/python3.9/site-packages/airflow/example_dags/plugins/workday.py
[2022-03-28 10:25:53,260] {processor.py:656} WARNING - No viable dags retrieved from /home/vengat/big_data/python/venv/aflow_env/lib/python3.9/site-packages/airflow/example_dags/plugins/workday.py
[2022-03-28 10:25:53,263] {processor.py:171} INFO - Processing /home/vengat/big_data/python/venv/aflow_env/lib/python3.9/site-packages/airflow/example_dags/plugins/workday.py took 0.024 seconds
[2022-03-28 10:26:26,039] {processor.py:163} INFO - Started process (PID=53470) to work on /home/vengat/big_data/python/venv/aflow_env/lib/python3.9/site-packages/airflow/example_dags/plugins/workday.py
[2022-03-28 10:26:26,040] {processor.py:642} INFO - Processing file /home/vengat/big_data/python/venv/aflow_env/lib/python3.9/site-packages/airflow/example_dags/plugins/workday.py for tasks to queue
[2022-03-28 10:26:26,040] {logging_mixin.py:109} INFO - [2022-03-28 10:26:26,040] {dagbag.py:500} INFO - Filling up the DagBag from /home/vengat/big_data/python/venv/aflow_env/lib/python3.9/site-packages/airflow/example_dags/plugins/workday.py
[2022-03-28 10:26:26,054] {processor.py:656} WARNING - No viable dags retrieved from /home/vengat/big_data/python/venv/aflow_env/lib/python3.9/site-packages/airflow/example_dags/plugins/workday.py
[2022-03-28 10:26:26,057] {processor.py:171} INFO - Processing /home/vengat/big_data/python/venv/aflow_env/lib/python3.9/site-packages/airflow/example_dags/plugins/workday.py took 0.022 seconds
[2022-03-28 10:26:58,739] {processor.py:163} INFO - Started process (PID=53501) to work on /home/vengat/big_data/python/venv/aflow_env/lib/python3.9/site-packages/airflow/example_dags/plugins/workday.py
[2022-03-28 10:26:58,741] {processor.py:642} INFO - Processing file /home/vengat/big_data/python/venv/aflow_env/lib/python3.9/site-packages/airflow/example_dags/plugins/workday.py for tasks to queue
[2022-03-28 10:26:58,741] {logging_mixin.py:109} INFO - [2022-03-28 10:26:58,741] {dagbag.py:500} INFO - Filling up the DagBag from /home/vengat/big_data/python/venv/aflow_env/lib/python3.9/site-packages/airflow/example_dags/plugins/workday.py
[2022-03-28 10:26:58,756] {processor.py:656} WARNING - No viable dags retrieved from /home/vengat/big_data/python/venv/aflow_env/lib/python3.9/site-packages/airflow/example_dags/plugins/workday.py
[2022-03-28 10:26:58,758] {processor.py:171} INFO - Processing /home/vengat/big_data/python/venv/aflow_env/lib/python3.9/site-packages/airflow/example_dags/plugins/workday.py took 0.022 seconds
[2022-03-28 10:27:32,105] {processor.py:163} INFO - Started process (PID=53533) to work on /home/vengat/big_data/python/venv/aflow_env/lib/python3.9/site-packages/airflow/example_dags/plugins/workday.py
[2022-03-28 10:27:32,107] {processor.py:642} INFO - Processing file /home/vengat/big_data/python/venv/aflow_env/lib/python3.9/site-packages/airflow/example_dags/plugins/workday.py for tasks to queue
[2022-03-28 10:27:32,108] {logging_mixin.py:109} INFO - [2022-03-28 10:27:32,107] {dagbag.py:500} INFO - Filling up the DagBag from /home/vengat/big_data/python/venv/aflow_env/lib/python3.9/site-packages/airflow/example_dags/plugins/workday.py
[2022-03-28 10:27:32,125] {processor.py:656} WARNING - No viable dags retrieved from /home/vengat/big_data/python/venv/aflow_env/lib/python3.9/site-packages/airflow/example_dags/plugins/workday.py
[2022-03-28 10:27:32,127] {processor.py:171} INFO - Processing /home/vengat/big_data/python/venv/aflow_env/lib/python3.9/site-packages/airflow/example_dags/plugins/workday.py took 0.026 seconds
[2022-03-28 10:28:08,154] {processor.py:163} INFO - Started process (PID=53566) to work on /home/vengat/big_data/python/venv/aflow_env/lib/python3.9/site-packages/airflow/example_dags/plugins/workday.py
[2022-03-28 10:28:08,156] {processor.py:642} INFO - Processing file /home/vengat/big_data/python/venv/aflow_env/lib/python3.9/site-packages/airflow/example_dags/plugins/workday.py for tasks to queue
[2022-03-28 10:28:08,156] {logging_mixin.py:109} INFO - [2022-03-28 10:28:08,156] {dagbag.py:500} INFO - Filling up the DagBag from /home/vengat/big_data/python/venv/aflow_env/lib/python3.9/site-packages/airflow/example_dags/plugins/workday.py
[2022-03-28 10:28:08,171] {processor.py:656} WARNING - No viable dags retrieved from /home/vengat/big_data/python/venv/aflow_env/lib/python3.9/site-packages/airflow/example_dags/plugins/workday.py
[2022-03-28 10:28:08,172] {processor.py:171} INFO - Processing /home/vengat/big_data/python/venv/aflow_env/lib/python3.9/site-packages/airflow/example_dags/plugins/workday.py took 0.024 seconds
[2022-03-28 10:28:43,611] {processor.py:163} INFO - Started process (PID=53602) to work on /home/vengat/big_data/python/venv/aflow_env/lib/python3.9/site-packages/airflow/example_dags/plugins/workday.py
[2022-03-28 10:28:43,612] {processor.py:642} INFO - Processing file /home/vengat/big_data/python/venv/aflow_env/lib/python3.9/site-packages/airflow/example_dags/plugins/workday.py for tasks to queue
[2022-03-28 10:28:43,613] {logging_mixin.py:109} INFO - [2022-03-28 10:28:43,613] {dagbag.py:500} INFO - Filling up the DagBag from /home/vengat/big_data/python/venv/aflow_env/lib/python3.9/site-packages/airflow/example_dags/plugins/workday.py
[2022-03-28 10:28:43,628] {processor.py:656} WARNING - No viable dags retrieved from /home/vengat/big_data/python/venv/aflow_env/lib/python3.9/site-packages/airflow/example_dags/plugins/workday.py
[2022-03-28 10:28:43,630] {processor.py:171} INFO - Processing /home/vengat/big_data/python/venv/aflow_env/lib/python3.9/site-packages/airflow/example_dags/plugins/workday.py took 0.025 seconds
[2022-03-28 10:29:17,149] {processor.py:163} INFO - Started process (PID=53634) to work on /home/vengat/big_data/python/venv/aflow_env/lib/python3.9/site-packages/airflow/example_dags/plugins/workday.py
[2022-03-28 10:29:17,152] {processor.py:642} INFO - Processing file /home/vengat/big_data/python/venv/aflow_env/lib/python3.9/site-packages/airflow/example_dags/plugins/workday.py for tasks to queue
[2022-03-28 10:29:17,153] {logging_mixin.py:109} INFO - [2022-03-28 10:29:17,153] {dagbag.py:500} INFO - Filling up the DagBag from /home/vengat/big_data/python/venv/aflow_env/lib/python3.9/site-packages/airflow/example_dags/plugins/workday.py
[2022-03-28 10:29:17,169] {processor.py:656} WARNING - No viable dags retrieved from /home/vengat/big_data/python/venv/aflow_env/lib/python3.9/site-packages/airflow/example_dags/plugins/workday.py
[2022-03-28 10:29:17,171] {processor.py:171} INFO - Processing /home/vengat/big_data/python/venv/aflow_env/lib/python3.9/site-packages/airflow/example_dags/plugins/workday.py took 0.031 seconds
[2022-03-28 10:29:48,209] {processor.py:163} INFO - Started process (PID=53669) to work on /home/vengat/big_data/python/venv/aflow_env/lib/python3.9/site-packages/airflow/example_dags/plugins/workday.py
[2022-03-28 10:29:48,212] {processor.py:642} INFO - Processing file /home/vengat/big_data/python/venv/aflow_env/lib/python3.9/site-packages/airflow/example_dags/plugins/workday.py for tasks to queue
[2022-03-28 10:29:48,213] {logging_mixin.py:109} INFO - [2022-03-28 10:29:48,213] {dagbag.py:500} INFO - Filling up the DagBag from /home/vengat/big_data/python/venv/aflow_env/lib/python3.9/site-packages/airflow/example_dags/plugins/workday.py
[2022-03-28 10:29:48,233] {processor.py:656} WARNING - No viable dags retrieved from /home/vengat/big_data/python/venv/aflow_env/lib/python3.9/site-packages/airflow/example_dags/plugins/workday.py
[2022-03-28 10:29:48,236] {processor.py:171} INFO - Processing /home/vengat/big_data/python/venv/aflow_env/lib/python3.9/site-packages/airflow/example_dags/plugins/workday.py took 0.037 seconds
[2022-03-28 10:30:20,348] {processor.py:163} INFO - Started process (PID=53701) to work on /home/vengat/big_data/python/venv/aflow_env/lib/python3.9/site-packages/airflow/example_dags/plugins/workday.py
[2022-03-28 10:30:20,350] {processor.py:642} INFO - Processing file /home/vengat/big_data/python/venv/aflow_env/lib/python3.9/site-packages/airflow/example_dags/plugins/workday.py for tasks to queue
[2022-03-28 10:30:20,350] {logging_mixin.py:109} INFO - [2022-03-28 10:30:20,350] {dagbag.py:500} INFO - Filling up the DagBag from /home/vengat/big_data/python/venv/aflow_env/lib/python3.9/site-packages/airflow/example_dags/plugins/workday.py
[2022-03-28 10:30:20,364] {processor.py:656} WARNING - No viable dags retrieved from /home/vengat/big_data/python/venv/aflow_env/lib/python3.9/site-packages/airflow/example_dags/plugins/workday.py
[2022-03-28 10:30:20,366] {processor.py:171} INFO - Processing /home/vengat/big_data/python/venv/aflow_env/lib/python3.9/site-packages/airflow/example_dags/plugins/workday.py took 0.024 seconds
[2022-03-28 10:30:51,710] {processor.py:163} INFO - Started process (PID=53732) to work on /home/vengat/big_data/python/venv/aflow_env/lib/python3.9/site-packages/airflow/example_dags/plugins/workday.py
[2022-03-28 10:30:51,712] {processor.py:642} INFO - Processing file /home/vengat/big_data/python/venv/aflow_env/lib/python3.9/site-packages/airflow/example_dags/plugins/workday.py for tasks to queue
[2022-03-28 10:30:51,713] {logging_mixin.py:109} INFO - [2022-03-28 10:30:51,713] {dagbag.py:500} INFO - Filling up the DagBag from /home/vengat/big_data/python/venv/aflow_env/lib/python3.9/site-packages/airflow/example_dags/plugins/workday.py
[2022-03-28 10:30:51,723] {processor.py:656} WARNING - No viable dags retrieved from /home/vengat/big_data/python/venv/aflow_env/lib/python3.9/site-packages/airflow/example_dags/plugins/workday.py
[2022-03-28 10:30:51,725] {processor.py:171} INFO - Processing /home/vengat/big_data/python/venv/aflow_env/lib/python3.9/site-packages/airflow/example_dags/plugins/workday.py took 0.019 seconds
[2022-03-28 10:31:23,470] {processor.py:163} INFO - Started process (PID=53762) to work on /home/vengat/big_data/python/venv/aflow_env/lib/python3.9/site-packages/airflow/example_dags/plugins/workday.py
[2022-03-28 10:31:23,472] {processor.py:642} INFO - Processing file /home/vengat/big_data/python/venv/aflow_env/lib/python3.9/site-packages/airflow/example_dags/plugins/workday.py for tasks to queue
[2022-03-28 10:31:23,472] {logging_mixin.py:109} INFO - [2022-03-28 10:31:23,472] {dagbag.py:500} INFO - Filling up the DagBag from /home/vengat/big_data/python/venv/aflow_env/lib/python3.9/site-packages/airflow/example_dags/plugins/workday.py
[2022-03-28 10:31:23,486] {processor.py:656} WARNING - No viable dags retrieved from /home/vengat/big_data/python/venv/aflow_env/lib/python3.9/site-packages/airflow/example_dags/plugins/workday.py
[2022-03-28 10:31:23,488] {processor.py:171} INFO - Processing /home/vengat/big_data/python/venv/aflow_env/lib/python3.9/site-packages/airflow/example_dags/plugins/workday.py took 0.023 seconds
[2022-03-28 10:31:57,424] {processor.py:163} INFO - Started process (PID=53799) to work on /home/vengat/big_data/python/venv/aflow_env/lib/python3.9/site-packages/airflow/example_dags/plugins/workday.py
[2022-03-28 10:31:57,426] {processor.py:642} INFO - Processing file /home/vengat/big_data/python/venv/aflow_env/lib/python3.9/site-packages/airflow/example_dags/plugins/workday.py for tasks to queue
[2022-03-28 10:31:57,426] {logging_mixin.py:109} INFO - [2022-03-28 10:31:57,426] {dagbag.py:500} INFO - Filling up the DagBag from /home/vengat/big_data/python/venv/aflow_env/lib/python3.9/site-packages/airflow/example_dags/plugins/workday.py
[2022-03-28 10:31:57,440] {processor.py:656} WARNING - No viable dags retrieved from /home/vengat/big_data/python/venv/aflow_env/lib/python3.9/site-packages/airflow/example_dags/plugins/workday.py
[2022-03-28 10:31:57,442] {processor.py:171} INFO - Processing /home/vengat/big_data/python/venv/aflow_env/lib/python3.9/site-packages/airflow/example_dags/plugins/workday.py took 0.021 seconds
[2022-03-28 10:32:30,014] {processor.py:163} INFO - Started process (PID=53831) to work on /home/vengat/big_data/python/venv/aflow_env/lib/python3.9/site-packages/airflow/example_dags/plugins/workday.py
[2022-03-28 10:32:30,015] {processor.py:642} INFO - Processing file /home/vengat/big_data/python/venv/aflow_env/lib/python3.9/site-packages/airflow/example_dags/plugins/workday.py for tasks to queue
[2022-03-28 10:32:30,016] {logging_mixin.py:109} INFO - [2022-03-28 10:32:30,016] {dagbag.py:500} INFO - Filling up the DagBag from /home/vengat/big_data/python/venv/aflow_env/lib/python3.9/site-packages/airflow/example_dags/plugins/workday.py
[2022-03-28 10:32:30,027] {processor.py:656} WARNING - No viable dags retrieved from /home/vengat/big_data/python/venv/aflow_env/lib/python3.9/site-packages/airflow/example_dags/plugins/workday.py
[2022-03-28 10:32:30,031] {processor.py:171} INFO - Processing /home/vengat/big_data/python/venv/aflow_env/lib/python3.9/site-packages/airflow/example_dags/plugins/workday.py took 0.022 seconds
[2022-03-28 10:33:02,802] {processor.py:163} INFO - Started process (PID=53862) to work on /home/vengat/big_data/python/venv/aflow_env/lib/python3.9/site-packages/airflow/example_dags/plugins/workday.py
[2022-03-28 10:33:02,804] {processor.py:642} INFO - Processing file /home/vengat/big_data/python/venv/aflow_env/lib/python3.9/site-packages/airflow/example_dags/plugins/workday.py for tasks to queue
[2022-03-28 10:33:02,804] {logging_mixin.py:109} INFO - [2022-03-28 10:33:02,804] {dagbag.py:500} INFO - Filling up the DagBag from /home/vengat/big_data/python/venv/aflow_env/lib/python3.9/site-packages/airflow/example_dags/plugins/workday.py
[2022-03-28 10:33:02,820] {processor.py:656} WARNING - No viable dags retrieved from /home/vengat/big_data/python/venv/aflow_env/lib/python3.9/site-packages/airflow/example_dags/plugins/workday.py
[2022-03-28 10:33:02,823] {processor.py:171} INFO - Processing /home/vengat/big_data/python/venv/aflow_env/lib/python3.9/site-packages/airflow/example_dags/plugins/workday.py took 0.026 seconds
[2022-03-28 10:33:37,776] {processor.py:163} INFO - Started process (PID=53897) to work on /home/vengat/big_data/python/venv/aflow_env/lib/python3.9/site-packages/airflow/example_dags/plugins/workday.py
[2022-03-28 10:33:37,777] {processor.py:642} INFO - Processing file /home/vengat/big_data/python/venv/aflow_env/lib/python3.9/site-packages/airflow/example_dags/plugins/workday.py for tasks to queue
[2022-03-28 10:33:37,778] {logging_mixin.py:109} INFO - [2022-03-28 10:33:37,778] {dagbag.py:500} INFO - Filling up the DagBag from /home/vengat/big_data/python/venv/aflow_env/lib/python3.9/site-packages/airflow/example_dags/plugins/workday.py
[2022-03-28 10:33:37,796] {processor.py:656} WARNING - No viable dags retrieved from /home/vengat/big_data/python/venv/aflow_env/lib/python3.9/site-packages/airflow/example_dags/plugins/workday.py
[2022-03-28 10:33:37,799] {processor.py:171} INFO - Processing /home/vengat/big_data/python/venv/aflow_env/lib/python3.9/site-packages/airflow/example_dags/plugins/workday.py took 0.026 seconds
[2022-03-28 10:34:09,193] {processor.py:163} INFO - Started process (PID=53934) to work on /home/vengat/big_data/python/venv/aflow_env/lib/python3.9/site-packages/airflow/example_dags/plugins/workday.py
[2022-03-28 10:34:09,196] {processor.py:642} INFO - Processing file /home/vengat/big_data/python/venv/aflow_env/lib/python3.9/site-packages/airflow/example_dags/plugins/workday.py for tasks to queue
[2022-03-28 10:34:09,197] {logging_mixin.py:109} INFO - [2022-03-28 10:34:09,196] {dagbag.py:500} INFO - Filling up the DagBag from /home/vengat/big_data/python/venv/aflow_env/lib/python3.9/site-packages/airflow/example_dags/plugins/workday.py
[2022-03-28 10:34:09,211] {processor.py:656} WARNING - No viable dags retrieved from /home/vengat/big_data/python/venv/aflow_env/lib/python3.9/site-packages/airflow/example_dags/plugins/workday.py
[2022-03-28 10:34:09,213] {processor.py:171} INFO - Processing /home/vengat/big_data/python/venv/aflow_env/lib/python3.9/site-packages/airflow/example_dags/plugins/workday.py took 0.024 seconds
[2022-03-28 10:34:41,455] {processor.py:163} INFO - Started process (PID=53965) to work on /home/vengat/big_data/python/venv/aflow_env/lib/python3.9/site-packages/airflow/example_dags/plugins/workday.py
[2022-03-28 10:34:41,458] {processor.py:642} INFO - Processing file /home/vengat/big_data/python/venv/aflow_env/lib/python3.9/site-packages/airflow/example_dags/plugins/workday.py for tasks to queue
[2022-03-28 10:34:41,459] {logging_mixin.py:109} INFO - [2022-03-28 10:34:41,459] {dagbag.py:500} INFO - Filling up the DagBag from /home/vengat/big_data/python/venv/aflow_env/lib/python3.9/site-packages/airflow/example_dags/plugins/workday.py
[2022-03-28 10:34:41,481] {processor.py:656} WARNING - No viable dags retrieved from /home/vengat/big_data/python/venv/aflow_env/lib/python3.9/site-packages/airflow/example_dags/plugins/workday.py
[2022-03-28 10:34:41,485] {processor.py:171} INFO - Processing /home/vengat/big_data/python/venv/aflow_env/lib/python3.9/site-packages/airflow/example_dags/plugins/workday.py took 0.039 seconds
[2022-03-28 10:35:14,828] {processor.py:163} INFO - Started process (PID=53995) to work on /home/vengat/big_data/python/venv/aflow_env/lib/python3.9/site-packages/airflow/example_dags/plugins/workday.py
[2022-03-28 10:35:14,830] {processor.py:642} INFO - Processing file /home/vengat/big_data/python/venv/aflow_env/lib/python3.9/site-packages/airflow/example_dags/plugins/workday.py for tasks to queue
[2022-03-28 10:35:14,831] {logging_mixin.py:109} INFO - [2022-03-28 10:35:14,830] {dagbag.py:500} INFO - Filling up the DagBag from /home/vengat/big_data/python/venv/aflow_env/lib/python3.9/site-packages/airflow/example_dags/plugins/workday.py
[2022-03-28 10:35:14,844] {processor.py:656} WARNING - No viable dags retrieved from /home/vengat/big_data/python/venv/aflow_env/lib/python3.9/site-packages/airflow/example_dags/plugins/workday.py
[2022-03-28 10:35:14,846] {processor.py:171} INFO - Processing /home/vengat/big_data/python/venv/aflow_env/lib/python3.9/site-packages/airflow/example_dags/plugins/workday.py took 0.022 seconds
[2022-03-28 10:35:48,046] {processor.py:163} INFO - Started process (PID=54026) to work on /home/vengat/big_data/python/venv/aflow_env/lib/python3.9/site-packages/airflow/example_dags/plugins/workday.py
[2022-03-28 10:35:48,048] {processor.py:642} INFO - Processing file /home/vengat/big_data/python/venv/aflow_env/lib/python3.9/site-packages/airflow/example_dags/plugins/workday.py for tasks to queue
[2022-03-28 10:35:48,049] {logging_mixin.py:109} INFO - [2022-03-28 10:35:48,048] {dagbag.py:500} INFO - Filling up the DagBag from /home/vengat/big_data/python/venv/aflow_env/lib/python3.9/site-packages/airflow/example_dags/plugins/workday.py
[2022-03-28 10:35:48,064] {processor.py:656} WARNING - No viable dags retrieved from /home/vengat/big_data/python/venv/aflow_env/lib/python3.9/site-packages/airflow/example_dags/plugins/workday.py
[2022-03-28 10:35:48,066] {processor.py:171} INFO - Processing /home/vengat/big_data/python/venv/aflow_env/lib/python3.9/site-packages/airflow/example_dags/plugins/workday.py took 0.026 seconds
[2022-03-28 10:36:24,443] {processor.py:163} INFO - Started process (PID=54059) to work on /home/vengat/big_data/python/venv/aflow_env/lib/python3.9/site-packages/airflow/example_dags/plugins/workday.py
[2022-03-28 10:36:24,445] {processor.py:642} INFO - Processing file /home/vengat/big_data/python/venv/aflow_env/lib/python3.9/site-packages/airflow/example_dags/plugins/workday.py for tasks to queue
[2022-03-28 10:36:24,446] {logging_mixin.py:109} INFO - [2022-03-28 10:36:24,446] {dagbag.py:500} INFO - Filling up the DagBag from /home/vengat/big_data/python/venv/aflow_env/lib/python3.9/site-packages/airflow/example_dags/plugins/workday.py
[2022-03-28 10:36:24,463] {processor.py:656} WARNING - No viable dags retrieved from /home/vengat/big_data/python/venv/aflow_env/lib/python3.9/site-packages/airflow/example_dags/plugins/workday.py
[2022-03-28 10:36:24,466] {processor.py:171} INFO - Processing /home/vengat/big_data/python/venv/aflow_env/lib/python3.9/site-packages/airflow/example_dags/plugins/workday.py took 0.026 seconds
[2022-03-28 10:36:56,886] {processor.py:163} INFO - Started process (PID=54091) to work on /home/vengat/big_data/python/venv/aflow_env/lib/python3.9/site-packages/airflow/example_dags/plugins/workday.py
[2022-03-28 10:36:56,888] {processor.py:642} INFO - Processing file /home/vengat/big_data/python/venv/aflow_env/lib/python3.9/site-packages/airflow/example_dags/plugins/workday.py for tasks to queue
[2022-03-28 10:36:56,888] {logging_mixin.py:109} INFO - [2022-03-28 10:36:56,888] {dagbag.py:500} INFO - Filling up the DagBag from /home/vengat/big_data/python/venv/aflow_env/lib/python3.9/site-packages/airflow/example_dags/plugins/workday.py
[2022-03-28 10:36:56,900] {processor.py:656} WARNING - No viable dags retrieved from /home/vengat/big_data/python/venv/aflow_env/lib/python3.9/site-packages/airflow/example_dags/plugins/workday.py
[2022-03-28 10:36:56,902] {processor.py:171} INFO - Processing /home/vengat/big_data/python/venv/aflow_env/lib/python3.9/site-packages/airflow/example_dags/plugins/workday.py took 0.022 seconds
[2022-03-28 10:37:32,362] {processor.py:163} INFO - Started process (PID=54139) to work on /home/vengat/big_data/python/venv/aflow_env/lib/python3.9/site-packages/airflow/example_dags/plugins/workday.py
[2022-03-28 10:37:32,364] {processor.py:642} INFO - Processing file /home/vengat/big_data/python/venv/aflow_env/lib/python3.9/site-packages/airflow/example_dags/plugins/workday.py for tasks to queue
[2022-03-28 10:37:32,364] {logging_mixin.py:109} INFO - [2022-03-28 10:37:32,364] {dagbag.py:500} INFO - Filling up the DagBag from /home/vengat/big_data/python/venv/aflow_env/lib/python3.9/site-packages/airflow/example_dags/plugins/workday.py
[2022-03-28 10:37:32,382] {processor.py:656} WARNING - No viable dags retrieved from /home/vengat/big_data/python/venv/aflow_env/lib/python3.9/site-packages/airflow/example_dags/plugins/workday.py
[2022-03-28 10:37:32,385] {processor.py:171} INFO - Processing /home/vengat/big_data/python/venv/aflow_env/lib/python3.9/site-packages/airflow/example_dags/plugins/workday.py took 0.027 seconds
[2022-03-28 10:38:05,023] {processor.py:163} INFO - Started process (PID=54173) to work on /home/vengat/big_data/python/venv/aflow_env/lib/python3.9/site-packages/airflow/example_dags/plugins/workday.py
[2022-03-28 10:38:05,024] {processor.py:642} INFO - Processing file /home/vengat/big_data/python/venv/aflow_env/lib/python3.9/site-packages/airflow/example_dags/plugins/workday.py for tasks to queue
[2022-03-28 10:38:05,024] {logging_mixin.py:109} INFO - [2022-03-28 10:38:05,024] {dagbag.py:500} INFO - Filling up the DagBag from /home/vengat/big_data/python/venv/aflow_env/lib/python3.9/site-packages/airflow/example_dags/plugins/workday.py
[2022-03-28 10:38:05,037] {processor.py:656} WARNING - No viable dags retrieved from /home/vengat/big_data/python/venv/aflow_env/lib/python3.9/site-packages/airflow/example_dags/plugins/workday.py
[2022-03-28 10:38:05,038] {processor.py:171} INFO - Processing /home/vengat/big_data/python/venv/aflow_env/lib/python3.9/site-packages/airflow/example_dags/plugins/workday.py took 0.018 seconds
[2022-03-28 10:38:38,521] {processor.py:163} INFO - Started process (PID=54244) to work on /home/vengat/big_data/python/venv/aflow_env/lib/python3.9/site-packages/airflow/example_dags/plugins/workday.py
[2022-03-28 10:38:38,522] {processor.py:642} INFO - Processing file /home/vengat/big_data/python/venv/aflow_env/lib/python3.9/site-packages/airflow/example_dags/plugins/workday.py for tasks to queue
[2022-03-28 10:38:38,523] {logging_mixin.py:109} INFO - [2022-03-28 10:38:38,523] {dagbag.py:500} INFO - Filling up the DagBag from /home/vengat/big_data/python/venv/aflow_env/lib/python3.9/site-packages/airflow/example_dags/plugins/workday.py
[2022-03-28 10:38:38,534] {processor.py:656} WARNING - No viable dags retrieved from /home/vengat/big_data/python/venv/aflow_env/lib/python3.9/site-packages/airflow/example_dags/plugins/workday.py
[2022-03-28 10:38:38,536] {processor.py:171} INFO - Processing /home/vengat/big_data/python/venv/aflow_env/lib/python3.9/site-packages/airflow/example_dags/plugins/workday.py took 0.018 seconds
[2022-03-28 10:39:14,485] {processor.py:163} INFO - Started process (PID=54305) to work on /home/vengat/big_data/python/venv/aflow_env/lib/python3.9/site-packages/airflow/example_dags/plugins/workday.py
[2022-03-28 10:39:14,490] {processor.py:642} INFO - Processing file /home/vengat/big_data/python/venv/aflow_env/lib/python3.9/site-packages/airflow/example_dags/plugins/workday.py for tasks to queue
[2022-03-28 10:39:14,491] {logging_mixin.py:109} INFO - [2022-03-28 10:39:14,491] {dagbag.py:500} INFO - Filling up the DagBag from /home/vengat/big_data/python/venv/aflow_env/lib/python3.9/site-packages/airflow/example_dags/plugins/workday.py
[2022-03-28 10:39:14,503] {processor.py:656} WARNING - No viable dags retrieved from /home/vengat/big_data/python/venv/aflow_env/lib/python3.9/site-packages/airflow/example_dags/plugins/workday.py
[2022-03-28 10:39:14,506] {processor.py:171} INFO - Processing /home/vengat/big_data/python/venv/aflow_env/lib/python3.9/site-packages/airflow/example_dags/plugins/workday.py took 0.024 seconds
[2022-03-28 10:39:46,935] {processor.py:163} INFO - Started process (PID=54348) to work on /home/vengat/big_data/python/venv/aflow_env/lib/python3.9/site-packages/airflow/example_dags/plugins/workday.py
[2022-03-28 10:39:46,936] {processor.py:642} INFO - Processing file /home/vengat/big_data/python/venv/aflow_env/lib/python3.9/site-packages/airflow/example_dags/plugins/workday.py for tasks to queue
[2022-03-28 10:39:46,937] {logging_mixin.py:109} INFO - [2022-03-28 10:39:46,937] {dagbag.py:500} INFO - Filling up the DagBag from /home/vengat/big_data/python/venv/aflow_env/lib/python3.9/site-packages/airflow/example_dags/plugins/workday.py
[2022-03-28 10:39:46,947] {processor.py:656} WARNING - No viable dags retrieved from /home/vengat/big_data/python/venv/aflow_env/lib/python3.9/site-packages/airflow/example_dags/plugins/workday.py
[2022-03-28 10:39:46,949] {processor.py:171} INFO - Processing /home/vengat/big_data/python/venv/aflow_env/lib/python3.9/site-packages/airflow/example_dags/plugins/workday.py took 0.019 seconds
[2022-03-28 10:40:20,550] {processor.py:163} INFO - Started process (PID=54383) to work on /home/vengat/big_data/python/venv/aflow_env/lib/python3.9/site-packages/airflow/example_dags/plugins/workday.py
[2022-03-28 10:40:20,551] {processor.py:642} INFO - Processing file /home/vengat/big_data/python/venv/aflow_env/lib/python3.9/site-packages/airflow/example_dags/plugins/workday.py for tasks to queue
[2022-03-28 10:40:20,552] {logging_mixin.py:109} INFO - [2022-03-28 10:40:20,552] {dagbag.py:500} INFO - Filling up the DagBag from /home/vengat/big_data/python/venv/aflow_env/lib/python3.9/site-packages/airflow/example_dags/plugins/workday.py
[2022-03-28 10:40:20,564] {processor.py:656} WARNING - No viable dags retrieved from /home/vengat/big_data/python/venv/aflow_env/lib/python3.9/site-packages/airflow/example_dags/plugins/workday.py
[2022-03-28 10:40:20,566] {processor.py:171} INFO - Processing /home/vengat/big_data/python/venv/aflow_env/lib/python3.9/site-packages/airflow/example_dags/plugins/workday.py took 0.019 seconds
[2022-03-28 10:40:54,191] {processor.py:163} INFO - Started process (PID=54496) to work on /home/vengat/big_data/python/venv/aflow_env/lib/python3.9/site-packages/airflow/example_dags/plugins/workday.py
[2022-03-28 10:40:54,194] {processor.py:642} INFO - Processing file /home/vengat/big_data/python/venv/aflow_env/lib/python3.9/site-packages/airflow/example_dags/plugins/workday.py for tasks to queue
[2022-03-28 10:40:54,195] {logging_mixin.py:109} INFO - [2022-03-28 10:40:54,195] {dagbag.py:500} INFO - Filling up the DagBag from /home/vengat/big_data/python/venv/aflow_env/lib/python3.9/site-packages/airflow/example_dags/plugins/workday.py
[2022-03-28 10:40:54,210] {processor.py:656} WARNING - No viable dags retrieved from /home/vengat/big_data/python/venv/aflow_env/lib/python3.9/site-packages/airflow/example_dags/plugins/workday.py
[2022-03-28 10:40:54,213] {processor.py:171} INFO - Processing /home/vengat/big_data/python/venv/aflow_env/lib/python3.9/site-packages/airflow/example_dags/plugins/workday.py took 0.028 seconds
[2022-03-28 10:41:26,894] {processor.py:163} INFO - Started process (PID=54528) to work on /home/vengat/big_data/python/venv/aflow_env/lib/python3.9/site-packages/airflow/example_dags/plugins/workday.py
[2022-03-28 10:41:26,895] {processor.py:642} INFO - Processing file /home/vengat/big_data/python/venv/aflow_env/lib/python3.9/site-packages/airflow/example_dags/plugins/workday.py for tasks to queue
[2022-03-28 10:41:26,896] {logging_mixin.py:109} INFO - [2022-03-28 10:41:26,896] {dagbag.py:500} INFO - Filling up the DagBag from /home/vengat/big_data/python/venv/aflow_env/lib/python3.9/site-packages/airflow/example_dags/plugins/workday.py
[2022-03-28 10:41:26,909] {processor.py:656} WARNING - No viable dags retrieved from /home/vengat/big_data/python/venv/aflow_env/lib/python3.9/site-packages/airflow/example_dags/plugins/workday.py
[2022-03-28 10:41:26,911] {processor.py:171} INFO - Processing /home/vengat/big_data/python/venv/aflow_env/lib/python3.9/site-packages/airflow/example_dags/plugins/workday.py took 0.022 seconds
[2022-03-28 10:42:00,087] {processor.py:163} INFO - Started process (PID=54561) to work on /home/vengat/big_data/python/venv/aflow_env/lib/python3.9/site-packages/airflow/example_dags/plugins/workday.py
[2022-03-28 10:42:00,089] {processor.py:642} INFO - Processing file /home/vengat/big_data/python/venv/aflow_env/lib/python3.9/site-packages/airflow/example_dags/plugins/workday.py for tasks to queue
[2022-03-28 10:42:00,089] {logging_mixin.py:109} INFO - [2022-03-28 10:42:00,089] {dagbag.py:500} INFO - Filling up the DagBag from /home/vengat/big_data/python/venv/aflow_env/lib/python3.9/site-packages/airflow/example_dags/plugins/workday.py
[2022-03-28 10:42:00,100] {processor.py:656} WARNING - No viable dags retrieved from /home/vengat/big_data/python/venv/aflow_env/lib/python3.9/site-packages/airflow/example_dags/plugins/workday.py
[2022-03-28 10:42:00,101] {processor.py:171} INFO - Processing /home/vengat/big_data/python/venv/aflow_env/lib/python3.9/site-packages/airflow/example_dags/plugins/workday.py took 0.017 seconds
[2022-03-28 10:42:32,394] {processor.py:163} INFO - Started process (PID=54604) to work on /home/vengat/big_data/python/venv/aflow_env/lib/python3.9/site-packages/airflow/example_dags/plugins/workday.py
[2022-03-28 10:42:32,396] {processor.py:642} INFO - Processing file /home/vengat/big_data/python/venv/aflow_env/lib/python3.9/site-packages/airflow/example_dags/plugins/workday.py for tasks to queue
[2022-03-28 10:42:32,396] {logging_mixin.py:109} INFO - [2022-03-28 10:42:32,396] {dagbag.py:500} INFO - Filling up the DagBag from /home/vengat/big_data/python/venv/aflow_env/lib/python3.9/site-packages/airflow/example_dags/plugins/workday.py
[2022-03-28 10:42:32,407] {processor.py:656} WARNING - No viable dags retrieved from /home/vengat/big_data/python/venv/aflow_env/lib/python3.9/site-packages/airflow/example_dags/plugins/workday.py
[2022-03-28 10:42:32,409] {processor.py:171} INFO - Processing /home/vengat/big_data/python/venv/aflow_env/lib/python3.9/site-packages/airflow/example_dags/plugins/workday.py took 0.019 seconds
[2022-03-28 10:43:04,847] {processor.py:163} INFO - Started process (PID=54646) to work on /home/vengat/big_data/python/venv/aflow_env/lib/python3.9/site-packages/airflow/example_dags/plugins/workday.py
[2022-03-28 10:43:04,848] {processor.py:642} INFO - Processing file /home/vengat/big_data/python/venv/aflow_env/lib/python3.9/site-packages/airflow/example_dags/plugins/workday.py for tasks to queue
[2022-03-28 10:43:04,849] {logging_mixin.py:109} INFO - [2022-03-28 10:43:04,849] {dagbag.py:500} INFO - Filling up the DagBag from /home/vengat/big_data/python/venv/aflow_env/lib/python3.9/site-packages/airflow/example_dags/plugins/workday.py
[2022-03-28 10:43:04,860] {processor.py:656} WARNING - No viable dags retrieved from /home/vengat/big_data/python/venv/aflow_env/lib/python3.9/site-packages/airflow/example_dags/plugins/workday.py
[2022-03-28 10:43:04,862] {processor.py:171} INFO - Processing /home/vengat/big_data/python/venv/aflow_env/lib/python3.9/site-packages/airflow/example_dags/plugins/workday.py took 0.019 seconds
[2022-03-28 10:43:36,588] {processor.py:163} INFO - Started process (PID=54700) to work on /home/vengat/big_data/python/venv/aflow_env/lib/python3.9/site-packages/airflow/example_dags/plugins/workday.py
[2022-03-28 10:43:36,590] {processor.py:642} INFO - Processing file /home/vengat/big_data/python/venv/aflow_env/lib/python3.9/site-packages/airflow/example_dags/plugins/workday.py for tasks to queue
[2022-03-28 10:43:36,591] {logging_mixin.py:109} INFO - [2022-03-28 10:43:36,591] {dagbag.py:500} INFO - Filling up the DagBag from /home/vengat/big_data/python/venv/aflow_env/lib/python3.9/site-packages/airflow/example_dags/plugins/workday.py
[2022-03-28 10:43:36,606] {processor.py:656} WARNING - No viable dags retrieved from /home/vengat/big_data/python/venv/aflow_env/lib/python3.9/site-packages/airflow/example_dags/plugins/workday.py
[2022-03-28 10:43:36,608] {processor.py:171} INFO - Processing /home/vengat/big_data/python/venv/aflow_env/lib/python3.9/site-packages/airflow/example_dags/plugins/workday.py took 0.025 seconds
[2022-03-28 10:44:12,683] {processor.py:163} INFO - Started process (PID=54760) to work on /home/vengat/big_data/python/venv/aflow_env/lib/python3.9/site-packages/airflow/example_dags/plugins/workday.py
[2022-03-28 10:44:12,686] {processor.py:642} INFO - Processing file /home/vengat/big_data/python/venv/aflow_env/lib/python3.9/site-packages/airflow/example_dags/plugins/workday.py for tasks to queue
[2022-03-28 10:44:12,687] {logging_mixin.py:109} INFO - [2022-03-28 10:44:12,687] {dagbag.py:500} INFO - Filling up the DagBag from /home/vengat/big_data/python/venv/aflow_env/lib/python3.9/site-packages/airflow/example_dags/plugins/workday.py
[2022-03-28 10:44:12,699] {processor.py:656} WARNING - No viable dags retrieved from /home/vengat/big_data/python/venv/aflow_env/lib/python3.9/site-packages/airflow/example_dags/plugins/workday.py
[2022-03-28 10:44:12,701] {processor.py:171} INFO - Processing /home/vengat/big_data/python/venv/aflow_env/lib/python3.9/site-packages/airflow/example_dags/plugins/workday.py took 0.026 seconds
[2022-03-28 10:44:46,142] {processor.py:163} INFO - Started process (PID=54791) to work on /home/vengat/big_data/python/venv/aflow_env/lib/python3.9/site-packages/airflow/example_dags/plugins/workday.py
[2022-03-28 10:44:46,144] {processor.py:642} INFO - Processing file /home/vengat/big_data/python/venv/aflow_env/lib/python3.9/site-packages/airflow/example_dags/plugins/workday.py for tasks to queue
[2022-03-28 10:44:46,144] {logging_mixin.py:109} INFO - [2022-03-28 10:44:46,144] {dagbag.py:500} INFO - Filling up the DagBag from /home/vengat/big_data/python/venv/aflow_env/lib/python3.9/site-packages/airflow/example_dags/plugins/workday.py
[2022-03-28 10:44:46,155] {processor.py:656} WARNING - No viable dags retrieved from /home/vengat/big_data/python/venv/aflow_env/lib/python3.9/site-packages/airflow/example_dags/plugins/workday.py
[2022-03-28 10:44:46,157] {processor.py:171} INFO - Processing /home/vengat/big_data/python/venv/aflow_env/lib/python3.9/site-packages/airflow/example_dags/plugins/workday.py took 0.018 seconds
[2022-03-28 10:45:19,370] {processor.py:163} INFO - Started process (PID=54824) to work on /home/vengat/big_data/python/venv/aflow_env/lib/python3.9/site-packages/airflow/example_dags/plugins/workday.py
[2022-03-28 10:45:19,371] {processor.py:642} INFO - Processing file /home/vengat/big_data/python/venv/aflow_env/lib/python3.9/site-packages/airflow/example_dags/plugins/workday.py for tasks to queue
[2022-03-28 10:45:19,372] {logging_mixin.py:109} INFO - [2022-03-28 10:45:19,372] {dagbag.py:500} INFO - Filling up the DagBag from /home/vengat/big_data/python/venv/aflow_env/lib/python3.9/site-packages/airflow/example_dags/plugins/workday.py
[2022-03-28 10:45:19,382] {processor.py:656} WARNING - No viable dags retrieved from /home/vengat/big_data/python/venv/aflow_env/lib/python3.9/site-packages/airflow/example_dags/plugins/workday.py
[2022-03-28 10:45:19,384] {processor.py:171} INFO - Processing /home/vengat/big_data/python/venv/aflow_env/lib/python3.9/site-packages/airflow/example_dags/plugins/workday.py took 0.018 seconds
[2022-03-28 10:45:52,818] {processor.py:163} INFO - Started process (PID=54904) to work on /home/vengat/big_data/python/venv/aflow_env/lib/python3.9/site-packages/airflow/example_dags/plugins/workday.py
[2022-03-28 10:45:52,820] {processor.py:642} INFO - Processing file /home/vengat/big_data/python/venv/aflow_env/lib/python3.9/site-packages/airflow/example_dags/plugins/workday.py for tasks to queue
[2022-03-28 10:45:52,821] {logging_mixin.py:109} INFO - [2022-03-28 10:45:52,821] {dagbag.py:500} INFO - Filling up the DagBag from /home/vengat/big_data/python/venv/aflow_env/lib/python3.9/site-packages/airflow/example_dags/plugins/workday.py
[2022-03-28 10:45:52,834] {processor.py:656} WARNING - No viable dags retrieved from /home/vengat/big_data/python/venv/aflow_env/lib/python3.9/site-packages/airflow/example_dags/plugins/workday.py
[2022-03-28 10:45:52,836] {processor.py:171} INFO - Processing /home/vengat/big_data/python/venv/aflow_env/lib/python3.9/site-packages/airflow/example_dags/plugins/workday.py took 0.024 seconds
[2022-03-28 10:46:28,448] {processor.py:163} INFO - Started process (PID=54938) to work on /home/vengat/big_data/python/venv/aflow_env/lib/python3.9/site-packages/airflow/example_dags/plugins/workday.py
[2022-03-28 10:46:28,450] {processor.py:642} INFO - Processing file /home/vengat/big_data/python/venv/aflow_env/lib/python3.9/site-packages/airflow/example_dags/plugins/workday.py for tasks to queue
[2022-03-28 10:46:28,451] {logging_mixin.py:109} INFO - [2022-03-28 10:46:28,450] {dagbag.py:500} INFO - Filling up the DagBag from /home/vengat/big_data/python/venv/aflow_env/lib/python3.9/site-packages/airflow/example_dags/plugins/workday.py
[2022-03-28 10:46:28,463] {processor.py:656} WARNING - No viable dags retrieved from /home/vengat/big_data/python/venv/aflow_env/lib/python3.9/site-packages/airflow/example_dags/plugins/workday.py
[2022-03-28 10:46:28,465] {processor.py:171} INFO - Processing /home/vengat/big_data/python/venv/aflow_env/lib/python3.9/site-packages/airflow/example_dags/plugins/workday.py took 0.021 seconds
[2022-03-28 10:47:12,974] {processor.py:163} INFO - Started process (PID=54975) to work on /home/vengat/big_data/python/venv/aflow_env/lib/python3.9/site-packages/airflow/example_dags/plugins/workday.py
[2022-03-28 10:47:12,975] {processor.py:642} INFO - Processing file /home/vengat/big_data/python/venv/aflow_env/lib/python3.9/site-packages/airflow/example_dags/plugins/workday.py for tasks to queue
[2022-03-28 10:47:12,976] {logging_mixin.py:109} INFO - [2022-03-28 10:47:12,976] {dagbag.py:500} INFO - Filling up the DagBag from /home/vengat/big_data/python/venv/aflow_env/lib/python3.9/site-packages/airflow/example_dags/plugins/workday.py
[2022-03-28 10:47:12,988] {processor.py:656} WARNING - No viable dags retrieved from /home/vengat/big_data/python/venv/aflow_env/lib/python3.9/site-packages/airflow/example_dags/plugins/workday.py
[2022-03-28 10:47:12,990] {processor.py:171} INFO - Processing /home/vengat/big_data/python/venv/aflow_env/lib/python3.9/site-packages/airflow/example_dags/plugins/workday.py took 0.019 seconds
[2022-03-28 10:47:50,400] {processor.py:163} INFO - Started process (PID=55009) to work on /home/vengat/big_data/python/venv/aflow_env/lib/python3.9/site-packages/airflow/example_dags/plugins/workday.py
[2022-03-28 10:47:50,502] {processor.py:642} INFO - Processing file /home/vengat/big_data/python/venv/aflow_env/lib/python3.9/site-packages/airflow/example_dags/plugins/workday.py for tasks to queue
[2022-03-28 10:47:50,503] {logging_mixin.py:109} INFO - [2022-03-28 10:47:50,503] {dagbag.py:500} INFO - Filling up the DagBag from /home/vengat/big_data/python/venv/aflow_env/lib/python3.9/site-packages/airflow/example_dags/plugins/workday.py
[2022-03-28 10:47:50,517] {processor.py:656} WARNING - No viable dags retrieved from /home/vengat/big_data/python/venv/aflow_env/lib/python3.9/site-packages/airflow/example_dags/plugins/workday.py
[2022-03-28 10:47:50,521] {processor.py:171} INFO - Processing /home/vengat/big_data/python/venv/aflow_env/lib/python3.9/site-packages/airflow/example_dags/plugins/workday.py took 0.128 seconds
[2022-03-28 10:48:33,530] {processor.py:163} INFO - Started process (PID=55063) to work on /home/vengat/big_data/python/venv/aflow_env/lib/python3.9/site-packages/airflow/example_dags/plugins/workday.py
[2022-03-28 10:48:33,532] {processor.py:642} INFO - Processing file /home/vengat/big_data/python/venv/aflow_env/lib/python3.9/site-packages/airflow/example_dags/plugins/workday.py for tasks to queue
[2022-03-28 10:48:33,533] {logging_mixin.py:109} INFO - [2022-03-28 10:48:33,533] {dagbag.py:500} INFO - Filling up the DagBag from /home/vengat/big_data/python/venv/aflow_env/lib/python3.9/site-packages/airflow/example_dags/plugins/workday.py
[2022-03-28 10:48:33,545] {processor.py:656} WARNING - No viable dags retrieved from /home/vengat/big_data/python/venv/aflow_env/lib/python3.9/site-packages/airflow/example_dags/plugins/workday.py
[2022-03-28 10:48:33,548] {processor.py:171} INFO - Processing /home/vengat/big_data/python/venv/aflow_env/lib/python3.9/site-packages/airflow/example_dags/plugins/workday.py took 0.021 seconds
[2022-03-28 10:49:12,470] {processor.py:163} INFO - Started process (PID=55104) to work on /home/vengat/big_data/python/venv/aflow_env/lib/python3.9/site-packages/airflow/example_dags/plugins/workday.py
[2022-03-28 10:49:12,478] {processor.py:642} INFO - Processing file /home/vengat/big_data/python/venv/aflow_env/lib/python3.9/site-packages/airflow/example_dags/plugins/workday.py for tasks to queue
[2022-03-28 10:49:12,479] {logging_mixin.py:109} INFO - [2022-03-28 10:49:12,479] {dagbag.py:500} INFO - Filling up the DagBag from /home/vengat/big_data/python/venv/aflow_env/lib/python3.9/site-packages/airflow/example_dags/plugins/workday.py
[2022-03-28 10:49:12,493] {processor.py:656} WARNING - No viable dags retrieved from /home/vengat/big_data/python/venv/aflow_env/lib/python3.9/site-packages/airflow/example_dags/plugins/workday.py
[2022-03-28 10:49:12,496] {processor.py:171} INFO - Processing /home/vengat/big_data/python/venv/aflow_env/lib/python3.9/site-packages/airflow/example_dags/plugins/workday.py took 0.034 seconds
[2022-03-28 10:49:46,194] {processor.py:163} INFO - Started process (PID=55136) to work on /home/vengat/big_data/python/venv/aflow_env/lib/python3.9/site-packages/airflow/example_dags/plugins/workday.py
[2022-03-28 10:49:46,195] {processor.py:642} INFO - Processing file /home/vengat/big_data/python/venv/aflow_env/lib/python3.9/site-packages/airflow/example_dags/plugins/workday.py for tasks to queue
[2022-03-28 10:49:46,196] {logging_mixin.py:109} INFO - [2022-03-28 10:49:46,196] {dagbag.py:500} INFO - Filling up the DagBag from /home/vengat/big_data/python/venv/aflow_env/lib/python3.9/site-packages/airflow/example_dags/plugins/workday.py
[2022-03-28 10:49:46,208] {processor.py:656} WARNING - No viable dags retrieved from /home/vengat/big_data/python/venv/aflow_env/lib/python3.9/site-packages/airflow/example_dags/plugins/workday.py
[2022-03-28 10:49:46,210] {processor.py:171} INFO - Processing /home/vengat/big_data/python/venv/aflow_env/lib/python3.9/site-packages/airflow/example_dags/plugins/workday.py took 0.020 seconds
[2022-03-28 10:50:18,660] {processor.py:163} INFO - Started process (PID=55168) to work on /home/vengat/big_data/python/venv/aflow_env/lib/python3.9/site-packages/airflow/example_dags/plugins/workday.py
[2022-03-28 10:50:18,662] {processor.py:642} INFO - Processing file /home/vengat/big_data/python/venv/aflow_env/lib/python3.9/site-packages/airflow/example_dags/plugins/workday.py for tasks to queue
[2022-03-28 10:50:18,662] {logging_mixin.py:109} INFO - [2022-03-28 10:50:18,662] {dagbag.py:500} INFO - Filling up the DagBag from /home/vengat/big_data/python/venv/aflow_env/lib/python3.9/site-packages/airflow/example_dags/plugins/workday.py
[2022-03-28 10:50:18,674] {processor.py:656} WARNING - No viable dags retrieved from /home/vengat/big_data/python/venv/aflow_env/lib/python3.9/site-packages/airflow/example_dags/plugins/workday.py
[2022-03-28 10:50:18,676] {processor.py:171} INFO - Processing /home/vengat/big_data/python/venv/aflow_env/lib/python3.9/site-packages/airflow/example_dags/plugins/workday.py took 0.019 seconds
[2022-03-28 10:50:50,517] {processor.py:163} INFO - Started process (PID=55200) to work on /home/vengat/big_data/python/venv/aflow_env/lib/python3.9/site-packages/airflow/example_dags/plugins/workday.py
[2022-03-28 10:50:50,519] {processor.py:642} INFO - Processing file /home/vengat/big_data/python/venv/aflow_env/lib/python3.9/site-packages/airflow/example_dags/plugins/workday.py for tasks to queue
[2022-03-28 10:50:50,519] {logging_mixin.py:109} INFO - [2022-03-28 10:50:50,519] {dagbag.py:500} INFO - Filling up the DagBag from /home/vengat/big_data/python/venv/aflow_env/lib/python3.9/site-packages/airflow/example_dags/plugins/workday.py
[2022-03-28 10:50:50,530] {processor.py:656} WARNING - No viable dags retrieved from /home/vengat/big_data/python/venv/aflow_env/lib/python3.9/site-packages/airflow/example_dags/plugins/workday.py
[2022-03-28 10:50:50,533] {processor.py:171} INFO - Processing /home/vengat/big_data/python/venv/aflow_env/lib/python3.9/site-packages/airflow/example_dags/plugins/workday.py took 0.018 seconds
[2022-03-28 10:51:25,662] {processor.py:163} INFO - Started process (PID=55232) to work on /home/vengat/big_data/python/venv/aflow_env/lib/python3.9/site-packages/airflow/example_dags/plugins/workday.py
[2022-03-28 10:51:25,666] {processor.py:642} INFO - Processing file /home/vengat/big_data/python/venv/aflow_env/lib/python3.9/site-packages/airflow/example_dags/plugins/workday.py for tasks to queue
[2022-03-28 10:51:25,667] {logging_mixin.py:109} INFO - [2022-03-28 10:51:25,667] {dagbag.py:500} INFO - Filling up the DagBag from /home/vengat/big_data/python/venv/aflow_env/lib/python3.9/site-packages/airflow/example_dags/plugins/workday.py
[2022-03-28 10:51:25,684] {processor.py:656} WARNING - No viable dags retrieved from /home/vengat/big_data/python/venv/aflow_env/lib/python3.9/site-packages/airflow/example_dags/plugins/workday.py
[2022-03-28 10:51:25,691] {processor.py:171} INFO - Processing /home/vengat/big_data/python/venv/aflow_env/lib/python3.9/site-packages/airflow/example_dags/plugins/workday.py took 0.039 seconds
[2022-03-28 10:51:57,228] {processor.py:163} INFO - Started process (PID=55265) to work on /home/vengat/big_data/python/venv/aflow_env/lib/python3.9/site-packages/airflow/example_dags/plugins/workday.py
[2022-03-28 10:51:57,230] {processor.py:642} INFO - Processing file /home/vengat/big_data/python/venv/aflow_env/lib/python3.9/site-packages/airflow/example_dags/plugins/workday.py for tasks to queue
[2022-03-28 10:51:57,230] {logging_mixin.py:109} INFO - [2022-03-28 10:51:57,230] {dagbag.py:500} INFO - Filling up the DagBag from /home/vengat/big_data/python/venv/aflow_env/lib/python3.9/site-packages/airflow/example_dags/plugins/workday.py
[2022-03-28 10:51:57,241] {processor.py:656} WARNING - No viable dags retrieved from /home/vengat/big_data/python/venv/aflow_env/lib/python3.9/site-packages/airflow/example_dags/plugins/workday.py
[2022-03-28 10:51:57,243] {processor.py:171} INFO - Processing /home/vengat/big_data/python/venv/aflow_env/lib/python3.9/site-packages/airflow/example_dags/plugins/workday.py took 0.018 seconds
[2022-03-28 10:52:32,741] {processor.py:163} INFO - Started process (PID=55302) to work on /home/vengat/big_data/python/venv/aflow_env/lib/python3.9/site-packages/airflow/example_dags/plugins/workday.py
[2022-03-28 10:52:32,743] {processor.py:642} INFO - Processing file /home/vengat/big_data/python/venv/aflow_env/lib/python3.9/site-packages/airflow/example_dags/plugins/workday.py for tasks to queue
[2022-03-28 10:52:32,743] {logging_mixin.py:109} INFO - [2022-03-28 10:52:32,743] {dagbag.py:500} INFO - Filling up the DagBag from /home/vengat/big_data/python/venv/aflow_env/lib/python3.9/site-packages/airflow/example_dags/plugins/workday.py
[2022-03-28 10:52:32,755] {processor.py:656} WARNING - No viable dags retrieved from /home/vengat/big_data/python/venv/aflow_env/lib/python3.9/site-packages/airflow/example_dags/plugins/workday.py
[2022-03-28 10:52:32,756] {processor.py:171} INFO - Processing /home/vengat/big_data/python/venv/aflow_env/lib/python3.9/site-packages/airflow/example_dags/plugins/workday.py took 0.019 seconds
[2022-03-28 10:53:08,133] {processor.py:163} INFO - Started process (PID=55338) to work on /home/vengat/big_data/python/venv/aflow_env/lib/python3.9/site-packages/airflow/example_dags/plugins/workday.py
[2022-03-28 10:53:08,135] {processor.py:642} INFO - Processing file /home/vengat/big_data/python/venv/aflow_env/lib/python3.9/site-packages/airflow/example_dags/plugins/workday.py for tasks to queue
[2022-03-28 10:53:08,135] {logging_mixin.py:109} INFO - [2022-03-28 10:53:08,135] {dagbag.py:500} INFO - Filling up the DagBag from /home/vengat/big_data/python/venv/aflow_env/lib/python3.9/site-packages/airflow/example_dags/plugins/workday.py
[2022-03-28 10:53:08,147] {processor.py:656} WARNING - No viable dags retrieved from /home/vengat/big_data/python/venv/aflow_env/lib/python3.9/site-packages/airflow/example_dags/plugins/workday.py
[2022-03-28 10:53:08,150] {processor.py:171} INFO - Processing /home/vengat/big_data/python/venv/aflow_env/lib/python3.9/site-packages/airflow/example_dags/plugins/workday.py took 0.021 seconds
[2022-03-28 10:53:40,441] {processor.py:163} INFO - Started process (PID=55373) to work on /home/vengat/big_data/python/venv/aflow_env/lib/python3.9/site-packages/airflow/example_dags/plugins/workday.py
[2022-03-28 10:53:40,443] {processor.py:642} INFO - Processing file /home/vengat/big_data/python/venv/aflow_env/lib/python3.9/site-packages/airflow/example_dags/plugins/workday.py for tasks to queue
[2022-03-28 10:53:40,444] {logging_mixin.py:109} INFO - [2022-03-28 10:53:40,444] {dagbag.py:500} INFO - Filling up the DagBag from /home/vengat/big_data/python/venv/aflow_env/lib/python3.9/site-packages/airflow/example_dags/plugins/workday.py
[2022-03-28 10:53:40,459] {processor.py:656} WARNING - No viable dags retrieved from /home/vengat/big_data/python/venv/aflow_env/lib/python3.9/site-packages/airflow/example_dags/plugins/workday.py
[2022-03-28 10:53:40,461] {processor.py:171} INFO - Processing /home/vengat/big_data/python/venv/aflow_env/lib/python3.9/site-packages/airflow/example_dags/plugins/workday.py took 0.025 seconds
[2022-03-28 10:54:14,976] {processor.py:163} INFO - Started process (PID=55404) to work on /home/vengat/big_data/python/venv/aflow_env/lib/python3.9/site-packages/airflow/example_dags/plugins/workday.py
[2022-03-28 10:54:14,978] {processor.py:642} INFO - Processing file /home/vengat/big_data/python/venv/aflow_env/lib/python3.9/site-packages/airflow/example_dags/plugins/workday.py for tasks to queue
[2022-03-28 10:54:14,978] {logging_mixin.py:109} INFO - [2022-03-28 10:54:14,978] {dagbag.py:500} INFO - Filling up the DagBag from /home/vengat/big_data/python/venv/aflow_env/lib/python3.9/site-packages/airflow/example_dags/plugins/workday.py
[2022-03-28 10:54:14,989] {processor.py:656} WARNING - No viable dags retrieved from /home/vengat/big_data/python/venv/aflow_env/lib/python3.9/site-packages/airflow/example_dags/plugins/workday.py
[2022-03-28 10:54:14,990] {processor.py:171} INFO - Processing /home/vengat/big_data/python/venv/aflow_env/lib/python3.9/site-packages/airflow/example_dags/plugins/workday.py took 0.018 seconds
[2022-03-28 10:54:48,212] {processor.py:163} INFO - Started process (PID=55436) to work on /home/vengat/big_data/python/venv/aflow_env/lib/python3.9/site-packages/airflow/example_dags/plugins/workday.py
[2022-03-28 10:54:48,214] {processor.py:642} INFO - Processing file /home/vengat/big_data/python/venv/aflow_env/lib/python3.9/site-packages/airflow/example_dags/plugins/workday.py for tasks to queue
[2022-03-28 10:54:48,215] {logging_mixin.py:109} INFO - [2022-03-28 10:54:48,215] {dagbag.py:500} INFO - Filling up the DagBag from /home/vengat/big_data/python/venv/aflow_env/lib/python3.9/site-packages/airflow/example_dags/plugins/workday.py
[2022-03-28 10:54:48,238] {processor.py:656} WARNING - No viable dags retrieved from /home/vengat/big_data/python/venv/aflow_env/lib/python3.9/site-packages/airflow/example_dags/plugins/workday.py
[2022-03-28 10:54:48,240] {processor.py:171} INFO - Processing /home/vengat/big_data/python/venv/aflow_env/lib/python3.9/site-packages/airflow/example_dags/plugins/workday.py took 0.031 seconds
