[2022-03-28 10:13:40,760] {processor.py:163} INFO - Started process (PID=52730) to work on /home/vengat/big_data/python/venv/aflow_env/lib/python3.9/site-packages/airflow/example_dags/subdags/subdag.py
[2022-03-28 10:13:40,762] {processor.py:642} INFO - Processing file /home/vengat/big_data/python/venv/aflow_env/lib/python3.9/site-packages/airflow/example_dags/subdags/subdag.py for tasks to queue
[2022-03-28 10:13:40,762] {logging_mixin.py:109} INFO - [2022-03-28 10:13:40,762] {dagbag.py:500} INFO - Filling up the DagBag from /home/vengat/big_data/python/venv/aflow_env/lib/python3.9/site-packages/airflow/example_dags/subdags/subdag.py
[2022-03-28 10:13:40,776] {processor.py:656} WARNING - No viable dags retrieved from /home/vengat/big_data/python/venv/aflow_env/lib/python3.9/site-packages/airflow/example_dags/subdags/subdag.py
[2022-03-28 10:13:40,779] {processor.py:171} INFO - Processing /home/vengat/big_data/python/venv/aflow_env/lib/python3.9/site-packages/airflow/example_dags/subdags/subdag.py took 0.022 seconds
[2022-03-28 10:14:14,122] {processor.py:163} INFO - Started process (PID=52764) to work on /home/vengat/big_data/python/venv/aflow_env/lib/python3.9/site-packages/airflow/example_dags/subdags/subdag.py
[2022-03-28 10:14:14,124] {processor.py:642} INFO - Processing file /home/vengat/big_data/python/venv/aflow_env/lib/python3.9/site-packages/airflow/example_dags/subdags/subdag.py for tasks to queue
[2022-03-28 10:14:14,124] {logging_mixin.py:109} INFO - [2022-03-28 10:14:14,124] {dagbag.py:500} INFO - Filling up the DagBag from /home/vengat/big_data/python/venv/aflow_env/lib/python3.9/site-packages/airflow/example_dags/subdags/subdag.py
[2022-03-28 10:14:14,136] {processor.py:656} WARNING - No viable dags retrieved from /home/vengat/big_data/python/venv/aflow_env/lib/python3.9/site-packages/airflow/example_dags/subdags/subdag.py
[2022-03-28 10:14:14,139] {processor.py:171} INFO - Processing /home/vengat/big_data/python/venv/aflow_env/lib/python3.9/site-packages/airflow/example_dags/subdags/subdag.py took 0.021 seconds
[2022-03-28 10:14:48,339] {processor.py:163} INFO - Started process (PID=52797) to work on /home/vengat/big_data/python/venv/aflow_env/lib/python3.9/site-packages/airflow/example_dags/subdags/subdag.py
[2022-03-28 10:14:48,341] {processor.py:642} INFO - Processing file /home/vengat/big_data/python/venv/aflow_env/lib/python3.9/site-packages/airflow/example_dags/subdags/subdag.py for tasks to queue
[2022-03-28 10:14:48,342] {logging_mixin.py:109} INFO - [2022-03-28 10:14:48,342] {dagbag.py:500} INFO - Filling up the DagBag from /home/vengat/big_data/python/venv/aflow_env/lib/python3.9/site-packages/airflow/example_dags/subdags/subdag.py
[2022-03-28 10:14:48,357] {processor.py:656} WARNING - No viable dags retrieved from /home/vengat/big_data/python/venv/aflow_env/lib/python3.9/site-packages/airflow/example_dags/subdags/subdag.py
[2022-03-28 10:14:48,360] {processor.py:171} INFO - Processing /home/vengat/big_data/python/venv/aflow_env/lib/python3.9/site-packages/airflow/example_dags/subdags/subdag.py took 0.026 seconds
[2022-03-28 10:15:23,525] {processor.py:163} INFO - Started process (PID=52829) to work on /home/vengat/big_data/python/venv/aflow_env/lib/python3.9/site-packages/airflow/example_dags/subdags/subdag.py
[2022-03-28 10:15:23,526] {processor.py:642} INFO - Processing file /home/vengat/big_data/python/venv/aflow_env/lib/python3.9/site-packages/airflow/example_dags/subdags/subdag.py for tasks to queue
[2022-03-28 10:15:23,527] {logging_mixin.py:109} INFO - [2022-03-28 10:15:23,527] {dagbag.py:500} INFO - Filling up the DagBag from /home/vengat/big_data/python/venv/aflow_env/lib/python3.9/site-packages/airflow/example_dags/subdags/subdag.py
[2022-03-28 10:15:23,543] {processor.py:656} WARNING - No viable dags retrieved from /home/vengat/big_data/python/venv/aflow_env/lib/python3.9/site-packages/airflow/example_dags/subdags/subdag.py
[2022-03-28 10:15:23,545] {processor.py:171} INFO - Processing /home/vengat/big_data/python/venv/aflow_env/lib/python3.9/site-packages/airflow/example_dags/subdags/subdag.py took 0.027 seconds
[2022-03-28 10:15:57,936] {processor.py:163} INFO - Started process (PID=52861) to work on /home/vengat/big_data/python/venv/aflow_env/lib/python3.9/site-packages/airflow/example_dags/subdags/subdag.py
[2022-03-28 10:15:57,939] {processor.py:642} INFO - Processing file /home/vengat/big_data/python/venv/aflow_env/lib/python3.9/site-packages/airflow/example_dags/subdags/subdag.py for tasks to queue
[2022-03-28 10:15:57,940] {logging_mixin.py:109} INFO - [2022-03-28 10:15:57,940] {dagbag.py:500} INFO - Filling up the DagBag from /home/vengat/big_data/python/venv/aflow_env/lib/python3.9/site-packages/airflow/example_dags/subdags/subdag.py
[2022-03-28 10:15:57,968] {processor.py:656} WARNING - No viable dags retrieved from /home/vengat/big_data/python/venv/aflow_env/lib/python3.9/site-packages/airflow/example_dags/subdags/subdag.py
[2022-03-28 10:15:57,970] {processor.py:171} INFO - Processing /home/vengat/big_data/python/venv/aflow_env/lib/python3.9/site-packages/airflow/example_dags/subdags/subdag.py took 0.041 seconds
[2022-03-28 10:16:31,007] {processor.py:163} INFO - Started process (PID=52893) to work on /home/vengat/big_data/python/venv/aflow_env/lib/python3.9/site-packages/airflow/example_dags/subdags/subdag.py
[2022-03-28 10:16:31,008] {processor.py:642} INFO - Processing file /home/vengat/big_data/python/venv/aflow_env/lib/python3.9/site-packages/airflow/example_dags/subdags/subdag.py for tasks to queue
[2022-03-28 10:16:31,009] {logging_mixin.py:109} INFO - [2022-03-28 10:16:31,009] {dagbag.py:500} INFO - Filling up the DagBag from /home/vengat/big_data/python/venv/aflow_env/lib/python3.9/site-packages/airflow/example_dags/subdags/subdag.py
[2022-03-28 10:16:31,023] {processor.py:656} WARNING - No viable dags retrieved from /home/vengat/big_data/python/venv/aflow_env/lib/python3.9/site-packages/airflow/example_dags/subdags/subdag.py
[2022-03-28 10:16:31,025] {processor.py:171} INFO - Processing /home/vengat/big_data/python/venv/aflow_env/lib/python3.9/site-packages/airflow/example_dags/subdags/subdag.py took 0.021 seconds
[2022-03-28 10:17:05,649] {processor.py:163} INFO - Started process (PID=52927) to work on /home/vengat/big_data/python/venv/aflow_env/lib/python3.9/site-packages/airflow/example_dags/subdags/subdag.py
[2022-03-28 10:17:05,655] {processor.py:642} INFO - Processing file /home/vengat/big_data/python/venv/aflow_env/lib/python3.9/site-packages/airflow/example_dags/subdags/subdag.py for tasks to queue
[2022-03-28 10:17:05,657] {logging_mixin.py:109} INFO - [2022-03-28 10:17:05,656] {dagbag.py:500} INFO - Filling up the DagBag from /home/vengat/big_data/python/venv/aflow_env/lib/python3.9/site-packages/airflow/example_dags/subdags/subdag.py
[2022-03-28 10:17:05,674] {processor.py:656} WARNING - No viable dags retrieved from /home/vengat/big_data/python/venv/aflow_env/lib/python3.9/site-packages/airflow/example_dags/subdags/subdag.py
[2022-03-28 10:17:05,678] {processor.py:171} INFO - Processing /home/vengat/big_data/python/venv/aflow_env/lib/python3.9/site-packages/airflow/example_dags/subdags/subdag.py took 0.033 seconds
[2022-03-28 10:17:38,484] {processor.py:163} INFO - Started process (PID=52961) to work on /home/vengat/big_data/python/venv/aflow_env/lib/python3.9/site-packages/airflow/example_dags/subdags/subdag.py
[2022-03-28 10:17:38,485] {processor.py:642} INFO - Processing file /home/vengat/big_data/python/venv/aflow_env/lib/python3.9/site-packages/airflow/example_dags/subdags/subdag.py for tasks to queue
[2022-03-28 10:17:38,485] {logging_mixin.py:109} INFO - [2022-03-28 10:17:38,485] {dagbag.py:500} INFO - Filling up the DagBag from /home/vengat/big_data/python/venv/aflow_env/lib/python3.9/site-packages/airflow/example_dags/subdags/subdag.py
[2022-03-28 10:17:38,501] {processor.py:656} WARNING - No viable dags retrieved from /home/vengat/big_data/python/venv/aflow_env/lib/python3.9/site-packages/airflow/example_dags/subdags/subdag.py
[2022-03-28 10:17:38,502] {processor.py:171} INFO - Processing /home/vengat/big_data/python/venv/aflow_env/lib/python3.9/site-packages/airflow/example_dags/subdags/subdag.py took 0.022 seconds
[2022-03-28 10:18:10,422] {processor.py:163} INFO - Started process (PID=52993) to work on /home/vengat/big_data/python/venv/aflow_env/lib/python3.9/site-packages/airflow/example_dags/subdags/subdag.py
[2022-03-28 10:18:10,425] {processor.py:642} INFO - Processing file /home/vengat/big_data/python/venv/aflow_env/lib/python3.9/site-packages/airflow/example_dags/subdags/subdag.py for tasks to queue
[2022-03-28 10:18:10,430] {logging_mixin.py:109} INFO - [2022-03-28 10:18:10,430] {dagbag.py:500} INFO - Filling up the DagBag from /home/vengat/big_data/python/venv/aflow_env/lib/python3.9/site-packages/airflow/example_dags/subdags/subdag.py
[2022-03-28 10:18:10,444] {processor.py:656} WARNING - No viable dags retrieved from /home/vengat/big_data/python/venv/aflow_env/lib/python3.9/site-packages/airflow/example_dags/subdags/subdag.py
[2022-03-28 10:18:10,446] {processor.py:171} INFO - Processing /home/vengat/big_data/python/venv/aflow_env/lib/python3.9/site-packages/airflow/example_dags/subdags/subdag.py took 0.031 seconds
[2022-03-28 10:18:44,824] {processor.py:163} INFO - Started process (PID=53028) to work on /home/vengat/big_data/python/venv/aflow_env/lib/python3.9/site-packages/airflow/example_dags/subdags/subdag.py
[2022-03-28 10:18:44,825] {processor.py:642} INFO - Processing file /home/vengat/big_data/python/venv/aflow_env/lib/python3.9/site-packages/airflow/example_dags/subdags/subdag.py for tasks to queue
[2022-03-28 10:18:44,826] {logging_mixin.py:109} INFO - [2022-03-28 10:18:44,826] {dagbag.py:500} INFO - Filling up the DagBag from /home/vengat/big_data/python/venv/aflow_env/lib/python3.9/site-packages/airflow/example_dags/subdags/subdag.py
[2022-03-28 10:18:44,839] {processor.py:656} WARNING - No viable dags retrieved from /home/vengat/big_data/python/venv/aflow_env/lib/python3.9/site-packages/airflow/example_dags/subdags/subdag.py
[2022-03-28 10:18:44,842] {processor.py:171} INFO - Processing /home/vengat/big_data/python/venv/aflow_env/lib/python3.9/site-packages/airflow/example_dags/subdags/subdag.py took 0.022 seconds
[2022-03-28 10:19:17,451] {processor.py:163} INFO - Started process (PID=53060) to work on /home/vengat/big_data/python/venv/aflow_env/lib/python3.9/site-packages/airflow/example_dags/subdags/subdag.py
[2022-03-28 10:19:17,453] {processor.py:642} INFO - Processing file /home/vengat/big_data/python/venv/aflow_env/lib/python3.9/site-packages/airflow/example_dags/subdags/subdag.py for tasks to queue
[2022-03-28 10:19:17,454] {logging_mixin.py:109} INFO - [2022-03-28 10:19:17,454] {dagbag.py:500} INFO - Filling up the DagBag from /home/vengat/big_data/python/venv/aflow_env/lib/python3.9/site-packages/airflow/example_dags/subdags/subdag.py
[2022-03-28 10:19:17,469] {processor.py:656} WARNING - No viable dags retrieved from /home/vengat/big_data/python/venv/aflow_env/lib/python3.9/site-packages/airflow/example_dags/subdags/subdag.py
[2022-03-28 10:19:17,472] {processor.py:171} INFO - Processing /home/vengat/big_data/python/venv/aflow_env/lib/python3.9/site-packages/airflow/example_dags/subdags/subdag.py took 0.024 seconds
[2022-03-28 10:19:49,853] {processor.py:163} INFO - Started process (PID=53090) to work on /home/vengat/big_data/python/venv/aflow_env/lib/python3.9/site-packages/airflow/example_dags/subdags/subdag.py
[2022-03-28 10:19:49,855] {processor.py:642} INFO - Processing file /home/vengat/big_data/python/venv/aflow_env/lib/python3.9/site-packages/airflow/example_dags/subdags/subdag.py for tasks to queue
[2022-03-28 10:19:49,855] {logging_mixin.py:109} INFO - [2022-03-28 10:19:49,855] {dagbag.py:500} INFO - Filling up the DagBag from /home/vengat/big_data/python/venv/aflow_env/lib/python3.9/site-packages/airflow/example_dags/subdags/subdag.py
[2022-03-28 10:19:49,871] {processor.py:656} WARNING - No viable dags retrieved from /home/vengat/big_data/python/venv/aflow_env/lib/python3.9/site-packages/airflow/example_dags/subdags/subdag.py
[2022-03-28 10:19:49,873] {processor.py:171} INFO - Processing /home/vengat/big_data/python/venv/aflow_env/lib/python3.9/site-packages/airflow/example_dags/subdags/subdag.py took 0.023 seconds
[2022-03-28 10:20:22,676] {processor.py:163} INFO - Started process (PID=53121) to work on /home/vengat/big_data/python/venv/aflow_env/lib/python3.9/site-packages/airflow/example_dags/subdags/subdag.py
[2022-03-28 10:20:22,677] {processor.py:642} INFO - Processing file /home/vengat/big_data/python/venv/aflow_env/lib/python3.9/site-packages/airflow/example_dags/subdags/subdag.py for tasks to queue
[2022-03-28 10:20:22,678] {logging_mixin.py:109} INFO - [2022-03-28 10:20:22,678] {dagbag.py:500} INFO - Filling up the DagBag from /home/vengat/big_data/python/venv/aflow_env/lib/python3.9/site-packages/airflow/example_dags/subdags/subdag.py
[2022-03-28 10:20:22,690] {processor.py:656} WARNING - No viable dags retrieved from /home/vengat/big_data/python/venv/aflow_env/lib/python3.9/site-packages/airflow/example_dags/subdags/subdag.py
[2022-03-28 10:20:22,692] {processor.py:171} INFO - Processing /home/vengat/big_data/python/venv/aflow_env/lib/python3.9/site-packages/airflow/example_dags/subdags/subdag.py took 0.019 seconds
[2022-03-28 10:20:56,835] {processor.py:163} INFO - Started process (PID=53152) to work on /home/vengat/big_data/python/venv/aflow_env/lib/python3.9/site-packages/airflow/example_dags/subdags/subdag.py
[2022-03-28 10:20:56,837] {processor.py:642} INFO - Processing file /home/vengat/big_data/python/venv/aflow_env/lib/python3.9/site-packages/airflow/example_dags/subdags/subdag.py for tasks to queue
[2022-03-28 10:20:56,837] {logging_mixin.py:109} INFO - [2022-03-28 10:20:56,837] {dagbag.py:500} INFO - Filling up the DagBag from /home/vengat/big_data/python/venv/aflow_env/lib/python3.9/site-packages/airflow/example_dags/subdags/subdag.py
[2022-03-28 10:20:56,852] {processor.py:656} WARNING - No viable dags retrieved from /home/vengat/big_data/python/venv/aflow_env/lib/python3.9/site-packages/airflow/example_dags/subdags/subdag.py
[2022-03-28 10:20:56,854] {processor.py:171} INFO - Processing /home/vengat/big_data/python/venv/aflow_env/lib/python3.9/site-packages/airflow/example_dags/subdags/subdag.py took 0.022 seconds
[2022-03-28 10:21:30,581] {processor.py:163} INFO - Started process (PID=53184) to work on /home/vengat/big_data/python/venv/aflow_env/lib/python3.9/site-packages/airflow/example_dags/subdags/subdag.py
[2022-03-28 10:21:30,583] {processor.py:642} INFO - Processing file /home/vengat/big_data/python/venv/aflow_env/lib/python3.9/site-packages/airflow/example_dags/subdags/subdag.py for tasks to queue
[2022-03-28 10:21:30,583] {logging_mixin.py:109} INFO - [2022-03-28 10:21:30,583] {dagbag.py:500} INFO - Filling up the DagBag from /home/vengat/big_data/python/venv/aflow_env/lib/python3.9/site-packages/airflow/example_dags/subdags/subdag.py
[2022-03-28 10:21:30,597] {processor.py:656} WARNING - No viable dags retrieved from /home/vengat/big_data/python/venv/aflow_env/lib/python3.9/site-packages/airflow/example_dags/subdags/subdag.py
[2022-03-28 10:21:30,600] {processor.py:171} INFO - Processing /home/vengat/big_data/python/venv/aflow_env/lib/python3.9/site-packages/airflow/example_dags/subdags/subdag.py took 0.023 seconds
[2022-03-28 10:22:02,688] {processor.py:163} INFO - Started process (PID=53217) to work on /home/vengat/big_data/python/venv/aflow_env/lib/python3.9/site-packages/airflow/example_dags/subdags/subdag.py
[2022-03-28 10:22:02,689] {processor.py:642} INFO - Processing file /home/vengat/big_data/python/venv/aflow_env/lib/python3.9/site-packages/airflow/example_dags/subdags/subdag.py for tasks to queue
[2022-03-28 10:22:02,690] {logging_mixin.py:109} INFO - [2022-03-28 10:22:02,690] {dagbag.py:500} INFO - Filling up the DagBag from /home/vengat/big_data/python/venv/aflow_env/lib/python3.9/site-packages/airflow/example_dags/subdags/subdag.py
[2022-03-28 10:22:02,704] {processor.py:656} WARNING - No viable dags retrieved from /home/vengat/big_data/python/venv/aflow_env/lib/python3.9/site-packages/airflow/example_dags/subdags/subdag.py
[2022-03-28 10:22:02,708] {processor.py:171} INFO - Processing /home/vengat/big_data/python/venv/aflow_env/lib/python3.9/site-packages/airflow/example_dags/subdags/subdag.py took 0.024 seconds
[2022-03-28 10:22:38,190] {processor.py:163} INFO - Started process (PID=53250) to work on /home/vengat/big_data/python/venv/aflow_env/lib/python3.9/site-packages/airflow/example_dags/subdags/subdag.py
[2022-03-28 10:22:38,191] {processor.py:642} INFO - Processing file /home/vengat/big_data/python/venv/aflow_env/lib/python3.9/site-packages/airflow/example_dags/subdags/subdag.py for tasks to queue
[2022-03-28 10:22:38,192] {logging_mixin.py:109} INFO - [2022-03-28 10:22:38,192] {dagbag.py:500} INFO - Filling up the DagBag from /home/vengat/big_data/python/venv/aflow_env/lib/python3.9/site-packages/airflow/example_dags/subdags/subdag.py
[2022-03-28 10:22:38,209] {processor.py:656} WARNING - No viable dags retrieved from /home/vengat/big_data/python/venv/aflow_env/lib/python3.9/site-packages/airflow/example_dags/subdags/subdag.py
[2022-03-28 10:22:38,211] {processor.py:171} INFO - Processing /home/vengat/big_data/python/venv/aflow_env/lib/python3.9/site-packages/airflow/example_dags/subdags/subdag.py took 0.024 seconds
[2022-03-28 10:23:10,311] {processor.py:163} INFO - Started process (PID=53282) to work on /home/vengat/big_data/python/venv/aflow_env/lib/python3.9/site-packages/airflow/example_dags/subdags/subdag.py
[2022-03-28 10:23:10,312] {processor.py:642} INFO - Processing file /home/vengat/big_data/python/venv/aflow_env/lib/python3.9/site-packages/airflow/example_dags/subdags/subdag.py for tasks to queue
[2022-03-28 10:23:10,312] {logging_mixin.py:109} INFO - [2022-03-28 10:23:10,312] {dagbag.py:500} INFO - Filling up the DagBag from /home/vengat/big_data/python/venv/aflow_env/lib/python3.9/site-packages/airflow/example_dags/subdags/subdag.py
[2022-03-28 10:23:10,326] {processor.py:656} WARNING - No viable dags retrieved from /home/vengat/big_data/python/venv/aflow_env/lib/python3.9/site-packages/airflow/example_dags/subdags/subdag.py
[2022-03-28 10:23:10,328] {processor.py:171} INFO - Processing /home/vengat/big_data/python/venv/aflow_env/lib/python3.9/site-packages/airflow/example_dags/subdags/subdag.py took 0.021 seconds
[2022-03-28 10:23:43,002] {processor.py:163} INFO - Started process (PID=53316) to work on /home/vengat/big_data/python/venv/aflow_env/lib/python3.9/site-packages/airflow/example_dags/subdags/subdag.py
[2022-03-28 10:23:43,004] {processor.py:642} INFO - Processing file /home/vengat/big_data/python/venv/aflow_env/lib/python3.9/site-packages/airflow/example_dags/subdags/subdag.py for tasks to queue
[2022-03-28 10:23:43,005] {logging_mixin.py:109} INFO - [2022-03-28 10:23:43,005] {dagbag.py:500} INFO - Filling up the DagBag from /home/vengat/big_data/python/venv/aflow_env/lib/python3.9/site-packages/airflow/example_dags/subdags/subdag.py
[2022-03-28 10:23:43,025] {processor.py:656} WARNING - No viable dags retrieved from /home/vengat/big_data/python/venv/aflow_env/lib/python3.9/site-packages/airflow/example_dags/subdags/subdag.py
[2022-03-28 10:23:43,027] {processor.py:171} INFO - Processing /home/vengat/big_data/python/venv/aflow_env/lib/python3.9/site-packages/airflow/example_dags/subdags/subdag.py took 0.030 seconds
[2022-03-28 10:24:17,275] {processor.py:163} INFO - Started process (PID=53348) to work on /home/vengat/big_data/python/venv/aflow_env/lib/python3.9/site-packages/airflow/example_dags/subdags/subdag.py
[2022-03-28 10:24:17,277] {processor.py:642} INFO - Processing file /home/vengat/big_data/python/venv/aflow_env/lib/python3.9/site-packages/airflow/example_dags/subdags/subdag.py for tasks to queue
[2022-03-28 10:24:17,277] {logging_mixin.py:109} INFO - [2022-03-28 10:24:17,277] {dagbag.py:500} INFO - Filling up the DagBag from /home/vengat/big_data/python/venv/aflow_env/lib/python3.9/site-packages/airflow/example_dags/subdags/subdag.py
[2022-03-28 10:24:17,291] {processor.py:656} WARNING - No viable dags retrieved from /home/vengat/big_data/python/venv/aflow_env/lib/python3.9/site-packages/airflow/example_dags/subdags/subdag.py
[2022-03-28 10:24:17,295] {processor.py:171} INFO - Processing /home/vengat/big_data/python/venv/aflow_env/lib/python3.9/site-packages/airflow/example_dags/subdags/subdag.py took 0.024 seconds
[2022-03-28 10:24:48,935] {processor.py:163} INFO - Started process (PID=53378) to work on /home/vengat/big_data/python/venv/aflow_env/lib/python3.9/site-packages/airflow/example_dags/subdags/subdag.py
[2022-03-28 10:24:48,936] {processor.py:642} INFO - Processing file /home/vengat/big_data/python/venv/aflow_env/lib/python3.9/site-packages/airflow/example_dags/subdags/subdag.py for tasks to queue
[2022-03-28 10:24:48,937] {logging_mixin.py:109} INFO - [2022-03-28 10:24:48,937] {dagbag.py:500} INFO - Filling up the DagBag from /home/vengat/big_data/python/venv/aflow_env/lib/python3.9/site-packages/airflow/example_dags/subdags/subdag.py
[2022-03-28 10:24:48,951] {processor.py:656} WARNING - No viable dags retrieved from /home/vengat/big_data/python/venv/aflow_env/lib/python3.9/site-packages/airflow/example_dags/subdags/subdag.py
[2022-03-28 10:24:48,953] {processor.py:171} INFO - Processing /home/vengat/big_data/python/venv/aflow_env/lib/python3.9/site-packages/airflow/example_dags/subdags/subdag.py took 0.022 seconds
[2022-03-28 10:25:20,153] {processor.py:163} INFO - Started process (PID=53407) to work on /home/vengat/big_data/python/venv/aflow_env/lib/python3.9/site-packages/airflow/example_dags/subdags/subdag.py
[2022-03-28 10:25:20,155] {processor.py:642} INFO - Processing file /home/vengat/big_data/python/venv/aflow_env/lib/python3.9/site-packages/airflow/example_dags/subdags/subdag.py for tasks to queue
[2022-03-28 10:25:20,155] {logging_mixin.py:109} INFO - [2022-03-28 10:25:20,155] {dagbag.py:500} INFO - Filling up the DagBag from /home/vengat/big_data/python/venv/aflow_env/lib/python3.9/site-packages/airflow/example_dags/subdags/subdag.py
[2022-03-28 10:25:20,172] {processor.py:656} WARNING - No viable dags retrieved from /home/vengat/big_data/python/venv/aflow_env/lib/python3.9/site-packages/airflow/example_dags/subdags/subdag.py
[2022-03-28 10:25:20,176] {processor.py:171} INFO - Processing /home/vengat/big_data/python/venv/aflow_env/lib/python3.9/site-packages/airflow/example_dags/subdags/subdag.py took 0.028 seconds
[2022-03-28 10:25:52,842] {processor.py:163} INFO - Started process (PID=53437) to work on /home/vengat/big_data/python/venv/aflow_env/lib/python3.9/site-packages/airflow/example_dags/subdags/subdag.py
[2022-03-28 10:25:52,845] {processor.py:642} INFO - Processing file /home/vengat/big_data/python/venv/aflow_env/lib/python3.9/site-packages/airflow/example_dags/subdags/subdag.py for tasks to queue
[2022-03-28 10:25:52,845] {logging_mixin.py:109} INFO - [2022-03-28 10:25:52,845] {dagbag.py:500} INFO - Filling up the DagBag from /home/vengat/big_data/python/venv/aflow_env/lib/python3.9/site-packages/airflow/example_dags/subdags/subdag.py
[2022-03-28 10:25:52,857] {processor.py:656} WARNING - No viable dags retrieved from /home/vengat/big_data/python/venv/aflow_env/lib/python3.9/site-packages/airflow/example_dags/subdags/subdag.py
[2022-03-28 10:25:52,859] {processor.py:171} INFO - Processing /home/vengat/big_data/python/venv/aflow_env/lib/python3.9/site-packages/airflow/example_dags/subdags/subdag.py took 0.022 seconds
[2022-03-28 10:26:24,901] {processor.py:163} INFO - Started process (PID=53469) to work on /home/vengat/big_data/python/venv/aflow_env/lib/python3.9/site-packages/airflow/example_dags/subdags/subdag.py
[2022-03-28 10:26:24,903] {processor.py:642} INFO - Processing file /home/vengat/big_data/python/venv/aflow_env/lib/python3.9/site-packages/airflow/example_dags/subdags/subdag.py for tasks to queue
[2022-03-28 10:26:24,903] {logging_mixin.py:109} INFO - [2022-03-28 10:26:24,903] {dagbag.py:500} INFO - Filling up the DagBag from /home/vengat/big_data/python/venv/aflow_env/lib/python3.9/site-packages/airflow/example_dags/subdags/subdag.py
[2022-03-28 10:26:24,918] {processor.py:656} WARNING - No viable dags retrieved from /home/vengat/big_data/python/venv/aflow_env/lib/python3.9/site-packages/airflow/example_dags/subdags/subdag.py
[2022-03-28 10:26:24,920] {processor.py:171} INFO - Processing /home/vengat/big_data/python/venv/aflow_env/lib/python3.9/site-packages/airflow/example_dags/subdags/subdag.py took 0.026 seconds
[2022-03-28 10:26:57,691] {processor.py:163} INFO - Started process (PID=53500) to work on /home/vengat/big_data/python/venv/aflow_env/lib/python3.9/site-packages/airflow/example_dags/subdags/subdag.py
[2022-03-28 10:26:57,692] {processor.py:642} INFO - Processing file /home/vengat/big_data/python/venv/aflow_env/lib/python3.9/site-packages/airflow/example_dags/subdags/subdag.py for tasks to queue
[2022-03-28 10:26:57,693] {logging_mixin.py:109} INFO - [2022-03-28 10:26:57,693] {dagbag.py:500} INFO - Filling up the DagBag from /home/vengat/big_data/python/venv/aflow_env/lib/python3.9/site-packages/airflow/example_dags/subdags/subdag.py
[2022-03-28 10:26:57,706] {processor.py:656} WARNING - No viable dags retrieved from /home/vengat/big_data/python/venv/aflow_env/lib/python3.9/site-packages/airflow/example_dags/subdags/subdag.py
[2022-03-28 10:26:57,708] {processor.py:171} INFO - Processing /home/vengat/big_data/python/venv/aflow_env/lib/python3.9/site-packages/airflow/example_dags/subdags/subdag.py took 0.023 seconds
[2022-03-28 10:27:28,457] {processor.py:163} INFO - Started process (PID=53529) to work on /home/vengat/big_data/python/venv/aflow_env/lib/python3.9/site-packages/airflow/example_dags/subdags/subdag.py
[2022-03-28 10:27:28,459] {processor.py:642} INFO - Processing file /home/vengat/big_data/python/venv/aflow_env/lib/python3.9/site-packages/airflow/example_dags/subdags/subdag.py for tasks to queue
[2022-03-28 10:27:28,460] {logging_mixin.py:109} INFO - [2022-03-28 10:27:28,460] {dagbag.py:500} INFO - Filling up the DagBag from /home/vengat/big_data/python/venv/aflow_env/lib/python3.9/site-packages/airflow/example_dags/subdags/subdag.py
[2022-03-28 10:27:28,475] {processor.py:656} WARNING - No viable dags retrieved from /home/vengat/big_data/python/venv/aflow_env/lib/python3.9/site-packages/airflow/example_dags/subdags/subdag.py
[2022-03-28 10:27:28,477] {processor.py:171} INFO - Processing /home/vengat/big_data/python/venv/aflow_env/lib/python3.9/site-packages/airflow/example_dags/subdags/subdag.py took 0.031 seconds
[2022-03-28 10:28:01,851] {processor.py:163} INFO - Started process (PID=53560) to work on /home/vengat/big_data/python/venv/aflow_env/lib/python3.9/site-packages/airflow/example_dags/subdags/subdag.py
[2022-03-28 10:28:01,853] {processor.py:642} INFO - Processing file /home/vengat/big_data/python/venv/aflow_env/lib/python3.9/site-packages/airflow/example_dags/subdags/subdag.py for tasks to queue
[2022-03-28 10:28:01,854] {logging_mixin.py:109} INFO - [2022-03-28 10:28:01,854] {dagbag.py:500} INFO - Filling up the DagBag from /home/vengat/big_data/python/venv/aflow_env/lib/python3.9/site-packages/airflow/example_dags/subdags/subdag.py
[2022-03-28 10:28:01,870] {processor.py:656} WARNING - No viable dags retrieved from /home/vengat/big_data/python/venv/aflow_env/lib/python3.9/site-packages/airflow/example_dags/subdags/subdag.py
[2022-03-28 10:28:01,872] {processor.py:171} INFO - Processing /home/vengat/big_data/python/venv/aflow_env/lib/python3.9/site-packages/airflow/example_dags/subdags/subdag.py took 0.025 seconds
[2022-03-28 10:28:33,200] {processor.py:163} INFO - Started process (PID=53589) to work on /home/vengat/big_data/python/venv/aflow_env/lib/python3.9/site-packages/airflow/example_dags/subdags/subdag.py
[2022-03-28 10:28:33,202] {processor.py:642} INFO - Processing file /home/vengat/big_data/python/venv/aflow_env/lib/python3.9/site-packages/airflow/example_dags/subdags/subdag.py for tasks to queue
[2022-03-28 10:28:33,202] {logging_mixin.py:109} INFO - [2022-03-28 10:28:33,202] {dagbag.py:500} INFO - Filling up the DagBag from /home/vengat/big_data/python/venv/aflow_env/lib/python3.9/site-packages/airflow/example_dags/subdags/subdag.py
[2022-03-28 10:28:33,216] {processor.py:656} WARNING - No viable dags retrieved from /home/vengat/big_data/python/venv/aflow_env/lib/python3.9/site-packages/airflow/example_dags/subdags/subdag.py
[2022-03-28 10:28:33,218] {processor.py:171} INFO - Processing /home/vengat/big_data/python/venv/aflow_env/lib/python3.9/site-packages/airflow/example_dags/subdags/subdag.py took 0.022 seconds
[2022-03-28 10:29:06,797] {processor.py:163} INFO - Started process (PID=53624) to work on /home/vengat/big_data/python/venv/aflow_env/lib/python3.9/site-packages/airflow/example_dags/subdags/subdag.py
[2022-03-28 10:29:06,799] {processor.py:642} INFO - Processing file /home/vengat/big_data/python/venv/aflow_env/lib/python3.9/site-packages/airflow/example_dags/subdags/subdag.py for tasks to queue
[2022-03-28 10:29:06,799] {logging_mixin.py:109} INFO - [2022-03-28 10:29:06,799] {dagbag.py:500} INFO - Filling up the DagBag from /home/vengat/big_data/python/venv/aflow_env/lib/python3.9/site-packages/airflow/example_dags/subdags/subdag.py
[2022-03-28 10:29:06,811] {processor.py:656} WARNING - No viable dags retrieved from /home/vengat/big_data/python/venv/aflow_env/lib/python3.9/site-packages/airflow/example_dags/subdags/subdag.py
[2022-03-28 10:29:06,813] {processor.py:171} INFO - Processing /home/vengat/big_data/python/venv/aflow_env/lib/python3.9/site-packages/airflow/example_dags/subdags/subdag.py took 0.019 seconds
[2022-03-28 10:29:37,902] {processor.py:163} INFO - Started process (PID=53658) to work on /home/vengat/big_data/python/venv/aflow_env/lib/python3.9/site-packages/airflow/example_dags/subdags/subdag.py
[2022-03-28 10:29:37,903] {processor.py:642} INFO - Processing file /home/vengat/big_data/python/venv/aflow_env/lib/python3.9/site-packages/airflow/example_dags/subdags/subdag.py for tasks to queue
[2022-03-28 10:29:37,903] {logging_mixin.py:109} INFO - [2022-03-28 10:29:37,903] {dagbag.py:500} INFO - Filling up the DagBag from /home/vengat/big_data/python/venv/aflow_env/lib/python3.9/site-packages/airflow/example_dags/subdags/subdag.py
[2022-03-28 10:29:37,915] {processor.py:656} WARNING - No viable dags retrieved from /home/vengat/big_data/python/venv/aflow_env/lib/python3.9/site-packages/airflow/example_dags/subdags/subdag.py
[2022-03-28 10:29:37,917] {processor.py:171} INFO - Processing /home/vengat/big_data/python/venv/aflow_env/lib/python3.9/site-packages/airflow/example_dags/subdags/subdag.py took 0.018 seconds
[2022-03-28 10:30:09,996] {processor.py:163} INFO - Started process (PID=53691) to work on /home/vengat/big_data/python/venv/aflow_env/lib/python3.9/site-packages/airflow/example_dags/subdags/subdag.py
[2022-03-28 10:30:09,997] {processor.py:642} INFO - Processing file /home/vengat/big_data/python/venv/aflow_env/lib/python3.9/site-packages/airflow/example_dags/subdags/subdag.py for tasks to queue
[2022-03-28 10:30:09,998] {logging_mixin.py:109} INFO - [2022-03-28 10:30:09,998] {dagbag.py:500} INFO - Filling up the DagBag from /home/vengat/big_data/python/venv/aflow_env/lib/python3.9/site-packages/airflow/example_dags/subdags/subdag.py
[2022-03-28 10:30:10,012] {processor.py:656} WARNING - No viable dags retrieved from /home/vengat/big_data/python/venv/aflow_env/lib/python3.9/site-packages/airflow/example_dags/subdags/subdag.py
[2022-03-28 10:30:10,024] {processor.py:171} INFO - Processing /home/vengat/big_data/python/venv/aflow_env/lib/python3.9/site-packages/airflow/example_dags/subdags/subdag.py took 0.031 seconds
[2022-03-28 10:30:43,146] {processor.py:163} INFO - Started process (PID=53724) to work on /home/vengat/big_data/python/venv/aflow_env/lib/python3.9/site-packages/airflow/example_dags/subdags/subdag.py
[2022-03-28 10:30:43,147] {processor.py:642} INFO - Processing file /home/vengat/big_data/python/venv/aflow_env/lib/python3.9/site-packages/airflow/example_dags/subdags/subdag.py for tasks to queue
[2022-03-28 10:30:43,148] {logging_mixin.py:109} INFO - [2022-03-28 10:30:43,148] {dagbag.py:500} INFO - Filling up the DagBag from /home/vengat/big_data/python/venv/aflow_env/lib/python3.9/site-packages/airflow/example_dags/subdags/subdag.py
[2022-03-28 10:30:43,159] {processor.py:656} WARNING - No viable dags retrieved from /home/vengat/big_data/python/venv/aflow_env/lib/python3.9/site-packages/airflow/example_dags/subdags/subdag.py
[2022-03-28 10:30:43,161] {processor.py:171} INFO - Processing /home/vengat/big_data/python/venv/aflow_env/lib/python3.9/site-packages/airflow/example_dags/subdags/subdag.py took 0.019 seconds
[2022-03-28 10:31:17,699] {processor.py:163} INFO - Started process (PID=53756) to work on /home/vengat/big_data/python/venv/aflow_env/lib/python3.9/site-packages/airflow/example_dags/subdags/subdag.py
[2022-03-28 10:31:17,701] {processor.py:642} INFO - Processing file /home/vengat/big_data/python/venv/aflow_env/lib/python3.9/site-packages/airflow/example_dags/subdags/subdag.py for tasks to queue
[2022-03-28 10:31:17,701] {logging_mixin.py:109} INFO - [2022-03-28 10:31:17,701] {dagbag.py:500} INFO - Filling up the DagBag from /home/vengat/big_data/python/venv/aflow_env/lib/python3.9/site-packages/airflow/example_dags/subdags/subdag.py
[2022-03-28 10:31:17,714] {processor.py:656} WARNING - No viable dags retrieved from /home/vengat/big_data/python/venv/aflow_env/lib/python3.9/site-packages/airflow/example_dags/subdags/subdag.py
[2022-03-28 10:31:17,716] {processor.py:171} INFO - Processing /home/vengat/big_data/python/venv/aflow_env/lib/python3.9/site-packages/airflow/example_dags/subdags/subdag.py took 0.020 seconds
[2022-03-28 10:31:50,416] {processor.py:163} INFO - Started process (PID=53787) to work on /home/vengat/big_data/python/venv/aflow_env/lib/python3.9/site-packages/airflow/example_dags/subdags/subdag.py
[2022-03-28 10:31:50,418] {processor.py:642} INFO - Processing file /home/vengat/big_data/python/venv/aflow_env/lib/python3.9/site-packages/airflow/example_dags/subdags/subdag.py for tasks to queue
[2022-03-28 10:31:50,418] {logging_mixin.py:109} INFO - [2022-03-28 10:31:50,418] {dagbag.py:500} INFO - Filling up the DagBag from /home/vengat/big_data/python/venv/aflow_env/lib/python3.9/site-packages/airflow/example_dags/subdags/subdag.py
[2022-03-28 10:31:50,431] {processor.py:656} WARNING - No viable dags retrieved from /home/vengat/big_data/python/venv/aflow_env/lib/python3.9/site-packages/airflow/example_dags/subdags/subdag.py
[2022-03-28 10:31:50,433] {processor.py:171} INFO - Processing /home/vengat/big_data/python/venv/aflow_env/lib/python3.9/site-packages/airflow/example_dags/subdags/subdag.py took 0.021 seconds
[2022-03-28 10:32:23,426] {processor.py:163} INFO - Started process (PID=53824) to work on /home/vengat/big_data/python/venv/aflow_env/lib/python3.9/site-packages/airflow/example_dags/subdags/subdag.py
[2022-03-28 10:32:23,427] {processor.py:642} INFO - Processing file /home/vengat/big_data/python/venv/aflow_env/lib/python3.9/site-packages/airflow/example_dags/subdags/subdag.py for tasks to queue
[2022-03-28 10:32:23,428] {logging_mixin.py:109} INFO - [2022-03-28 10:32:23,428] {dagbag.py:500} INFO - Filling up the DagBag from /home/vengat/big_data/python/venv/aflow_env/lib/python3.9/site-packages/airflow/example_dags/subdags/subdag.py
[2022-03-28 10:32:23,440] {processor.py:656} WARNING - No viable dags retrieved from /home/vengat/big_data/python/venv/aflow_env/lib/python3.9/site-packages/airflow/example_dags/subdags/subdag.py
[2022-03-28 10:32:23,442] {processor.py:171} INFO - Processing /home/vengat/big_data/python/venv/aflow_env/lib/python3.9/site-packages/airflow/example_dags/subdags/subdag.py took 0.019 seconds
[2022-03-28 10:32:56,476] {processor.py:163} INFO - Started process (PID=53856) to work on /home/vengat/big_data/python/venv/aflow_env/lib/python3.9/site-packages/airflow/example_dags/subdags/subdag.py
[2022-03-28 10:32:56,477] {processor.py:642} INFO - Processing file /home/vengat/big_data/python/venv/aflow_env/lib/python3.9/site-packages/airflow/example_dags/subdags/subdag.py for tasks to queue
[2022-03-28 10:32:56,477] {logging_mixin.py:109} INFO - [2022-03-28 10:32:56,477] {dagbag.py:500} INFO - Filling up the DagBag from /home/vengat/big_data/python/venv/aflow_env/lib/python3.9/site-packages/airflow/example_dags/subdags/subdag.py
[2022-03-28 10:32:56,495] {processor.py:656} WARNING - No viable dags retrieved from /home/vengat/big_data/python/venv/aflow_env/lib/python3.9/site-packages/airflow/example_dags/subdags/subdag.py
[2022-03-28 10:32:56,497] {processor.py:171} INFO - Processing /home/vengat/big_data/python/venv/aflow_env/lib/python3.9/site-packages/airflow/example_dags/subdags/subdag.py took 0.024 seconds
[2022-03-28 10:33:29,496] {processor.py:163} INFO - Started process (PID=53889) to work on /home/vengat/big_data/python/venv/aflow_env/lib/python3.9/site-packages/airflow/example_dags/subdags/subdag.py
[2022-03-28 10:33:29,499] {processor.py:642} INFO - Processing file /home/vengat/big_data/python/venv/aflow_env/lib/python3.9/site-packages/airflow/example_dags/subdags/subdag.py for tasks to queue
[2022-03-28 10:33:29,500] {logging_mixin.py:109} INFO - [2022-03-28 10:33:29,500] {dagbag.py:500} INFO - Filling up the DagBag from /home/vengat/big_data/python/venv/aflow_env/lib/python3.9/site-packages/airflow/example_dags/subdags/subdag.py
[2022-03-28 10:33:29,519] {processor.py:656} WARNING - No viable dags retrieved from /home/vengat/big_data/python/venv/aflow_env/lib/python3.9/site-packages/airflow/example_dags/subdags/subdag.py
[2022-03-28 10:33:29,522] {processor.py:171} INFO - Processing /home/vengat/big_data/python/venv/aflow_env/lib/python3.9/site-packages/airflow/example_dags/subdags/subdag.py took 0.028 seconds
[2022-03-28 10:34:04,038] {processor.py:163} INFO - Started process (PID=53929) to work on /home/vengat/big_data/python/venv/aflow_env/lib/python3.9/site-packages/airflow/example_dags/subdags/subdag.py
[2022-03-28 10:34:04,040] {processor.py:642} INFO - Processing file /home/vengat/big_data/python/venv/aflow_env/lib/python3.9/site-packages/airflow/example_dags/subdags/subdag.py for tasks to queue
[2022-03-28 10:34:04,041] {logging_mixin.py:109} INFO - [2022-03-28 10:34:04,041] {dagbag.py:500} INFO - Filling up the DagBag from /home/vengat/big_data/python/venv/aflow_env/lib/python3.9/site-packages/airflow/example_dags/subdags/subdag.py
[2022-03-28 10:34:04,056] {processor.py:656} WARNING - No viable dags retrieved from /home/vengat/big_data/python/venv/aflow_env/lib/python3.9/site-packages/airflow/example_dags/subdags/subdag.py
[2022-03-28 10:34:04,059] {processor.py:171} INFO - Processing /home/vengat/big_data/python/venv/aflow_env/lib/python3.9/site-packages/airflow/example_dags/subdags/subdag.py took 0.026 seconds
[2022-03-28 10:34:37,353] {processor.py:163} INFO - Started process (PID=53961) to work on /home/vengat/big_data/python/venv/aflow_env/lib/python3.9/site-packages/airflow/example_dags/subdags/subdag.py
[2022-03-28 10:34:37,356] {processor.py:642} INFO - Processing file /home/vengat/big_data/python/venv/aflow_env/lib/python3.9/site-packages/airflow/example_dags/subdags/subdag.py for tasks to queue
[2022-03-28 10:34:37,356] {logging_mixin.py:109} INFO - [2022-03-28 10:34:37,356] {dagbag.py:500} INFO - Filling up the DagBag from /home/vengat/big_data/python/venv/aflow_env/lib/python3.9/site-packages/airflow/example_dags/subdags/subdag.py
[2022-03-28 10:34:37,370] {processor.py:656} WARNING - No viable dags retrieved from /home/vengat/big_data/python/venv/aflow_env/lib/python3.9/site-packages/airflow/example_dags/subdags/subdag.py
[2022-03-28 10:34:37,373] {processor.py:171} INFO - Processing /home/vengat/big_data/python/venv/aflow_env/lib/python3.9/site-packages/airflow/example_dags/subdags/subdag.py took 0.025 seconds
[2022-03-28 10:35:13,943] {processor.py:163} INFO - Started process (PID=53994) to work on /home/vengat/big_data/python/venv/aflow_env/lib/python3.9/site-packages/airflow/example_dags/subdags/subdag.py
[2022-03-28 10:35:13,946] {processor.py:642} INFO - Processing file /home/vengat/big_data/python/venv/aflow_env/lib/python3.9/site-packages/airflow/example_dags/subdags/subdag.py for tasks to queue
[2022-03-28 10:35:13,947] {logging_mixin.py:109} INFO - [2022-03-28 10:35:13,946] {dagbag.py:500} INFO - Filling up the DagBag from /home/vengat/big_data/python/venv/aflow_env/lib/python3.9/site-packages/airflow/example_dags/subdags/subdag.py
[2022-03-28 10:35:13,962] {processor.py:656} WARNING - No viable dags retrieved from /home/vengat/big_data/python/venv/aflow_env/lib/python3.9/site-packages/airflow/example_dags/subdags/subdag.py
[2022-03-28 10:35:13,964] {processor.py:171} INFO - Processing /home/vengat/big_data/python/venv/aflow_env/lib/python3.9/site-packages/airflow/example_dags/subdags/subdag.py took 0.028 seconds
[2022-03-28 10:35:47,571] {processor.py:163} INFO - Started process (PID=54025) to work on /home/vengat/big_data/python/venv/aflow_env/lib/python3.9/site-packages/airflow/example_dags/subdags/subdag.py
[2022-03-28 10:35:47,573] {processor.py:642} INFO - Processing file /home/vengat/big_data/python/venv/aflow_env/lib/python3.9/site-packages/airflow/example_dags/subdags/subdag.py for tasks to queue
[2022-03-28 10:35:47,574] {logging_mixin.py:109} INFO - [2022-03-28 10:35:47,574] {dagbag.py:500} INFO - Filling up the DagBag from /home/vengat/big_data/python/venv/aflow_env/lib/python3.9/site-packages/airflow/example_dags/subdags/subdag.py
[2022-03-28 10:35:47,589] {processor.py:656} WARNING - No viable dags retrieved from /home/vengat/big_data/python/venv/aflow_env/lib/python3.9/site-packages/airflow/example_dags/subdags/subdag.py
[2022-03-28 10:35:47,602] {processor.py:171} INFO - Processing /home/vengat/big_data/python/venv/aflow_env/lib/python3.9/site-packages/airflow/example_dags/subdags/subdag.py took 0.034 seconds
[2022-03-28 10:36:19,304] {processor.py:163} INFO - Started process (PID=54055) to work on /home/vengat/big_data/python/venv/aflow_env/lib/python3.9/site-packages/airflow/example_dags/subdags/subdag.py
[2022-03-28 10:36:19,305] {processor.py:642} INFO - Processing file /home/vengat/big_data/python/venv/aflow_env/lib/python3.9/site-packages/airflow/example_dags/subdags/subdag.py for tasks to queue
[2022-03-28 10:36:19,306] {logging_mixin.py:109} INFO - [2022-03-28 10:36:19,305] {dagbag.py:500} INFO - Filling up the DagBag from /home/vengat/big_data/python/venv/aflow_env/lib/python3.9/site-packages/airflow/example_dags/subdags/subdag.py
[2022-03-28 10:36:19,317] {processor.py:656} WARNING - No viable dags retrieved from /home/vengat/big_data/python/venv/aflow_env/lib/python3.9/site-packages/airflow/example_dags/subdags/subdag.py
[2022-03-28 10:36:19,319] {processor.py:171} INFO - Processing /home/vengat/big_data/python/venv/aflow_env/lib/python3.9/site-packages/airflow/example_dags/subdags/subdag.py took 0.019 seconds
[2022-03-28 10:36:55,721] {processor.py:163} INFO - Started process (PID=54090) to work on /home/vengat/big_data/python/venv/aflow_env/lib/python3.9/site-packages/airflow/example_dags/subdags/subdag.py
[2022-03-28 10:36:55,723] {processor.py:642} INFO - Processing file /home/vengat/big_data/python/venv/aflow_env/lib/python3.9/site-packages/airflow/example_dags/subdags/subdag.py for tasks to queue
[2022-03-28 10:36:55,724] {logging_mixin.py:109} INFO - [2022-03-28 10:36:55,723] {dagbag.py:500} INFO - Filling up the DagBag from /home/vengat/big_data/python/venv/aflow_env/lib/python3.9/site-packages/airflow/example_dags/subdags/subdag.py
[2022-03-28 10:36:55,736] {processor.py:656} WARNING - No viable dags retrieved from /home/vengat/big_data/python/venv/aflow_env/lib/python3.9/site-packages/airflow/example_dags/subdags/subdag.py
[2022-03-28 10:36:55,739] {processor.py:171} INFO - Processing /home/vengat/big_data/python/venv/aflow_env/lib/python3.9/site-packages/airflow/example_dags/subdags/subdag.py took 0.022 seconds
[2022-03-28 10:37:28,373] {processor.py:163} INFO - Started process (PID=54135) to work on /home/vengat/big_data/python/venv/aflow_env/lib/python3.9/site-packages/airflow/example_dags/subdags/subdag.py
[2022-03-28 10:37:28,374] {processor.py:642} INFO - Processing file /home/vengat/big_data/python/venv/aflow_env/lib/python3.9/site-packages/airflow/example_dags/subdags/subdag.py for tasks to queue
[2022-03-28 10:37:28,375] {logging_mixin.py:109} INFO - [2022-03-28 10:37:28,375] {dagbag.py:500} INFO - Filling up the DagBag from /home/vengat/big_data/python/venv/aflow_env/lib/python3.9/site-packages/airflow/example_dags/subdags/subdag.py
[2022-03-28 10:37:28,395] {processor.py:656} WARNING - No viable dags retrieved from /home/vengat/big_data/python/venv/aflow_env/lib/python3.9/site-packages/airflow/example_dags/subdags/subdag.py
[2022-03-28 10:37:28,398] {processor.py:171} INFO - Processing /home/vengat/big_data/python/venv/aflow_env/lib/python3.9/site-packages/airflow/example_dags/subdags/subdag.py took 0.030 seconds
[2022-03-28 10:38:01,927] {processor.py:163} INFO - Started process (PID=54170) to work on /home/vengat/big_data/python/venv/aflow_env/lib/python3.9/site-packages/airflow/example_dags/subdags/subdag.py
[2022-03-28 10:38:01,929] {processor.py:642} INFO - Processing file /home/vengat/big_data/python/venv/aflow_env/lib/python3.9/site-packages/airflow/example_dags/subdags/subdag.py for tasks to queue
[2022-03-28 10:38:01,932] {logging_mixin.py:109} INFO - [2022-03-28 10:38:01,932] {dagbag.py:500} INFO - Filling up the DagBag from /home/vengat/big_data/python/venv/aflow_env/lib/python3.9/site-packages/airflow/example_dags/subdags/subdag.py
[2022-03-28 10:38:01,967] {processor.py:656} WARNING - No viable dags retrieved from /home/vengat/big_data/python/venv/aflow_env/lib/python3.9/site-packages/airflow/example_dags/subdags/subdag.py
[2022-03-28 10:38:01,973] {processor.py:171} INFO - Processing /home/vengat/big_data/python/venv/aflow_env/lib/python3.9/site-packages/airflow/example_dags/subdags/subdag.py took 0.053 seconds
[2022-03-28 10:38:34,753] {processor.py:163} INFO - Started process (PID=54236) to work on /home/vengat/big_data/python/venv/aflow_env/lib/python3.9/site-packages/airflow/example_dags/subdags/subdag.py
[2022-03-28 10:38:34,754] {processor.py:642} INFO - Processing file /home/vengat/big_data/python/venv/aflow_env/lib/python3.9/site-packages/airflow/example_dags/subdags/subdag.py for tasks to queue
[2022-03-28 10:38:34,755] {logging_mixin.py:109} INFO - [2022-03-28 10:38:34,755] {dagbag.py:500} INFO - Filling up the DagBag from /home/vengat/big_data/python/venv/aflow_env/lib/python3.9/site-packages/airflow/example_dags/subdags/subdag.py
[2022-03-28 10:38:34,768] {processor.py:656} WARNING - No viable dags retrieved from /home/vengat/big_data/python/venv/aflow_env/lib/python3.9/site-packages/airflow/example_dags/subdags/subdag.py
[2022-03-28 10:38:34,770] {processor.py:171} INFO - Processing /home/vengat/big_data/python/venv/aflow_env/lib/python3.9/site-packages/airflow/example_dags/subdags/subdag.py took 0.022 seconds
[2022-03-28 10:39:08,261] {processor.py:163} INFO - Started process (PID=54298) to work on /home/vengat/big_data/python/venv/aflow_env/lib/python3.9/site-packages/airflow/example_dags/subdags/subdag.py
[2022-03-28 10:39:08,264] {processor.py:642} INFO - Processing file /home/vengat/big_data/python/venv/aflow_env/lib/python3.9/site-packages/airflow/example_dags/subdags/subdag.py for tasks to queue
[2022-03-28 10:39:08,265] {logging_mixin.py:109} INFO - [2022-03-28 10:39:08,265] {dagbag.py:500} INFO - Filling up the DagBag from /home/vengat/big_data/python/venv/aflow_env/lib/python3.9/site-packages/airflow/example_dags/subdags/subdag.py
[2022-03-28 10:39:08,281] {processor.py:656} WARNING - No viable dags retrieved from /home/vengat/big_data/python/venv/aflow_env/lib/python3.9/site-packages/airflow/example_dags/subdags/subdag.py
[2022-03-28 10:39:08,283] {processor.py:171} INFO - Processing /home/vengat/big_data/python/venv/aflow_env/lib/python3.9/site-packages/airflow/example_dags/subdags/subdag.py took 0.029 seconds
[2022-03-28 10:39:44,044] {processor.py:163} INFO - Started process (PID=54345) to work on /home/vengat/big_data/python/venv/aflow_env/lib/python3.9/site-packages/airflow/example_dags/subdags/subdag.py
[2022-03-28 10:39:44,046] {processor.py:642} INFO - Processing file /home/vengat/big_data/python/venv/aflow_env/lib/python3.9/site-packages/airflow/example_dags/subdags/subdag.py for tasks to queue
[2022-03-28 10:39:44,047] {logging_mixin.py:109} INFO - [2022-03-28 10:39:44,047] {dagbag.py:500} INFO - Filling up the DagBag from /home/vengat/big_data/python/venv/aflow_env/lib/python3.9/site-packages/airflow/example_dags/subdags/subdag.py
[2022-03-28 10:39:44,060] {processor.py:656} WARNING - No viable dags retrieved from /home/vengat/big_data/python/venv/aflow_env/lib/python3.9/site-packages/airflow/example_dags/subdags/subdag.py
[2022-03-28 10:39:44,062] {processor.py:171} INFO - Processing /home/vengat/big_data/python/venv/aflow_env/lib/python3.9/site-packages/airflow/example_dags/subdags/subdag.py took 0.022 seconds
[2022-03-28 10:40:19,408] {processor.py:163} INFO - Started process (PID=54382) to work on /home/vengat/big_data/python/venv/aflow_env/lib/python3.9/site-packages/airflow/example_dags/subdags/subdag.py
[2022-03-28 10:40:19,410] {processor.py:642} INFO - Processing file /home/vengat/big_data/python/venv/aflow_env/lib/python3.9/site-packages/airflow/example_dags/subdags/subdag.py for tasks to queue
[2022-03-28 10:40:19,410] {logging_mixin.py:109} INFO - [2022-03-28 10:40:19,410] {dagbag.py:500} INFO - Filling up the DagBag from /home/vengat/big_data/python/venv/aflow_env/lib/python3.9/site-packages/airflow/example_dags/subdags/subdag.py
[2022-03-28 10:40:19,434] {processor.py:656} WARNING - No viable dags retrieved from /home/vengat/big_data/python/venv/aflow_env/lib/python3.9/site-packages/airflow/example_dags/subdags/subdag.py
[2022-03-28 10:40:19,437] {processor.py:171} INFO - Processing /home/vengat/big_data/python/venv/aflow_env/lib/python3.9/site-packages/airflow/example_dags/subdags/subdag.py took 0.038 seconds
[2022-03-28 10:40:53,031] {processor.py:163} INFO - Started process (PID=54495) to work on /home/vengat/big_data/python/venv/aflow_env/lib/python3.9/site-packages/airflow/example_dags/subdags/subdag.py
[2022-03-28 10:40:53,032] {processor.py:642} INFO - Processing file /home/vengat/big_data/python/venv/aflow_env/lib/python3.9/site-packages/airflow/example_dags/subdags/subdag.py for tasks to queue
[2022-03-28 10:40:53,033] {logging_mixin.py:109} INFO - [2022-03-28 10:40:53,033] {dagbag.py:500} INFO - Filling up the DagBag from /home/vengat/big_data/python/venv/aflow_env/lib/python3.9/site-packages/airflow/example_dags/subdags/subdag.py
[2022-03-28 10:40:53,044] {processor.py:656} WARNING - No viable dags retrieved from /home/vengat/big_data/python/venv/aflow_env/lib/python3.9/site-packages/airflow/example_dags/subdags/subdag.py
[2022-03-28 10:40:53,045] {processor.py:171} INFO - Processing /home/vengat/big_data/python/venv/aflow_env/lib/python3.9/site-packages/airflow/example_dags/subdags/subdag.py took 0.018 seconds
[2022-03-28 10:41:25,374] {processor.py:163} INFO - Started process (PID=54526) to work on /home/vengat/big_data/python/venv/aflow_env/lib/python3.9/site-packages/airflow/example_dags/subdags/subdag.py
[2022-03-28 10:41:25,376] {processor.py:642} INFO - Processing file /home/vengat/big_data/python/venv/aflow_env/lib/python3.9/site-packages/airflow/example_dags/subdags/subdag.py for tasks to queue
[2022-03-28 10:41:25,376] {logging_mixin.py:109} INFO - [2022-03-28 10:41:25,376] {dagbag.py:500} INFO - Filling up the DagBag from /home/vengat/big_data/python/venv/aflow_env/lib/python3.9/site-packages/airflow/example_dags/subdags/subdag.py
[2022-03-28 10:41:25,388] {processor.py:656} WARNING - No viable dags retrieved from /home/vengat/big_data/python/venv/aflow_env/lib/python3.9/site-packages/airflow/example_dags/subdags/subdag.py
[2022-03-28 10:41:25,390] {processor.py:171} INFO - Processing /home/vengat/big_data/python/venv/aflow_env/lib/python3.9/site-packages/airflow/example_dags/subdags/subdag.py took 0.019 seconds
[2022-03-28 10:41:56,685] {processor.py:163} INFO - Started process (PID=54558) to work on /home/vengat/big_data/python/venv/aflow_env/lib/python3.9/site-packages/airflow/example_dags/subdags/subdag.py
[2022-03-28 10:41:56,687] {processor.py:642} INFO - Processing file /home/vengat/big_data/python/venv/aflow_env/lib/python3.9/site-packages/airflow/example_dags/subdags/subdag.py for tasks to queue
[2022-03-28 10:41:56,688] {logging_mixin.py:109} INFO - [2022-03-28 10:41:56,688] {dagbag.py:500} INFO - Filling up the DagBag from /home/vengat/big_data/python/venv/aflow_env/lib/python3.9/site-packages/airflow/example_dags/subdags/subdag.py
[2022-03-28 10:41:56,702] {processor.py:656} WARNING - No viable dags retrieved from /home/vengat/big_data/python/venv/aflow_env/lib/python3.9/site-packages/airflow/example_dags/subdags/subdag.py
[2022-03-28 10:41:56,704] {processor.py:171} INFO - Processing /home/vengat/big_data/python/venv/aflow_env/lib/python3.9/site-packages/airflow/example_dags/subdags/subdag.py took 0.029 seconds
[2022-03-28 10:42:30,110] {processor.py:163} INFO - Started process (PID=54595) to work on /home/vengat/big_data/python/venv/aflow_env/lib/python3.9/site-packages/airflow/example_dags/subdags/subdag.py
[2022-03-28 10:42:30,112] {processor.py:642} INFO - Processing file /home/vengat/big_data/python/venv/aflow_env/lib/python3.9/site-packages/airflow/example_dags/subdags/subdag.py for tasks to queue
[2022-03-28 10:42:30,113] {logging_mixin.py:109} INFO - [2022-03-28 10:42:30,113] {dagbag.py:500} INFO - Filling up the DagBag from /home/vengat/big_data/python/venv/aflow_env/lib/python3.9/site-packages/airflow/example_dags/subdags/subdag.py
[2022-03-28 10:42:30,126] {processor.py:656} WARNING - No viable dags retrieved from /home/vengat/big_data/python/venv/aflow_env/lib/python3.9/site-packages/airflow/example_dags/subdags/subdag.py
[2022-03-28 10:42:30,128] {processor.py:171} INFO - Processing /home/vengat/big_data/python/venv/aflow_env/lib/python3.9/site-packages/airflow/example_dags/subdags/subdag.py took 0.023 seconds
[2022-03-28 10:43:03,310] {processor.py:163} INFO - Started process (PID=54644) to work on /home/vengat/big_data/python/venv/aflow_env/lib/python3.9/site-packages/airflow/example_dags/subdags/subdag.py
[2022-03-28 10:43:03,312] {processor.py:642} INFO - Processing file /home/vengat/big_data/python/venv/aflow_env/lib/python3.9/site-packages/airflow/example_dags/subdags/subdag.py for tasks to queue
[2022-03-28 10:43:03,313] {logging_mixin.py:109} INFO - [2022-03-28 10:43:03,313] {dagbag.py:500} INFO - Filling up the DagBag from /home/vengat/big_data/python/venv/aflow_env/lib/python3.9/site-packages/airflow/example_dags/subdags/subdag.py
[2022-03-28 10:43:03,326] {processor.py:656} WARNING - No viable dags retrieved from /home/vengat/big_data/python/venv/aflow_env/lib/python3.9/site-packages/airflow/example_dags/subdags/subdag.py
[2022-03-28 10:43:03,328] {processor.py:171} INFO - Processing /home/vengat/big_data/python/venv/aflow_env/lib/python3.9/site-packages/airflow/example_dags/subdags/subdag.py took 0.022 seconds
[2022-03-28 10:43:35,442] {processor.py:163} INFO - Started process (PID=54697) to work on /home/vengat/big_data/python/venv/aflow_env/lib/python3.9/site-packages/airflow/example_dags/subdags/subdag.py
[2022-03-28 10:43:35,443] {processor.py:642} INFO - Processing file /home/vengat/big_data/python/venv/aflow_env/lib/python3.9/site-packages/airflow/example_dags/subdags/subdag.py for tasks to queue
[2022-03-28 10:43:35,444] {logging_mixin.py:109} INFO - [2022-03-28 10:43:35,444] {dagbag.py:500} INFO - Filling up the DagBag from /home/vengat/big_data/python/venv/aflow_env/lib/python3.9/site-packages/airflow/example_dags/subdags/subdag.py
[2022-03-28 10:43:35,458] {processor.py:656} WARNING - No viable dags retrieved from /home/vengat/big_data/python/venv/aflow_env/lib/python3.9/site-packages/airflow/example_dags/subdags/subdag.py
[2022-03-28 10:43:35,461] {processor.py:171} INFO - Processing /home/vengat/big_data/python/venv/aflow_env/lib/python3.9/site-packages/airflow/example_dags/subdags/subdag.py took 0.023 seconds
[2022-03-28 10:44:08,611] {processor.py:163} INFO - Started process (PID=54741) to work on /home/vengat/big_data/python/venv/aflow_env/lib/python3.9/site-packages/airflow/example_dags/subdags/subdag.py
[2022-03-28 10:44:08,613] {processor.py:642} INFO - Processing file /home/vengat/big_data/python/venv/aflow_env/lib/python3.9/site-packages/airflow/example_dags/subdags/subdag.py for tasks to queue
[2022-03-28 10:44:08,613] {logging_mixin.py:109} INFO - [2022-03-28 10:44:08,613] {dagbag.py:500} INFO - Filling up the DagBag from /home/vengat/big_data/python/venv/aflow_env/lib/python3.9/site-packages/airflow/example_dags/subdags/subdag.py
[2022-03-28 10:44:08,625] {processor.py:656} WARNING - No viable dags retrieved from /home/vengat/big_data/python/venv/aflow_env/lib/python3.9/site-packages/airflow/example_dags/subdags/subdag.py
[2022-03-28 10:44:08,628] {processor.py:171} INFO - Processing /home/vengat/big_data/python/venv/aflow_env/lib/python3.9/site-packages/airflow/example_dags/subdags/subdag.py took 0.020 seconds
[2022-03-28 10:44:42,692] {processor.py:163} INFO - Started process (PID=54788) to work on /home/vengat/big_data/python/venv/aflow_env/lib/python3.9/site-packages/airflow/example_dags/subdags/subdag.py
[2022-03-28 10:44:42,693] {processor.py:642} INFO - Processing file /home/vengat/big_data/python/venv/aflow_env/lib/python3.9/site-packages/airflow/example_dags/subdags/subdag.py for tasks to queue
[2022-03-28 10:44:42,694] {logging_mixin.py:109} INFO - [2022-03-28 10:44:42,694] {dagbag.py:500} INFO - Filling up the DagBag from /home/vengat/big_data/python/venv/aflow_env/lib/python3.9/site-packages/airflow/example_dags/subdags/subdag.py
[2022-03-28 10:44:42,710] {processor.py:656} WARNING - No viable dags retrieved from /home/vengat/big_data/python/venv/aflow_env/lib/python3.9/site-packages/airflow/example_dags/subdags/subdag.py
[2022-03-28 10:44:42,712] {processor.py:171} INFO - Processing /home/vengat/big_data/python/venv/aflow_env/lib/python3.9/site-packages/airflow/example_dags/subdags/subdag.py took 0.024 seconds
[2022-03-28 10:45:16,500] {processor.py:163} INFO - Started process (PID=54821) to work on /home/vengat/big_data/python/venv/aflow_env/lib/python3.9/site-packages/airflow/example_dags/subdags/subdag.py
[2022-03-28 10:45:16,502] {processor.py:642} INFO - Processing file /home/vengat/big_data/python/venv/aflow_env/lib/python3.9/site-packages/airflow/example_dags/subdags/subdag.py for tasks to queue
[2022-03-28 10:45:16,502] {logging_mixin.py:109} INFO - [2022-03-28 10:45:16,502] {dagbag.py:500} INFO - Filling up the DagBag from /home/vengat/big_data/python/venv/aflow_env/lib/python3.9/site-packages/airflow/example_dags/subdags/subdag.py
[2022-03-28 10:45:16,514] {processor.py:656} WARNING - No viable dags retrieved from /home/vengat/big_data/python/venv/aflow_env/lib/python3.9/site-packages/airflow/example_dags/subdags/subdag.py
[2022-03-28 10:45:16,516] {processor.py:171} INFO - Processing /home/vengat/big_data/python/venv/aflow_env/lib/python3.9/site-packages/airflow/example_dags/subdags/subdag.py took 0.019 seconds
[2022-03-28 10:45:51,639] {processor.py:163} INFO - Started process (PID=54903) to work on /home/vengat/big_data/python/venv/aflow_env/lib/python3.9/site-packages/airflow/example_dags/subdags/subdag.py
[2022-03-28 10:45:51,641] {processor.py:642} INFO - Processing file /home/vengat/big_data/python/venv/aflow_env/lib/python3.9/site-packages/airflow/example_dags/subdags/subdag.py for tasks to queue
[2022-03-28 10:45:51,642] {logging_mixin.py:109} INFO - [2022-03-28 10:45:51,642] {dagbag.py:500} INFO - Filling up the DagBag from /home/vengat/big_data/python/venv/aflow_env/lib/python3.9/site-packages/airflow/example_dags/subdags/subdag.py
[2022-03-28 10:45:51,654] {processor.py:656} WARNING - No viable dags retrieved from /home/vengat/big_data/python/venv/aflow_env/lib/python3.9/site-packages/airflow/example_dags/subdags/subdag.py
[2022-03-28 10:45:51,657] {processor.py:171} INFO - Processing /home/vengat/big_data/python/venv/aflow_env/lib/python3.9/site-packages/airflow/example_dags/subdags/subdag.py took 0.021 seconds
[2022-03-28 10:46:23,090] {processor.py:163} INFO - Started process (PID=54933) to work on /home/vengat/big_data/python/venv/aflow_env/lib/python3.9/site-packages/airflow/example_dags/subdags/subdag.py
[2022-03-28 10:46:23,091] {processor.py:642} INFO - Processing file /home/vengat/big_data/python/venv/aflow_env/lib/python3.9/site-packages/airflow/example_dags/subdags/subdag.py for tasks to queue
[2022-03-28 10:46:23,092] {logging_mixin.py:109} INFO - [2022-03-28 10:46:23,092] {dagbag.py:500} INFO - Filling up the DagBag from /home/vengat/big_data/python/venv/aflow_env/lib/python3.9/site-packages/airflow/example_dags/subdags/subdag.py
[2022-03-28 10:46:23,104] {processor.py:656} WARNING - No viable dags retrieved from /home/vengat/big_data/python/venv/aflow_env/lib/python3.9/site-packages/airflow/example_dags/subdags/subdag.py
[2022-03-28 10:46:23,107] {processor.py:171} INFO - Processing /home/vengat/big_data/python/venv/aflow_env/lib/python3.9/site-packages/airflow/example_dags/subdags/subdag.py took 0.020 seconds
[2022-03-28 10:47:10,438] {processor.py:163} INFO - Started process (PID=54974) to work on /home/vengat/big_data/python/venv/aflow_env/lib/python3.9/site-packages/airflow/example_dags/subdags/subdag.py
[2022-03-28 10:47:10,440] {processor.py:642} INFO - Processing file /home/vengat/big_data/python/venv/aflow_env/lib/python3.9/site-packages/airflow/example_dags/subdags/subdag.py for tasks to queue
[2022-03-28 10:47:10,440] {logging_mixin.py:109} INFO - [2022-03-28 10:47:10,440] {dagbag.py:500} INFO - Filling up the DagBag from /home/vengat/big_data/python/venv/aflow_env/lib/python3.9/site-packages/airflow/example_dags/subdags/subdag.py
[2022-03-28 10:47:10,453] {processor.py:656} WARNING - No viable dags retrieved from /home/vengat/big_data/python/venv/aflow_env/lib/python3.9/site-packages/airflow/example_dags/subdags/subdag.py
[2022-03-28 10:47:10,456] {processor.py:171} INFO - Processing /home/vengat/big_data/python/venv/aflow_env/lib/python3.9/site-packages/airflow/example_dags/subdags/subdag.py took 0.021 seconds
[2022-03-28 10:47:49,109] {processor.py:163} INFO - Started process (PID=55008) to work on /home/vengat/big_data/python/venv/aflow_env/lib/python3.9/site-packages/airflow/example_dags/subdags/subdag.py
[2022-03-28 10:47:49,110] {processor.py:642} INFO - Processing file /home/vengat/big_data/python/venv/aflow_env/lib/python3.9/site-packages/airflow/example_dags/subdags/subdag.py for tasks to queue
[2022-03-28 10:47:49,110] {logging_mixin.py:109} INFO - [2022-03-28 10:47:49,110] {dagbag.py:500} INFO - Filling up the DagBag from /home/vengat/big_data/python/venv/aflow_env/lib/python3.9/site-packages/airflow/example_dags/subdags/subdag.py
[2022-03-28 10:47:49,122] {processor.py:656} WARNING - No viable dags retrieved from /home/vengat/big_data/python/venv/aflow_env/lib/python3.9/site-packages/airflow/example_dags/subdags/subdag.py
[2022-03-28 10:47:49,124] {processor.py:171} INFO - Processing /home/vengat/big_data/python/venv/aflow_env/lib/python3.9/site-packages/airflow/example_dags/subdags/subdag.py took 0.019 seconds
[2022-03-28 10:48:32,385] {processor.py:163} INFO - Started process (PID=55062) to work on /home/vengat/big_data/python/venv/aflow_env/lib/python3.9/site-packages/airflow/example_dags/subdags/subdag.py
[2022-03-28 10:48:32,387] {processor.py:642} INFO - Processing file /home/vengat/big_data/python/venv/aflow_env/lib/python3.9/site-packages/airflow/example_dags/subdags/subdag.py for tasks to queue
[2022-03-28 10:48:32,387] {logging_mixin.py:109} INFO - [2022-03-28 10:48:32,387] {dagbag.py:500} INFO - Filling up the DagBag from /home/vengat/big_data/python/venv/aflow_env/lib/python3.9/site-packages/airflow/example_dags/subdags/subdag.py
[2022-03-28 10:48:32,400] {processor.py:656} WARNING - No viable dags retrieved from /home/vengat/big_data/python/venv/aflow_env/lib/python3.9/site-packages/airflow/example_dags/subdags/subdag.py
[2022-03-28 10:48:32,402] {processor.py:171} INFO - Processing /home/vengat/big_data/python/venv/aflow_env/lib/python3.9/site-packages/airflow/example_dags/subdags/subdag.py took 0.021 seconds
[2022-03-28 10:49:08,676] {processor.py:163} INFO - Started process (PID=55100) to work on /home/vengat/big_data/python/venv/aflow_env/lib/python3.9/site-packages/airflow/example_dags/subdags/subdag.py
[2022-03-28 10:49:08,678] {processor.py:642} INFO - Processing file /home/vengat/big_data/python/venv/aflow_env/lib/python3.9/site-packages/airflow/example_dags/subdags/subdag.py for tasks to queue
[2022-03-28 10:49:08,678] {logging_mixin.py:109} INFO - [2022-03-28 10:49:08,678] {dagbag.py:500} INFO - Filling up the DagBag from /home/vengat/big_data/python/venv/aflow_env/lib/python3.9/site-packages/airflow/example_dags/subdags/subdag.py
[2022-03-28 10:49:08,693] {processor.py:656} WARNING - No viable dags retrieved from /home/vengat/big_data/python/venv/aflow_env/lib/python3.9/site-packages/airflow/example_dags/subdags/subdag.py
[2022-03-28 10:49:08,696] {processor.py:171} INFO - Processing /home/vengat/big_data/python/venv/aflow_env/lib/python3.9/site-packages/airflow/example_dags/subdags/subdag.py took 0.025 seconds
[2022-03-28 10:49:45,060] {processor.py:163} INFO - Started process (PID=55135) to work on /home/vengat/big_data/python/venv/aflow_env/lib/python3.9/site-packages/airflow/example_dags/subdags/subdag.py
[2022-03-28 10:49:45,062] {processor.py:642} INFO - Processing file /home/vengat/big_data/python/venv/aflow_env/lib/python3.9/site-packages/airflow/example_dags/subdags/subdag.py for tasks to queue
[2022-03-28 10:49:45,063] {logging_mixin.py:109} INFO - [2022-03-28 10:49:45,062] {dagbag.py:500} INFO - Filling up the DagBag from /home/vengat/big_data/python/venv/aflow_env/lib/python3.9/site-packages/airflow/example_dags/subdags/subdag.py
[2022-03-28 10:49:45,076] {processor.py:656} WARNING - No viable dags retrieved from /home/vengat/big_data/python/venv/aflow_env/lib/python3.9/site-packages/airflow/example_dags/subdags/subdag.py
[2022-03-28 10:49:45,078] {processor.py:171} INFO - Processing /home/vengat/big_data/python/venv/aflow_env/lib/python3.9/site-packages/airflow/example_dags/subdags/subdag.py took 0.022 seconds
[2022-03-28 10:50:17,504] {processor.py:163} INFO - Started process (PID=55167) to work on /home/vengat/big_data/python/venv/aflow_env/lib/python3.9/site-packages/airflow/example_dags/subdags/subdag.py
[2022-03-28 10:50:17,505] {processor.py:642} INFO - Processing file /home/vengat/big_data/python/venv/aflow_env/lib/python3.9/site-packages/airflow/example_dags/subdags/subdag.py for tasks to queue
[2022-03-28 10:50:17,506] {logging_mixin.py:109} INFO - [2022-03-28 10:50:17,506] {dagbag.py:500} INFO - Filling up the DagBag from /home/vengat/big_data/python/venv/aflow_env/lib/python3.9/site-packages/airflow/example_dags/subdags/subdag.py
[2022-03-28 10:50:17,519] {processor.py:656} WARNING - No viable dags retrieved from /home/vengat/big_data/python/venv/aflow_env/lib/python3.9/site-packages/airflow/example_dags/subdags/subdag.py
[2022-03-28 10:50:17,521] {processor.py:171} INFO - Processing /home/vengat/big_data/python/venv/aflow_env/lib/python3.9/site-packages/airflow/example_dags/subdags/subdag.py took 0.020 seconds
[2022-03-28 10:50:50,148] {processor.py:163} INFO - Started process (PID=55199) to work on /home/vengat/big_data/python/venv/aflow_env/lib/python3.9/site-packages/airflow/example_dags/subdags/subdag.py
[2022-03-28 10:50:50,149] {processor.py:642} INFO - Processing file /home/vengat/big_data/python/venv/aflow_env/lib/python3.9/site-packages/airflow/example_dags/subdags/subdag.py for tasks to queue
[2022-03-28 10:50:50,150] {logging_mixin.py:109} INFO - [2022-03-28 10:50:50,150] {dagbag.py:500} INFO - Filling up the DagBag from /home/vengat/big_data/python/venv/aflow_env/lib/python3.9/site-packages/airflow/example_dags/subdags/subdag.py
[2022-03-28 10:50:50,162] {processor.py:656} WARNING - No viable dags retrieved from /home/vengat/big_data/python/venv/aflow_env/lib/python3.9/site-packages/airflow/example_dags/subdags/subdag.py
[2022-03-28 10:50:50,163] {processor.py:171} INFO - Processing /home/vengat/big_data/python/venv/aflow_env/lib/python3.9/site-packages/airflow/example_dags/subdags/subdag.py took 0.019 seconds
[2022-03-28 10:51:24,495] {processor.py:163} INFO - Started process (PID=55231) to work on /home/vengat/big_data/python/venv/aflow_env/lib/python3.9/site-packages/airflow/example_dags/subdags/subdag.py
[2022-03-28 10:51:24,496] {processor.py:642} INFO - Processing file /home/vengat/big_data/python/venv/aflow_env/lib/python3.9/site-packages/airflow/example_dags/subdags/subdag.py for tasks to queue
[2022-03-28 10:51:24,497] {logging_mixin.py:109} INFO - [2022-03-28 10:51:24,497] {dagbag.py:500} INFO - Filling up the DagBag from /home/vengat/big_data/python/venv/aflow_env/lib/python3.9/site-packages/airflow/example_dags/subdags/subdag.py
[2022-03-28 10:51:24,514] {processor.py:656} WARNING - No viable dags retrieved from /home/vengat/big_data/python/venv/aflow_env/lib/python3.9/site-packages/airflow/example_dags/subdags/subdag.py
[2022-03-28 10:51:24,516] {processor.py:171} INFO - Processing /home/vengat/big_data/python/venv/aflow_env/lib/python3.9/site-packages/airflow/example_dags/subdags/subdag.py took 0.025 seconds
[2022-03-28 10:51:56,950] {processor.py:163} INFO - Started process (PID=55264) to work on /home/vengat/big_data/python/venv/aflow_env/lib/python3.9/site-packages/airflow/example_dags/subdags/subdag.py
[2022-03-28 10:51:56,952] {processor.py:642} INFO - Processing file /home/vengat/big_data/python/venv/aflow_env/lib/python3.9/site-packages/airflow/example_dags/subdags/subdag.py for tasks to queue
[2022-03-28 10:51:56,952] {logging_mixin.py:109} INFO - [2022-03-28 10:51:56,952] {dagbag.py:500} INFO - Filling up the DagBag from /home/vengat/big_data/python/venv/aflow_env/lib/python3.9/site-packages/airflow/example_dags/subdags/subdag.py
[2022-03-28 10:51:56,965] {processor.py:656} WARNING - No viable dags retrieved from /home/vengat/big_data/python/venv/aflow_env/lib/python3.9/site-packages/airflow/example_dags/subdags/subdag.py
[2022-03-28 10:51:56,967] {processor.py:171} INFO - Processing /home/vengat/big_data/python/venv/aflow_env/lib/python3.9/site-packages/airflow/example_dags/subdags/subdag.py took 0.019 seconds
[2022-03-28 10:52:31,601] {processor.py:163} INFO - Started process (PID=55301) to work on /home/vengat/big_data/python/venv/aflow_env/lib/python3.9/site-packages/airflow/example_dags/subdags/subdag.py
[2022-03-28 10:52:31,602] {processor.py:642} INFO - Processing file /home/vengat/big_data/python/venv/aflow_env/lib/python3.9/site-packages/airflow/example_dags/subdags/subdag.py for tasks to queue
[2022-03-28 10:52:31,603] {logging_mixin.py:109} INFO - [2022-03-28 10:52:31,603] {dagbag.py:500} INFO - Filling up the DagBag from /home/vengat/big_data/python/venv/aflow_env/lib/python3.9/site-packages/airflow/example_dags/subdags/subdag.py
[2022-03-28 10:52:31,622] {processor.py:656} WARNING - No viable dags retrieved from /home/vengat/big_data/python/venv/aflow_env/lib/python3.9/site-packages/airflow/example_dags/subdags/subdag.py
[2022-03-28 10:52:31,624] {processor.py:171} INFO - Processing /home/vengat/big_data/python/venv/aflow_env/lib/python3.9/site-packages/airflow/example_dags/subdags/subdag.py took 0.029 seconds
[2022-03-28 10:53:06,954] {processor.py:163} INFO - Started process (PID=55337) to work on /home/vengat/big_data/python/venv/aflow_env/lib/python3.9/site-packages/airflow/example_dags/subdags/subdag.py
[2022-03-28 10:53:06,956] {processor.py:642} INFO - Processing file /home/vengat/big_data/python/venv/aflow_env/lib/python3.9/site-packages/airflow/example_dags/subdags/subdag.py for tasks to queue
[2022-03-28 10:53:06,956] {logging_mixin.py:109} INFO - [2022-03-28 10:53:06,956] {dagbag.py:500} INFO - Filling up the DagBag from /home/vengat/big_data/python/venv/aflow_env/lib/python3.9/site-packages/airflow/example_dags/subdags/subdag.py
[2022-03-28 10:53:06,969] {processor.py:656} WARNING - No viable dags retrieved from /home/vengat/big_data/python/venv/aflow_env/lib/python3.9/site-packages/airflow/example_dags/subdags/subdag.py
[2022-03-28 10:53:06,971] {processor.py:171} INFO - Processing /home/vengat/big_data/python/venv/aflow_env/lib/python3.9/site-packages/airflow/example_dags/subdags/subdag.py took 0.019 seconds
[2022-03-28 10:53:39,284] {processor.py:163} INFO - Started process (PID=55372) to work on /home/vengat/big_data/python/venv/aflow_env/lib/python3.9/site-packages/airflow/example_dags/subdags/subdag.py
[2022-03-28 10:53:39,286] {processor.py:642} INFO - Processing file /home/vengat/big_data/python/venv/aflow_env/lib/python3.9/site-packages/airflow/example_dags/subdags/subdag.py for tasks to queue
[2022-03-28 10:53:39,286] {logging_mixin.py:109} INFO - [2022-03-28 10:53:39,286] {dagbag.py:500} INFO - Filling up the DagBag from /home/vengat/big_data/python/venv/aflow_env/lib/python3.9/site-packages/airflow/example_dags/subdags/subdag.py
[2022-03-28 10:53:39,300] {processor.py:656} WARNING - No viable dags retrieved from /home/vengat/big_data/python/venv/aflow_env/lib/python3.9/site-packages/airflow/example_dags/subdags/subdag.py
[2022-03-28 10:53:39,302] {processor.py:171} INFO - Processing /home/vengat/big_data/python/venv/aflow_env/lib/python3.9/site-packages/airflow/example_dags/subdags/subdag.py took 0.021 seconds
[2022-03-28 10:54:13,808] {processor.py:163} INFO - Started process (PID=55403) to work on /home/vengat/big_data/python/venv/aflow_env/lib/python3.9/site-packages/airflow/example_dags/subdags/subdag.py
[2022-03-28 10:54:13,810] {processor.py:642} INFO - Processing file /home/vengat/big_data/python/venv/aflow_env/lib/python3.9/site-packages/airflow/example_dags/subdags/subdag.py for tasks to queue
[2022-03-28 10:54:13,810] {logging_mixin.py:109} INFO - [2022-03-28 10:54:13,810] {dagbag.py:500} INFO - Filling up the DagBag from /home/vengat/big_data/python/venv/aflow_env/lib/python3.9/site-packages/airflow/example_dags/subdags/subdag.py
[2022-03-28 10:54:13,821] {processor.py:656} WARNING - No viable dags retrieved from /home/vengat/big_data/python/venv/aflow_env/lib/python3.9/site-packages/airflow/example_dags/subdags/subdag.py
[2022-03-28 10:54:13,823] {processor.py:171} INFO - Processing /home/vengat/big_data/python/venv/aflow_env/lib/python3.9/site-packages/airflow/example_dags/subdags/subdag.py took 0.018 seconds
[2022-03-28 10:54:47,055] {processor.py:163} INFO - Started process (PID=55435) to work on /home/vengat/big_data/python/venv/aflow_env/lib/python3.9/site-packages/airflow/example_dags/subdags/subdag.py
[2022-03-28 10:54:47,056] {processor.py:642} INFO - Processing file /home/vengat/big_data/python/venv/aflow_env/lib/python3.9/site-packages/airflow/example_dags/subdags/subdag.py for tasks to queue
[2022-03-28 10:54:47,057] {logging_mixin.py:109} INFO - [2022-03-28 10:54:47,056] {dagbag.py:500} INFO - Filling up the DagBag from /home/vengat/big_data/python/venv/aflow_env/lib/python3.9/site-packages/airflow/example_dags/subdags/subdag.py
[2022-03-28 10:54:47,069] {processor.py:656} WARNING - No viable dags retrieved from /home/vengat/big_data/python/venv/aflow_env/lib/python3.9/site-packages/airflow/example_dags/subdags/subdag.py
[2022-03-28 10:54:47,071] {processor.py:171} INFO - Processing /home/vengat/big_data/python/venv/aflow_env/lib/python3.9/site-packages/airflow/example_dags/subdags/subdag.py took 0.020 seconds
