[2022-03-28 10:13:53,561] {processor.py:163} INFO - Started process (PID=52745) to work on /home/vengat/big_data/python/venv/aflow_env/lib/python3.9/site-packages/airflow/example_dags/example_dag_decorator.py
[2022-03-28 10:13:53,562] {processor.py:642} INFO - Processing file /home/vengat/big_data/python/venv/aflow_env/lib/python3.9/site-packages/airflow/example_dags/example_dag_decorator.py for tasks to queue
[2022-03-28 10:13:53,563] {logging_mixin.py:109} INFO - [2022-03-28 10:13:53,563] {dagbag.py:500} INFO - Filling up the DagBag from /home/vengat/big_data/python/venv/aflow_env/lib/python3.9/site-packages/airflow/example_dags/example_dag_decorator.py
[2022-03-28 10:13:53,600] {processor.py:654} INFO - DAG(s) dict_keys(['example_dag_decorator']) retrieved from /home/vengat/big_data/python/venv/aflow_env/lib/python3.9/site-packages/airflow/example_dags/example_dag_decorator.py
[2022-03-28 10:13:53,782] {logging_mixin.py:109} INFO - [2022-03-28 10:13:53,781] {dag.py:2398} INFO - Sync 1 DAGs
[2022-03-28 10:13:53,790] {logging_mixin.py:109} INFO - [2022-03-28 10:13:53,790] {dag.py:2937} INFO - Setting next_dagrun for example_dag_decorator to None
[2022-03-28 10:13:53,800] {processor.py:171} INFO - Processing /home/vengat/big_data/python/venv/aflow_env/lib/python3.9/site-packages/airflow/example_dags/example_dag_decorator.py took 0.244 seconds
[2022-03-28 10:14:27,461] {processor.py:163} INFO - Started process (PID=52777) to work on /home/vengat/big_data/python/venv/aflow_env/lib/python3.9/site-packages/airflow/example_dags/example_dag_decorator.py
[2022-03-28 10:14:27,463] {processor.py:642} INFO - Processing file /home/vengat/big_data/python/venv/aflow_env/lib/python3.9/site-packages/airflow/example_dags/example_dag_decorator.py for tasks to queue
[2022-03-28 10:14:27,464] {logging_mixin.py:109} INFO - [2022-03-28 10:14:27,464] {dagbag.py:500} INFO - Filling up the DagBag from /home/vengat/big_data/python/venv/aflow_env/lib/python3.9/site-packages/airflow/example_dags/example_dag_decorator.py
[2022-03-28 10:14:27,503] {processor.py:654} INFO - DAG(s) dict_keys(['example_dag_decorator']) retrieved from /home/vengat/big_data/python/venv/aflow_env/lib/python3.9/site-packages/airflow/example_dags/example_dag_decorator.py
[2022-03-28 10:14:27,699] {logging_mixin.py:109} INFO - [2022-03-28 10:14:27,699] {dag.py:2398} INFO - Sync 1 DAGs
[2022-03-28 10:14:27,707] {logging_mixin.py:109} INFO - [2022-03-28 10:14:27,707] {dag.py:2937} INFO - Setting next_dagrun for example_dag_decorator to None
[2022-03-28 10:14:27,716] {processor.py:171} INFO - Processing /home/vengat/big_data/python/venv/aflow_env/lib/python3.9/site-packages/airflow/example_dags/example_dag_decorator.py took 0.260 seconds
[2022-03-28 10:15:01,804] {processor.py:163} INFO - Started process (PID=52810) to work on /home/vengat/big_data/python/venv/aflow_env/lib/python3.9/site-packages/airflow/example_dags/example_dag_decorator.py
[2022-03-28 10:15:01,805] {processor.py:642} INFO - Processing file /home/vengat/big_data/python/venv/aflow_env/lib/python3.9/site-packages/airflow/example_dags/example_dag_decorator.py for tasks to queue
[2022-03-28 10:15:01,806] {logging_mixin.py:109} INFO - [2022-03-28 10:15:01,806] {dagbag.py:500} INFO - Filling up the DagBag from /home/vengat/big_data/python/venv/aflow_env/lib/python3.9/site-packages/airflow/example_dags/example_dag_decorator.py
[2022-03-28 10:15:01,843] {processor.py:654} INFO - DAG(s) dict_keys(['example_dag_decorator']) retrieved from /home/vengat/big_data/python/venv/aflow_env/lib/python3.9/site-packages/airflow/example_dags/example_dag_decorator.py
[2022-03-28 10:15:02,076] {logging_mixin.py:109} INFO - [2022-03-28 10:15:02,076] {dag.py:2398} INFO - Sync 1 DAGs
[2022-03-28 10:15:02,087] {logging_mixin.py:109} INFO - [2022-03-28 10:15:02,087] {dag.py:2937} INFO - Setting next_dagrun for example_dag_decorator to None
[2022-03-28 10:15:02,096] {processor.py:171} INFO - Processing /home/vengat/big_data/python/venv/aflow_env/lib/python3.9/site-packages/airflow/example_dags/example_dag_decorator.py took 0.298 seconds
[2022-03-28 10:15:37,604] {processor.py:163} INFO - Started process (PID=52842) to work on /home/vengat/big_data/python/venv/aflow_env/lib/python3.9/site-packages/airflow/example_dags/example_dag_decorator.py
[2022-03-28 10:15:37,606] {processor.py:642} INFO - Processing file /home/vengat/big_data/python/venv/aflow_env/lib/python3.9/site-packages/airflow/example_dags/example_dag_decorator.py for tasks to queue
[2022-03-28 10:15:37,607] {logging_mixin.py:109} INFO - [2022-03-28 10:15:37,607] {dagbag.py:500} INFO - Filling up the DagBag from /home/vengat/big_data/python/venv/aflow_env/lib/python3.9/site-packages/airflow/example_dags/example_dag_decorator.py
[2022-03-28 10:15:37,643] {processor.py:654} INFO - DAG(s) dict_keys(['example_dag_decorator']) retrieved from /home/vengat/big_data/python/venv/aflow_env/lib/python3.9/site-packages/airflow/example_dags/example_dag_decorator.py
[2022-03-28 10:15:37,845] {logging_mixin.py:109} INFO - [2022-03-28 10:15:37,844] {dag.py:2398} INFO - Sync 1 DAGs
[2022-03-28 10:15:37,854] {logging_mixin.py:109} INFO - [2022-03-28 10:15:37,854] {dag.py:2937} INFO - Setting next_dagrun for example_dag_decorator to None
[2022-03-28 10:15:37,875] {processor.py:171} INFO - Processing /home/vengat/big_data/python/venv/aflow_env/lib/python3.9/site-packages/airflow/example_dags/example_dag_decorator.py took 0.275 seconds
[2022-03-28 10:16:11,352] {processor.py:163} INFO - Started process (PID=52874) to work on /home/vengat/big_data/python/venv/aflow_env/lib/python3.9/site-packages/airflow/example_dags/example_dag_decorator.py
[2022-03-28 10:16:11,353] {processor.py:642} INFO - Processing file /home/vengat/big_data/python/venv/aflow_env/lib/python3.9/site-packages/airflow/example_dags/example_dag_decorator.py for tasks to queue
[2022-03-28 10:16:11,355] {logging_mixin.py:109} INFO - [2022-03-28 10:16:11,354] {dagbag.py:500} INFO - Filling up the DagBag from /home/vengat/big_data/python/venv/aflow_env/lib/python3.9/site-packages/airflow/example_dags/example_dag_decorator.py
[2022-03-28 10:16:11,395] {processor.py:654} INFO - DAG(s) dict_keys(['example_dag_decorator']) retrieved from /home/vengat/big_data/python/venv/aflow_env/lib/python3.9/site-packages/airflow/example_dags/example_dag_decorator.py
[2022-03-28 10:16:11,585] {logging_mixin.py:109} INFO - [2022-03-28 10:16:11,585] {dag.py:2398} INFO - Sync 1 DAGs
[2022-03-28 10:16:11,594] {logging_mixin.py:109} INFO - [2022-03-28 10:16:11,593] {dag.py:2937} INFO - Setting next_dagrun for example_dag_decorator to None
[2022-03-28 10:16:11,605] {processor.py:171} INFO - Processing /home/vengat/big_data/python/venv/aflow_env/lib/python3.9/site-packages/airflow/example_dags/example_dag_decorator.py took 0.257 seconds
[2022-03-28 10:16:45,347] {processor.py:163} INFO - Started process (PID=52906) to work on /home/vengat/big_data/python/venv/aflow_env/lib/python3.9/site-packages/airflow/example_dags/example_dag_decorator.py
[2022-03-28 10:16:45,349] {processor.py:642} INFO - Processing file /home/vengat/big_data/python/venv/aflow_env/lib/python3.9/site-packages/airflow/example_dags/example_dag_decorator.py for tasks to queue
[2022-03-28 10:16:45,349] {logging_mixin.py:109} INFO - [2022-03-28 10:16:45,349] {dagbag.py:500} INFO - Filling up the DagBag from /home/vengat/big_data/python/venv/aflow_env/lib/python3.9/site-packages/airflow/example_dags/example_dag_decorator.py
[2022-03-28 10:16:45,388] {processor.py:654} INFO - DAG(s) dict_keys(['example_dag_decorator']) retrieved from /home/vengat/big_data/python/venv/aflow_env/lib/python3.9/site-packages/airflow/example_dags/example_dag_decorator.py
[2022-03-28 10:16:45,603] {logging_mixin.py:109} INFO - [2022-03-28 10:16:45,603] {dag.py:2398} INFO - Sync 1 DAGs
[2022-03-28 10:16:45,612] {logging_mixin.py:109} INFO - [2022-03-28 10:16:45,612] {dag.py:2937} INFO - Setting next_dagrun for example_dag_decorator to None
[2022-03-28 10:16:45,622] {processor.py:171} INFO - Processing /home/vengat/big_data/python/venv/aflow_env/lib/python3.9/site-packages/airflow/example_dags/example_dag_decorator.py took 0.279 seconds
[2022-03-28 10:17:22,855] {processor.py:163} INFO - Started process (PID=52944) to work on /home/vengat/big_data/python/venv/aflow_env/lib/python3.9/site-packages/airflow/example_dags/example_dag_decorator.py
[2022-03-28 10:17:22,857] {processor.py:642} INFO - Processing file /home/vengat/big_data/python/venv/aflow_env/lib/python3.9/site-packages/airflow/example_dags/example_dag_decorator.py for tasks to queue
[2022-03-28 10:17:22,858] {logging_mixin.py:109} INFO - [2022-03-28 10:17:22,858] {dagbag.py:500} INFO - Filling up the DagBag from /home/vengat/big_data/python/venv/aflow_env/lib/python3.9/site-packages/airflow/example_dags/example_dag_decorator.py
[2022-03-28 10:17:22,892] {processor.py:654} INFO - DAG(s) dict_keys(['example_dag_decorator']) retrieved from /home/vengat/big_data/python/venv/aflow_env/lib/python3.9/site-packages/airflow/example_dags/example_dag_decorator.py
[2022-03-28 10:17:23,072] {logging_mixin.py:109} INFO - [2022-03-28 10:17:23,072] {dag.py:2398} INFO - Sync 1 DAGs
[2022-03-28 10:17:23,082] {logging_mixin.py:109} INFO - [2022-03-28 10:17:23,082] {dag.py:2937} INFO - Setting next_dagrun for example_dag_decorator to None
[2022-03-28 10:17:23,091] {processor.py:171} INFO - Processing /home/vengat/big_data/python/venv/aflow_env/lib/python3.9/site-packages/airflow/example_dags/example_dag_decorator.py took 0.242 seconds
[2022-03-28 10:17:56,250] {processor.py:163} INFO - Started process (PID=52979) to work on /home/vengat/big_data/python/venv/aflow_env/lib/python3.9/site-packages/airflow/example_dags/example_dag_decorator.py
[2022-03-28 10:17:56,252] {processor.py:642} INFO - Processing file /home/vengat/big_data/python/venv/aflow_env/lib/python3.9/site-packages/airflow/example_dags/example_dag_decorator.py for tasks to queue
[2022-03-28 10:17:56,252] {logging_mixin.py:109} INFO - [2022-03-28 10:17:56,252] {dagbag.py:500} INFO - Filling up the DagBag from /home/vengat/big_data/python/venv/aflow_env/lib/python3.9/site-packages/airflow/example_dags/example_dag_decorator.py
[2022-03-28 10:17:56,285] {processor.py:654} INFO - DAG(s) dict_keys(['example_dag_decorator']) retrieved from /home/vengat/big_data/python/venv/aflow_env/lib/python3.9/site-packages/airflow/example_dags/example_dag_decorator.py
[2022-03-28 10:17:56,502] {logging_mixin.py:109} INFO - [2022-03-28 10:17:56,502] {dag.py:2398} INFO - Sync 1 DAGs
[2022-03-28 10:17:56,512] {logging_mixin.py:109} INFO - [2022-03-28 10:17:56,512] {dag.py:2937} INFO - Setting next_dagrun for example_dag_decorator to None
[2022-03-28 10:17:56,522] {processor.py:171} INFO - Processing /home/vengat/big_data/python/venv/aflow_env/lib/python3.9/site-packages/airflow/example_dags/example_dag_decorator.py took 0.277 seconds
[2022-03-28 10:18:31,273] {processor.py:163} INFO - Started process (PID=53013) to work on /home/vengat/big_data/python/venv/aflow_env/lib/python3.9/site-packages/airflow/example_dags/example_dag_decorator.py
[2022-03-28 10:18:31,275] {processor.py:642} INFO - Processing file /home/vengat/big_data/python/venv/aflow_env/lib/python3.9/site-packages/airflow/example_dags/example_dag_decorator.py for tasks to queue
[2022-03-28 10:18:31,276] {logging_mixin.py:109} INFO - [2022-03-28 10:18:31,275] {dagbag.py:500} INFO - Filling up the DagBag from /home/vengat/big_data/python/venv/aflow_env/lib/python3.9/site-packages/airflow/example_dags/example_dag_decorator.py
[2022-03-28 10:18:31,315] {processor.py:654} INFO - DAG(s) dict_keys(['example_dag_decorator']) retrieved from /home/vengat/big_data/python/venv/aflow_env/lib/python3.9/site-packages/airflow/example_dags/example_dag_decorator.py
[2022-03-28 10:18:31,535] {logging_mixin.py:109} INFO - [2022-03-28 10:18:31,535] {dag.py:2398} INFO - Sync 1 DAGs
[2022-03-28 10:18:31,548] {logging_mixin.py:109} INFO - [2022-03-28 10:18:31,548] {dag.py:2937} INFO - Setting next_dagrun for example_dag_decorator to None
[2022-03-28 10:18:31,557] {processor.py:171} INFO - Processing /home/vengat/big_data/python/venv/aflow_env/lib/python3.9/site-packages/airflow/example_dags/example_dag_decorator.py took 0.290 seconds
[2022-03-28 10:19:07,162] {processor.py:163} INFO - Started process (PID=53050) to work on /home/vengat/big_data/python/venv/aflow_env/lib/python3.9/site-packages/airflow/example_dags/example_dag_decorator.py
[2022-03-28 10:19:07,165] {processor.py:642} INFO - Processing file /home/vengat/big_data/python/venv/aflow_env/lib/python3.9/site-packages/airflow/example_dags/example_dag_decorator.py for tasks to queue
[2022-03-28 10:19:07,166] {logging_mixin.py:109} INFO - [2022-03-28 10:19:07,166] {dagbag.py:500} INFO - Filling up the DagBag from /home/vengat/big_data/python/venv/aflow_env/lib/python3.9/site-packages/airflow/example_dags/example_dag_decorator.py
[2022-03-28 10:19:07,201] {processor.py:654} INFO - DAG(s) dict_keys(['example_dag_decorator']) retrieved from /home/vengat/big_data/python/venv/aflow_env/lib/python3.9/site-packages/airflow/example_dags/example_dag_decorator.py
[2022-03-28 10:19:07,408] {logging_mixin.py:109} INFO - [2022-03-28 10:19:07,408] {dag.py:2398} INFO - Sync 1 DAGs
[2022-03-28 10:19:07,418] {logging_mixin.py:109} INFO - [2022-03-28 10:19:07,418] {dag.py:2937} INFO - Setting next_dagrun for example_dag_decorator to None
[2022-03-28 10:19:07,426] {processor.py:171} INFO - Processing /home/vengat/big_data/python/venv/aflow_env/lib/python3.9/site-packages/airflow/example_dags/example_dag_decorator.py took 0.269 seconds
[2022-03-28 10:19:41,012] {processor.py:163} INFO - Started process (PID=53082) to work on /home/vengat/big_data/python/venv/aflow_env/lib/python3.9/site-packages/airflow/example_dags/example_dag_decorator.py
[2022-03-28 10:19:41,014] {processor.py:642} INFO - Processing file /home/vengat/big_data/python/venv/aflow_env/lib/python3.9/site-packages/airflow/example_dags/example_dag_decorator.py for tasks to queue
[2022-03-28 10:19:41,015] {logging_mixin.py:109} INFO - [2022-03-28 10:19:41,015] {dagbag.py:500} INFO - Filling up the DagBag from /home/vengat/big_data/python/venv/aflow_env/lib/python3.9/site-packages/airflow/example_dags/example_dag_decorator.py
[2022-03-28 10:19:41,075] {processor.py:654} INFO - DAG(s) dict_keys(['example_dag_decorator']) retrieved from /home/vengat/big_data/python/venv/aflow_env/lib/python3.9/site-packages/airflow/example_dags/example_dag_decorator.py
[2022-03-28 10:19:41,328] {logging_mixin.py:109} INFO - [2022-03-28 10:19:41,328] {dag.py:2398} INFO - Sync 1 DAGs
[2022-03-28 10:19:41,344] {logging_mixin.py:109} INFO - [2022-03-28 10:19:41,344] {dag.py:2937} INFO - Setting next_dagrun for example_dag_decorator to None
[2022-03-28 10:19:41,355] {processor.py:171} INFO - Processing /home/vengat/big_data/python/venv/aflow_env/lib/python3.9/site-packages/airflow/example_dags/example_dag_decorator.py took 0.347 seconds
[2022-03-28 10:20:14,485] {processor.py:163} INFO - Started process (PID=53114) to work on /home/vengat/big_data/python/venv/aflow_env/lib/python3.9/site-packages/airflow/example_dags/example_dag_decorator.py
[2022-03-28 10:20:14,487] {processor.py:642} INFO - Processing file /home/vengat/big_data/python/venv/aflow_env/lib/python3.9/site-packages/airflow/example_dags/example_dag_decorator.py for tasks to queue
[2022-03-28 10:20:14,490] {logging_mixin.py:109} INFO - [2022-03-28 10:20:14,487] {dagbag.py:500} INFO - Filling up the DagBag from /home/vengat/big_data/python/venv/aflow_env/lib/python3.9/site-packages/airflow/example_dags/example_dag_decorator.py
[2022-03-28 10:20:14,534] {processor.py:654} INFO - DAG(s) dict_keys(['example_dag_decorator']) retrieved from /home/vengat/big_data/python/venv/aflow_env/lib/python3.9/site-packages/airflow/example_dags/example_dag_decorator.py
[2022-03-28 10:20:14,789] {logging_mixin.py:109} INFO - [2022-03-28 10:20:14,789] {dag.py:2398} INFO - Sync 1 DAGs
[2022-03-28 10:20:14,800] {logging_mixin.py:109} INFO - [2022-03-28 10:20:14,799] {dag.py:2937} INFO - Setting next_dagrun for example_dag_decorator to None
[2022-03-28 10:20:14,812] {processor.py:171} INFO - Processing /home/vengat/big_data/python/venv/aflow_env/lib/python3.9/site-packages/airflow/example_dags/example_dag_decorator.py took 0.332 seconds
[2022-03-28 10:20:50,530] {processor.py:163} INFO - Started process (PID=53147) to work on /home/vengat/big_data/python/venv/aflow_env/lib/python3.9/site-packages/airflow/example_dags/example_dag_decorator.py
[2022-03-28 10:20:50,539] {processor.py:642} INFO - Processing file /home/vengat/big_data/python/venv/aflow_env/lib/python3.9/site-packages/airflow/example_dags/example_dag_decorator.py for tasks to queue
[2022-03-28 10:20:50,541] {logging_mixin.py:109} INFO - [2022-03-28 10:20:50,540] {dagbag.py:500} INFO - Filling up the DagBag from /home/vengat/big_data/python/venv/aflow_env/lib/python3.9/site-packages/airflow/example_dags/example_dag_decorator.py
[2022-03-28 10:20:50,588] {processor.py:654} INFO - DAG(s) dict_keys(['example_dag_decorator']) retrieved from /home/vengat/big_data/python/venv/aflow_env/lib/python3.9/site-packages/airflow/example_dags/example_dag_decorator.py
[2022-03-28 10:20:50,823] {logging_mixin.py:109} INFO - [2022-03-28 10:20:50,823] {dag.py:2398} INFO - Sync 1 DAGs
[2022-03-28 10:20:50,833] {logging_mixin.py:109} INFO - [2022-03-28 10:20:50,833] {dag.py:2937} INFO - Setting next_dagrun for example_dag_decorator to None
[2022-03-28 10:20:50,844] {processor.py:171} INFO - Processing /home/vengat/big_data/python/venv/aflow_env/lib/python3.9/site-packages/airflow/example_dags/example_dag_decorator.py took 0.317 seconds
[2022-03-28 10:21:25,677] {processor.py:163} INFO - Started process (PID=53179) to work on /home/vengat/big_data/python/venv/aflow_env/lib/python3.9/site-packages/airflow/example_dags/example_dag_decorator.py
[2022-03-28 10:21:25,679] {processor.py:642} INFO - Processing file /home/vengat/big_data/python/venv/aflow_env/lib/python3.9/site-packages/airflow/example_dags/example_dag_decorator.py for tasks to queue
[2022-03-28 10:21:25,680] {logging_mixin.py:109} INFO - [2022-03-28 10:21:25,680] {dagbag.py:500} INFO - Filling up the DagBag from /home/vengat/big_data/python/venv/aflow_env/lib/python3.9/site-packages/airflow/example_dags/example_dag_decorator.py
[2022-03-28 10:21:25,720] {processor.py:654} INFO - DAG(s) dict_keys(['example_dag_decorator']) retrieved from /home/vengat/big_data/python/venv/aflow_env/lib/python3.9/site-packages/airflow/example_dags/example_dag_decorator.py
[2022-03-28 10:21:25,955] {logging_mixin.py:109} INFO - [2022-03-28 10:21:25,954] {dag.py:2398} INFO - Sync 1 DAGs
[2022-03-28 10:21:25,976] {logging_mixin.py:109} INFO - [2022-03-28 10:21:25,976] {dag.py:2937} INFO - Setting next_dagrun for example_dag_decorator to None
[2022-03-28 10:21:25,989] {processor.py:171} INFO - Processing /home/vengat/big_data/python/venv/aflow_env/lib/python3.9/site-packages/airflow/example_dags/example_dag_decorator.py took 0.315 seconds
[2022-03-28 10:21:59,842] {processor.py:163} INFO - Started process (PID=53214) to work on /home/vengat/big_data/python/venv/aflow_env/lib/python3.9/site-packages/airflow/example_dags/example_dag_decorator.py
[2022-03-28 10:21:59,843] {processor.py:642} INFO - Processing file /home/vengat/big_data/python/venv/aflow_env/lib/python3.9/site-packages/airflow/example_dags/example_dag_decorator.py for tasks to queue
[2022-03-28 10:21:59,844] {logging_mixin.py:109} INFO - [2022-03-28 10:21:59,844] {dagbag.py:500} INFO - Filling up the DagBag from /home/vengat/big_data/python/venv/aflow_env/lib/python3.9/site-packages/airflow/example_dags/example_dag_decorator.py
[2022-03-28 10:21:59,880] {processor.py:654} INFO - DAG(s) dict_keys(['example_dag_decorator']) retrieved from /home/vengat/big_data/python/venv/aflow_env/lib/python3.9/site-packages/airflow/example_dags/example_dag_decorator.py
[2022-03-28 10:22:00,095] {logging_mixin.py:109} INFO - [2022-03-28 10:22:00,095] {dag.py:2398} INFO - Sync 1 DAGs
[2022-03-28 10:22:00,109] {logging_mixin.py:109} INFO - [2022-03-28 10:22:00,109] {dag.py:2937} INFO - Setting next_dagrun for example_dag_decorator to None
[2022-03-28 10:22:00,122] {processor.py:171} INFO - Processing /home/vengat/big_data/python/venv/aflow_env/lib/python3.9/site-packages/airflow/example_dags/example_dag_decorator.py took 0.285 seconds
[2022-03-28 10:22:33,296] {processor.py:163} INFO - Started process (PID=53246) to work on /home/vengat/big_data/python/venv/aflow_env/lib/python3.9/site-packages/airflow/example_dags/example_dag_decorator.py
[2022-03-28 10:22:33,297] {processor.py:642} INFO - Processing file /home/vengat/big_data/python/venv/aflow_env/lib/python3.9/site-packages/airflow/example_dags/example_dag_decorator.py for tasks to queue
[2022-03-28 10:22:33,298] {logging_mixin.py:109} INFO - [2022-03-28 10:22:33,298] {dagbag.py:500} INFO - Filling up the DagBag from /home/vengat/big_data/python/venv/aflow_env/lib/python3.9/site-packages/airflow/example_dags/example_dag_decorator.py
[2022-03-28 10:22:33,340] {processor.py:654} INFO - DAG(s) dict_keys(['example_dag_decorator']) retrieved from /home/vengat/big_data/python/venv/aflow_env/lib/python3.9/site-packages/airflow/example_dags/example_dag_decorator.py
[2022-03-28 10:22:33,568] {logging_mixin.py:109} INFO - [2022-03-28 10:22:33,568] {dag.py:2398} INFO - Sync 1 DAGs
[2022-03-28 10:22:33,578] {logging_mixin.py:109} INFO - [2022-03-28 10:22:33,578] {dag.py:2937} INFO - Setting next_dagrun for example_dag_decorator to None
[2022-03-28 10:22:33,590] {processor.py:171} INFO - Processing /home/vengat/big_data/python/venv/aflow_env/lib/python3.9/site-packages/airflow/example_dags/example_dag_decorator.py took 0.297 seconds
[2022-03-28 10:23:06,196] {processor.py:163} INFO - Started process (PID=53278) to work on /home/vengat/big_data/python/venv/aflow_env/lib/python3.9/site-packages/airflow/example_dags/example_dag_decorator.py
[2022-03-28 10:23:06,197] {processor.py:642} INFO - Processing file /home/vengat/big_data/python/venv/aflow_env/lib/python3.9/site-packages/airflow/example_dags/example_dag_decorator.py for tasks to queue
[2022-03-28 10:23:06,198] {logging_mixin.py:109} INFO - [2022-03-28 10:23:06,198] {dagbag.py:500} INFO - Filling up the DagBag from /home/vengat/big_data/python/venv/aflow_env/lib/python3.9/site-packages/airflow/example_dags/example_dag_decorator.py
[2022-03-28 10:23:06,237] {processor.py:654} INFO - DAG(s) dict_keys(['example_dag_decorator']) retrieved from /home/vengat/big_data/python/venv/aflow_env/lib/python3.9/site-packages/airflow/example_dags/example_dag_decorator.py
[2022-03-28 10:23:06,450] {logging_mixin.py:109} INFO - [2022-03-28 10:23:06,450] {dag.py:2398} INFO - Sync 1 DAGs
[2022-03-28 10:23:06,460] {logging_mixin.py:109} INFO - [2022-03-28 10:23:06,460] {dag.py:2937} INFO - Setting next_dagrun for example_dag_decorator to None
[2022-03-28 10:23:06,473] {processor.py:171} INFO - Processing /home/vengat/big_data/python/venv/aflow_env/lib/python3.9/site-packages/airflow/example_dags/example_dag_decorator.py took 0.280 seconds
[2022-03-28 10:23:41,543] {processor.py:163} INFO - Started process (PID=53315) to work on /home/vengat/big_data/python/venv/aflow_env/lib/python3.9/site-packages/airflow/example_dags/example_dag_decorator.py
[2022-03-28 10:23:41,544] {processor.py:642} INFO - Processing file /home/vengat/big_data/python/venv/aflow_env/lib/python3.9/site-packages/airflow/example_dags/example_dag_decorator.py for tasks to queue
[2022-03-28 10:23:41,545] {logging_mixin.py:109} INFO - [2022-03-28 10:23:41,545] {dagbag.py:500} INFO - Filling up the DagBag from /home/vengat/big_data/python/venv/aflow_env/lib/python3.9/site-packages/airflow/example_dags/example_dag_decorator.py
[2022-03-28 10:23:41,582] {processor.py:654} INFO - DAG(s) dict_keys(['example_dag_decorator']) retrieved from /home/vengat/big_data/python/venv/aflow_env/lib/python3.9/site-packages/airflow/example_dags/example_dag_decorator.py
[2022-03-28 10:23:41,833] {logging_mixin.py:109} INFO - [2022-03-28 10:23:41,833] {dag.py:2398} INFO - Sync 1 DAGs
[2022-03-28 10:23:41,844] {logging_mixin.py:109} INFO - [2022-03-28 10:23:41,844] {dag.py:2937} INFO - Setting next_dagrun for example_dag_decorator to None
[2022-03-28 10:23:41,858] {processor.py:171} INFO - Processing /home/vengat/big_data/python/venv/aflow_env/lib/python3.9/site-packages/airflow/example_dags/example_dag_decorator.py took 0.319 seconds
[2022-03-28 10:24:15,843] {processor.py:163} INFO - Started process (PID=53347) to work on /home/vengat/big_data/python/venv/aflow_env/lib/python3.9/site-packages/airflow/example_dags/example_dag_decorator.py
[2022-03-28 10:24:15,856] {processor.py:642} INFO - Processing file /home/vengat/big_data/python/venv/aflow_env/lib/python3.9/site-packages/airflow/example_dags/example_dag_decorator.py for tasks to queue
[2022-03-28 10:24:15,857] {logging_mixin.py:109} INFO - [2022-03-28 10:24:15,857] {dagbag.py:500} INFO - Filling up the DagBag from /home/vengat/big_data/python/venv/aflow_env/lib/python3.9/site-packages/airflow/example_dags/example_dag_decorator.py
[2022-03-28 10:24:15,893] {processor.py:654} INFO - DAG(s) dict_keys(['example_dag_decorator']) retrieved from /home/vengat/big_data/python/venv/aflow_env/lib/python3.9/site-packages/airflow/example_dags/example_dag_decorator.py
[2022-03-28 10:24:16,111] {logging_mixin.py:109} INFO - [2022-03-28 10:24:16,111] {dag.py:2398} INFO - Sync 1 DAGs
[2022-03-28 10:24:16,121] {logging_mixin.py:109} INFO - [2022-03-28 10:24:16,120] {dag.py:2937} INFO - Setting next_dagrun for example_dag_decorator to None
[2022-03-28 10:24:16,135] {processor.py:171} INFO - Processing /home/vengat/big_data/python/venv/aflow_env/lib/python3.9/site-packages/airflow/example_dags/example_dag_decorator.py took 0.296 seconds
[2022-03-28 10:24:52,117] {processor.py:163} INFO - Started process (PID=53381) to work on /home/vengat/big_data/python/venv/aflow_env/lib/python3.9/site-packages/airflow/example_dags/example_dag_decorator.py
[2022-03-28 10:24:52,119] {processor.py:642} INFO - Processing file /home/vengat/big_data/python/venv/aflow_env/lib/python3.9/site-packages/airflow/example_dags/example_dag_decorator.py for tasks to queue
[2022-03-28 10:24:52,120] {logging_mixin.py:109} INFO - [2022-03-28 10:24:52,120] {dagbag.py:500} INFO - Filling up the DagBag from /home/vengat/big_data/python/venv/aflow_env/lib/python3.9/site-packages/airflow/example_dags/example_dag_decorator.py
[2022-03-28 10:24:52,160] {processor.py:654} INFO - DAG(s) dict_keys(['example_dag_decorator']) retrieved from /home/vengat/big_data/python/venv/aflow_env/lib/python3.9/site-packages/airflow/example_dags/example_dag_decorator.py
[2022-03-28 10:24:52,413] {logging_mixin.py:109} INFO - [2022-03-28 10:24:52,413] {dag.py:2398} INFO - Sync 1 DAGs
[2022-03-28 10:24:52,425] {logging_mixin.py:109} INFO - [2022-03-28 10:24:52,425] {dag.py:2937} INFO - Setting next_dagrun for example_dag_decorator to None
[2022-03-28 10:24:52,434] {processor.py:171} INFO - Processing /home/vengat/big_data/python/venv/aflow_env/lib/python3.9/site-packages/airflow/example_dags/example_dag_decorator.py took 0.322 seconds
[2022-03-28 10:25:28,511] {processor.py:163} INFO - Started process (PID=53415) to work on /home/vengat/big_data/python/venv/aflow_env/lib/python3.9/site-packages/airflow/example_dags/example_dag_decorator.py
[2022-03-28 10:25:28,513] {processor.py:642} INFO - Processing file /home/vengat/big_data/python/venv/aflow_env/lib/python3.9/site-packages/airflow/example_dags/example_dag_decorator.py for tasks to queue
[2022-03-28 10:25:28,513] {logging_mixin.py:109} INFO - [2022-03-28 10:25:28,513] {dagbag.py:500} INFO - Filling up the DagBag from /home/vengat/big_data/python/venv/aflow_env/lib/python3.9/site-packages/airflow/example_dags/example_dag_decorator.py
[2022-03-28 10:25:28,558] {processor.py:654} INFO - DAG(s) dict_keys(['example_dag_decorator']) retrieved from /home/vengat/big_data/python/venv/aflow_env/lib/python3.9/site-packages/airflow/example_dags/example_dag_decorator.py
[2022-03-28 10:25:28,781] {logging_mixin.py:109} INFO - [2022-03-28 10:25:28,781] {dag.py:2398} INFO - Sync 1 DAGs
[2022-03-28 10:25:28,793] {logging_mixin.py:109} INFO - [2022-03-28 10:25:28,793] {dag.py:2937} INFO - Setting next_dagrun for example_dag_decorator to None
[2022-03-28 10:25:28,806] {processor.py:171} INFO - Processing /home/vengat/big_data/python/venv/aflow_env/lib/python3.9/site-packages/airflow/example_dags/example_dag_decorator.py took 0.298 seconds
[2022-03-28 10:26:04,284] {processor.py:163} INFO - Started process (PID=53449) to work on /home/vengat/big_data/python/venv/aflow_env/lib/python3.9/site-packages/airflow/example_dags/example_dag_decorator.py
[2022-03-28 10:26:04,287] {processor.py:642} INFO - Processing file /home/vengat/big_data/python/venv/aflow_env/lib/python3.9/site-packages/airflow/example_dags/example_dag_decorator.py for tasks to queue
[2022-03-28 10:26:04,288] {logging_mixin.py:109} INFO - [2022-03-28 10:26:04,287] {dagbag.py:500} INFO - Filling up the DagBag from /home/vengat/big_data/python/venv/aflow_env/lib/python3.9/site-packages/airflow/example_dags/example_dag_decorator.py
[2022-03-28 10:26:04,322] {processor.py:654} INFO - DAG(s) dict_keys(['example_dag_decorator']) retrieved from /home/vengat/big_data/python/venv/aflow_env/lib/python3.9/site-packages/airflow/example_dags/example_dag_decorator.py
[2022-03-28 10:26:04,531] {logging_mixin.py:109} INFO - [2022-03-28 10:26:04,531] {dag.py:2398} INFO - Sync 1 DAGs
[2022-03-28 10:26:04,545] {logging_mixin.py:109} INFO - [2022-03-28 10:26:04,545] {dag.py:2937} INFO - Setting next_dagrun for example_dag_decorator to None
[2022-03-28 10:26:04,555] {processor.py:171} INFO - Processing /home/vengat/big_data/python/venv/aflow_env/lib/python3.9/site-packages/airflow/example_dags/example_dag_decorator.py took 0.274 seconds
[2022-03-28 10:26:38,904] {processor.py:163} INFO - Started process (PID=53482) to work on /home/vengat/big_data/python/venv/aflow_env/lib/python3.9/site-packages/airflow/example_dags/example_dag_decorator.py
[2022-03-28 10:26:38,906] {processor.py:642} INFO - Processing file /home/vengat/big_data/python/venv/aflow_env/lib/python3.9/site-packages/airflow/example_dags/example_dag_decorator.py for tasks to queue
[2022-03-28 10:26:38,909] {logging_mixin.py:109} INFO - [2022-03-28 10:26:38,909] {dagbag.py:500} INFO - Filling up the DagBag from /home/vengat/big_data/python/venv/aflow_env/lib/python3.9/site-packages/airflow/example_dags/example_dag_decorator.py
[2022-03-28 10:26:38,951] {processor.py:654} INFO - DAG(s) dict_keys(['example_dag_decorator']) retrieved from /home/vengat/big_data/python/venv/aflow_env/lib/python3.9/site-packages/airflow/example_dags/example_dag_decorator.py
[2022-03-28 10:26:39,162] {logging_mixin.py:109} INFO - [2022-03-28 10:26:39,162] {dag.py:2398} INFO - Sync 1 DAGs
[2022-03-28 10:26:39,177] {logging_mixin.py:109} INFO - [2022-03-28 10:26:39,177] {dag.py:2937} INFO - Setting next_dagrun for example_dag_decorator to None
[2022-03-28 10:26:39,187] {processor.py:171} INFO - Processing /home/vengat/big_data/python/venv/aflow_env/lib/python3.9/site-packages/airflow/example_dags/example_dag_decorator.py took 0.287 seconds
[2022-03-28 10:27:12,451] {processor.py:163} INFO - Started process (PID=53514) to work on /home/vengat/big_data/python/venv/aflow_env/lib/python3.9/site-packages/airflow/example_dags/example_dag_decorator.py
[2022-03-28 10:27:12,452] {processor.py:642} INFO - Processing file /home/vengat/big_data/python/venv/aflow_env/lib/python3.9/site-packages/airflow/example_dags/example_dag_decorator.py for tasks to queue
[2022-03-28 10:27:12,453] {logging_mixin.py:109} INFO - [2022-03-28 10:27:12,453] {dagbag.py:500} INFO - Filling up the DagBag from /home/vengat/big_data/python/venv/aflow_env/lib/python3.9/site-packages/airflow/example_dags/example_dag_decorator.py
[2022-03-28 10:27:12,495] {processor.py:654} INFO - DAG(s) dict_keys(['example_dag_decorator']) retrieved from /home/vengat/big_data/python/venv/aflow_env/lib/python3.9/site-packages/airflow/example_dags/example_dag_decorator.py
[2022-03-28 10:27:12,753] {logging_mixin.py:109} INFO - [2022-03-28 10:27:12,753] {dag.py:2398} INFO - Sync 1 DAGs
[2022-03-28 10:27:12,768] {logging_mixin.py:109} INFO - [2022-03-28 10:27:12,768] {dag.py:2937} INFO - Setting next_dagrun for example_dag_decorator to None
[2022-03-28 10:27:12,782] {processor.py:171} INFO - Processing /home/vengat/big_data/python/venv/aflow_env/lib/python3.9/site-packages/airflow/example_dags/example_dag_decorator.py took 0.334 seconds
[2022-03-28 10:27:47,799] {processor.py:163} INFO - Started process (PID=53547) to work on /home/vengat/big_data/python/venv/aflow_env/lib/python3.9/site-packages/airflow/example_dags/example_dag_decorator.py
[2022-03-28 10:27:47,801] {processor.py:642} INFO - Processing file /home/vengat/big_data/python/venv/aflow_env/lib/python3.9/site-packages/airflow/example_dags/example_dag_decorator.py for tasks to queue
[2022-03-28 10:27:47,802] {logging_mixin.py:109} INFO - [2022-03-28 10:27:47,802] {dagbag.py:500} INFO - Filling up the DagBag from /home/vengat/big_data/python/venv/aflow_env/lib/python3.9/site-packages/airflow/example_dags/example_dag_decorator.py
[2022-03-28 10:27:47,837] {processor.py:654} INFO - DAG(s) dict_keys(['example_dag_decorator']) retrieved from /home/vengat/big_data/python/venv/aflow_env/lib/python3.9/site-packages/airflow/example_dags/example_dag_decorator.py
[2022-03-28 10:27:48,065] {logging_mixin.py:109} INFO - [2022-03-28 10:27:48,065] {dag.py:2398} INFO - Sync 1 DAGs
[2022-03-28 10:27:48,079] {logging_mixin.py:109} INFO - [2022-03-28 10:27:48,079] {dag.py:2937} INFO - Setting next_dagrun for example_dag_decorator to None
[2022-03-28 10:27:48,095] {processor.py:171} INFO - Processing /home/vengat/big_data/python/venv/aflow_env/lib/python3.9/site-packages/airflow/example_dags/example_dag_decorator.py took 0.300 seconds
[2022-03-28 10:28:24,114] {processor.py:163} INFO - Started process (PID=53580) to work on /home/vengat/big_data/python/venv/aflow_env/lib/python3.9/site-packages/airflow/example_dags/example_dag_decorator.py
[2022-03-28 10:28:24,116] {processor.py:642} INFO - Processing file /home/vengat/big_data/python/venv/aflow_env/lib/python3.9/site-packages/airflow/example_dags/example_dag_decorator.py for tasks to queue
[2022-03-28 10:28:24,117] {logging_mixin.py:109} INFO - [2022-03-28 10:28:24,116] {dagbag.py:500} INFO - Filling up the DagBag from /home/vengat/big_data/python/venv/aflow_env/lib/python3.9/site-packages/airflow/example_dags/example_dag_decorator.py
[2022-03-28 10:28:24,159] {processor.py:654} INFO - DAG(s) dict_keys(['example_dag_decorator']) retrieved from /home/vengat/big_data/python/venv/aflow_env/lib/python3.9/site-packages/airflow/example_dags/example_dag_decorator.py
[2022-03-28 10:28:24,417] {logging_mixin.py:109} INFO - [2022-03-28 10:28:24,416] {dag.py:2398} INFO - Sync 1 DAGs
[2022-03-28 10:28:24,429] {logging_mixin.py:109} INFO - [2022-03-28 10:28:24,429] {dag.py:2937} INFO - Setting next_dagrun for example_dag_decorator to None
[2022-03-28 10:28:24,440] {processor.py:171} INFO - Processing /home/vengat/big_data/python/venv/aflow_env/lib/python3.9/site-packages/airflow/example_dags/example_dag_decorator.py took 0.332 seconds
[2022-03-28 10:28:56,881] {processor.py:163} INFO - Started process (PID=53615) to work on /home/vengat/big_data/python/venv/aflow_env/lib/python3.9/site-packages/airflow/example_dags/example_dag_decorator.py
[2022-03-28 10:28:56,883] {processor.py:642} INFO - Processing file /home/vengat/big_data/python/venv/aflow_env/lib/python3.9/site-packages/airflow/example_dags/example_dag_decorator.py for tasks to queue
[2022-03-28 10:28:56,883] {logging_mixin.py:109} INFO - [2022-03-28 10:28:56,883] {dagbag.py:500} INFO - Filling up the DagBag from /home/vengat/big_data/python/venv/aflow_env/lib/python3.9/site-packages/airflow/example_dags/example_dag_decorator.py
[2022-03-28 10:28:56,918] {processor.py:654} INFO - DAG(s) dict_keys(['example_dag_decorator']) retrieved from /home/vengat/big_data/python/venv/aflow_env/lib/python3.9/site-packages/airflow/example_dags/example_dag_decorator.py
[2022-03-28 10:28:57,117] {logging_mixin.py:109} INFO - [2022-03-28 10:28:57,117] {dag.py:2398} INFO - Sync 1 DAGs
[2022-03-28 10:28:57,126] {logging_mixin.py:109} INFO - [2022-03-28 10:28:57,125] {dag.py:2937} INFO - Setting next_dagrun for example_dag_decorator to None
[2022-03-28 10:28:57,139] {processor.py:171} INFO - Processing /home/vengat/big_data/python/venv/aflow_env/lib/python3.9/site-packages/airflow/example_dags/example_dag_decorator.py took 0.261 seconds
[2022-03-28 10:29:31,597] {processor.py:163} INFO - Started process (PID=53652) to work on /home/vengat/big_data/python/venv/aflow_env/lib/python3.9/site-packages/airflow/example_dags/example_dag_decorator.py
[2022-03-28 10:29:31,598] {processor.py:642} INFO - Processing file /home/vengat/big_data/python/venv/aflow_env/lib/python3.9/site-packages/airflow/example_dags/example_dag_decorator.py for tasks to queue
[2022-03-28 10:29:31,599] {logging_mixin.py:109} INFO - [2022-03-28 10:29:31,599] {dagbag.py:500} INFO - Filling up the DagBag from /home/vengat/big_data/python/venv/aflow_env/lib/python3.9/site-packages/airflow/example_dags/example_dag_decorator.py
[2022-03-28 10:29:31,632] {processor.py:654} INFO - DAG(s) dict_keys(['example_dag_decorator']) retrieved from /home/vengat/big_data/python/venv/aflow_env/lib/python3.9/site-packages/airflow/example_dags/example_dag_decorator.py
[2022-03-28 10:29:31,819] {logging_mixin.py:109} INFO - [2022-03-28 10:29:31,819] {dag.py:2398} INFO - Sync 1 DAGs
[2022-03-28 10:29:31,828] {logging_mixin.py:109} INFO - [2022-03-28 10:29:31,828] {dag.py:2937} INFO - Setting next_dagrun for example_dag_decorator to None
[2022-03-28 10:29:31,837] {processor.py:171} INFO - Processing /home/vengat/big_data/python/venv/aflow_env/lib/python3.9/site-packages/airflow/example_dags/example_dag_decorator.py took 0.244 seconds
[2022-03-28 10:30:03,863] {processor.py:163} INFO - Started process (PID=53686) to work on /home/vengat/big_data/python/venv/aflow_env/lib/python3.9/site-packages/airflow/example_dags/example_dag_decorator.py
[2022-03-28 10:30:03,865] {processor.py:642} INFO - Processing file /home/vengat/big_data/python/venv/aflow_env/lib/python3.9/site-packages/airflow/example_dags/example_dag_decorator.py for tasks to queue
[2022-03-28 10:30:03,866] {logging_mixin.py:109} INFO - [2022-03-28 10:30:03,865] {dagbag.py:500} INFO - Filling up the DagBag from /home/vengat/big_data/python/venv/aflow_env/lib/python3.9/site-packages/airflow/example_dags/example_dag_decorator.py
[2022-03-28 10:30:03,901] {processor.py:654} INFO - DAG(s) dict_keys(['example_dag_decorator']) retrieved from /home/vengat/big_data/python/venv/aflow_env/lib/python3.9/site-packages/airflow/example_dags/example_dag_decorator.py
[2022-03-28 10:30:04,120] {logging_mixin.py:109} INFO - [2022-03-28 10:30:04,119] {dag.py:2398} INFO - Sync 1 DAGs
[2022-03-28 10:30:04,129] {logging_mixin.py:109} INFO - [2022-03-28 10:30:04,129] {dag.py:2937} INFO - Setting next_dagrun for example_dag_decorator to None
[2022-03-28 10:30:04,138] {processor.py:171} INFO - Processing /home/vengat/big_data/python/venv/aflow_env/lib/python3.9/site-packages/airflow/example_dags/example_dag_decorator.py took 0.281 seconds
[2022-03-28 10:30:37,999] {processor.py:163} INFO - Started process (PID=53719) to work on /home/vengat/big_data/python/venv/aflow_env/lib/python3.9/site-packages/airflow/example_dags/example_dag_decorator.py
[2022-03-28 10:30:38,001] {processor.py:642} INFO - Processing file /home/vengat/big_data/python/venv/aflow_env/lib/python3.9/site-packages/airflow/example_dags/example_dag_decorator.py for tasks to queue
[2022-03-28 10:30:38,001] {logging_mixin.py:109} INFO - [2022-03-28 10:30:38,001] {dagbag.py:500} INFO - Filling up the DagBag from /home/vengat/big_data/python/venv/aflow_env/lib/python3.9/site-packages/airflow/example_dags/example_dag_decorator.py
[2022-03-28 10:30:38,034] {processor.py:654} INFO - DAG(s) dict_keys(['example_dag_decorator']) retrieved from /home/vengat/big_data/python/venv/aflow_env/lib/python3.9/site-packages/airflow/example_dags/example_dag_decorator.py
[2022-03-28 10:30:38,209] {logging_mixin.py:109} INFO - [2022-03-28 10:30:38,208] {dag.py:2398} INFO - Sync 1 DAGs
[2022-03-28 10:30:38,218] {logging_mixin.py:109} INFO - [2022-03-28 10:30:38,217] {dag.py:2937} INFO - Setting next_dagrun for example_dag_decorator to None
[2022-03-28 10:30:38,227] {processor.py:171} INFO - Processing /home/vengat/big_data/python/venv/aflow_env/lib/python3.9/site-packages/airflow/example_dags/example_dag_decorator.py took 0.231 seconds
[2022-03-28 10:31:11,793] {processor.py:163} INFO - Started process (PID=53751) to work on /home/vengat/big_data/python/venv/aflow_env/lib/python3.9/site-packages/airflow/example_dags/example_dag_decorator.py
[2022-03-28 10:31:11,794] {processor.py:642} INFO - Processing file /home/vengat/big_data/python/venv/aflow_env/lib/python3.9/site-packages/airflow/example_dags/example_dag_decorator.py for tasks to queue
[2022-03-28 10:31:11,795] {logging_mixin.py:109} INFO - [2022-03-28 10:31:11,795] {dagbag.py:500} INFO - Filling up the DagBag from /home/vengat/big_data/python/venv/aflow_env/lib/python3.9/site-packages/airflow/example_dags/example_dag_decorator.py
[2022-03-28 10:31:11,826] {processor.py:654} INFO - DAG(s) dict_keys(['example_dag_decorator']) retrieved from /home/vengat/big_data/python/venv/aflow_env/lib/python3.9/site-packages/airflow/example_dags/example_dag_decorator.py
[2022-03-28 10:31:11,992] {logging_mixin.py:109} INFO - [2022-03-28 10:31:11,992] {dag.py:2398} INFO - Sync 1 DAGs
[2022-03-28 10:31:12,002] {logging_mixin.py:109} INFO - [2022-03-28 10:31:12,002] {dag.py:2937} INFO - Setting next_dagrun for example_dag_decorator to None
[2022-03-28 10:31:12,011] {processor.py:171} INFO - Processing /home/vengat/big_data/python/venv/aflow_env/lib/python3.9/site-packages/airflow/example_dags/example_dag_decorator.py took 0.222 seconds
[2022-03-28 10:31:46,747] {processor.py:163} INFO - Started process (PID=53784) to work on /home/vengat/big_data/python/venv/aflow_env/lib/python3.9/site-packages/airflow/example_dags/example_dag_decorator.py
[2022-03-28 10:31:46,749] {processor.py:642} INFO - Processing file /home/vengat/big_data/python/venv/aflow_env/lib/python3.9/site-packages/airflow/example_dags/example_dag_decorator.py for tasks to queue
[2022-03-28 10:31:46,750] {logging_mixin.py:109} INFO - [2022-03-28 10:31:46,750] {dagbag.py:500} INFO - Filling up the DagBag from /home/vengat/big_data/python/venv/aflow_env/lib/python3.9/site-packages/airflow/example_dags/example_dag_decorator.py
[2022-03-28 10:31:46,786] {processor.py:654} INFO - DAG(s) dict_keys(['example_dag_decorator']) retrieved from /home/vengat/big_data/python/venv/aflow_env/lib/python3.9/site-packages/airflow/example_dags/example_dag_decorator.py
[2022-03-28 10:31:46,963] {logging_mixin.py:109} INFO - [2022-03-28 10:31:46,963] {dag.py:2398} INFO - Sync 1 DAGs
[2022-03-28 10:31:46,971] {logging_mixin.py:109} INFO - [2022-03-28 10:31:46,971] {dag.py:2937} INFO - Setting next_dagrun for example_dag_decorator to None
[2022-03-28 10:31:46,981] {processor.py:171} INFO - Processing /home/vengat/big_data/python/venv/aflow_env/lib/python3.9/site-packages/airflow/example_dags/example_dag_decorator.py took 0.239 seconds
[2022-03-28 10:32:24,581] {processor.py:163} INFO - Started process (PID=53825) to work on /home/vengat/big_data/python/venv/aflow_env/lib/python3.9/site-packages/airflow/example_dags/example_dag_decorator.py
[2022-03-28 10:32:24,584] {processor.py:642} INFO - Processing file /home/vengat/big_data/python/venv/aflow_env/lib/python3.9/site-packages/airflow/example_dags/example_dag_decorator.py for tasks to queue
[2022-03-28 10:32:24,585] {logging_mixin.py:109} INFO - [2022-03-28 10:32:24,585] {dagbag.py:500} INFO - Filling up the DagBag from /home/vengat/big_data/python/venv/aflow_env/lib/python3.9/site-packages/airflow/example_dags/example_dag_decorator.py
[2022-03-28 10:32:24,617] {processor.py:654} INFO - DAG(s) dict_keys(['example_dag_decorator']) retrieved from /home/vengat/big_data/python/venv/aflow_env/lib/python3.9/site-packages/airflow/example_dags/example_dag_decorator.py
[2022-03-28 10:32:24,777] {logging_mixin.py:109} INFO - [2022-03-28 10:32:24,777] {dag.py:2398} INFO - Sync 1 DAGs
[2022-03-28 10:32:24,787] {logging_mixin.py:109} INFO - [2022-03-28 10:32:24,787] {dag.py:2937} INFO - Setting next_dagrun for example_dag_decorator to None
[2022-03-28 10:32:24,796] {processor.py:171} INFO - Processing /home/vengat/big_data/python/venv/aflow_env/lib/python3.9/site-packages/airflow/example_dags/example_dag_decorator.py took 0.222 seconds
[2022-03-28 10:33:00,329] {processor.py:163} INFO - Started process (PID=53860) to work on /home/vengat/big_data/python/venv/aflow_env/lib/python3.9/site-packages/airflow/example_dags/example_dag_decorator.py
[2022-03-28 10:33:00,330] {processor.py:642} INFO - Processing file /home/vengat/big_data/python/venv/aflow_env/lib/python3.9/site-packages/airflow/example_dags/example_dag_decorator.py for tasks to queue
[2022-03-28 10:33:00,331] {logging_mixin.py:109} INFO - [2022-03-28 10:33:00,331] {dagbag.py:500} INFO - Filling up the DagBag from /home/vengat/big_data/python/venv/aflow_env/lib/python3.9/site-packages/airflow/example_dags/example_dag_decorator.py
[2022-03-28 10:33:00,388] {processor.py:654} INFO - DAG(s) dict_keys(['example_dag_decorator']) retrieved from /home/vengat/big_data/python/venv/aflow_env/lib/python3.9/site-packages/airflow/example_dags/example_dag_decorator.py
[2022-03-28 10:33:00,623] {logging_mixin.py:109} INFO - [2022-03-28 10:33:00,622] {dag.py:2398} INFO - Sync 1 DAGs
[2022-03-28 10:33:00,635] {logging_mixin.py:109} INFO - [2022-03-28 10:33:00,635] {dag.py:2937} INFO - Setting next_dagrun for example_dag_decorator to None
[2022-03-28 10:33:00,647] {processor.py:171} INFO - Processing /home/vengat/big_data/python/venv/aflow_env/lib/python3.9/site-packages/airflow/example_dags/example_dag_decorator.py took 0.322 seconds
[2022-03-28 10:33:36,324] {processor.py:163} INFO - Started process (PID=53895) to work on /home/vengat/big_data/python/venv/aflow_env/lib/python3.9/site-packages/airflow/example_dags/example_dag_decorator.py
[2022-03-28 10:33:36,325] {processor.py:642} INFO - Processing file /home/vengat/big_data/python/venv/aflow_env/lib/python3.9/site-packages/airflow/example_dags/example_dag_decorator.py for tasks to queue
[2022-03-28 10:33:36,326] {logging_mixin.py:109} INFO - [2022-03-28 10:33:36,326] {dagbag.py:500} INFO - Filling up the DagBag from /home/vengat/big_data/python/venv/aflow_env/lib/python3.9/site-packages/airflow/example_dags/example_dag_decorator.py
[2022-03-28 10:33:36,371] {processor.py:654} INFO - DAG(s) dict_keys(['example_dag_decorator']) retrieved from /home/vengat/big_data/python/venv/aflow_env/lib/python3.9/site-packages/airflow/example_dags/example_dag_decorator.py
[2022-03-28 10:33:36,612] {logging_mixin.py:109} INFO - [2022-03-28 10:33:36,612] {dag.py:2398} INFO - Sync 1 DAGs
[2022-03-28 10:33:36,629] {logging_mixin.py:109} INFO - [2022-03-28 10:33:36,629] {dag.py:2937} INFO - Setting next_dagrun for example_dag_decorator to None
[2022-03-28 10:33:36,642] {processor.py:171} INFO - Processing /home/vengat/big_data/python/venv/aflow_env/lib/python3.9/site-packages/airflow/example_dags/example_dag_decorator.py took 0.322 seconds
[2022-03-28 10:34:11,530] {processor.py:163} INFO - Started process (PID=53936) to work on /home/vengat/big_data/python/venv/aflow_env/lib/python3.9/site-packages/airflow/example_dags/example_dag_decorator.py
[2022-03-28 10:34:11,532] {processor.py:642} INFO - Processing file /home/vengat/big_data/python/venv/aflow_env/lib/python3.9/site-packages/airflow/example_dags/example_dag_decorator.py for tasks to queue
[2022-03-28 10:34:11,532] {logging_mixin.py:109} INFO - [2022-03-28 10:34:11,532] {dagbag.py:500} INFO - Filling up the DagBag from /home/vengat/big_data/python/venv/aflow_env/lib/python3.9/site-packages/airflow/example_dags/example_dag_decorator.py
[2022-03-28 10:34:11,575] {processor.py:654} INFO - DAG(s) dict_keys(['example_dag_decorator']) retrieved from /home/vengat/big_data/python/venv/aflow_env/lib/python3.9/site-packages/airflow/example_dags/example_dag_decorator.py
[2022-03-28 10:34:11,835] {logging_mixin.py:109} INFO - [2022-03-28 10:34:11,835] {dag.py:2398} INFO - Sync 1 DAGs
[2022-03-28 10:34:11,847] {logging_mixin.py:109} INFO - [2022-03-28 10:34:11,847] {dag.py:2937} INFO - Setting next_dagrun for example_dag_decorator to None
[2022-03-28 10:34:11,861] {processor.py:171} INFO - Processing /home/vengat/big_data/python/venv/aflow_env/lib/python3.9/site-packages/airflow/example_dags/example_dag_decorator.py took 0.335 seconds
[2022-03-28 10:34:46,598] {processor.py:163} INFO - Started process (PID=53970) to work on /home/vengat/big_data/python/venv/aflow_env/lib/python3.9/site-packages/airflow/example_dags/example_dag_decorator.py
[2022-03-28 10:34:46,599] {processor.py:642} INFO - Processing file /home/vengat/big_data/python/venv/aflow_env/lib/python3.9/site-packages/airflow/example_dags/example_dag_decorator.py for tasks to queue
[2022-03-28 10:34:46,600] {logging_mixin.py:109} INFO - [2022-03-28 10:34:46,600] {dagbag.py:500} INFO - Filling up the DagBag from /home/vengat/big_data/python/venv/aflow_env/lib/python3.9/site-packages/airflow/example_dags/example_dag_decorator.py
[2022-03-28 10:34:46,642] {processor.py:654} INFO - DAG(s) dict_keys(['example_dag_decorator']) retrieved from /home/vengat/big_data/python/venv/aflow_env/lib/python3.9/site-packages/airflow/example_dags/example_dag_decorator.py
[2022-03-28 10:34:46,872] {logging_mixin.py:109} INFO - [2022-03-28 10:34:46,872] {dag.py:2398} INFO - Sync 1 DAGs
[2022-03-28 10:34:46,884] {logging_mixin.py:109} INFO - [2022-03-28 10:34:46,884] {dag.py:2937} INFO - Setting next_dagrun for example_dag_decorator to None
[2022-03-28 10:34:46,895] {processor.py:171} INFO - Processing /home/vengat/big_data/python/venv/aflow_env/lib/python3.9/site-packages/airflow/example_dags/example_dag_decorator.py took 0.301 seconds
[2022-03-28 10:35:25,758] {processor.py:163} INFO - Started process (PID=54004) to work on /home/vengat/big_data/python/venv/aflow_env/lib/python3.9/site-packages/airflow/example_dags/example_dag_decorator.py
[2022-03-28 10:35:25,759] {processor.py:642} INFO - Processing file /home/vengat/big_data/python/venv/aflow_env/lib/python3.9/site-packages/airflow/example_dags/example_dag_decorator.py for tasks to queue
[2022-03-28 10:35:25,760] {logging_mixin.py:109} INFO - [2022-03-28 10:35:25,760] {dagbag.py:500} INFO - Filling up the DagBag from /home/vengat/big_data/python/venv/aflow_env/lib/python3.9/site-packages/airflow/example_dags/example_dag_decorator.py
[2022-03-28 10:35:25,796] {processor.py:654} INFO - DAG(s) dict_keys(['example_dag_decorator']) retrieved from /home/vengat/big_data/python/venv/aflow_env/lib/python3.9/site-packages/airflow/example_dags/example_dag_decorator.py
[2022-03-28 10:35:26,014] {logging_mixin.py:109} INFO - [2022-03-28 10:35:26,014] {dag.py:2398} INFO - Sync 1 DAGs
[2022-03-28 10:35:26,024] {logging_mixin.py:109} INFO - [2022-03-28 10:35:26,024] {dag.py:2937} INFO - Setting next_dagrun for example_dag_decorator to None
[2022-03-28 10:35:26,038] {processor.py:171} INFO - Processing /home/vengat/big_data/python/venv/aflow_env/lib/python3.9/site-packages/airflow/example_dags/example_dag_decorator.py took 0.286 seconds
[2022-03-28 10:36:00,413] {processor.py:163} INFO - Started process (PID=54037) to work on /home/vengat/big_data/python/venv/aflow_env/lib/python3.9/site-packages/airflow/example_dags/example_dag_decorator.py
[2022-03-28 10:36:00,415] {processor.py:642} INFO - Processing file /home/vengat/big_data/python/venv/aflow_env/lib/python3.9/site-packages/airflow/example_dags/example_dag_decorator.py for tasks to queue
[2022-03-28 10:36:00,415] {logging_mixin.py:109} INFO - [2022-03-28 10:36:00,415] {dagbag.py:500} INFO - Filling up the DagBag from /home/vengat/big_data/python/venv/aflow_env/lib/python3.9/site-packages/airflow/example_dags/example_dag_decorator.py
[2022-03-28 10:36:00,454] {processor.py:654} INFO - DAG(s) dict_keys(['example_dag_decorator']) retrieved from /home/vengat/big_data/python/venv/aflow_env/lib/python3.9/site-packages/airflow/example_dags/example_dag_decorator.py
[2022-03-28 10:36:00,685] {logging_mixin.py:109} INFO - [2022-03-28 10:36:00,685] {dag.py:2398} INFO - Sync 1 DAGs
[2022-03-28 10:36:00,697] {logging_mixin.py:109} INFO - [2022-03-28 10:36:00,697] {dag.py:2937} INFO - Setting next_dagrun for example_dag_decorator to None
[2022-03-28 10:36:00,708] {processor.py:171} INFO - Processing /home/vengat/big_data/python/venv/aflow_env/lib/python3.9/site-packages/airflow/example_dags/example_dag_decorator.py took 0.299 seconds
[2022-03-28 10:36:34,604] {processor.py:163} INFO - Started process (PID=54069) to work on /home/vengat/big_data/python/venv/aflow_env/lib/python3.9/site-packages/airflow/example_dags/example_dag_decorator.py
[2022-03-28 10:36:34,606] {processor.py:642} INFO - Processing file /home/vengat/big_data/python/venv/aflow_env/lib/python3.9/site-packages/airflow/example_dags/example_dag_decorator.py for tasks to queue
[2022-03-28 10:36:34,607] {logging_mixin.py:109} INFO - [2022-03-28 10:36:34,606] {dagbag.py:500} INFO - Filling up the DagBag from /home/vengat/big_data/python/venv/aflow_env/lib/python3.9/site-packages/airflow/example_dags/example_dag_decorator.py
[2022-03-28 10:36:34,647] {processor.py:654} INFO - DAG(s) dict_keys(['example_dag_decorator']) retrieved from /home/vengat/big_data/python/venv/aflow_env/lib/python3.9/site-packages/airflow/example_dags/example_dag_decorator.py
[2022-03-28 10:36:34,857] {logging_mixin.py:109} INFO - [2022-03-28 10:36:34,857] {dag.py:2398} INFO - Sync 1 DAGs
[2022-03-28 10:36:34,869] {logging_mixin.py:109} INFO - [2022-03-28 10:36:34,869] {dag.py:2937} INFO - Setting next_dagrun for example_dag_decorator to None
[2022-03-28 10:36:34,879] {processor.py:171} INFO - Processing /home/vengat/big_data/python/venv/aflow_env/lib/python3.9/site-packages/airflow/example_dags/example_dag_decorator.py took 0.279 seconds
[2022-03-28 10:37:09,513] {processor.py:163} INFO - Started process (PID=54102) to work on /home/vengat/big_data/python/venv/aflow_env/lib/python3.9/site-packages/airflow/example_dags/example_dag_decorator.py
[2022-03-28 10:37:09,515] {processor.py:642} INFO - Processing file /home/vengat/big_data/python/venv/aflow_env/lib/python3.9/site-packages/airflow/example_dags/example_dag_decorator.py for tasks to queue
[2022-03-28 10:37:09,516] {logging_mixin.py:109} INFO - [2022-03-28 10:37:09,516] {dagbag.py:500} INFO - Filling up the DagBag from /home/vengat/big_data/python/venv/aflow_env/lib/python3.9/site-packages/airflow/example_dags/example_dag_decorator.py
[2022-03-28 10:37:09,555] {processor.py:654} INFO - DAG(s) dict_keys(['example_dag_decorator']) retrieved from /home/vengat/big_data/python/venv/aflow_env/lib/python3.9/site-packages/airflow/example_dags/example_dag_decorator.py
[2022-03-28 10:37:09,801] {logging_mixin.py:109} INFO - [2022-03-28 10:37:09,801] {dag.py:2398} INFO - Sync 1 DAGs
[2022-03-28 10:37:09,814] {logging_mixin.py:109} INFO - [2022-03-28 10:37:09,814] {dag.py:2937} INFO - Setting next_dagrun for example_dag_decorator to None
[2022-03-28 10:37:09,824] {processor.py:171} INFO - Processing /home/vengat/big_data/python/venv/aflow_env/lib/python3.9/site-packages/airflow/example_dags/example_dag_decorator.py took 0.315 seconds
[2022-03-28 10:37:42,664] {processor.py:163} INFO - Started process (PID=54149) to work on /home/vengat/big_data/python/venv/aflow_env/lib/python3.9/site-packages/airflow/example_dags/example_dag_decorator.py
[2022-03-28 10:37:42,665] {processor.py:642} INFO - Processing file /home/vengat/big_data/python/venv/aflow_env/lib/python3.9/site-packages/airflow/example_dags/example_dag_decorator.py for tasks to queue
[2022-03-28 10:37:42,666] {logging_mixin.py:109} INFO - [2022-03-28 10:37:42,666] {dagbag.py:500} INFO - Filling up the DagBag from /home/vengat/big_data/python/venv/aflow_env/lib/python3.9/site-packages/airflow/example_dags/example_dag_decorator.py
[2022-03-28 10:37:42,706] {processor.py:654} INFO - DAG(s) dict_keys(['example_dag_decorator']) retrieved from /home/vengat/big_data/python/venv/aflow_env/lib/python3.9/site-packages/airflow/example_dags/example_dag_decorator.py
[2022-03-28 10:37:42,965] {logging_mixin.py:109} INFO - [2022-03-28 10:37:42,965] {dag.py:2398} INFO - Sync 1 DAGs
[2022-03-28 10:37:42,978] {logging_mixin.py:109} INFO - [2022-03-28 10:37:42,978] {dag.py:2937} INFO - Setting next_dagrun for example_dag_decorator to None
[2022-03-28 10:37:42,991] {processor.py:171} INFO - Processing /home/vengat/big_data/python/venv/aflow_env/lib/python3.9/site-packages/airflow/example_dags/example_dag_decorator.py took 0.330 seconds
[2022-03-28 10:38:18,360] {processor.py:163} INFO - Started process (PID=54186) to work on /home/vengat/big_data/python/venv/aflow_env/lib/python3.9/site-packages/airflow/example_dags/example_dag_decorator.py
[2022-03-28 10:38:18,361] {processor.py:642} INFO - Processing file /home/vengat/big_data/python/venv/aflow_env/lib/python3.9/site-packages/airflow/example_dags/example_dag_decorator.py for tasks to queue
[2022-03-28 10:38:18,362] {logging_mixin.py:109} INFO - [2022-03-28 10:38:18,362] {dagbag.py:500} INFO - Filling up the DagBag from /home/vengat/big_data/python/venv/aflow_env/lib/python3.9/site-packages/airflow/example_dags/example_dag_decorator.py
[2022-03-28 10:38:18,413] {processor.py:654} INFO - DAG(s) dict_keys(['example_dag_decorator']) retrieved from /home/vengat/big_data/python/venv/aflow_env/lib/python3.9/site-packages/airflow/example_dags/example_dag_decorator.py
[2022-03-28 10:38:18,616] {logging_mixin.py:109} INFO - [2022-03-28 10:38:18,616] {dag.py:2398} INFO - Sync 1 DAGs
[2022-03-28 10:38:18,626] {logging_mixin.py:109} INFO - [2022-03-28 10:38:18,626] {dag.py:2937} INFO - Setting next_dagrun for example_dag_decorator to None
[2022-03-28 10:38:18,641] {processor.py:171} INFO - Processing /home/vengat/big_data/python/venv/aflow_env/lib/python3.9/site-packages/airflow/example_dags/example_dag_decorator.py took 0.286 seconds
[2022-03-28 10:38:52,527] {processor.py:163} INFO - Started process (PID=54260) to work on /home/vengat/big_data/python/venv/aflow_env/lib/python3.9/site-packages/airflow/example_dags/example_dag_decorator.py
[2022-03-28 10:38:52,529] {processor.py:642} INFO - Processing file /home/vengat/big_data/python/venv/aflow_env/lib/python3.9/site-packages/airflow/example_dags/example_dag_decorator.py for tasks to queue
[2022-03-28 10:38:52,529] {logging_mixin.py:109} INFO - [2022-03-28 10:38:52,529] {dagbag.py:500} INFO - Filling up the DagBag from /home/vengat/big_data/python/venv/aflow_env/lib/python3.9/site-packages/airflow/example_dags/example_dag_decorator.py
[2022-03-28 10:38:52,561] {processor.py:654} INFO - DAG(s) dict_keys(['example_dag_decorator']) retrieved from /home/vengat/big_data/python/venv/aflow_env/lib/python3.9/site-packages/airflow/example_dags/example_dag_decorator.py
[2022-03-28 10:38:52,744] {logging_mixin.py:109} INFO - [2022-03-28 10:38:52,744] {dag.py:2398} INFO - Sync 1 DAGs
[2022-03-28 10:38:52,754] {logging_mixin.py:109} INFO - [2022-03-28 10:38:52,754] {dag.py:2937} INFO - Setting next_dagrun for example_dag_decorator to None
[2022-03-28 10:38:52,763] {processor.py:171} INFO - Processing /home/vengat/big_data/python/venv/aflow_env/lib/python3.9/site-packages/airflow/example_dags/example_dag_decorator.py took 0.240 seconds
[2022-03-28 10:39:28,848] {processor.py:163} INFO - Started process (PID=54320) to work on /home/vengat/big_data/python/venv/aflow_env/lib/python3.9/site-packages/airflow/example_dags/example_dag_decorator.py
[2022-03-28 10:39:28,850] {processor.py:642} INFO - Processing file /home/vengat/big_data/python/venv/aflow_env/lib/python3.9/site-packages/airflow/example_dags/example_dag_decorator.py for tasks to queue
[2022-03-28 10:39:28,851] {logging_mixin.py:109} INFO - [2022-03-28 10:39:28,851] {dagbag.py:500} INFO - Filling up the DagBag from /home/vengat/big_data/python/venv/aflow_env/lib/python3.9/site-packages/airflow/example_dags/example_dag_decorator.py
[2022-03-28 10:39:28,883] {processor.py:654} INFO - DAG(s) dict_keys(['example_dag_decorator']) retrieved from /home/vengat/big_data/python/venv/aflow_env/lib/python3.9/site-packages/airflow/example_dags/example_dag_decorator.py
[2022-03-28 10:39:29,069] {logging_mixin.py:109} INFO - [2022-03-28 10:39:29,069] {dag.py:2398} INFO - Sync 1 DAGs
[2022-03-28 10:39:29,079] {logging_mixin.py:109} INFO - [2022-03-28 10:39:29,079] {dag.py:2937} INFO - Setting next_dagrun for example_dag_decorator to None
[2022-03-28 10:39:29,089] {processor.py:171} INFO - Processing /home/vengat/big_data/python/venv/aflow_env/lib/python3.9/site-packages/airflow/example_dags/example_dag_decorator.py took 0.245 seconds
[2022-03-28 10:40:02,224] {processor.py:163} INFO - Started process (PID=54366) to work on /home/vengat/big_data/python/venv/aflow_env/lib/python3.9/site-packages/airflow/example_dags/example_dag_decorator.py
[2022-03-28 10:40:02,229] {processor.py:642} INFO - Processing file /home/vengat/big_data/python/venv/aflow_env/lib/python3.9/site-packages/airflow/example_dags/example_dag_decorator.py for tasks to queue
[2022-03-28 10:40:02,235] {logging_mixin.py:109} INFO - [2022-03-28 10:40:02,230] {dagbag.py:500} INFO - Filling up the DagBag from /home/vengat/big_data/python/venv/aflow_env/lib/python3.9/site-packages/airflow/example_dags/example_dag_decorator.py
[2022-03-28 10:40:02,285] {processor.py:654} INFO - DAG(s) dict_keys(['example_dag_decorator']) retrieved from /home/vengat/big_data/python/venv/aflow_env/lib/python3.9/site-packages/airflow/example_dags/example_dag_decorator.py
[2022-03-28 10:40:02,520] {logging_mixin.py:109} INFO - [2022-03-28 10:40:02,520] {dag.py:2398} INFO - Sync 1 DAGs
[2022-03-28 10:40:02,532] {logging_mixin.py:109} INFO - [2022-03-28 10:40:02,532] {dag.py:2937} INFO - Setting next_dagrun for example_dag_decorator to None
[2022-03-28 10:40:02,544] {processor.py:171} INFO - Processing /home/vengat/big_data/python/venv/aflow_env/lib/python3.9/site-packages/airflow/example_dags/example_dag_decorator.py took 0.324 seconds
[2022-03-28 10:40:34,891] {processor.py:163} INFO - Started process (PID=54415) to work on /home/vengat/big_data/python/venv/aflow_env/lib/python3.9/site-packages/airflow/example_dags/example_dag_decorator.py
[2022-03-28 10:40:34,892] {processor.py:642} INFO - Processing file /home/vengat/big_data/python/venv/aflow_env/lib/python3.9/site-packages/airflow/example_dags/example_dag_decorator.py for tasks to queue
[2022-03-28 10:40:34,893] {logging_mixin.py:109} INFO - [2022-03-28 10:40:34,893] {dagbag.py:500} INFO - Filling up the DagBag from /home/vengat/big_data/python/venv/aflow_env/lib/python3.9/site-packages/airflow/example_dags/example_dag_decorator.py
[2022-03-28 10:40:34,923] {processor.py:654} INFO - DAG(s) dict_keys(['example_dag_decorator']) retrieved from /home/vengat/big_data/python/venv/aflow_env/lib/python3.9/site-packages/airflow/example_dags/example_dag_decorator.py
[2022-03-28 10:40:35,087] {logging_mixin.py:109} INFO - [2022-03-28 10:40:35,087] {dag.py:2398} INFO - Sync 1 DAGs
[2022-03-28 10:40:35,097] {logging_mixin.py:109} INFO - [2022-03-28 10:40:35,097] {dag.py:2937} INFO - Setting next_dagrun for example_dag_decorator to None
[2022-03-28 10:40:35,106] {processor.py:171} INFO - Processing /home/vengat/big_data/python/venv/aflow_env/lib/python3.9/site-packages/airflow/example_dags/example_dag_decorator.py took 0.218 seconds
[2022-03-28 10:41:10,088] {processor.py:163} INFO - Started process (PID=54512) to work on /home/vengat/big_data/python/venv/aflow_env/lib/python3.9/site-packages/airflow/example_dags/example_dag_decorator.py
[2022-03-28 10:41:10,090] {processor.py:642} INFO - Processing file /home/vengat/big_data/python/venv/aflow_env/lib/python3.9/site-packages/airflow/example_dags/example_dag_decorator.py for tasks to queue
[2022-03-28 10:41:10,091] {logging_mixin.py:109} INFO - [2022-03-28 10:41:10,090] {dagbag.py:500} INFO - Filling up the DagBag from /home/vengat/big_data/python/venv/aflow_env/lib/python3.9/site-packages/airflow/example_dags/example_dag_decorator.py
[2022-03-28 10:41:10,121] {processor.py:654} INFO - DAG(s) dict_keys(['example_dag_decorator']) retrieved from /home/vengat/big_data/python/venv/aflow_env/lib/python3.9/site-packages/airflow/example_dags/example_dag_decorator.py
[2022-03-28 10:41:10,299] {logging_mixin.py:109} INFO - [2022-03-28 10:41:10,299] {dag.py:2398} INFO - Sync 1 DAGs
[2022-03-28 10:41:10,308] {logging_mixin.py:109} INFO - [2022-03-28 10:41:10,308] {dag.py:2937} INFO - Setting next_dagrun for example_dag_decorator to None
[2022-03-28 10:41:10,319] {processor.py:171} INFO - Processing /home/vengat/big_data/python/venv/aflow_env/lib/python3.9/site-packages/airflow/example_dags/example_dag_decorator.py took 0.233 seconds
[2022-03-28 10:41:43,487] {processor.py:163} INFO - Started process (PID=54544) to work on /home/vengat/big_data/python/venv/aflow_env/lib/python3.9/site-packages/airflow/example_dags/example_dag_decorator.py
[2022-03-28 10:41:43,488] {processor.py:642} INFO - Processing file /home/vengat/big_data/python/venv/aflow_env/lib/python3.9/site-packages/airflow/example_dags/example_dag_decorator.py for tasks to queue
[2022-03-28 10:41:43,489] {logging_mixin.py:109} INFO - [2022-03-28 10:41:43,489] {dagbag.py:500} INFO - Filling up the DagBag from /home/vengat/big_data/python/venv/aflow_env/lib/python3.9/site-packages/airflow/example_dags/example_dag_decorator.py
[2022-03-28 10:41:43,518] {processor.py:654} INFO - DAG(s) dict_keys(['example_dag_decorator']) retrieved from /home/vengat/big_data/python/venv/aflow_env/lib/python3.9/site-packages/airflow/example_dags/example_dag_decorator.py
[2022-03-28 10:41:43,693] {logging_mixin.py:109} INFO - [2022-03-28 10:41:43,692] {dag.py:2398} INFO - Sync 1 DAGs
[2022-03-28 10:41:43,704] {logging_mixin.py:109} INFO - [2022-03-28 10:41:43,704] {dag.py:2937} INFO - Setting next_dagrun for example_dag_decorator to None
[2022-03-28 10:41:43,715] {processor.py:171} INFO - Processing /home/vengat/big_data/python/venv/aflow_env/lib/python3.9/site-packages/airflow/example_dags/example_dag_decorator.py took 0.230 seconds
[2022-03-28 10:42:16,704] {processor.py:163} INFO - Started process (PID=54577) to work on /home/vengat/big_data/python/venv/aflow_env/lib/python3.9/site-packages/airflow/example_dags/example_dag_decorator.py
[2022-03-28 10:42:16,705] {processor.py:642} INFO - Processing file /home/vengat/big_data/python/venv/aflow_env/lib/python3.9/site-packages/airflow/example_dags/example_dag_decorator.py for tasks to queue
[2022-03-28 10:42:16,706] {logging_mixin.py:109} INFO - [2022-03-28 10:42:16,706] {dagbag.py:500} INFO - Filling up the DagBag from /home/vengat/big_data/python/venv/aflow_env/lib/python3.9/site-packages/airflow/example_dags/example_dag_decorator.py
[2022-03-28 10:42:16,736] {processor.py:654} INFO - DAG(s) dict_keys(['example_dag_decorator']) retrieved from /home/vengat/big_data/python/venv/aflow_env/lib/python3.9/site-packages/airflow/example_dags/example_dag_decorator.py
[2022-03-28 10:42:16,901] {logging_mixin.py:109} INFO - [2022-03-28 10:42:16,901] {dag.py:2398} INFO - Sync 1 DAGs
[2022-03-28 10:42:16,911] {logging_mixin.py:109} INFO - [2022-03-28 10:42:16,911] {dag.py:2937} INFO - Setting next_dagrun for example_dag_decorator to None
[2022-03-28 10:42:16,920] {processor.py:171} INFO - Processing /home/vengat/big_data/python/venv/aflow_env/lib/python3.9/site-packages/airflow/example_dags/example_dag_decorator.py took 0.220 seconds
[2022-03-28 10:42:49,964] {processor.py:163} INFO - Started process (PID=54630) to work on /home/vengat/big_data/python/venv/aflow_env/lib/python3.9/site-packages/airflow/example_dags/example_dag_decorator.py
[2022-03-28 10:42:49,966] {processor.py:642} INFO - Processing file /home/vengat/big_data/python/venv/aflow_env/lib/python3.9/site-packages/airflow/example_dags/example_dag_decorator.py for tasks to queue
[2022-03-28 10:42:49,968] {logging_mixin.py:109} INFO - [2022-03-28 10:42:49,967] {dagbag.py:500} INFO - Filling up the DagBag from /home/vengat/big_data/python/venv/aflow_env/lib/python3.9/site-packages/airflow/example_dags/example_dag_decorator.py
[2022-03-28 10:42:50,004] {processor.py:654} INFO - DAG(s) dict_keys(['example_dag_decorator']) retrieved from /home/vengat/big_data/python/venv/aflow_env/lib/python3.9/site-packages/airflow/example_dags/example_dag_decorator.py
[2022-03-28 10:42:50,172] {logging_mixin.py:109} INFO - [2022-03-28 10:42:50,172] {dag.py:2398} INFO - Sync 1 DAGs
[2022-03-28 10:42:50,182] {logging_mixin.py:109} INFO - [2022-03-28 10:42:50,182] {dag.py:2937} INFO - Setting next_dagrun for example_dag_decorator to None
[2022-03-28 10:42:50,191] {processor.py:171} INFO - Processing /home/vengat/big_data/python/venv/aflow_env/lib/python3.9/site-packages/airflow/example_dags/example_dag_decorator.py took 0.234 seconds
[2022-03-28 10:43:22,889] {processor.py:163} INFO - Started process (PID=54668) to work on /home/vengat/big_data/python/venv/aflow_env/lib/python3.9/site-packages/airflow/example_dags/example_dag_decorator.py
[2022-03-28 10:43:22,891] {processor.py:642} INFO - Processing file /home/vengat/big_data/python/venv/aflow_env/lib/python3.9/site-packages/airflow/example_dags/example_dag_decorator.py for tasks to queue
[2022-03-28 10:43:22,891] {logging_mixin.py:109} INFO - [2022-03-28 10:43:22,891] {dagbag.py:500} INFO - Filling up the DagBag from /home/vengat/big_data/python/venv/aflow_env/lib/python3.9/site-packages/airflow/example_dags/example_dag_decorator.py
[2022-03-28 10:43:22,932] {processor.py:654} INFO - DAG(s) dict_keys(['example_dag_decorator']) retrieved from /home/vengat/big_data/python/venv/aflow_env/lib/python3.9/site-packages/airflow/example_dags/example_dag_decorator.py
[2022-03-28 10:43:23,179] {logging_mixin.py:109} INFO - [2022-03-28 10:43:23,179] {dag.py:2398} INFO - Sync 1 DAGs
[2022-03-28 10:43:23,191] {logging_mixin.py:109} INFO - [2022-03-28 10:43:23,190] {dag.py:2937} INFO - Setting next_dagrun for example_dag_decorator to None
[2022-03-28 10:43:23,204] {processor.py:171} INFO - Processing /home/vengat/big_data/python/venv/aflow_env/lib/python3.9/site-packages/airflow/example_dags/example_dag_decorator.py took 0.319 seconds
[2022-03-28 10:43:58,100] {processor.py:163} INFO - Started process (PID=54725) to work on /home/vengat/big_data/python/venv/aflow_env/lib/python3.9/site-packages/airflow/example_dags/example_dag_decorator.py
[2022-03-28 10:43:58,102] {processor.py:642} INFO - Processing file /home/vengat/big_data/python/venv/aflow_env/lib/python3.9/site-packages/airflow/example_dags/example_dag_decorator.py for tasks to queue
[2022-03-28 10:43:58,103] {logging_mixin.py:109} INFO - [2022-03-28 10:43:58,103] {dagbag.py:500} INFO - Filling up the DagBag from /home/vengat/big_data/python/venv/aflow_env/lib/python3.9/site-packages/airflow/example_dags/example_dag_decorator.py
[2022-03-28 10:43:58,150] {processor.py:654} INFO - DAG(s) dict_keys(['example_dag_decorator']) retrieved from /home/vengat/big_data/python/venv/aflow_env/lib/python3.9/site-packages/airflow/example_dags/example_dag_decorator.py
[2022-03-28 10:43:58,363] {logging_mixin.py:109} INFO - [2022-03-28 10:43:58,363] {dag.py:2398} INFO - Sync 1 DAGs
[2022-03-28 10:43:58,374] {logging_mixin.py:109} INFO - [2022-03-28 10:43:58,374] {dag.py:2937} INFO - Setting next_dagrun for example_dag_decorator to None
[2022-03-28 10:43:58,384] {processor.py:171} INFO - Processing /home/vengat/big_data/python/venv/aflow_env/lib/python3.9/site-packages/airflow/example_dags/example_dag_decorator.py took 0.288 seconds
[2022-03-28 10:44:32,151] {processor.py:163} INFO - Started process (PID=54778) to work on /home/vengat/big_data/python/venv/aflow_env/lib/python3.9/site-packages/airflow/example_dags/example_dag_decorator.py
[2022-03-28 10:44:32,153] {processor.py:642} INFO - Processing file /home/vengat/big_data/python/venv/aflow_env/lib/python3.9/site-packages/airflow/example_dags/example_dag_decorator.py for tasks to queue
[2022-03-28 10:44:32,153] {logging_mixin.py:109} INFO - [2022-03-28 10:44:32,153] {dagbag.py:500} INFO - Filling up the DagBag from /home/vengat/big_data/python/venv/aflow_env/lib/python3.9/site-packages/airflow/example_dags/example_dag_decorator.py
[2022-03-28 10:44:32,191] {processor.py:654} INFO - DAG(s) dict_keys(['example_dag_decorator']) retrieved from /home/vengat/big_data/python/venv/aflow_env/lib/python3.9/site-packages/airflow/example_dags/example_dag_decorator.py
[2022-03-28 10:44:32,378] {logging_mixin.py:109} INFO - [2022-03-28 10:44:32,378] {dag.py:2398} INFO - Sync 1 DAGs
[2022-03-28 10:44:32,387] {logging_mixin.py:109} INFO - [2022-03-28 10:44:32,387] {dag.py:2937} INFO - Setting next_dagrun for example_dag_decorator to None
[2022-03-28 10:44:32,397] {processor.py:171} INFO - Processing /home/vengat/big_data/python/venv/aflow_env/lib/python3.9/site-packages/airflow/example_dags/example_dag_decorator.py took 0.249 seconds
[2022-03-28 10:45:04,856] {processor.py:163} INFO - Started process (PID=54809) to work on /home/vengat/big_data/python/venv/aflow_env/lib/python3.9/site-packages/airflow/example_dags/example_dag_decorator.py
[2022-03-28 10:45:04,860] {processor.py:642} INFO - Processing file /home/vengat/big_data/python/venv/aflow_env/lib/python3.9/site-packages/airflow/example_dags/example_dag_decorator.py for tasks to queue
[2022-03-28 10:45:04,860] {logging_mixin.py:109} INFO - [2022-03-28 10:45:04,860] {dagbag.py:500} INFO - Filling up the DagBag from /home/vengat/big_data/python/venv/aflow_env/lib/python3.9/site-packages/airflow/example_dags/example_dag_decorator.py
[2022-03-28 10:45:04,901] {processor.py:654} INFO - DAG(s) dict_keys(['example_dag_decorator']) retrieved from /home/vengat/big_data/python/venv/aflow_env/lib/python3.9/site-packages/airflow/example_dags/example_dag_decorator.py
[2022-03-28 10:45:05,083] {logging_mixin.py:109} INFO - [2022-03-28 10:45:05,083] {dag.py:2398} INFO - Sync 1 DAGs
[2022-03-28 10:45:05,092] {logging_mixin.py:109} INFO - [2022-03-28 10:45:05,092] {dag.py:2937} INFO - Setting next_dagrun for example_dag_decorator to None
[2022-03-28 10:45:05,105] {processor.py:171} INFO - Processing /home/vengat/big_data/python/venv/aflow_env/lib/python3.9/site-packages/airflow/example_dags/example_dag_decorator.py took 0.254 seconds
[2022-03-28 10:45:38,997] {processor.py:163} INFO - Started process (PID=54864) to work on /home/vengat/big_data/python/venv/aflow_env/lib/python3.9/site-packages/airflow/example_dags/example_dag_decorator.py
[2022-03-28 10:45:38,999] {processor.py:642} INFO - Processing file /home/vengat/big_data/python/venv/aflow_env/lib/python3.9/site-packages/airflow/example_dags/example_dag_decorator.py for tasks to queue
[2022-03-28 10:45:38,999] {logging_mixin.py:109} INFO - [2022-03-28 10:45:38,999] {dagbag.py:500} INFO - Filling up the DagBag from /home/vengat/big_data/python/venv/aflow_env/lib/python3.9/site-packages/airflow/example_dags/example_dag_decorator.py
[2022-03-28 10:45:39,039] {processor.py:654} INFO - DAG(s) dict_keys(['example_dag_decorator']) retrieved from /home/vengat/big_data/python/venv/aflow_env/lib/python3.9/site-packages/airflow/example_dags/example_dag_decorator.py
[2022-03-28 10:45:39,234] {logging_mixin.py:109} INFO - [2022-03-28 10:45:39,234] {dag.py:2398} INFO - Sync 1 DAGs
[2022-03-28 10:45:39,244] {logging_mixin.py:109} INFO - [2022-03-28 10:45:39,244] {dag.py:2937} INFO - Setting next_dagrun for example_dag_decorator to None
[2022-03-28 10:45:39,253] {processor.py:171} INFO - Processing /home/vengat/big_data/python/venv/aflow_env/lib/python3.9/site-packages/airflow/example_dags/example_dag_decorator.py took 0.259 seconds
[2022-03-28 10:46:12,758] {processor.py:163} INFO - Started process (PID=54923) to work on /home/vengat/big_data/python/venv/aflow_env/lib/python3.9/site-packages/airflow/example_dags/example_dag_decorator.py
[2022-03-28 10:46:12,759] {processor.py:642} INFO - Processing file /home/vengat/big_data/python/venv/aflow_env/lib/python3.9/site-packages/airflow/example_dags/example_dag_decorator.py for tasks to queue
[2022-03-28 10:46:12,760] {logging_mixin.py:109} INFO - [2022-03-28 10:46:12,760] {dagbag.py:500} INFO - Filling up the DagBag from /home/vengat/big_data/python/venv/aflow_env/lib/python3.9/site-packages/airflow/example_dags/example_dag_decorator.py
[2022-03-28 10:46:12,800] {processor.py:654} INFO - DAG(s) dict_keys(['example_dag_decorator']) retrieved from /home/vengat/big_data/python/venv/aflow_env/lib/python3.9/site-packages/airflow/example_dags/example_dag_decorator.py
[2022-03-28 10:46:12,984] {logging_mixin.py:109} INFO - [2022-03-28 10:46:12,984] {dag.py:2398} INFO - Sync 1 DAGs
[2022-03-28 10:46:12,993] {logging_mixin.py:109} INFO - [2022-03-28 10:46:12,993] {dag.py:2937} INFO - Setting next_dagrun for example_dag_decorator to None
[2022-03-28 10:46:13,002] {processor.py:171} INFO - Processing /home/vengat/big_data/python/venv/aflow_env/lib/python3.9/site-packages/airflow/example_dags/example_dag_decorator.py took 0.251 seconds
[2022-03-28 10:46:49,386] {processor.py:163} INFO - Started process (PID=54958) to work on /home/vengat/big_data/python/venv/aflow_env/lib/python3.9/site-packages/airflow/example_dags/example_dag_decorator.py
[2022-03-28 10:46:49,427] {processor.py:642} INFO - Processing file /home/vengat/big_data/python/venv/aflow_env/lib/python3.9/site-packages/airflow/example_dags/example_dag_decorator.py for tasks to queue
[2022-03-28 10:46:49,428] {logging_mixin.py:109} INFO - [2022-03-28 10:46:49,428] {dagbag.py:500} INFO - Filling up the DagBag from /home/vengat/big_data/python/venv/aflow_env/lib/python3.9/site-packages/airflow/example_dags/example_dag_decorator.py
[2022-03-28 10:46:49,463] {processor.py:654} INFO - DAG(s) dict_keys(['example_dag_decorator']) retrieved from /home/vengat/big_data/python/venv/aflow_env/lib/python3.9/site-packages/airflow/example_dags/example_dag_decorator.py
[2022-03-28 10:46:49,904] {logging_mixin.py:109} INFO - [2022-03-28 10:46:49,904] {dag.py:2398} INFO - Sync 1 DAGs
[2022-03-28 10:46:49,923] {logging_mixin.py:109} INFO - [2022-03-28 10:46:49,923] {dag.py:2937} INFO - Setting next_dagrun for example_dag_decorator to None
[2022-03-28 10:46:50,006] {processor.py:171} INFO - Processing /home/vengat/big_data/python/venv/aflow_env/lib/python3.9/site-packages/airflow/example_dags/example_dag_decorator.py took 0.626 seconds
[2022-03-28 10:47:37,430] {processor.py:163} INFO - Started process (PID=54998) to work on /home/vengat/big_data/python/venv/aflow_env/lib/python3.9/site-packages/airflow/example_dags/example_dag_decorator.py
[2022-03-28 10:47:37,432] {processor.py:642} INFO - Processing file /home/vengat/big_data/python/venv/aflow_env/lib/python3.9/site-packages/airflow/example_dags/example_dag_decorator.py for tasks to queue
[2022-03-28 10:47:37,432] {logging_mixin.py:109} INFO - [2022-03-28 10:47:37,432] {dagbag.py:500} INFO - Filling up the DagBag from /home/vengat/big_data/python/venv/aflow_env/lib/python3.9/site-packages/airflow/example_dags/example_dag_decorator.py
[2022-03-28 10:47:37,469] {processor.py:654} INFO - DAG(s) dict_keys(['example_dag_decorator']) retrieved from /home/vengat/big_data/python/venv/aflow_env/lib/python3.9/site-packages/airflow/example_dags/example_dag_decorator.py
[2022-03-28 10:47:37,676] {logging_mixin.py:109} INFO - [2022-03-28 10:47:37,676] {dag.py:2398} INFO - Sync 1 DAGs
[2022-03-28 10:47:37,685] {logging_mixin.py:109} INFO - [2022-03-28 10:47:37,685] {dag.py:2937} INFO - Setting next_dagrun for example_dag_decorator to None
[2022-03-28 10:47:37,696] {processor.py:171} INFO - Processing /home/vengat/big_data/python/venv/aflow_env/lib/python3.9/site-packages/airflow/example_dags/example_dag_decorator.py took 0.269 seconds
[2022-03-28 10:48:20,844] {processor.py:163} INFO - Started process (PID=55042) to work on /home/vengat/big_data/python/venv/aflow_env/lib/python3.9/site-packages/airflow/example_dags/example_dag_decorator.py
[2022-03-28 10:48:20,846] {processor.py:642} INFO - Processing file /home/vengat/big_data/python/venv/aflow_env/lib/python3.9/site-packages/airflow/example_dags/example_dag_decorator.py for tasks to queue
[2022-03-28 10:48:20,847] {logging_mixin.py:109} INFO - [2022-03-28 10:48:20,847] {dagbag.py:500} INFO - Filling up the DagBag from /home/vengat/big_data/python/venv/aflow_env/lib/python3.9/site-packages/airflow/example_dags/example_dag_decorator.py
[2022-03-28 10:48:20,906] {processor.py:654} INFO - DAG(s) dict_keys(['example_dag_decorator']) retrieved from /home/vengat/big_data/python/venv/aflow_env/lib/python3.9/site-packages/airflow/example_dags/example_dag_decorator.py
[2022-03-28 10:48:21,126] {logging_mixin.py:109} INFO - [2022-03-28 10:48:21,125] {dag.py:2398} INFO - Sync 1 DAGs
[2022-03-28 10:48:21,135] {logging_mixin.py:109} INFO - [2022-03-28 10:48:21,135] {dag.py:2937} INFO - Setting next_dagrun for example_dag_decorator to None
[2022-03-28 10:48:21,145] {processor.py:171} INFO - Processing /home/vengat/big_data/python/venv/aflow_env/lib/python3.9/site-packages/airflow/example_dags/example_dag_decorator.py took 0.304 seconds
[2022-03-28 10:48:56,982] {processor.py:163} INFO - Started process (PID=55089) to work on /home/vengat/big_data/python/venv/aflow_env/lib/python3.9/site-packages/airflow/example_dags/example_dag_decorator.py
[2022-03-28 10:48:56,989] {processor.py:642} INFO - Processing file /home/vengat/big_data/python/venv/aflow_env/lib/python3.9/site-packages/airflow/example_dags/example_dag_decorator.py for tasks to queue
[2022-03-28 10:48:56,991] {logging_mixin.py:109} INFO - [2022-03-28 10:48:56,991] {dagbag.py:500} INFO - Filling up the DagBag from /home/vengat/big_data/python/venv/aflow_env/lib/python3.9/site-packages/airflow/example_dags/example_dag_decorator.py
[2022-03-28 10:48:57,072] {processor.py:654} INFO - DAG(s) dict_keys(['example_dag_decorator']) retrieved from /home/vengat/big_data/python/venv/aflow_env/lib/python3.9/site-packages/airflow/example_dags/example_dag_decorator.py
[2022-03-28 10:48:57,269] {logging_mixin.py:109} INFO - [2022-03-28 10:48:57,269] {dag.py:2398} INFO - Sync 1 DAGs
[2022-03-28 10:48:57,280] {logging_mixin.py:109} INFO - [2022-03-28 10:48:57,280] {dag.py:2937} INFO - Setting next_dagrun for example_dag_decorator to None
[2022-03-28 10:48:57,290] {processor.py:171} INFO - Processing /home/vengat/big_data/python/venv/aflow_env/lib/python3.9/site-packages/airflow/example_dags/example_dag_decorator.py took 0.321 seconds
[2022-03-28 10:49:31,228] {processor.py:163} INFO - Started process (PID=55122) to work on /home/vengat/big_data/python/venv/aflow_env/lib/python3.9/site-packages/airflow/example_dags/example_dag_decorator.py
[2022-03-28 10:49:31,230] {processor.py:642} INFO - Processing file /home/vengat/big_data/python/venv/aflow_env/lib/python3.9/site-packages/airflow/example_dags/example_dag_decorator.py for tasks to queue
[2022-03-28 10:49:31,230] {logging_mixin.py:109} INFO - [2022-03-28 10:49:31,230] {dagbag.py:500} INFO - Filling up the DagBag from /home/vengat/big_data/python/venv/aflow_env/lib/python3.9/site-packages/airflow/example_dags/example_dag_decorator.py
[2022-03-28 10:49:31,273] {processor.py:654} INFO - DAG(s) dict_keys(['example_dag_decorator']) retrieved from /home/vengat/big_data/python/venv/aflow_env/lib/python3.9/site-packages/airflow/example_dags/example_dag_decorator.py
[2022-03-28 10:49:31,477] {logging_mixin.py:109} INFO - [2022-03-28 10:49:31,477] {dag.py:2398} INFO - Sync 1 DAGs
[2022-03-28 10:49:31,489] {logging_mixin.py:109} INFO - [2022-03-28 10:49:31,489] {dag.py:2937} INFO - Setting next_dagrun for example_dag_decorator to None
[2022-03-28 10:49:31,498] {processor.py:171} INFO - Processing /home/vengat/big_data/python/venv/aflow_env/lib/python3.9/site-packages/airflow/example_dags/example_dag_decorator.py took 0.275 seconds
[2022-03-28 10:50:03,334] {processor.py:163} INFO - Started process (PID=55154) to work on /home/vengat/big_data/python/venv/aflow_env/lib/python3.9/site-packages/airflow/example_dags/example_dag_decorator.py
[2022-03-28 10:50:03,335] {processor.py:642} INFO - Processing file /home/vengat/big_data/python/venv/aflow_env/lib/python3.9/site-packages/airflow/example_dags/example_dag_decorator.py for tasks to queue
[2022-03-28 10:50:03,335] {logging_mixin.py:109} INFO - [2022-03-28 10:50:03,335] {dagbag.py:500} INFO - Filling up the DagBag from /home/vengat/big_data/python/venv/aflow_env/lib/python3.9/site-packages/airflow/example_dags/example_dag_decorator.py
[2022-03-28 10:50:03,381] {processor.py:654} INFO - DAG(s) dict_keys(['example_dag_decorator']) retrieved from /home/vengat/big_data/python/venv/aflow_env/lib/python3.9/site-packages/airflow/example_dags/example_dag_decorator.py
[2022-03-28 10:50:03,578] {logging_mixin.py:109} INFO - [2022-03-28 10:50:03,578] {dag.py:2398} INFO - Sync 1 DAGs
[2022-03-28 10:50:03,587] {logging_mixin.py:109} INFO - [2022-03-28 10:50:03,587] {dag.py:2937} INFO - Setting next_dagrun for example_dag_decorator to None
[2022-03-28 10:50:03,597] {processor.py:171} INFO - Processing /home/vengat/big_data/python/venv/aflow_env/lib/python3.9/site-packages/airflow/example_dags/example_dag_decorator.py took 0.266 seconds
[2022-03-28 10:50:36,043] {processor.py:163} INFO - Started process (PID=55186) to work on /home/vengat/big_data/python/venv/aflow_env/lib/python3.9/site-packages/airflow/example_dags/example_dag_decorator.py
[2022-03-28 10:50:36,045] {processor.py:642} INFO - Processing file /home/vengat/big_data/python/venv/aflow_env/lib/python3.9/site-packages/airflow/example_dags/example_dag_decorator.py for tasks to queue
[2022-03-28 10:50:36,045] {logging_mixin.py:109} INFO - [2022-03-28 10:50:36,045] {dagbag.py:500} INFO - Filling up the DagBag from /home/vengat/big_data/python/venv/aflow_env/lib/python3.9/site-packages/airflow/example_dags/example_dag_decorator.py
[2022-03-28 10:50:36,073] {processor.py:654} INFO - DAG(s) dict_keys(['example_dag_decorator']) retrieved from /home/vengat/big_data/python/venv/aflow_env/lib/python3.9/site-packages/airflow/example_dags/example_dag_decorator.py
[2022-03-28 10:50:36,251] {logging_mixin.py:109} INFO - [2022-03-28 10:50:36,251] {dag.py:2398} INFO - Sync 1 DAGs
[2022-03-28 10:50:36,259] {logging_mixin.py:109} INFO - [2022-03-28 10:50:36,259] {dag.py:2937} INFO - Setting next_dagrun for example_dag_decorator to None
[2022-03-28 10:50:36,269] {processor.py:171} INFO - Processing /home/vengat/big_data/python/venv/aflow_env/lib/python3.9/site-packages/airflow/example_dags/example_dag_decorator.py took 0.229 seconds
[2022-03-28 10:51:09,548] {processor.py:163} INFO - Started process (PID=55218) to work on /home/vengat/big_data/python/venv/aflow_env/lib/python3.9/site-packages/airflow/example_dags/example_dag_decorator.py
[2022-03-28 10:51:09,550] {processor.py:642} INFO - Processing file /home/vengat/big_data/python/venv/aflow_env/lib/python3.9/site-packages/airflow/example_dags/example_dag_decorator.py for tasks to queue
[2022-03-28 10:51:09,551] {logging_mixin.py:109} INFO - [2022-03-28 10:51:09,551] {dagbag.py:500} INFO - Filling up the DagBag from /home/vengat/big_data/python/venv/aflow_env/lib/python3.9/site-packages/airflow/example_dags/example_dag_decorator.py
[2022-03-28 10:51:09,589] {processor.py:654} INFO - DAG(s) dict_keys(['example_dag_decorator']) retrieved from /home/vengat/big_data/python/venv/aflow_env/lib/python3.9/site-packages/airflow/example_dags/example_dag_decorator.py
[2022-03-28 10:51:09,767] {logging_mixin.py:109} INFO - [2022-03-28 10:51:09,767] {dag.py:2398} INFO - Sync 1 DAGs
[2022-03-28 10:51:09,775] {logging_mixin.py:109} INFO - [2022-03-28 10:51:09,775] {dag.py:2937} INFO - Setting next_dagrun for example_dag_decorator to None
[2022-03-28 10:51:09,785] {processor.py:171} INFO - Processing /home/vengat/big_data/python/venv/aflow_env/lib/python3.9/site-packages/airflow/example_dags/example_dag_decorator.py took 0.241 seconds
[2022-03-28 10:51:42,695] {processor.py:163} INFO - Started process (PID=55250) to work on /home/vengat/big_data/python/venv/aflow_env/lib/python3.9/site-packages/airflow/example_dags/example_dag_decorator.py
[2022-03-28 10:51:42,698] {processor.py:642} INFO - Processing file /home/vengat/big_data/python/venv/aflow_env/lib/python3.9/site-packages/airflow/example_dags/example_dag_decorator.py for tasks to queue
[2022-03-28 10:51:42,699] {logging_mixin.py:109} INFO - [2022-03-28 10:51:42,699] {dagbag.py:500} INFO - Filling up the DagBag from /home/vengat/big_data/python/venv/aflow_env/lib/python3.9/site-packages/airflow/example_dags/example_dag_decorator.py
[2022-03-28 10:51:42,732] {processor.py:654} INFO - DAG(s) dict_keys(['example_dag_decorator']) retrieved from /home/vengat/big_data/python/venv/aflow_env/lib/python3.9/site-packages/airflow/example_dags/example_dag_decorator.py
[2022-03-28 10:51:42,916] {logging_mixin.py:109} INFO - [2022-03-28 10:51:42,916] {dag.py:2398} INFO - Sync 1 DAGs
[2022-03-28 10:51:42,928] {logging_mixin.py:109} INFO - [2022-03-28 10:51:42,928] {dag.py:2937} INFO - Setting next_dagrun for example_dag_decorator to None
[2022-03-28 10:51:42,938] {processor.py:171} INFO - Processing /home/vengat/big_data/python/venv/aflow_env/lib/python3.9/site-packages/airflow/example_dags/example_dag_decorator.py took 0.246 seconds
[2022-03-28 10:52:15,191] {processor.py:163} INFO - Started process (PID=55282) to work on /home/vengat/big_data/python/venv/aflow_env/lib/python3.9/site-packages/airflow/example_dags/example_dag_decorator.py
[2022-03-28 10:52:15,192] {processor.py:642} INFO - Processing file /home/vengat/big_data/python/venv/aflow_env/lib/python3.9/site-packages/airflow/example_dags/example_dag_decorator.py for tasks to queue
[2022-03-28 10:52:15,193] {logging_mixin.py:109} INFO - [2022-03-28 10:52:15,192] {dagbag.py:500} INFO - Filling up the DagBag from /home/vengat/big_data/python/venv/aflow_env/lib/python3.9/site-packages/airflow/example_dags/example_dag_decorator.py
[2022-03-28 10:52:15,226] {processor.py:654} INFO - DAG(s) dict_keys(['example_dag_decorator']) retrieved from /home/vengat/big_data/python/venv/aflow_env/lib/python3.9/site-packages/airflow/example_dags/example_dag_decorator.py
[2022-03-28 10:52:15,412] {logging_mixin.py:109} INFO - [2022-03-28 10:52:15,412] {dag.py:2398} INFO - Sync 1 DAGs
[2022-03-28 10:52:15,422] {logging_mixin.py:109} INFO - [2022-03-28 10:52:15,422] {dag.py:2937} INFO - Setting next_dagrun for example_dag_decorator to None
[2022-03-28 10:52:15,432] {processor.py:171} INFO - Processing /home/vengat/big_data/python/venv/aflow_env/lib/python3.9/site-packages/airflow/example_dags/example_dag_decorator.py took 0.245 seconds
[2022-03-28 10:52:51,461] {processor.py:163} INFO - Started process (PID=55321) to work on /home/vengat/big_data/python/venv/aflow_env/lib/python3.9/site-packages/airflow/example_dags/example_dag_decorator.py
[2022-03-28 10:52:51,463] {processor.py:642} INFO - Processing file /home/vengat/big_data/python/venv/aflow_env/lib/python3.9/site-packages/airflow/example_dags/example_dag_decorator.py for tasks to queue
[2022-03-28 10:52:51,464] {logging_mixin.py:109} INFO - [2022-03-28 10:52:51,464] {dagbag.py:500} INFO - Filling up the DagBag from /home/vengat/big_data/python/venv/aflow_env/lib/python3.9/site-packages/airflow/example_dags/example_dag_decorator.py
[2022-03-28 10:52:51,496] {processor.py:654} INFO - DAG(s) dict_keys(['example_dag_decorator']) retrieved from /home/vengat/big_data/python/venv/aflow_env/lib/python3.9/site-packages/airflow/example_dags/example_dag_decorator.py
[2022-03-28 10:52:51,671] {logging_mixin.py:109} INFO - [2022-03-28 10:52:51,671] {dag.py:2398} INFO - Sync 1 DAGs
[2022-03-28 10:52:51,685] {logging_mixin.py:109} INFO - [2022-03-28 10:52:51,685] {dag.py:2937} INFO - Setting next_dagrun for example_dag_decorator to None
[2022-03-28 10:52:51,695] {processor.py:171} INFO - Processing /home/vengat/big_data/python/venv/aflow_env/lib/python3.9/site-packages/airflow/example_dags/example_dag_decorator.py took 0.239 seconds
[2022-03-28 10:53:27,956] {processor.py:163} INFO - Started process (PID=55358) to work on /home/vengat/big_data/python/venv/aflow_env/lib/python3.9/site-packages/airflow/example_dags/example_dag_decorator.py
[2022-03-28 10:53:27,958] {processor.py:642} INFO - Processing file /home/vengat/big_data/python/venv/aflow_env/lib/python3.9/site-packages/airflow/example_dags/example_dag_decorator.py for tasks to queue
[2022-03-28 10:53:27,959] {logging_mixin.py:109} INFO - [2022-03-28 10:53:27,959] {dagbag.py:500} INFO - Filling up the DagBag from /home/vengat/big_data/python/venv/aflow_env/lib/python3.9/site-packages/airflow/example_dags/example_dag_decorator.py
[2022-03-28 10:53:27,997] {processor.py:654} INFO - DAG(s) dict_keys(['example_dag_decorator']) retrieved from /home/vengat/big_data/python/venv/aflow_env/lib/python3.9/site-packages/airflow/example_dags/example_dag_decorator.py
[2022-03-28 10:53:28,196] {logging_mixin.py:109} INFO - [2022-03-28 10:53:28,196] {dag.py:2398} INFO - Sync 1 DAGs
[2022-03-28 10:53:28,208] {logging_mixin.py:109} INFO - [2022-03-28 10:53:28,208] {dag.py:2937} INFO - Setting next_dagrun for example_dag_decorator to None
[2022-03-28 10:53:28,218] {processor.py:171} INFO - Processing /home/vengat/big_data/python/venv/aflow_env/lib/python3.9/site-packages/airflow/example_dags/example_dag_decorator.py took 0.267 seconds
[2022-03-28 10:54:03,346] {processor.py:163} INFO - Started process (PID=55394) to work on /home/vengat/big_data/python/venv/aflow_env/lib/python3.9/site-packages/airflow/example_dags/example_dag_decorator.py
[2022-03-28 10:54:03,348] {processor.py:642} INFO - Processing file /home/vengat/big_data/python/venv/aflow_env/lib/python3.9/site-packages/airflow/example_dags/example_dag_decorator.py for tasks to queue
[2022-03-28 10:54:03,348] {logging_mixin.py:109} INFO - [2022-03-28 10:54:03,348] {dagbag.py:500} INFO - Filling up the DagBag from /home/vengat/big_data/python/venv/aflow_env/lib/python3.9/site-packages/airflow/example_dags/example_dag_decorator.py
[2022-03-28 10:54:03,377] {processor.py:654} INFO - DAG(s) dict_keys(['example_dag_decorator']) retrieved from /home/vengat/big_data/python/venv/aflow_env/lib/python3.9/site-packages/airflow/example_dags/example_dag_decorator.py
[2022-03-28 10:54:03,588] {logging_mixin.py:109} INFO - [2022-03-28 10:54:03,588] {dag.py:2398} INFO - Sync 1 DAGs
[2022-03-28 10:54:03,600] {logging_mixin.py:109} INFO - [2022-03-28 10:54:03,600] {dag.py:2937} INFO - Setting next_dagrun for example_dag_decorator to None
[2022-03-28 10:54:03,611] {processor.py:171} INFO - Processing /home/vengat/big_data/python/venv/aflow_env/lib/python3.9/site-packages/airflow/example_dags/example_dag_decorator.py took 0.268 seconds
[2022-03-28 10:54:37,170] {processor.py:163} INFO - Started process (PID=55426) to work on /home/vengat/big_data/python/venv/aflow_env/lib/python3.9/site-packages/airflow/example_dags/example_dag_decorator.py
[2022-03-28 10:54:37,173] {processor.py:642} INFO - Processing file /home/vengat/big_data/python/venv/aflow_env/lib/python3.9/site-packages/airflow/example_dags/example_dag_decorator.py for tasks to queue
[2022-03-28 10:54:37,174] {logging_mixin.py:109} INFO - [2022-03-28 10:54:37,174] {dagbag.py:500} INFO - Filling up the DagBag from /home/vengat/big_data/python/venv/aflow_env/lib/python3.9/site-packages/airflow/example_dags/example_dag_decorator.py
[2022-03-28 10:54:37,212] {processor.py:654} INFO - DAG(s) dict_keys(['example_dag_decorator']) retrieved from /home/vengat/big_data/python/venv/aflow_env/lib/python3.9/site-packages/airflow/example_dags/example_dag_decorator.py
[2022-03-28 10:54:37,406] {logging_mixin.py:109} INFO - [2022-03-28 10:54:37,406] {dag.py:2398} INFO - Sync 1 DAGs
[2022-03-28 10:54:37,414] {logging_mixin.py:109} INFO - [2022-03-28 10:54:37,414] {dag.py:2937} INFO - Setting next_dagrun for example_dag_decorator to None
[2022-03-28 10:54:37,424] {processor.py:171} INFO - Processing /home/vengat/big_data/python/venv/aflow_env/lib/python3.9/site-packages/airflow/example_dags/example_dag_decorator.py took 0.259 seconds
