[2022-03-28 10:13:59,580] {processor.py:163} INFO - Started process (PID=52751) to work on /home/vengat/big_data/python/venv/aflow_env/lib/python3.9/site-packages/airflow/example_dags/example_latest_only.py
[2022-03-28 10:13:59,581] {processor.py:642} INFO - Processing file /home/vengat/big_data/python/venv/aflow_env/lib/python3.9/site-packages/airflow/example_dags/example_latest_only.py for tasks to queue
[2022-03-28 10:13:59,582] {logging_mixin.py:109} INFO - [2022-03-28 10:13:59,582] {dagbag.py:500} INFO - Filling up the DagBag from /home/vengat/big_data/python/venv/aflow_env/lib/python3.9/site-packages/airflow/example_dags/example_latest_only.py
[2022-03-28 10:13:59,609] {processor.py:654} INFO - DAG(s) dict_keys(['latest_only']) retrieved from /home/vengat/big_data/python/venv/aflow_env/lib/python3.9/site-packages/airflow/example_dags/example_latest_only.py
[2022-03-28 10:13:59,620] {logging_mixin.py:109} INFO - [2022-03-28 10:13:59,620] {dag.py:2398} INFO - Sync 1 DAGs
[2022-03-28 10:13:59,638] {logging_mixin.py:109} INFO - [2022-03-28 10:13:59,638] {dag.py:2937} INFO - Setting next_dagrun for latest_only to 2022-03-28T13:13:59.637959+00:00
[2022-03-28 10:13:59,649] {processor.py:171} INFO - Processing /home/vengat/big_data/python/venv/aflow_env/lib/python3.9/site-packages/airflow/example_dags/example_latest_only.py took 0.074 seconds
[2022-03-28 10:14:33,726] {processor.py:163} INFO - Started process (PID=52783) to work on /home/vengat/big_data/python/venv/aflow_env/lib/python3.9/site-packages/airflow/example_dags/example_latest_only.py
[2022-03-28 10:14:33,727] {processor.py:642} INFO - Processing file /home/vengat/big_data/python/venv/aflow_env/lib/python3.9/site-packages/airflow/example_dags/example_latest_only.py for tasks to queue
[2022-03-28 10:14:33,728] {logging_mixin.py:109} INFO - [2022-03-28 10:14:33,728] {dagbag.py:500} INFO - Filling up the DagBag from /home/vengat/big_data/python/venv/aflow_env/lib/python3.9/site-packages/airflow/example_dags/example_latest_only.py
[2022-03-28 10:14:33,752] {processor.py:654} INFO - DAG(s) dict_keys(['latest_only']) retrieved from /home/vengat/big_data/python/venv/aflow_env/lib/python3.9/site-packages/airflow/example_dags/example_latest_only.py
[2022-03-28 10:14:33,761] {logging_mixin.py:109} INFO - [2022-03-28 10:14:33,761] {dag.py:2398} INFO - Sync 1 DAGs
[2022-03-28 10:14:33,776] {logging_mixin.py:109} INFO - [2022-03-28 10:14:33,776] {dag.py:2937} INFO - Setting next_dagrun for latest_only to 2022-03-28T13:14:33.775817+00:00
[2022-03-28 10:14:33,788] {processor.py:171} INFO - Processing /home/vengat/big_data/python/venv/aflow_env/lib/python3.9/site-packages/airflow/example_dags/example_latest_only.py took 0.066 seconds
[2022-03-28 10:15:10,272] {processor.py:163} INFO - Started process (PID=52818) to work on /home/vengat/big_data/python/venv/aflow_env/lib/python3.9/site-packages/airflow/example_dags/example_latest_only.py
[2022-03-28 10:15:10,275] {processor.py:642} INFO - Processing file /home/vengat/big_data/python/venv/aflow_env/lib/python3.9/site-packages/airflow/example_dags/example_latest_only.py for tasks to queue
[2022-03-28 10:15:10,277] {logging_mixin.py:109} INFO - [2022-03-28 10:15:10,277] {dagbag.py:500} INFO - Filling up the DagBag from /home/vengat/big_data/python/venv/aflow_env/lib/python3.9/site-packages/airflow/example_dags/example_latest_only.py
[2022-03-28 10:15:10,312] {processor.py:654} INFO - DAG(s) dict_keys(['latest_only']) retrieved from /home/vengat/big_data/python/venv/aflow_env/lib/python3.9/site-packages/airflow/example_dags/example_latest_only.py
[2022-03-28 10:15:10,323] {logging_mixin.py:109} INFO - [2022-03-28 10:15:10,323] {dag.py:2398} INFO - Sync 1 DAGs
[2022-03-28 10:15:10,334] {logging_mixin.py:109} INFO - [2022-03-28 10:15:10,334] {dag.py:2937} INFO - Setting next_dagrun for latest_only to 2022-03-28T13:15:10.334570+00:00
[2022-03-28 10:15:10,344] {processor.py:171} INFO - Processing /home/vengat/big_data/python/venv/aflow_env/lib/python3.9/site-packages/airflow/example_dags/example_latest_only.py took 0.086 seconds
[2022-03-28 10:15:48,637] {processor.py:163} INFO - Started process (PID=52852) to work on /home/vengat/big_data/python/venv/aflow_env/lib/python3.9/site-packages/airflow/example_dags/example_latest_only.py
[2022-03-28 10:15:48,638] {processor.py:642} INFO - Processing file /home/vengat/big_data/python/venv/aflow_env/lib/python3.9/site-packages/airflow/example_dags/example_latest_only.py for tasks to queue
[2022-03-28 10:15:48,639] {logging_mixin.py:109} INFO - [2022-03-28 10:15:48,639] {dagbag.py:500} INFO - Filling up the DagBag from /home/vengat/big_data/python/venv/aflow_env/lib/python3.9/site-packages/airflow/example_dags/example_latest_only.py
[2022-03-28 10:15:48,663] {processor.py:654} INFO - DAG(s) dict_keys(['latest_only']) retrieved from /home/vengat/big_data/python/venv/aflow_env/lib/python3.9/site-packages/airflow/example_dags/example_latest_only.py
[2022-03-28 10:15:48,674] {logging_mixin.py:109} INFO - [2022-03-28 10:15:48,673] {dag.py:2398} INFO - Sync 1 DAGs
[2022-03-28 10:15:48,685] {logging_mixin.py:109} INFO - [2022-03-28 10:15:48,685] {dag.py:2937} INFO - Setting next_dagrun for latest_only to 2022-03-28T13:15:48.685185+00:00
[2022-03-28 10:15:48,693] {processor.py:171} INFO - Processing /home/vengat/big_data/python/venv/aflow_env/lib/python3.9/site-packages/airflow/example_dags/example_latest_only.py took 0.060 seconds
[2022-03-28 10:16:21,878] {processor.py:163} INFO - Started process (PID=52884) to work on /home/vengat/big_data/python/venv/aflow_env/lib/python3.9/site-packages/airflow/example_dags/example_latest_only.py
[2022-03-28 10:16:21,879] {processor.py:642} INFO - Processing file /home/vengat/big_data/python/venv/aflow_env/lib/python3.9/site-packages/airflow/example_dags/example_latest_only.py for tasks to queue
[2022-03-28 10:16:21,881] {logging_mixin.py:109} INFO - [2022-03-28 10:16:21,881] {dagbag.py:500} INFO - Filling up the DagBag from /home/vengat/big_data/python/venv/aflow_env/lib/python3.9/site-packages/airflow/example_dags/example_latest_only.py
[2022-03-28 10:16:21,909] {processor.py:654} INFO - DAG(s) dict_keys(['latest_only']) retrieved from /home/vengat/big_data/python/venv/aflow_env/lib/python3.9/site-packages/airflow/example_dags/example_latest_only.py
[2022-03-28 10:16:21,917] {logging_mixin.py:109} INFO - [2022-03-28 10:16:21,917] {dag.py:2398} INFO - Sync 1 DAGs
[2022-03-28 10:16:21,930] {logging_mixin.py:109} INFO - [2022-03-28 10:16:21,930] {dag.py:2937} INFO - Setting next_dagrun for latest_only to 2022-03-28T13:16:21.930194+00:00
[2022-03-28 10:16:21,940] {processor.py:171} INFO - Processing /home/vengat/big_data/python/venv/aflow_env/lib/python3.9/site-packages/airflow/example_dags/example_latest_only.py took 0.071 seconds
[2022-03-28 10:16:57,061] {processor.py:163} INFO - Started process (PID=52916) to work on /home/vengat/big_data/python/venv/aflow_env/lib/python3.9/site-packages/airflow/example_dags/example_latest_only.py
[2022-03-28 10:16:57,063] {processor.py:642} INFO - Processing file /home/vengat/big_data/python/venv/aflow_env/lib/python3.9/site-packages/airflow/example_dags/example_latest_only.py for tasks to queue
[2022-03-28 10:16:57,063] {logging_mixin.py:109} INFO - [2022-03-28 10:16:57,063] {dagbag.py:500} INFO - Filling up the DagBag from /home/vengat/big_data/python/venv/aflow_env/lib/python3.9/site-packages/airflow/example_dags/example_latest_only.py
[2022-03-28 10:16:57,092] {processor.py:654} INFO - DAG(s) dict_keys(['latest_only']) retrieved from /home/vengat/big_data/python/venv/aflow_env/lib/python3.9/site-packages/airflow/example_dags/example_latest_only.py
[2022-03-28 10:16:57,104] {logging_mixin.py:109} INFO - [2022-03-28 10:16:57,104] {dag.py:2398} INFO - Sync 1 DAGs
[2022-03-28 10:16:57,117] {logging_mixin.py:109} INFO - [2022-03-28 10:16:57,116] {dag.py:2937} INFO - Setting next_dagrun for latest_only to 2022-03-28T13:16:57.116622+00:00
[2022-03-28 10:16:57,126] {processor.py:171} INFO - Processing /home/vengat/big_data/python/venv/aflow_env/lib/python3.9/site-packages/airflow/example_dags/example_latest_only.py took 0.070 seconds
[2022-03-28 10:17:31,831] {processor.py:163} INFO - Started process (PID=52954) to work on /home/vengat/big_data/python/venv/aflow_env/lib/python3.9/site-packages/airflow/example_dags/example_latest_only.py
[2022-03-28 10:17:31,833] {processor.py:642} INFO - Processing file /home/vengat/big_data/python/venv/aflow_env/lib/python3.9/site-packages/airflow/example_dags/example_latest_only.py for tasks to queue
[2022-03-28 10:17:31,833] {logging_mixin.py:109} INFO - [2022-03-28 10:17:31,833] {dagbag.py:500} INFO - Filling up the DagBag from /home/vengat/big_data/python/venv/aflow_env/lib/python3.9/site-packages/airflow/example_dags/example_latest_only.py
[2022-03-28 10:17:31,859] {processor.py:654} INFO - DAG(s) dict_keys(['latest_only']) retrieved from /home/vengat/big_data/python/venv/aflow_env/lib/python3.9/site-packages/airflow/example_dags/example_latest_only.py
[2022-03-28 10:17:31,867] {logging_mixin.py:109} INFO - [2022-03-28 10:17:31,867] {dag.py:2398} INFO - Sync 1 DAGs
[2022-03-28 10:17:31,879] {logging_mixin.py:109} INFO - [2022-03-28 10:17:31,879] {dag.py:2937} INFO - Setting next_dagrun for latest_only to 2022-03-28T13:17:31.878760+00:00
[2022-03-28 10:17:31,887] {processor.py:171} INFO - Processing /home/vengat/big_data/python/venv/aflow_env/lib/python3.9/site-packages/airflow/example_dags/example_latest_only.py took 0.059 seconds
[2022-03-28 10:18:05,641] {processor.py:163} INFO - Started process (PID=52988) to work on /home/vengat/big_data/python/venv/aflow_env/lib/python3.9/site-packages/airflow/example_dags/example_latest_only.py
[2022-03-28 10:18:05,645] {processor.py:642} INFO - Processing file /home/vengat/big_data/python/venv/aflow_env/lib/python3.9/site-packages/airflow/example_dags/example_latest_only.py for tasks to queue
[2022-03-28 10:18:05,646] {logging_mixin.py:109} INFO - [2022-03-28 10:18:05,646] {dagbag.py:500} INFO - Filling up the DagBag from /home/vengat/big_data/python/venv/aflow_env/lib/python3.9/site-packages/airflow/example_dags/example_latest_only.py
[2022-03-28 10:18:05,689] {processor.py:654} INFO - DAG(s) dict_keys(['latest_only']) retrieved from /home/vengat/big_data/python/venv/aflow_env/lib/python3.9/site-packages/airflow/example_dags/example_latest_only.py
[2022-03-28 10:18:05,698] {logging_mixin.py:109} INFO - [2022-03-28 10:18:05,698] {dag.py:2398} INFO - Sync 1 DAGs
[2022-03-28 10:18:05,709] {logging_mixin.py:109} INFO - [2022-03-28 10:18:05,709] {dag.py:2937} INFO - Setting next_dagrun for latest_only to 2022-03-28T13:18:05.709238+00:00
[2022-03-28 10:18:05,718] {processor.py:171} INFO - Processing /home/vengat/big_data/python/venv/aflow_env/lib/python3.9/site-packages/airflow/example_dags/example_latest_only.py took 0.086 seconds
[2022-03-28 10:18:41,417] {processor.py:163} INFO - Started process (PID=53025) to work on /home/vengat/big_data/python/venv/aflow_env/lib/python3.9/site-packages/airflow/example_dags/example_latest_only.py
[2022-03-28 10:18:41,420] {processor.py:642} INFO - Processing file /home/vengat/big_data/python/venv/aflow_env/lib/python3.9/site-packages/airflow/example_dags/example_latest_only.py for tasks to queue
[2022-03-28 10:18:41,421] {logging_mixin.py:109} INFO - [2022-03-28 10:18:41,421] {dagbag.py:500} INFO - Filling up the DagBag from /home/vengat/big_data/python/venv/aflow_env/lib/python3.9/site-packages/airflow/example_dags/example_latest_only.py
[2022-03-28 10:18:41,449] {processor.py:654} INFO - DAG(s) dict_keys(['latest_only']) retrieved from /home/vengat/big_data/python/venv/aflow_env/lib/python3.9/site-packages/airflow/example_dags/example_latest_only.py
[2022-03-28 10:18:41,457] {logging_mixin.py:109} INFO - [2022-03-28 10:18:41,457] {dag.py:2398} INFO - Sync 1 DAGs
[2022-03-28 10:18:41,469] {logging_mixin.py:109} INFO - [2022-03-28 10:18:41,468] {dag.py:2937} INFO - Setting next_dagrun for latest_only to 2022-03-28T13:18:41.468699+00:00
[2022-03-28 10:18:41,478] {processor.py:171} INFO - Processing /home/vengat/big_data/python/venv/aflow_env/lib/python3.9/site-packages/airflow/example_dags/example_latest_only.py took 0.069 seconds
[2022-03-28 10:19:15,729] {processor.py:163} INFO - Started process (PID=53058) to work on /home/vengat/big_data/python/venv/aflow_env/lib/python3.9/site-packages/airflow/example_dags/example_latest_only.py
[2022-03-28 10:19:15,730] {processor.py:642} INFO - Processing file /home/vengat/big_data/python/venv/aflow_env/lib/python3.9/site-packages/airflow/example_dags/example_latest_only.py for tasks to queue
[2022-03-28 10:19:15,730] {logging_mixin.py:109} INFO - [2022-03-28 10:19:15,730] {dagbag.py:500} INFO - Filling up the DagBag from /home/vengat/big_data/python/venv/aflow_env/lib/python3.9/site-packages/airflow/example_dags/example_latest_only.py
[2022-03-28 10:19:15,763] {processor.py:654} INFO - DAG(s) dict_keys(['latest_only']) retrieved from /home/vengat/big_data/python/venv/aflow_env/lib/python3.9/site-packages/airflow/example_dags/example_latest_only.py
[2022-03-28 10:19:15,773] {logging_mixin.py:109} INFO - [2022-03-28 10:19:15,773] {dag.py:2398} INFO - Sync 1 DAGs
[2022-03-28 10:19:15,789] {logging_mixin.py:109} INFO - [2022-03-28 10:19:15,789] {dag.py:2937} INFO - Setting next_dagrun for latest_only to 2022-03-28T13:19:15.789316+00:00
[2022-03-28 10:19:15,801] {processor.py:171} INFO - Processing /home/vengat/big_data/python/venv/aflow_env/lib/python3.9/site-packages/airflow/example_dags/example_latest_only.py took 0.079 seconds
[2022-03-28 10:19:52,152] {processor.py:163} INFO - Started process (PID=53092) to work on /home/vengat/big_data/python/venv/aflow_env/lib/python3.9/site-packages/airflow/example_dags/example_latest_only.py
[2022-03-28 10:19:52,153] {processor.py:642} INFO - Processing file /home/vengat/big_data/python/venv/aflow_env/lib/python3.9/site-packages/airflow/example_dags/example_latest_only.py for tasks to queue
[2022-03-28 10:19:52,153] {logging_mixin.py:109} INFO - [2022-03-28 10:19:52,153] {dagbag.py:500} INFO - Filling up the DagBag from /home/vengat/big_data/python/venv/aflow_env/lib/python3.9/site-packages/airflow/example_dags/example_latest_only.py
[2022-03-28 10:19:52,179] {processor.py:654} INFO - DAG(s) dict_keys(['latest_only']) retrieved from /home/vengat/big_data/python/venv/aflow_env/lib/python3.9/site-packages/airflow/example_dags/example_latest_only.py
[2022-03-28 10:19:52,188] {logging_mixin.py:109} INFO - [2022-03-28 10:19:52,188] {dag.py:2398} INFO - Sync 1 DAGs
[2022-03-28 10:19:52,201] {logging_mixin.py:109} INFO - [2022-03-28 10:19:52,201] {dag.py:2937} INFO - Setting next_dagrun for latest_only to 2022-03-28T13:19:52.201235+00:00
[2022-03-28 10:19:52,211] {processor.py:171} INFO - Processing /home/vengat/big_data/python/venv/aflow_env/lib/python3.9/site-packages/airflow/example_dags/example_latest_only.py took 0.062 seconds
[2022-03-28 10:20:28,186] {processor.py:163} INFO - Started process (PID=53126) to work on /home/vengat/big_data/python/venv/aflow_env/lib/python3.9/site-packages/airflow/example_dags/example_latest_only.py
[2022-03-28 10:20:28,189] {processor.py:642} INFO - Processing file /home/vengat/big_data/python/venv/aflow_env/lib/python3.9/site-packages/airflow/example_dags/example_latest_only.py for tasks to queue
[2022-03-28 10:20:28,189] {logging_mixin.py:109} INFO - [2022-03-28 10:20:28,189] {dagbag.py:500} INFO - Filling up the DagBag from /home/vengat/big_data/python/venv/aflow_env/lib/python3.9/site-packages/airflow/example_dags/example_latest_only.py
[2022-03-28 10:20:28,222] {processor.py:654} INFO - DAG(s) dict_keys(['latest_only']) retrieved from /home/vengat/big_data/python/venv/aflow_env/lib/python3.9/site-packages/airflow/example_dags/example_latest_only.py
[2022-03-28 10:20:28,237] {logging_mixin.py:109} INFO - [2022-03-28 10:20:28,237] {dag.py:2398} INFO - Sync 1 DAGs
[2022-03-28 10:20:28,254] {logging_mixin.py:109} INFO - [2022-03-28 10:20:28,254] {dag.py:2937} INFO - Setting next_dagrun for latest_only to 2022-03-28T13:20:28.254287+00:00
[2022-03-28 10:20:28,266] {processor.py:171} INFO - Processing /home/vengat/big_data/python/venv/aflow_env/lib/python3.9/site-packages/airflow/example_dags/example_latest_only.py took 0.084 seconds
[2022-03-28 10:21:04,545] {processor.py:163} INFO - Started process (PID=53159) to work on /home/vengat/big_data/python/venv/aflow_env/lib/python3.9/site-packages/airflow/example_dags/example_latest_only.py
[2022-03-28 10:21:04,549] {processor.py:642} INFO - Processing file /home/vengat/big_data/python/venv/aflow_env/lib/python3.9/site-packages/airflow/example_dags/example_latest_only.py for tasks to queue
[2022-03-28 10:21:04,550] {logging_mixin.py:109} INFO - [2022-03-28 10:21:04,550] {dagbag.py:500} INFO - Filling up the DagBag from /home/vengat/big_data/python/venv/aflow_env/lib/python3.9/site-packages/airflow/example_dags/example_latest_only.py
[2022-03-28 10:21:04,599] {processor.py:654} INFO - DAG(s) dict_keys(['latest_only']) retrieved from /home/vengat/big_data/python/venv/aflow_env/lib/python3.9/site-packages/airflow/example_dags/example_latest_only.py
[2022-03-28 10:21:04,612] {logging_mixin.py:109} INFO - [2022-03-28 10:21:04,612] {dag.py:2398} INFO - Sync 1 DAGs
[2022-03-28 10:21:04,624] {logging_mixin.py:109} INFO - [2022-03-28 10:21:04,624] {dag.py:2937} INFO - Setting next_dagrun for latest_only to 2022-03-28T13:21:04.623833+00:00
[2022-03-28 10:21:04,633] {processor.py:171} INFO - Processing /home/vengat/big_data/python/venv/aflow_env/lib/python3.9/site-packages/airflow/example_dags/example_latest_only.py took 0.100 seconds
[2022-03-28 10:21:39,713] {processor.py:163} INFO - Started process (PID=53194) to work on /home/vengat/big_data/python/venv/aflow_env/lib/python3.9/site-packages/airflow/example_dags/example_latest_only.py
[2022-03-28 10:21:39,715] {processor.py:642} INFO - Processing file /home/vengat/big_data/python/venv/aflow_env/lib/python3.9/site-packages/airflow/example_dags/example_latest_only.py for tasks to queue
[2022-03-28 10:21:39,716] {logging_mixin.py:109} INFO - [2022-03-28 10:21:39,716] {dagbag.py:500} INFO - Filling up the DagBag from /home/vengat/big_data/python/venv/aflow_env/lib/python3.9/site-packages/airflow/example_dags/example_latest_only.py
[2022-03-28 10:21:39,750] {processor.py:654} INFO - DAG(s) dict_keys(['latest_only']) retrieved from /home/vengat/big_data/python/venv/aflow_env/lib/python3.9/site-packages/airflow/example_dags/example_latest_only.py
[2022-03-28 10:21:39,760] {logging_mixin.py:109} INFO - [2022-03-28 10:21:39,760] {dag.py:2398} INFO - Sync 1 DAGs
[2022-03-28 10:21:39,787] {logging_mixin.py:109} INFO - [2022-03-28 10:21:39,787] {dag.py:2937} INFO - Setting next_dagrun for latest_only to 2022-03-28T13:21:39.787495+00:00
[2022-03-28 10:21:39,820] {processor.py:171} INFO - Processing /home/vengat/big_data/python/venv/aflow_env/lib/python3.9/site-packages/airflow/example_dags/example_latest_only.py took 0.112 seconds
[2022-03-28 10:22:14,047] {processor.py:163} INFO - Started process (PID=53228) to work on /home/vengat/big_data/python/venv/aflow_env/lib/python3.9/site-packages/airflow/example_dags/example_latest_only.py
[2022-03-28 10:22:14,048] {processor.py:642} INFO - Processing file /home/vengat/big_data/python/venv/aflow_env/lib/python3.9/site-packages/airflow/example_dags/example_latest_only.py for tasks to queue
[2022-03-28 10:22:14,049] {logging_mixin.py:109} INFO - [2022-03-28 10:22:14,049] {dagbag.py:500} INFO - Filling up the DagBag from /home/vengat/big_data/python/venv/aflow_env/lib/python3.9/site-packages/airflow/example_dags/example_latest_only.py
[2022-03-28 10:22:14,080] {processor.py:654} INFO - DAG(s) dict_keys(['latest_only']) retrieved from /home/vengat/big_data/python/venv/aflow_env/lib/python3.9/site-packages/airflow/example_dags/example_latest_only.py
[2022-03-28 10:22:14,090] {logging_mixin.py:109} INFO - [2022-03-28 10:22:14,090] {dag.py:2398} INFO - Sync 1 DAGs
[2022-03-28 10:22:14,110] {logging_mixin.py:109} INFO - [2022-03-28 10:22:14,110] {dag.py:2937} INFO - Setting next_dagrun for latest_only to 2022-03-28T13:22:14.109847+00:00
[2022-03-28 10:22:14,123] {processor.py:171} INFO - Processing /home/vengat/big_data/python/venv/aflow_env/lib/python3.9/site-packages/airflow/example_dags/example_latest_only.py took 0.080 seconds
[2022-03-28 10:22:48,551] {processor.py:163} INFO - Started process (PID=53260) to work on /home/vengat/big_data/python/venv/aflow_env/lib/python3.9/site-packages/airflow/example_dags/example_latest_only.py
[2022-03-28 10:22:48,552] {processor.py:642} INFO - Processing file /home/vengat/big_data/python/venv/aflow_env/lib/python3.9/site-packages/airflow/example_dags/example_latest_only.py for tasks to queue
[2022-03-28 10:22:48,553] {logging_mixin.py:109} INFO - [2022-03-28 10:22:48,553] {dagbag.py:500} INFO - Filling up the DagBag from /home/vengat/big_data/python/venv/aflow_env/lib/python3.9/site-packages/airflow/example_dags/example_latest_only.py
[2022-03-28 10:22:48,583] {processor.py:654} INFO - DAG(s) dict_keys(['latest_only']) retrieved from /home/vengat/big_data/python/venv/aflow_env/lib/python3.9/site-packages/airflow/example_dags/example_latest_only.py
[2022-03-28 10:22:48,593] {logging_mixin.py:109} INFO - [2022-03-28 10:22:48,593] {dag.py:2398} INFO - Sync 1 DAGs
[2022-03-28 10:22:48,607] {logging_mixin.py:109} INFO - [2022-03-28 10:22:48,607] {dag.py:2937} INFO - Setting next_dagrun for latest_only to 2022-03-28T13:22:48.606544+00:00
[2022-03-28 10:22:48,617] {processor.py:171} INFO - Processing /home/vengat/big_data/python/venv/aflow_env/lib/python3.9/site-packages/airflow/example_dags/example_latest_only.py took 0.070 seconds
[2022-03-28 10:23:21,547] {processor.py:163} INFO - Started process (PID=53293) to work on /home/vengat/big_data/python/venv/aflow_env/lib/python3.9/site-packages/airflow/example_dags/example_latest_only.py
[2022-03-28 10:23:21,548] {processor.py:642} INFO - Processing file /home/vengat/big_data/python/venv/aflow_env/lib/python3.9/site-packages/airflow/example_dags/example_latest_only.py for tasks to queue
[2022-03-28 10:23:21,549] {logging_mixin.py:109} INFO - [2022-03-28 10:23:21,549] {dagbag.py:500} INFO - Filling up the DagBag from /home/vengat/big_data/python/venv/aflow_env/lib/python3.9/site-packages/airflow/example_dags/example_latest_only.py
[2022-03-28 10:23:21,581] {processor.py:654} INFO - DAG(s) dict_keys(['latest_only']) retrieved from /home/vengat/big_data/python/venv/aflow_env/lib/python3.9/site-packages/airflow/example_dags/example_latest_only.py
[2022-03-28 10:23:21,590] {logging_mixin.py:109} INFO - [2022-03-28 10:23:21,589] {dag.py:2398} INFO - Sync 1 DAGs
[2022-03-28 10:23:21,606] {logging_mixin.py:109} INFO - [2022-03-28 10:23:21,606] {dag.py:2937} INFO - Setting next_dagrun for latest_only to 2022-03-28T13:23:21.606405+00:00
[2022-03-28 10:23:21,617] {processor.py:171} INFO - Processing /home/vengat/big_data/python/venv/aflow_env/lib/python3.9/site-packages/airflow/example_dags/example_latest_only.py took 0.075 seconds
[2022-03-28 10:23:55,575] {processor.py:163} INFO - Started process (PID=53328) to work on /home/vengat/big_data/python/venv/aflow_env/lib/python3.9/site-packages/airflow/example_dags/example_latest_only.py
[2022-03-28 10:23:55,578] {processor.py:642} INFO - Processing file /home/vengat/big_data/python/venv/aflow_env/lib/python3.9/site-packages/airflow/example_dags/example_latest_only.py for tasks to queue
[2022-03-28 10:23:55,578] {logging_mixin.py:109} INFO - [2022-03-28 10:23:55,578] {dagbag.py:500} INFO - Filling up the DagBag from /home/vengat/big_data/python/venv/aflow_env/lib/python3.9/site-packages/airflow/example_dags/example_latest_only.py
[2022-03-28 10:23:55,607] {processor.py:654} INFO - DAG(s) dict_keys(['latest_only']) retrieved from /home/vengat/big_data/python/venv/aflow_env/lib/python3.9/site-packages/airflow/example_dags/example_latest_only.py
[2022-03-28 10:23:55,616] {logging_mixin.py:109} INFO - [2022-03-28 10:23:55,616] {dag.py:2398} INFO - Sync 1 DAGs
[2022-03-28 10:23:55,628] {logging_mixin.py:109} INFO - [2022-03-28 10:23:55,628] {dag.py:2937} INFO - Setting next_dagrun for latest_only to 2022-03-28T13:23:55.628089+00:00
[2022-03-28 10:23:55,641] {processor.py:171} INFO - Processing /home/vengat/big_data/python/venv/aflow_env/lib/python3.9/site-packages/airflow/example_dags/example_latest_only.py took 0.069 seconds
[2022-03-28 10:24:32,310] {processor.py:163} INFO - Started process (PID=53362) to work on /home/vengat/big_data/python/venv/aflow_env/lib/python3.9/site-packages/airflow/example_dags/example_latest_only.py
[2022-03-28 10:24:32,312] {processor.py:642} INFO - Processing file /home/vengat/big_data/python/venv/aflow_env/lib/python3.9/site-packages/airflow/example_dags/example_latest_only.py for tasks to queue
[2022-03-28 10:24:32,313] {logging_mixin.py:109} INFO - [2022-03-28 10:24:32,313] {dagbag.py:500} INFO - Filling up the DagBag from /home/vengat/big_data/python/venv/aflow_env/lib/python3.9/site-packages/airflow/example_dags/example_latest_only.py
[2022-03-28 10:24:32,346] {processor.py:654} INFO - DAG(s) dict_keys(['latest_only']) retrieved from /home/vengat/big_data/python/venv/aflow_env/lib/python3.9/site-packages/airflow/example_dags/example_latest_only.py
[2022-03-28 10:24:32,358] {logging_mixin.py:109} INFO - [2022-03-28 10:24:32,358] {dag.py:2398} INFO - Sync 1 DAGs
[2022-03-28 10:24:32,377] {logging_mixin.py:109} INFO - [2022-03-28 10:24:32,377] {dag.py:2937} INFO - Setting next_dagrun for latest_only to 2022-03-28T13:24:32.376662+00:00
[2022-03-28 10:24:32,389] {processor.py:171} INFO - Processing /home/vengat/big_data/python/venv/aflow_env/lib/python3.9/site-packages/airflow/example_dags/example_latest_only.py took 0.083 seconds
[2022-03-28 10:25:08,652] {processor.py:163} INFO - Started process (PID=53396) to work on /home/vengat/big_data/python/venv/aflow_env/lib/python3.9/site-packages/airflow/example_dags/example_latest_only.py
[2022-03-28 10:25:08,654] {processor.py:642} INFO - Processing file /home/vengat/big_data/python/venv/aflow_env/lib/python3.9/site-packages/airflow/example_dags/example_latest_only.py for tasks to queue
[2022-03-28 10:25:08,655] {logging_mixin.py:109} INFO - [2022-03-28 10:25:08,655] {dagbag.py:500} INFO - Filling up the DagBag from /home/vengat/big_data/python/venv/aflow_env/lib/python3.9/site-packages/airflow/example_dags/example_latest_only.py
[2022-03-28 10:25:08,688] {processor.py:654} INFO - DAG(s) dict_keys(['latest_only']) retrieved from /home/vengat/big_data/python/venv/aflow_env/lib/python3.9/site-packages/airflow/example_dags/example_latest_only.py
[2022-03-28 10:25:08,700] {logging_mixin.py:109} INFO - [2022-03-28 10:25:08,700] {dag.py:2398} INFO - Sync 1 DAGs
[2022-03-28 10:25:08,712] {logging_mixin.py:109} INFO - [2022-03-28 10:25:08,712] {dag.py:2937} INFO - Setting next_dagrun for latest_only to 2022-03-28T13:25:08.712002+00:00
[2022-03-28 10:25:08,722] {processor.py:171} INFO - Processing /home/vengat/big_data/python/venv/aflow_env/lib/python3.9/site-packages/airflow/example_dags/example_latest_only.py took 0.076 seconds
[2022-03-28 10:25:46,544] {processor.py:163} INFO - Started process (PID=53431) to work on /home/vengat/big_data/python/venv/aflow_env/lib/python3.9/site-packages/airflow/example_dags/example_latest_only.py
[2022-03-28 10:25:46,546] {processor.py:642} INFO - Processing file /home/vengat/big_data/python/venv/aflow_env/lib/python3.9/site-packages/airflow/example_dags/example_latest_only.py for tasks to queue
[2022-03-28 10:25:46,547] {logging_mixin.py:109} INFO - [2022-03-28 10:25:46,546] {dagbag.py:500} INFO - Filling up the DagBag from /home/vengat/big_data/python/venv/aflow_env/lib/python3.9/site-packages/airflow/example_dags/example_latest_only.py
[2022-03-28 10:25:46,573] {processor.py:654} INFO - DAG(s) dict_keys(['latest_only']) retrieved from /home/vengat/big_data/python/venv/aflow_env/lib/python3.9/site-packages/airflow/example_dags/example_latest_only.py
[2022-03-28 10:25:46,583] {logging_mixin.py:109} INFO - [2022-03-28 10:25:46,583] {dag.py:2398} INFO - Sync 1 DAGs
[2022-03-28 10:25:46,593] {logging_mixin.py:109} INFO - [2022-03-28 10:25:46,593] {dag.py:2937} INFO - Setting next_dagrun for latest_only to 2022-03-28T13:25:46.593233+00:00
[2022-03-28 10:25:46,611] {processor.py:171} INFO - Processing /home/vengat/big_data/python/venv/aflow_env/lib/python3.9/site-packages/airflow/example_dags/example_latest_only.py took 0.070 seconds
[2022-03-28 10:26:19,749] {processor.py:163} INFO - Started process (PID=53464) to work on /home/vengat/big_data/python/venv/aflow_env/lib/python3.9/site-packages/airflow/example_dags/example_latest_only.py
[2022-03-28 10:26:19,751] {processor.py:642} INFO - Processing file /home/vengat/big_data/python/venv/aflow_env/lib/python3.9/site-packages/airflow/example_dags/example_latest_only.py for tasks to queue
[2022-03-28 10:26:19,752] {logging_mixin.py:109} INFO - [2022-03-28 10:26:19,752] {dagbag.py:500} INFO - Filling up the DagBag from /home/vengat/big_data/python/venv/aflow_env/lib/python3.9/site-packages/airflow/example_dags/example_latest_only.py
[2022-03-28 10:26:19,788] {processor.py:654} INFO - DAG(s) dict_keys(['latest_only']) retrieved from /home/vengat/big_data/python/venv/aflow_env/lib/python3.9/site-packages/airflow/example_dags/example_latest_only.py
[2022-03-28 10:26:19,805] {logging_mixin.py:109} INFO - [2022-03-28 10:26:19,805] {dag.py:2398} INFO - Sync 1 DAGs
[2022-03-28 10:26:19,826] {logging_mixin.py:109} INFO - [2022-03-28 10:26:19,825] {dag.py:2937} INFO - Setting next_dagrun for latest_only to 2022-03-28T13:26:19.825533+00:00
[2022-03-28 10:26:19,837] {processor.py:171} INFO - Processing /home/vengat/big_data/python/venv/aflow_env/lib/python3.9/site-packages/airflow/example_dags/example_latest_only.py took 0.093 seconds
[2022-03-28 10:26:55,389] {processor.py:163} INFO - Started process (PID=53498) to work on /home/vengat/big_data/python/venv/aflow_env/lib/python3.9/site-packages/airflow/example_dags/example_latest_only.py
[2022-03-28 10:26:55,391] {processor.py:642} INFO - Processing file /home/vengat/big_data/python/venv/aflow_env/lib/python3.9/site-packages/airflow/example_dags/example_latest_only.py for tasks to queue
[2022-03-28 10:26:55,391] {logging_mixin.py:109} INFO - [2022-03-28 10:26:55,391] {dagbag.py:500} INFO - Filling up the DagBag from /home/vengat/big_data/python/venv/aflow_env/lib/python3.9/site-packages/airflow/example_dags/example_latest_only.py
[2022-03-28 10:26:55,419] {processor.py:654} INFO - DAG(s) dict_keys(['latest_only']) retrieved from /home/vengat/big_data/python/venv/aflow_env/lib/python3.9/site-packages/airflow/example_dags/example_latest_only.py
[2022-03-28 10:26:55,429] {logging_mixin.py:109} INFO - [2022-03-28 10:26:55,429] {dag.py:2398} INFO - Sync 1 DAGs
[2022-03-28 10:26:55,442] {logging_mixin.py:109} INFO - [2022-03-28 10:26:55,442] {dag.py:2937} INFO - Setting next_dagrun for latest_only to 2022-03-28T13:26:55.441827+00:00
[2022-03-28 10:26:55,456] {processor.py:171} INFO - Processing /home/vengat/big_data/python/venv/aflow_env/lib/python3.9/site-packages/airflow/example_dags/example_latest_only.py took 0.073 seconds
[2022-03-28 10:27:29,802] {processor.py:163} INFO - Started process (PID=53531) to work on /home/vengat/big_data/python/venv/aflow_env/lib/python3.9/site-packages/airflow/example_dags/example_latest_only.py
[2022-03-28 10:27:29,803] {processor.py:642} INFO - Processing file /home/vengat/big_data/python/venv/aflow_env/lib/python3.9/site-packages/airflow/example_dags/example_latest_only.py for tasks to queue
[2022-03-28 10:27:29,804] {logging_mixin.py:109} INFO - [2022-03-28 10:27:29,804] {dagbag.py:500} INFO - Filling up the DagBag from /home/vengat/big_data/python/venv/aflow_env/lib/python3.9/site-packages/airflow/example_dags/example_latest_only.py
[2022-03-28 10:27:29,831] {processor.py:654} INFO - DAG(s) dict_keys(['latest_only']) retrieved from /home/vengat/big_data/python/venv/aflow_env/lib/python3.9/site-packages/airflow/example_dags/example_latest_only.py
[2022-03-28 10:27:29,849] {logging_mixin.py:109} INFO - [2022-03-28 10:27:29,848] {dag.py:2398} INFO - Sync 1 DAGs
[2022-03-28 10:27:29,867] {logging_mixin.py:109} INFO - [2022-03-28 10:27:29,867] {dag.py:2937} INFO - Setting next_dagrun for latest_only to 2022-03-28T13:27:29.866348+00:00
[2022-03-28 10:27:29,880] {processor.py:171} INFO - Processing /home/vengat/big_data/python/venv/aflow_env/lib/python3.9/site-packages/airflow/example_dags/example_latest_only.py took 0.082 seconds
[2022-03-28 10:28:04,812] {processor.py:163} INFO - Started process (PID=53563) to work on /home/vengat/big_data/python/venv/aflow_env/lib/python3.9/site-packages/airflow/example_dags/example_latest_only.py
[2022-03-28 10:28:04,813] {processor.py:642} INFO - Processing file /home/vengat/big_data/python/venv/aflow_env/lib/python3.9/site-packages/airflow/example_dags/example_latest_only.py for tasks to queue
[2022-03-28 10:28:04,814] {logging_mixin.py:109} INFO - [2022-03-28 10:28:04,814] {dagbag.py:500} INFO - Filling up the DagBag from /home/vengat/big_data/python/venv/aflow_env/lib/python3.9/site-packages/airflow/example_dags/example_latest_only.py
[2022-03-28 10:28:04,848] {processor.py:654} INFO - DAG(s) dict_keys(['latest_only']) retrieved from /home/vengat/big_data/python/venv/aflow_env/lib/python3.9/site-packages/airflow/example_dags/example_latest_only.py
[2022-03-28 10:28:04,858] {logging_mixin.py:109} INFO - [2022-03-28 10:28:04,858] {dag.py:2398} INFO - Sync 1 DAGs
[2022-03-28 10:28:04,871] {logging_mixin.py:109} INFO - [2022-03-28 10:28:04,871] {dag.py:2937} INFO - Setting next_dagrun for latest_only to 2022-03-28T13:28:04.871376+00:00
[2022-03-28 10:28:04,879] {processor.py:171} INFO - Processing /home/vengat/big_data/python/venv/aflow_env/lib/python3.9/site-packages/airflow/example_dags/example_latest_only.py took 0.071 seconds
[2022-03-28 10:28:40,603] {processor.py:163} INFO - Started process (PID=53599) to work on /home/vengat/big_data/python/venv/aflow_env/lib/python3.9/site-packages/airflow/example_dags/example_latest_only.py
[2022-03-28 10:28:40,605] {processor.py:642} INFO - Processing file /home/vengat/big_data/python/venv/aflow_env/lib/python3.9/site-packages/airflow/example_dags/example_latest_only.py for tasks to queue
[2022-03-28 10:28:40,606] {logging_mixin.py:109} INFO - [2022-03-28 10:28:40,606] {dagbag.py:500} INFO - Filling up the DagBag from /home/vengat/big_data/python/venv/aflow_env/lib/python3.9/site-packages/airflow/example_dags/example_latest_only.py
[2022-03-28 10:28:40,637] {processor.py:654} INFO - DAG(s) dict_keys(['latest_only']) retrieved from /home/vengat/big_data/python/venv/aflow_env/lib/python3.9/site-packages/airflow/example_dags/example_latest_only.py
[2022-03-28 10:28:40,647] {logging_mixin.py:109} INFO - [2022-03-28 10:28:40,647] {dag.py:2398} INFO - Sync 1 DAGs
[2022-03-28 10:28:40,661] {logging_mixin.py:109} INFO - [2022-03-28 10:28:40,661] {dag.py:2937} INFO - Setting next_dagrun for latest_only to 2022-03-28T13:28:40.661399+00:00
[2022-03-28 10:28:40,671] {processor.py:171} INFO - Processing /home/vengat/big_data/python/venv/aflow_env/lib/python3.9/site-packages/airflow/example_dags/example_latest_only.py took 0.075 seconds
[2022-03-28 10:29:14,823] {processor.py:163} INFO - Started process (PID=53632) to work on /home/vengat/big_data/python/venv/aflow_env/lib/python3.9/site-packages/airflow/example_dags/example_latest_only.py
[2022-03-28 10:29:14,824] {processor.py:642} INFO - Processing file /home/vengat/big_data/python/venv/aflow_env/lib/python3.9/site-packages/airflow/example_dags/example_latest_only.py for tasks to queue
[2022-03-28 10:29:14,825] {logging_mixin.py:109} INFO - [2022-03-28 10:29:14,825] {dagbag.py:500} INFO - Filling up the DagBag from /home/vengat/big_data/python/venv/aflow_env/lib/python3.9/site-packages/airflow/example_dags/example_latest_only.py
[2022-03-28 10:29:14,847] {processor.py:654} INFO - DAG(s) dict_keys(['latest_only']) retrieved from /home/vengat/big_data/python/venv/aflow_env/lib/python3.9/site-packages/airflow/example_dags/example_latest_only.py
[2022-03-28 10:29:14,855] {logging_mixin.py:109} INFO - [2022-03-28 10:29:14,855] {dag.py:2398} INFO - Sync 1 DAGs
[2022-03-28 10:29:14,866] {logging_mixin.py:109} INFO - [2022-03-28 10:29:14,866] {dag.py:2937} INFO - Setting next_dagrun for latest_only to 2022-03-28T13:29:14.865865+00:00
[2022-03-28 10:29:14,874] {processor.py:171} INFO - Processing /home/vengat/big_data/python/venv/aflow_env/lib/python3.9/site-packages/airflow/example_dags/example_latest_only.py took 0.054 seconds
[2022-03-28 10:29:47,044] {processor.py:163} INFO - Started process (PID=53668) to work on /home/vengat/big_data/python/venv/aflow_env/lib/python3.9/site-packages/airflow/example_dags/example_latest_only.py
[2022-03-28 10:29:47,045] {processor.py:642} INFO - Processing file /home/vengat/big_data/python/venv/aflow_env/lib/python3.9/site-packages/airflow/example_dags/example_latest_only.py for tasks to queue
[2022-03-28 10:29:47,046] {logging_mixin.py:109} INFO - [2022-03-28 10:29:47,046] {dagbag.py:500} INFO - Filling up the DagBag from /home/vengat/big_data/python/venv/aflow_env/lib/python3.9/site-packages/airflow/example_dags/example_latest_only.py
[2022-03-28 10:29:47,068] {processor.py:654} INFO - DAG(s) dict_keys(['latest_only']) retrieved from /home/vengat/big_data/python/venv/aflow_env/lib/python3.9/site-packages/airflow/example_dags/example_latest_only.py
[2022-03-28 10:29:47,076] {logging_mixin.py:109} INFO - [2022-03-28 10:29:47,076] {dag.py:2398} INFO - Sync 1 DAGs
[2022-03-28 10:29:47,087] {logging_mixin.py:109} INFO - [2022-03-28 10:29:47,087] {dag.py:2937} INFO - Setting next_dagrun for latest_only to 2022-03-28T13:29:47.086799+00:00
[2022-03-28 10:29:47,096] {processor.py:171} INFO - Processing /home/vengat/big_data/python/venv/aflow_env/lib/python3.9/site-packages/airflow/example_dags/example_latest_only.py took 0.055 seconds
[2022-03-28 10:30:23,209] {processor.py:163} INFO - Started process (PID=53704) to work on /home/vengat/big_data/python/venv/aflow_env/lib/python3.9/site-packages/airflow/example_dags/example_latest_only.py
[2022-03-28 10:30:23,211] {processor.py:642} INFO - Processing file /home/vengat/big_data/python/venv/aflow_env/lib/python3.9/site-packages/airflow/example_dags/example_latest_only.py for tasks to queue
[2022-03-28 10:30:23,211] {logging_mixin.py:109} INFO - [2022-03-28 10:30:23,211] {dagbag.py:500} INFO - Filling up the DagBag from /home/vengat/big_data/python/venv/aflow_env/lib/python3.9/site-packages/airflow/example_dags/example_latest_only.py
[2022-03-28 10:30:23,239] {processor.py:654} INFO - DAG(s) dict_keys(['latest_only']) retrieved from /home/vengat/big_data/python/venv/aflow_env/lib/python3.9/site-packages/airflow/example_dags/example_latest_only.py
[2022-03-28 10:30:23,247] {logging_mixin.py:109} INFO - [2022-03-28 10:30:23,247] {dag.py:2398} INFO - Sync 1 DAGs
[2022-03-28 10:30:23,260] {logging_mixin.py:109} INFO - [2022-03-28 10:30:23,260] {dag.py:2937} INFO - Setting next_dagrun for latest_only to 2022-03-28T13:30:23.260111+00:00
[2022-03-28 10:30:23,269] {processor.py:171} INFO - Processing /home/vengat/big_data/python/venv/aflow_env/lib/python3.9/site-packages/airflow/example_dags/example_latest_only.py took 0.063 seconds
[2022-03-28 10:30:55,725] {processor.py:163} INFO - Started process (PID=53736) to work on /home/vengat/big_data/python/venv/aflow_env/lib/python3.9/site-packages/airflow/example_dags/example_latest_only.py
[2022-03-28 10:30:55,726] {processor.py:642} INFO - Processing file /home/vengat/big_data/python/venv/aflow_env/lib/python3.9/site-packages/airflow/example_dags/example_latest_only.py for tasks to queue
[2022-03-28 10:30:55,727] {logging_mixin.py:109} INFO - [2022-03-28 10:30:55,727] {dagbag.py:500} INFO - Filling up the DagBag from /home/vengat/big_data/python/venv/aflow_env/lib/python3.9/site-packages/airflow/example_dags/example_latest_only.py
[2022-03-28 10:30:55,749] {processor.py:654} INFO - DAG(s) dict_keys(['latest_only']) retrieved from /home/vengat/big_data/python/venv/aflow_env/lib/python3.9/site-packages/airflow/example_dags/example_latest_only.py
[2022-03-28 10:30:55,758] {logging_mixin.py:109} INFO - [2022-03-28 10:30:55,758] {dag.py:2398} INFO - Sync 1 DAGs
[2022-03-28 10:30:55,769] {logging_mixin.py:109} INFO - [2022-03-28 10:30:55,769] {dag.py:2937} INFO - Setting next_dagrun for latest_only to 2022-03-28T13:30:55.769278+00:00
[2022-03-28 10:30:55,778] {processor.py:171} INFO - Processing /home/vengat/big_data/python/venv/aflow_env/lib/python3.9/site-packages/airflow/example_dags/example_latest_only.py took 0.056 seconds
[2022-03-28 10:31:28,650] {processor.py:163} INFO - Started process (PID=53768) to work on /home/vengat/big_data/python/venv/aflow_env/lib/python3.9/site-packages/airflow/example_dags/example_latest_only.py
[2022-03-28 10:31:28,651] {processor.py:642} INFO - Processing file /home/vengat/big_data/python/venv/aflow_env/lib/python3.9/site-packages/airflow/example_dags/example_latest_only.py for tasks to queue
[2022-03-28 10:31:28,652] {logging_mixin.py:109} INFO - [2022-03-28 10:31:28,652] {dagbag.py:500} INFO - Filling up the DagBag from /home/vengat/big_data/python/venv/aflow_env/lib/python3.9/site-packages/airflow/example_dags/example_latest_only.py
[2022-03-28 10:31:28,673] {processor.py:654} INFO - DAG(s) dict_keys(['latest_only']) retrieved from /home/vengat/big_data/python/venv/aflow_env/lib/python3.9/site-packages/airflow/example_dags/example_latest_only.py
[2022-03-28 10:31:28,680] {logging_mixin.py:109} INFO - [2022-03-28 10:31:28,680] {dag.py:2398} INFO - Sync 1 DAGs
[2022-03-28 10:31:28,691] {logging_mixin.py:109} INFO - [2022-03-28 10:31:28,691] {dag.py:2937} INFO - Setting next_dagrun for latest_only to 2022-03-28T13:31:28.691417+00:00
[2022-03-28 10:31:28,700] {processor.py:171} INFO - Processing /home/vengat/big_data/python/venv/aflow_env/lib/python3.9/site-packages/airflow/example_dags/example_latest_only.py took 0.054 seconds
[2022-03-28 10:32:04,129] {processor.py:163} INFO - Started process (PID=53806) to work on /home/vengat/big_data/python/venv/aflow_env/lib/python3.9/site-packages/airflow/example_dags/example_latest_only.py
[2022-03-28 10:32:04,130] {processor.py:642} INFO - Processing file /home/vengat/big_data/python/venv/aflow_env/lib/python3.9/site-packages/airflow/example_dags/example_latest_only.py for tasks to queue
[2022-03-28 10:32:04,131] {logging_mixin.py:109} INFO - [2022-03-28 10:32:04,131] {dagbag.py:500} INFO - Filling up the DagBag from /home/vengat/big_data/python/venv/aflow_env/lib/python3.9/site-packages/airflow/example_dags/example_latest_only.py
[2022-03-28 10:32:04,154] {processor.py:654} INFO - DAG(s) dict_keys(['latest_only']) retrieved from /home/vengat/big_data/python/venv/aflow_env/lib/python3.9/site-packages/airflow/example_dags/example_latest_only.py
[2022-03-28 10:32:04,164] {logging_mixin.py:109} INFO - [2022-03-28 10:32:04,164] {dag.py:2398} INFO - Sync 1 DAGs
[2022-03-28 10:32:04,175] {logging_mixin.py:109} INFO - [2022-03-28 10:32:04,175] {dag.py:2937} INFO - Setting next_dagrun for latest_only to 2022-03-28T13:32:04.175298+00:00
[2022-03-28 10:32:04,184] {processor.py:171} INFO - Processing /home/vengat/big_data/python/venv/aflow_env/lib/python3.9/site-packages/airflow/example_dags/example_latest_only.py took 0.059 seconds
[2022-03-28 10:32:36,745] {processor.py:163} INFO - Started process (PID=53838) to work on /home/vengat/big_data/python/venv/aflow_env/lib/python3.9/site-packages/airflow/example_dags/example_latest_only.py
[2022-03-28 10:32:36,747] {processor.py:642} INFO - Processing file /home/vengat/big_data/python/venv/aflow_env/lib/python3.9/site-packages/airflow/example_dags/example_latest_only.py for tasks to queue
[2022-03-28 10:32:36,748] {logging_mixin.py:109} INFO - [2022-03-28 10:32:36,748] {dagbag.py:500} INFO - Filling up the DagBag from /home/vengat/big_data/python/venv/aflow_env/lib/python3.9/site-packages/airflow/example_dags/example_latest_only.py
[2022-03-28 10:32:36,779] {processor.py:654} INFO - DAG(s) dict_keys(['latest_only']) retrieved from /home/vengat/big_data/python/venv/aflow_env/lib/python3.9/site-packages/airflow/example_dags/example_latest_only.py
[2022-03-28 10:32:36,790] {logging_mixin.py:109} INFO - [2022-03-28 10:32:36,790] {dag.py:2398} INFO - Sync 1 DAGs
[2022-03-28 10:32:36,805] {logging_mixin.py:109} INFO - [2022-03-28 10:32:36,805] {dag.py:2937} INFO - Setting next_dagrun for latest_only to 2022-03-28T13:32:36.805347+00:00
[2022-03-28 10:32:36,819] {processor.py:171} INFO - Processing /home/vengat/big_data/python/venv/aflow_env/lib/python3.9/site-packages/airflow/example_dags/example_latest_only.py took 0.078 seconds
[2022-03-28 10:33:13,178] {processor.py:163} INFO - Started process (PID=53874) to work on /home/vengat/big_data/python/venv/aflow_env/lib/python3.9/site-packages/airflow/example_dags/example_latest_only.py
[2022-03-28 10:33:13,180] {processor.py:642} INFO - Processing file /home/vengat/big_data/python/venv/aflow_env/lib/python3.9/site-packages/airflow/example_dags/example_latest_only.py for tasks to queue
[2022-03-28 10:33:13,181] {logging_mixin.py:109} INFO - [2022-03-28 10:33:13,180] {dagbag.py:500} INFO - Filling up the DagBag from /home/vengat/big_data/python/venv/aflow_env/lib/python3.9/site-packages/airflow/example_dags/example_latest_only.py
[2022-03-28 10:33:13,207] {processor.py:654} INFO - DAG(s) dict_keys(['latest_only']) retrieved from /home/vengat/big_data/python/venv/aflow_env/lib/python3.9/site-packages/airflow/example_dags/example_latest_only.py
[2022-03-28 10:33:13,219] {logging_mixin.py:109} INFO - [2022-03-28 10:33:13,219] {dag.py:2398} INFO - Sync 1 DAGs
[2022-03-28 10:33:13,232] {logging_mixin.py:109} INFO - [2022-03-28 10:33:13,232] {dag.py:2937} INFO - Setting next_dagrun for latest_only to 2022-03-28T13:33:13.231865+00:00
[2022-03-28 10:33:13,241] {processor.py:171} INFO - Processing /home/vengat/big_data/python/venv/aflow_env/lib/python3.9/site-packages/airflow/example_dags/example_latest_only.py took 0.067 seconds
[2022-03-28 10:33:50,971] {processor.py:163} INFO - Started process (PID=53916) to work on /home/vengat/big_data/python/venv/aflow_env/lib/python3.9/site-packages/airflow/example_dags/example_latest_only.py
[2022-03-28 10:33:50,974] {processor.py:642} INFO - Processing file /home/vengat/big_data/python/venv/aflow_env/lib/python3.9/site-packages/airflow/example_dags/example_latest_only.py for tasks to queue
[2022-03-28 10:33:50,975] {logging_mixin.py:109} INFO - [2022-03-28 10:33:50,975] {dagbag.py:500} INFO - Filling up the DagBag from /home/vengat/big_data/python/venv/aflow_env/lib/python3.9/site-packages/airflow/example_dags/example_latest_only.py
[2022-03-28 10:33:51,003] {processor.py:654} INFO - DAG(s) dict_keys(['latest_only']) retrieved from /home/vengat/big_data/python/venv/aflow_env/lib/python3.9/site-packages/airflow/example_dags/example_latest_only.py
[2022-03-28 10:33:51,013] {logging_mixin.py:109} INFO - [2022-03-28 10:33:51,012] {dag.py:2398} INFO - Sync 1 DAGs
[2022-03-28 10:33:51,031] {logging_mixin.py:109} INFO - [2022-03-28 10:33:51,031] {dag.py:2937} INFO - Setting next_dagrun for latest_only to 2022-03-28T13:33:51.030808+00:00
[2022-03-28 10:33:51,040] {processor.py:171} INFO - Processing /home/vengat/big_data/python/venv/aflow_env/lib/python3.9/site-packages/airflow/example_dags/example_latest_only.py took 0.074 seconds
[2022-03-28 10:34:24,332] {processor.py:163} INFO - Started process (PID=53948) to work on /home/vengat/big_data/python/venv/aflow_env/lib/python3.9/site-packages/airflow/example_dags/example_latest_only.py
[2022-03-28 10:34:24,333] {processor.py:642} INFO - Processing file /home/vengat/big_data/python/venv/aflow_env/lib/python3.9/site-packages/airflow/example_dags/example_latest_only.py for tasks to queue
[2022-03-28 10:34:24,334] {logging_mixin.py:109} INFO - [2022-03-28 10:34:24,334] {dagbag.py:500} INFO - Filling up the DagBag from /home/vengat/big_data/python/venv/aflow_env/lib/python3.9/site-packages/airflow/example_dags/example_latest_only.py
[2022-03-28 10:34:24,362] {processor.py:654} INFO - DAG(s) dict_keys(['latest_only']) retrieved from /home/vengat/big_data/python/venv/aflow_env/lib/python3.9/site-packages/airflow/example_dags/example_latest_only.py
[2022-03-28 10:34:24,371] {logging_mixin.py:109} INFO - [2022-03-28 10:34:24,371] {dag.py:2398} INFO - Sync 1 DAGs
[2022-03-28 10:34:24,386] {logging_mixin.py:109} INFO - [2022-03-28 10:34:24,386] {dag.py:2937} INFO - Setting next_dagrun for latest_only to 2022-03-28T13:34:24.386324+00:00
[2022-03-28 10:34:24,396] {processor.py:171} INFO - Processing /home/vengat/big_data/python/venv/aflow_env/lib/python3.9/site-packages/airflow/example_dags/example_latest_only.py took 0.071 seconds
[2022-03-28 10:34:58,336] {processor.py:163} INFO - Started process (PID=53980) to work on /home/vengat/big_data/python/venv/aflow_env/lib/python3.9/site-packages/airflow/example_dags/example_latest_only.py
[2022-03-28 10:34:58,337] {processor.py:642} INFO - Processing file /home/vengat/big_data/python/venv/aflow_env/lib/python3.9/site-packages/airflow/example_dags/example_latest_only.py for tasks to queue
[2022-03-28 10:34:58,338] {logging_mixin.py:109} INFO - [2022-03-28 10:34:58,338] {dagbag.py:500} INFO - Filling up the DagBag from /home/vengat/big_data/python/venv/aflow_env/lib/python3.9/site-packages/airflow/example_dags/example_latest_only.py
[2022-03-28 10:34:58,371] {processor.py:654} INFO - DAG(s) dict_keys(['latest_only']) retrieved from /home/vengat/big_data/python/venv/aflow_env/lib/python3.9/site-packages/airflow/example_dags/example_latest_only.py
[2022-03-28 10:34:58,382] {logging_mixin.py:109} INFO - [2022-03-28 10:34:58,382] {dag.py:2398} INFO - Sync 1 DAGs
[2022-03-28 10:34:58,397] {logging_mixin.py:109} INFO - [2022-03-28 10:34:58,397] {dag.py:2937} INFO - Setting next_dagrun for latest_only to 2022-03-28T13:34:58.395823+00:00
[2022-03-28 10:34:58,406] {processor.py:171} INFO - Processing /home/vengat/big_data/python/venv/aflow_env/lib/python3.9/site-packages/airflow/example_dags/example_latest_only.py took 0.075 seconds
[2022-03-28 10:35:34,843] {processor.py:163} INFO - Started process (PID=54013) to work on /home/vengat/big_data/python/venv/aflow_env/lib/python3.9/site-packages/airflow/example_dags/example_latest_only.py
[2022-03-28 10:35:34,847] {processor.py:642} INFO - Processing file /home/vengat/big_data/python/venv/aflow_env/lib/python3.9/site-packages/airflow/example_dags/example_latest_only.py for tasks to queue
[2022-03-28 10:35:34,849] {logging_mixin.py:109} INFO - [2022-03-28 10:35:34,849] {dagbag.py:500} INFO - Filling up the DagBag from /home/vengat/big_data/python/venv/aflow_env/lib/python3.9/site-packages/airflow/example_dags/example_latest_only.py
[2022-03-28 10:35:34,877] {processor.py:654} INFO - DAG(s) dict_keys(['latest_only']) retrieved from /home/vengat/big_data/python/venv/aflow_env/lib/python3.9/site-packages/airflow/example_dags/example_latest_only.py
[2022-03-28 10:35:34,887] {logging_mixin.py:109} INFO - [2022-03-28 10:35:34,887] {dag.py:2398} INFO - Sync 1 DAGs
[2022-03-28 10:35:34,905] {logging_mixin.py:109} INFO - [2022-03-28 10:35:34,905] {dag.py:2937} INFO - Setting next_dagrun for latest_only to 2022-03-28T13:35:34.905079+00:00
[2022-03-28 10:35:34,916] {processor.py:171} INFO - Processing /home/vengat/big_data/python/venv/aflow_env/lib/python3.9/site-packages/airflow/example_dags/example_latest_only.py took 0.079 seconds
[2022-03-28 10:36:12,415] {processor.py:163} INFO - Started process (PID=54048) to work on /home/vengat/big_data/python/venv/aflow_env/lib/python3.9/site-packages/airflow/example_dags/example_latest_only.py
[2022-03-28 10:36:12,417] {processor.py:642} INFO - Processing file /home/vengat/big_data/python/venv/aflow_env/lib/python3.9/site-packages/airflow/example_dags/example_latest_only.py for tasks to queue
[2022-03-28 10:36:12,418] {logging_mixin.py:109} INFO - [2022-03-28 10:36:12,418] {dagbag.py:500} INFO - Filling up the DagBag from /home/vengat/big_data/python/venv/aflow_env/lib/python3.9/site-packages/airflow/example_dags/example_latest_only.py
[2022-03-28 10:36:12,448] {processor.py:654} INFO - DAG(s) dict_keys(['latest_only']) retrieved from /home/vengat/big_data/python/venv/aflow_env/lib/python3.9/site-packages/airflow/example_dags/example_latest_only.py
[2022-03-28 10:36:12,457] {logging_mixin.py:109} INFO - [2022-03-28 10:36:12,457] {dag.py:2398} INFO - Sync 1 DAGs
[2022-03-28 10:36:12,472] {logging_mixin.py:109} INFO - [2022-03-28 10:36:12,472] {dag.py:2937} INFO - Setting next_dagrun for latest_only to 2022-03-28T13:36:12.472457+00:00
[2022-03-28 10:36:12,483] {processor.py:171} INFO - Processing /home/vengat/big_data/python/venv/aflow_env/lib/python3.9/site-packages/airflow/example_dags/example_latest_only.py took 0.071 seconds
[2022-03-28 10:36:47,287] {processor.py:163} INFO - Started process (PID=54082) to work on /home/vengat/big_data/python/venv/aflow_env/lib/python3.9/site-packages/airflow/example_dags/example_latest_only.py
[2022-03-28 10:36:47,288] {processor.py:642} INFO - Processing file /home/vengat/big_data/python/venv/aflow_env/lib/python3.9/site-packages/airflow/example_dags/example_latest_only.py for tasks to queue
[2022-03-28 10:36:47,289] {logging_mixin.py:109} INFO - [2022-03-28 10:36:47,289] {dagbag.py:500} INFO - Filling up the DagBag from /home/vengat/big_data/python/venv/aflow_env/lib/python3.9/site-packages/airflow/example_dags/example_latest_only.py
[2022-03-28 10:36:47,317] {processor.py:654} INFO - DAG(s) dict_keys(['latest_only']) retrieved from /home/vengat/big_data/python/venv/aflow_env/lib/python3.9/site-packages/airflow/example_dags/example_latest_only.py
[2022-03-28 10:36:47,325] {logging_mixin.py:109} INFO - [2022-03-28 10:36:47,325] {dag.py:2398} INFO - Sync 1 DAGs
[2022-03-28 10:36:47,339] {logging_mixin.py:109} INFO - [2022-03-28 10:36:47,338] {dag.py:2937} INFO - Setting next_dagrun for latest_only to 2022-03-28T13:36:47.338692+00:00
[2022-03-28 10:36:47,353] {processor.py:171} INFO - Processing /home/vengat/big_data/python/venv/aflow_env/lib/python3.9/site-packages/airflow/example_dags/example_latest_only.py took 0.070 seconds
[2022-03-28 10:37:21,604] {processor.py:163} INFO - Started process (PID=54114) to work on /home/vengat/big_data/python/venv/aflow_env/lib/python3.9/site-packages/airflow/example_dags/example_latest_only.py
[2022-03-28 10:37:21,606] {processor.py:642} INFO - Processing file /home/vengat/big_data/python/venv/aflow_env/lib/python3.9/site-packages/airflow/example_dags/example_latest_only.py for tasks to queue
[2022-03-28 10:37:21,607] {logging_mixin.py:109} INFO - [2022-03-28 10:37:21,607] {dagbag.py:500} INFO - Filling up the DagBag from /home/vengat/big_data/python/venv/aflow_env/lib/python3.9/site-packages/airflow/example_dags/example_latest_only.py
[2022-03-28 10:37:21,661] {processor.py:654} INFO - DAG(s) dict_keys(['latest_only']) retrieved from /home/vengat/big_data/python/venv/aflow_env/lib/python3.9/site-packages/airflow/example_dags/example_latest_only.py
[2022-03-28 10:37:21,673] {logging_mixin.py:109} INFO - [2022-03-28 10:37:21,673] {dag.py:2398} INFO - Sync 1 DAGs
[2022-03-28 10:37:21,694] {logging_mixin.py:109} INFO - [2022-03-28 10:37:21,694] {dag.py:2937} INFO - Setting next_dagrun for latest_only to 2022-03-28T13:37:21.694059+00:00
[2022-03-28 10:37:21,711] {processor.py:171} INFO - Processing /home/vengat/big_data/python/venv/aflow_env/lib/python3.9/site-packages/airflow/example_dags/example_latest_only.py took 0.110 seconds
[2022-03-28 10:37:55,708] {processor.py:163} INFO - Started process (PID=54164) to work on /home/vengat/big_data/python/venv/aflow_env/lib/python3.9/site-packages/airflow/example_dags/example_latest_only.py
[2022-03-28 10:37:55,710] {processor.py:642} INFO - Processing file /home/vengat/big_data/python/venv/aflow_env/lib/python3.9/site-packages/airflow/example_dags/example_latest_only.py for tasks to queue
[2022-03-28 10:37:55,711] {logging_mixin.py:109} INFO - [2022-03-28 10:37:55,710] {dagbag.py:500} INFO - Filling up the DagBag from /home/vengat/big_data/python/venv/aflow_env/lib/python3.9/site-packages/airflow/example_dags/example_latest_only.py
[2022-03-28 10:37:55,742] {processor.py:654} INFO - DAG(s) dict_keys(['latest_only']) retrieved from /home/vengat/big_data/python/venv/aflow_env/lib/python3.9/site-packages/airflow/example_dags/example_latest_only.py
[2022-03-28 10:37:55,754] {logging_mixin.py:109} INFO - [2022-03-28 10:37:55,754] {dag.py:2398} INFO - Sync 1 DAGs
[2022-03-28 10:37:55,768] {logging_mixin.py:109} INFO - [2022-03-28 10:37:55,768] {dag.py:2937} INFO - Setting next_dagrun for latest_only to 2022-03-28T13:37:55.767913+00:00
[2022-03-28 10:37:55,782] {processor.py:171} INFO - Processing /home/vengat/big_data/python/venv/aflow_env/lib/python3.9/site-packages/airflow/example_dags/example_latest_only.py took 0.077 seconds
[2022-03-28 10:38:29,600] {processor.py:163} INFO - Started process (PID=54228) to work on /home/vengat/big_data/python/venv/aflow_env/lib/python3.9/site-packages/airflow/example_dags/example_latest_only.py
[2022-03-28 10:38:29,602] {processor.py:642} INFO - Processing file /home/vengat/big_data/python/venv/aflow_env/lib/python3.9/site-packages/airflow/example_dags/example_latest_only.py for tasks to queue
[2022-03-28 10:38:29,603] {logging_mixin.py:109} INFO - [2022-03-28 10:38:29,602] {dagbag.py:500} INFO - Filling up the DagBag from /home/vengat/big_data/python/venv/aflow_env/lib/python3.9/site-packages/airflow/example_dags/example_latest_only.py
[2022-03-28 10:38:29,625] {processor.py:654} INFO - DAG(s) dict_keys(['latest_only']) retrieved from /home/vengat/big_data/python/venv/aflow_env/lib/python3.9/site-packages/airflow/example_dags/example_latest_only.py
[2022-03-28 10:38:29,633] {logging_mixin.py:109} INFO - [2022-03-28 10:38:29,633] {dag.py:2398} INFO - Sync 1 DAGs
[2022-03-28 10:38:29,647] {logging_mixin.py:109} INFO - [2022-03-28 10:38:29,647] {dag.py:2937} INFO - Setting next_dagrun for latest_only to 2022-03-28T13:38:29.647453+00:00
[2022-03-28 10:38:29,667] {processor.py:171} INFO - Processing /home/vengat/big_data/python/venv/aflow_env/lib/python3.9/site-packages/airflow/example_dags/example_latest_only.py took 0.074 seconds
[2022-03-28 10:39:02,551] {processor.py:163} INFO - Started process (PID=54273) to work on /home/vengat/big_data/python/venv/aflow_env/lib/python3.9/site-packages/airflow/example_dags/example_latest_only.py
[2022-03-28 10:39:02,553] {processor.py:642} INFO - Processing file /home/vengat/big_data/python/venv/aflow_env/lib/python3.9/site-packages/airflow/example_dags/example_latest_only.py for tasks to queue
[2022-03-28 10:39:02,554] {logging_mixin.py:109} INFO - [2022-03-28 10:39:02,554] {dagbag.py:500} INFO - Filling up the DagBag from /home/vengat/big_data/python/venv/aflow_env/lib/python3.9/site-packages/airflow/example_dags/example_latest_only.py
[2022-03-28 10:39:02,581] {processor.py:654} INFO - DAG(s) dict_keys(['latest_only']) retrieved from /home/vengat/big_data/python/venv/aflow_env/lib/python3.9/site-packages/airflow/example_dags/example_latest_only.py
[2022-03-28 10:39:02,591] {logging_mixin.py:109} INFO - [2022-03-28 10:39:02,590] {dag.py:2398} INFO - Sync 1 DAGs
[2022-03-28 10:39:02,605] {logging_mixin.py:109} INFO - [2022-03-28 10:39:02,605] {dag.py:2937} INFO - Setting next_dagrun for latest_only to 2022-03-28T13:39:02.604805+00:00
[2022-03-28 10:39:02,613] {processor.py:171} INFO - Processing /home/vengat/big_data/python/venv/aflow_env/lib/python3.9/site-packages/airflow/example_dags/example_latest_only.py took 0.066 seconds
[2022-03-28 10:39:41,752] {processor.py:163} INFO - Started process (PID=54343) to work on /home/vengat/big_data/python/venv/aflow_env/lib/python3.9/site-packages/airflow/example_dags/example_latest_only.py
[2022-03-28 10:39:41,754] {processor.py:642} INFO - Processing file /home/vengat/big_data/python/venv/aflow_env/lib/python3.9/site-packages/airflow/example_dags/example_latest_only.py for tasks to queue
[2022-03-28 10:39:41,755] {logging_mixin.py:109} INFO - [2022-03-28 10:39:41,755] {dagbag.py:500} INFO - Filling up the DagBag from /home/vengat/big_data/python/venv/aflow_env/lib/python3.9/site-packages/airflow/example_dags/example_latest_only.py
[2022-03-28 10:39:41,781] {processor.py:654} INFO - DAG(s) dict_keys(['latest_only']) retrieved from /home/vengat/big_data/python/venv/aflow_env/lib/python3.9/site-packages/airflow/example_dags/example_latest_only.py
[2022-03-28 10:39:41,790] {logging_mixin.py:109} INFO - [2022-03-28 10:39:41,790] {dag.py:2398} INFO - Sync 1 DAGs
[2022-03-28 10:39:41,803] {logging_mixin.py:109} INFO - [2022-03-28 10:39:41,803] {dag.py:2937} INFO - Setting next_dagrun for latest_only to 2022-03-28T13:39:41.802486+00:00
[2022-03-28 10:39:41,812] {processor.py:171} INFO - Processing /home/vengat/big_data/python/venv/aflow_env/lib/python3.9/site-packages/airflow/example_dags/example_latest_only.py took 0.064 seconds
[2022-03-28 10:40:17,455] {processor.py:163} INFO - Started process (PID=54380) to work on /home/vengat/big_data/python/venv/aflow_env/lib/python3.9/site-packages/airflow/example_dags/example_latest_only.py
[2022-03-28 10:40:17,456] {processor.py:642} INFO - Processing file /home/vengat/big_data/python/venv/aflow_env/lib/python3.9/site-packages/airflow/example_dags/example_latest_only.py for tasks to queue
[2022-03-28 10:40:17,457] {logging_mixin.py:109} INFO - [2022-03-28 10:40:17,457] {dagbag.py:500} INFO - Filling up the DagBag from /home/vengat/big_data/python/venv/aflow_env/lib/python3.9/site-packages/airflow/example_dags/example_latest_only.py
[2022-03-28 10:40:17,484] {processor.py:654} INFO - DAG(s) dict_keys(['latest_only']) retrieved from /home/vengat/big_data/python/venv/aflow_env/lib/python3.9/site-packages/airflow/example_dags/example_latest_only.py
[2022-03-28 10:40:17,493] {logging_mixin.py:109} INFO - [2022-03-28 10:40:17,493] {dag.py:2398} INFO - Sync 1 DAGs
[2022-03-28 10:40:17,505] {logging_mixin.py:109} INFO - [2022-03-28 10:40:17,505] {dag.py:2937} INFO - Setting next_dagrun for latest_only to 2022-03-28T13:40:17.504803+00:00
[2022-03-28 10:40:17,514] {processor.py:171} INFO - Processing /home/vengat/big_data/python/venv/aflow_env/lib/python3.9/site-packages/airflow/example_dags/example_latest_only.py took 0.062 seconds
[2022-03-28 10:40:54,541] {processor.py:163} INFO - Started process (PID=54497) to work on /home/vengat/big_data/python/venv/aflow_env/lib/python3.9/site-packages/airflow/example_dags/example_latest_only.py
[2022-03-28 10:40:54,543] {processor.py:642} INFO - Processing file /home/vengat/big_data/python/venv/aflow_env/lib/python3.9/site-packages/airflow/example_dags/example_latest_only.py for tasks to queue
[2022-03-28 10:40:54,544] {logging_mixin.py:109} INFO - [2022-03-28 10:40:54,544] {dagbag.py:500} INFO - Filling up the DagBag from /home/vengat/big_data/python/venv/aflow_env/lib/python3.9/site-packages/airflow/example_dags/example_latest_only.py
[2022-03-28 10:40:54,569] {processor.py:654} INFO - DAG(s) dict_keys(['latest_only']) retrieved from /home/vengat/big_data/python/venv/aflow_env/lib/python3.9/site-packages/airflow/example_dags/example_latest_only.py
[2022-03-28 10:40:54,576] {logging_mixin.py:109} INFO - [2022-03-28 10:40:54,576] {dag.py:2398} INFO - Sync 1 DAGs
[2022-03-28 10:40:54,587] {logging_mixin.py:109} INFO - [2022-03-28 10:40:54,587] {dag.py:2937} INFO - Setting next_dagrun for latest_only to 2022-03-28T13:40:54.587462+00:00
[2022-03-28 10:40:54,596] {processor.py:171} INFO - Processing /home/vengat/big_data/python/venv/aflow_env/lib/python3.9/site-packages/airflow/example_dags/example_latest_only.py took 0.063 seconds
[2022-03-28 10:41:29,186] {processor.py:163} INFO - Started process (PID=54530) to work on /home/vengat/big_data/python/venv/aflow_env/lib/python3.9/site-packages/airflow/example_dags/example_latest_only.py
[2022-03-28 10:41:29,189] {processor.py:642} INFO - Processing file /home/vengat/big_data/python/venv/aflow_env/lib/python3.9/site-packages/airflow/example_dags/example_latest_only.py for tasks to queue
[2022-03-28 10:41:29,189] {logging_mixin.py:109} INFO - [2022-03-28 10:41:29,189] {dagbag.py:500} INFO - Filling up the DagBag from /home/vengat/big_data/python/venv/aflow_env/lib/python3.9/site-packages/airflow/example_dags/example_latest_only.py
[2022-03-28 10:41:29,215] {processor.py:654} INFO - DAG(s) dict_keys(['latest_only']) retrieved from /home/vengat/big_data/python/venv/aflow_env/lib/python3.9/site-packages/airflow/example_dags/example_latest_only.py
[2022-03-28 10:41:29,227] {logging_mixin.py:109} INFO - [2022-03-28 10:41:29,226] {dag.py:2398} INFO - Sync 1 DAGs
[2022-03-28 10:41:29,238] {logging_mixin.py:109} INFO - [2022-03-28 10:41:29,238] {dag.py:2937} INFO - Setting next_dagrun for latest_only to 2022-03-28T13:41:29.238260+00:00
[2022-03-28 10:41:29,248] {processor.py:171} INFO - Processing /home/vengat/big_data/python/venv/aflow_env/lib/python3.9/site-packages/airflow/example_dags/example_latest_only.py took 0.067 seconds
[2022-03-28 10:42:01,835] {processor.py:163} INFO - Started process (PID=54563) to work on /home/vengat/big_data/python/venv/aflow_env/lib/python3.9/site-packages/airflow/example_dags/example_latest_only.py
[2022-03-28 10:42:01,836] {processor.py:642} INFO - Processing file /home/vengat/big_data/python/venv/aflow_env/lib/python3.9/site-packages/airflow/example_dags/example_latest_only.py for tasks to queue
[2022-03-28 10:42:01,837] {logging_mixin.py:109} INFO - [2022-03-28 10:42:01,837] {dagbag.py:500} INFO - Filling up the DagBag from /home/vengat/big_data/python/venv/aflow_env/lib/python3.9/site-packages/airflow/example_dags/example_latest_only.py
[2022-03-28 10:42:01,860] {processor.py:654} INFO - DAG(s) dict_keys(['latest_only']) retrieved from /home/vengat/big_data/python/venv/aflow_env/lib/python3.9/site-packages/airflow/example_dags/example_latest_only.py
[2022-03-28 10:42:01,868] {logging_mixin.py:109} INFO - [2022-03-28 10:42:01,868] {dag.py:2398} INFO - Sync 1 DAGs
[2022-03-28 10:42:01,879] {logging_mixin.py:109} INFO - [2022-03-28 10:42:01,879] {dag.py:2937} INFO - Setting next_dagrun for latest_only to 2022-03-28T13:42:01.878644+00:00
[2022-03-28 10:42:01,888] {processor.py:171} INFO - Processing /home/vengat/big_data/python/venv/aflow_env/lib/python3.9/site-packages/airflow/example_dags/example_latest_only.py took 0.056 seconds
[2022-03-28 10:42:34,829] {processor.py:163} INFO - Started process (PID=54613) to work on /home/vengat/big_data/python/venv/aflow_env/lib/python3.9/site-packages/airflow/example_dags/example_latest_only.py
[2022-03-28 10:42:34,831] {processor.py:642} INFO - Processing file /home/vengat/big_data/python/venv/aflow_env/lib/python3.9/site-packages/airflow/example_dags/example_latest_only.py for tasks to queue
[2022-03-28 10:42:34,832] {logging_mixin.py:109} INFO - [2022-03-28 10:42:34,832] {dagbag.py:500} INFO - Filling up the DagBag from /home/vengat/big_data/python/venv/aflow_env/lib/python3.9/site-packages/airflow/example_dags/example_latest_only.py
[2022-03-28 10:42:34,858] {processor.py:654} INFO - DAG(s) dict_keys(['latest_only']) retrieved from /home/vengat/big_data/python/venv/aflow_env/lib/python3.9/site-packages/airflow/example_dags/example_latest_only.py
[2022-03-28 10:42:34,866] {logging_mixin.py:109} INFO - [2022-03-28 10:42:34,866] {dag.py:2398} INFO - Sync 1 DAGs
[2022-03-28 10:42:34,877] {logging_mixin.py:109} INFO - [2022-03-28 10:42:34,877] {dag.py:2937} INFO - Setting next_dagrun for latest_only to 2022-03-28T13:42:34.877233+00:00
[2022-03-28 10:42:34,887] {processor.py:171} INFO - Processing /home/vengat/big_data/python/venv/aflow_env/lib/python3.9/site-packages/airflow/example_dags/example_latest_only.py took 0.065 seconds
[2022-03-28 10:43:08,835] {processor.py:163} INFO - Started process (PID=54651) to work on /home/vengat/big_data/python/venv/aflow_env/lib/python3.9/site-packages/airflow/example_dags/example_latest_only.py
[2022-03-28 10:43:08,837] {processor.py:642} INFO - Processing file /home/vengat/big_data/python/venv/aflow_env/lib/python3.9/site-packages/airflow/example_dags/example_latest_only.py for tasks to queue
[2022-03-28 10:43:08,837] {logging_mixin.py:109} INFO - [2022-03-28 10:43:08,837] {dagbag.py:500} INFO - Filling up the DagBag from /home/vengat/big_data/python/venv/aflow_env/lib/python3.9/site-packages/airflow/example_dags/example_latest_only.py
[2022-03-28 10:43:08,858] {processor.py:654} INFO - DAG(s) dict_keys(['latest_only']) retrieved from /home/vengat/big_data/python/venv/aflow_env/lib/python3.9/site-packages/airflow/example_dags/example_latest_only.py
[2022-03-28 10:43:08,867] {logging_mixin.py:109} INFO - [2022-03-28 10:43:08,867] {dag.py:2398} INFO - Sync 1 DAGs
[2022-03-28 10:43:08,878] {logging_mixin.py:109} INFO - [2022-03-28 10:43:08,878] {dag.py:2937} INFO - Setting next_dagrun for latest_only to 2022-03-28T13:43:08.878062+00:00
[2022-03-28 10:43:08,887] {processor.py:171} INFO - Processing /home/vengat/big_data/python/venv/aflow_env/lib/python3.9/site-packages/airflow/example_dags/example_latest_only.py took 0.055 seconds
[2022-03-28 10:43:43,322] {processor.py:163} INFO - Started process (PID=54711) to work on /home/vengat/big_data/python/venv/aflow_env/lib/python3.9/site-packages/airflow/example_dags/example_latest_only.py
[2022-03-28 10:43:43,324] {processor.py:642} INFO - Processing file /home/vengat/big_data/python/venv/aflow_env/lib/python3.9/site-packages/airflow/example_dags/example_latest_only.py for tasks to queue
[2022-03-28 10:43:43,325] {logging_mixin.py:109} INFO - [2022-03-28 10:43:43,325] {dagbag.py:500} INFO - Filling up the DagBag from /home/vengat/big_data/python/venv/aflow_env/lib/python3.9/site-packages/airflow/example_dags/example_latest_only.py
[2022-03-28 10:43:43,357] {processor.py:654} INFO - DAG(s) dict_keys(['latest_only']) retrieved from /home/vengat/big_data/python/venv/aflow_env/lib/python3.9/site-packages/airflow/example_dags/example_latest_only.py
[2022-03-28 10:43:43,368] {logging_mixin.py:109} INFO - [2022-03-28 10:43:43,368] {dag.py:2398} INFO - Sync 1 DAGs
[2022-03-28 10:43:43,383] {logging_mixin.py:109} INFO - [2022-03-28 10:43:43,383] {dag.py:2937} INFO - Setting next_dagrun for latest_only to 2022-03-28T13:43:43.383261+00:00
[2022-03-28 10:43:43,394] {processor.py:171} INFO - Processing /home/vengat/big_data/python/venv/aflow_env/lib/python3.9/site-packages/airflow/example_dags/example_latest_only.py took 0.078 seconds
[2022-03-28 10:44:20,890] {processor.py:163} INFO - Started process (PID=54768) to work on /home/vengat/big_data/python/venv/aflow_env/lib/python3.9/site-packages/airflow/example_dags/example_latest_only.py
[2022-03-28 10:44:20,891] {processor.py:642} INFO - Processing file /home/vengat/big_data/python/venv/aflow_env/lib/python3.9/site-packages/airflow/example_dags/example_latest_only.py for tasks to queue
[2022-03-28 10:44:20,892] {logging_mixin.py:109} INFO - [2022-03-28 10:44:20,892] {dagbag.py:500} INFO - Filling up the DagBag from /home/vengat/big_data/python/venv/aflow_env/lib/python3.9/site-packages/airflow/example_dags/example_latest_only.py
[2022-03-28 10:44:20,922] {processor.py:654} INFO - DAG(s) dict_keys(['latest_only']) retrieved from /home/vengat/big_data/python/venv/aflow_env/lib/python3.9/site-packages/airflow/example_dags/example_latest_only.py
[2022-03-28 10:44:20,934] {logging_mixin.py:109} INFO - [2022-03-28 10:44:20,934] {dag.py:2398} INFO - Sync 1 DAGs
[2022-03-28 10:44:20,950] {logging_mixin.py:109} INFO - [2022-03-28 10:44:20,950] {dag.py:2937} INFO - Setting next_dagrun for latest_only to 2022-03-28T13:44:20.949994+00:00
[2022-03-28 10:44:20,960] {processor.py:171} INFO - Processing /home/vengat/big_data/python/venv/aflow_env/lib/python3.9/site-packages/airflow/example_dags/example_latest_only.py took 0.074 seconds
[2022-03-28 10:44:56,525] {processor.py:163} INFO - Started process (PID=54801) to work on /home/vengat/big_data/python/venv/aflow_env/lib/python3.9/site-packages/airflow/example_dags/example_latest_only.py
[2022-03-28 10:44:56,527] {processor.py:642} INFO - Processing file /home/vengat/big_data/python/venv/aflow_env/lib/python3.9/site-packages/airflow/example_dags/example_latest_only.py for tasks to queue
[2022-03-28 10:44:56,527] {logging_mixin.py:109} INFO - [2022-03-28 10:44:56,527] {dagbag.py:500} INFO - Filling up the DagBag from /home/vengat/big_data/python/venv/aflow_env/lib/python3.9/site-packages/airflow/example_dags/example_latest_only.py
[2022-03-28 10:44:56,553] {processor.py:654} INFO - DAG(s) dict_keys(['latest_only']) retrieved from /home/vengat/big_data/python/venv/aflow_env/lib/python3.9/site-packages/airflow/example_dags/example_latest_only.py
[2022-03-28 10:44:56,564] {logging_mixin.py:109} INFO - [2022-03-28 10:44:56,564] {dag.py:2398} INFO - Sync 1 DAGs
[2022-03-28 10:44:56,576] {logging_mixin.py:109} INFO - [2022-03-28 10:44:56,576] {dag.py:2937} INFO - Setting next_dagrun for latest_only to 2022-03-28T13:44:56.575957+00:00
[2022-03-28 10:44:56,587] {processor.py:171} INFO - Processing /home/vengat/big_data/python/venv/aflow_env/lib/python3.9/site-packages/airflow/example_dags/example_latest_only.py took 0.065 seconds
[2022-03-28 10:45:31,030] {processor.py:163} INFO - Started process (PID=54835) to work on /home/vengat/big_data/python/venv/aflow_env/lib/python3.9/site-packages/airflow/example_dags/example_latest_only.py
[2022-03-28 10:45:31,031] {processor.py:642} INFO - Processing file /home/vengat/big_data/python/venv/aflow_env/lib/python3.9/site-packages/airflow/example_dags/example_latest_only.py for tasks to queue
[2022-03-28 10:45:31,032] {logging_mixin.py:109} INFO - [2022-03-28 10:45:31,032] {dagbag.py:500} INFO - Filling up the DagBag from /home/vengat/big_data/python/venv/aflow_env/lib/python3.9/site-packages/airflow/example_dags/example_latest_only.py
[2022-03-28 10:45:31,056] {processor.py:654} INFO - DAG(s) dict_keys(['latest_only']) retrieved from /home/vengat/big_data/python/venv/aflow_env/lib/python3.9/site-packages/airflow/example_dags/example_latest_only.py
[2022-03-28 10:45:31,065] {logging_mixin.py:109} INFO - [2022-03-28 10:45:31,065] {dag.py:2398} INFO - Sync 1 DAGs
[2022-03-28 10:45:31,077] {logging_mixin.py:109} INFO - [2022-03-28 10:45:31,077] {dag.py:2937} INFO - Setting next_dagrun for latest_only to 2022-03-28T13:45:31.076990+00:00
[2022-03-28 10:45:31,086] {processor.py:171} INFO - Processing /home/vengat/big_data/python/venv/aflow_env/lib/python3.9/site-packages/airflow/example_dags/example_latest_only.py took 0.060 seconds
[2022-03-28 10:46:06,236] {processor.py:163} INFO - Started process (PID=54917) to work on /home/vengat/big_data/python/venv/aflow_env/lib/python3.9/site-packages/airflow/example_dags/example_latest_only.py
[2022-03-28 10:46:06,240] {processor.py:642} INFO - Processing file /home/vengat/big_data/python/venv/aflow_env/lib/python3.9/site-packages/airflow/example_dags/example_latest_only.py for tasks to queue
[2022-03-28 10:46:06,241] {logging_mixin.py:109} INFO - [2022-03-28 10:46:06,241] {dagbag.py:500} INFO - Filling up the DagBag from /home/vengat/big_data/python/venv/aflow_env/lib/python3.9/site-packages/airflow/example_dags/example_latest_only.py
[2022-03-28 10:46:06,271] {processor.py:654} INFO - DAG(s) dict_keys(['latest_only']) retrieved from /home/vengat/big_data/python/venv/aflow_env/lib/python3.9/site-packages/airflow/example_dags/example_latest_only.py
[2022-03-28 10:46:06,282] {logging_mixin.py:109} INFO - [2022-03-28 10:46:06,282] {dag.py:2398} INFO - Sync 1 DAGs
[2022-03-28 10:46:06,297] {logging_mixin.py:109} INFO - [2022-03-28 10:46:06,297] {dag.py:2937} INFO - Setting next_dagrun for latest_only to 2022-03-28T13:46:06.296820+00:00
[2022-03-28 10:46:06,307] {processor.py:171} INFO - Processing /home/vengat/big_data/python/venv/aflow_env/lib/python3.9/site-packages/airflow/example_dags/example_latest_only.py took 0.075 seconds
[2022-03-28 10:46:42,953] {processor.py:163} INFO - Started process (PID=54954) to work on /home/vengat/big_data/python/venv/aflow_env/lib/python3.9/site-packages/airflow/example_dags/example_latest_only.py
[2022-03-28 10:46:42,966] {processor.py:642} INFO - Processing file /home/vengat/big_data/python/venv/aflow_env/lib/python3.9/site-packages/airflow/example_dags/example_latest_only.py for tasks to queue
[2022-03-28 10:46:42,969] {logging_mixin.py:109} INFO - [2022-03-28 10:46:42,968] {dagbag.py:500} INFO - Filling up the DagBag from /home/vengat/big_data/python/venv/aflow_env/lib/python3.9/site-packages/airflow/example_dags/example_latest_only.py
[2022-03-28 10:46:43,014] {processor.py:654} INFO - DAG(s) dict_keys(['latest_only']) retrieved from /home/vengat/big_data/python/venv/aflow_env/lib/python3.9/site-packages/airflow/example_dags/example_latest_only.py
[2022-03-28 10:46:43,027] {logging_mixin.py:109} INFO - [2022-03-28 10:46:43,027] {dag.py:2398} INFO - Sync 1 DAGs
[2022-03-28 10:46:43,044] {logging_mixin.py:109} INFO - [2022-03-28 10:46:43,043] {dag.py:2937} INFO - Setting next_dagrun for latest_only to 2022-03-28T13:46:43.043390+00:00
[2022-03-28 10:46:43,056] {processor.py:171} INFO - Processing /home/vengat/big_data/python/venv/aflow_env/lib/python3.9/site-packages/airflow/example_dags/example_latest_only.py took 0.111 seconds
[2022-03-28 10:47:41,268] {processor.py:163} INFO - Started process (PID=55001) to work on /home/vengat/big_data/python/venv/aflow_env/lib/python3.9/site-packages/airflow/example_dags/example_latest_only.py
[2022-03-28 10:47:41,270] {processor.py:642} INFO - Processing file /home/vengat/big_data/python/venv/aflow_env/lib/python3.9/site-packages/airflow/example_dags/example_latest_only.py for tasks to queue
[2022-03-28 10:47:41,270] {logging_mixin.py:109} INFO - [2022-03-28 10:47:41,270] {dagbag.py:500} INFO - Filling up the DagBag from /home/vengat/big_data/python/venv/aflow_env/lib/python3.9/site-packages/airflow/example_dags/example_latest_only.py
[2022-03-28 10:47:41,298] {processor.py:654} INFO - DAG(s) dict_keys(['latest_only']) retrieved from /home/vengat/big_data/python/venv/aflow_env/lib/python3.9/site-packages/airflow/example_dags/example_latest_only.py
[2022-03-28 10:47:41,307] {logging_mixin.py:109} INFO - [2022-03-28 10:47:41,307] {dag.py:2398} INFO - Sync 1 DAGs
[2022-03-28 10:47:41,321] {logging_mixin.py:109} INFO - [2022-03-28 10:47:41,321] {dag.py:2937} INFO - Setting next_dagrun for latest_only to 2022-03-28T13:47:41.320699+00:00
[2022-03-28 10:47:41,331] {processor.py:171} INFO - Processing /home/vengat/big_data/python/venv/aflow_env/lib/python3.9/site-packages/airflow/example_dags/example_latest_only.py took 0.066 seconds
[2022-03-28 10:48:24,596] {processor.py:163} INFO - Started process (PID=55049) to work on /home/vengat/big_data/python/venv/aflow_env/lib/python3.9/site-packages/airflow/example_dags/example_latest_only.py
[2022-03-28 10:48:24,599] {processor.py:642} INFO - Processing file /home/vengat/big_data/python/venv/aflow_env/lib/python3.9/site-packages/airflow/example_dags/example_latest_only.py for tasks to queue
[2022-03-28 10:48:24,600] {logging_mixin.py:109} INFO - [2022-03-28 10:48:24,600] {dagbag.py:500} INFO - Filling up the DagBag from /home/vengat/big_data/python/venv/aflow_env/lib/python3.9/site-packages/airflow/example_dags/example_latest_only.py
[2022-03-28 10:48:24,642] {processor.py:654} INFO - DAG(s) dict_keys(['latest_only']) retrieved from /home/vengat/big_data/python/venv/aflow_env/lib/python3.9/site-packages/airflow/example_dags/example_latest_only.py
[2022-03-28 10:48:24,656] {logging_mixin.py:109} INFO - [2022-03-28 10:48:24,656] {dag.py:2398} INFO - Sync 1 DAGs
[2022-03-28 10:48:24,673] {logging_mixin.py:109} INFO - [2022-03-28 10:48:24,673] {dag.py:2937} INFO - Setting next_dagrun for latest_only to 2022-03-28T13:48:24.673048+00:00
[2022-03-28 10:48:24,684] {processor.py:171} INFO - Processing /home/vengat/big_data/python/venv/aflow_env/lib/python3.9/site-packages/airflow/example_dags/example_latest_only.py took 0.101 seconds
[2022-03-28 10:49:00,909] {processor.py:163} INFO - Started process (PID=55093) to work on /home/vengat/big_data/python/venv/aflow_env/lib/python3.9/site-packages/airflow/example_dags/example_latest_only.py
[2022-03-28 10:49:00,911] {processor.py:642} INFO - Processing file /home/vengat/big_data/python/venv/aflow_env/lib/python3.9/site-packages/airflow/example_dags/example_latest_only.py for tasks to queue
[2022-03-28 10:49:00,911] {logging_mixin.py:109} INFO - [2022-03-28 10:49:00,911] {dagbag.py:500} INFO - Filling up the DagBag from /home/vengat/big_data/python/venv/aflow_env/lib/python3.9/site-packages/airflow/example_dags/example_latest_only.py
[2022-03-28 10:49:00,987] {processor.py:654} INFO - DAG(s) dict_keys(['latest_only']) retrieved from /home/vengat/big_data/python/venv/aflow_env/lib/python3.9/site-packages/airflow/example_dags/example_latest_only.py
[2022-03-28 10:49:00,997] {logging_mixin.py:109} INFO - [2022-03-28 10:49:00,997] {dag.py:2398} INFO - Sync 1 DAGs
[2022-03-28 10:49:01,013] {logging_mixin.py:109} INFO - [2022-03-28 10:49:01,013] {dag.py:2937} INFO - Setting next_dagrun for latest_only to 2022-03-28T13:49:01.013021+00:00
[2022-03-28 10:49:01,023] {processor.py:171} INFO - Processing /home/vengat/big_data/python/venv/aflow_env/lib/python3.9/site-packages/airflow/example_dags/example_latest_only.py took 0.118 seconds
[2022-03-28 10:49:34,550] {processor.py:163} INFO - Started process (PID=55125) to work on /home/vengat/big_data/python/venv/aflow_env/lib/python3.9/site-packages/airflow/example_dags/example_latest_only.py
[2022-03-28 10:49:34,552] {processor.py:642} INFO - Processing file /home/vengat/big_data/python/venv/aflow_env/lib/python3.9/site-packages/airflow/example_dags/example_latest_only.py for tasks to queue
[2022-03-28 10:49:34,552] {logging_mixin.py:109} INFO - [2022-03-28 10:49:34,552] {dagbag.py:500} INFO - Filling up the DagBag from /home/vengat/big_data/python/venv/aflow_env/lib/python3.9/site-packages/airflow/example_dags/example_latest_only.py
[2022-03-28 10:49:34,574] {processor.py:654} INFO - DAG(s) dict_keys(['latest_only']) retrieved from /home/vengat/big_data/python/venv/aflow_env/lib/python3.9/site-packages/airflow/example_dags/example_latest_only.py
[2022-03-28 10:49:34,583] {logging_mixin.py:109} INFO - [2022-03-28 10:49:34,583] {dag.py:2398} INFO - Sync 1 DAGs
[2022-03-28 10:49:34,594] {logging_mixin.py:109} INFO - [2022-03-28 10:49:34,594] {dag.py:2937} INFO - Setting next_dagrun for latest_only to 2022-03-28T13:49:34.593964+00:00
[2022-03-28 10:49:34,603] {processor.py:171} INFO - Processing /home/vengat/big_data/python/venv/aflow_env/lib/python3.9/site-packages/airflow/example_dags/example_latest_only.py took 0.056 seconds
[2022-03-28 10:50:06,974] {processor.py:163} INFO - Started process (PID=55157) to work on /home/vengat/big_data/python/venv/aflow_env/lib/python3.9/site-packages/airflow/example_dags/example_latest_only.py
[2022-03-28 10:50:06,976] {processor.py:642} INFO - Processing file /home/vengat/big_data/python/venv/aflow_env/lib/python3.9/site-packages/airflow/example_dags/example_latest_only.py for tasks to queue
[2022-03-28 10:50:06,976] {logging_mixin.py:109} INFO - [2022-03-28 10:50:06,976] {dagbag.py:500} INFO - Filling up the DagBag from /home/vengat/big_data/python/venv/aflow_env/lib/python3.9/site-packages/airflow/example_dags/example_latest_only.py
[2022-03-28 10:50:06,998] {processor.py:654} INFO - DAG(s) dict_keys(['latest_only']) retrieved from /home/vengat/big_data/python/venv/aflow_env/lib/python3.9/site-packages/airflow/example_dags/example_latest_only.py
[2022-03-28 10:50:07,007] {logging_mixin.py:109} INFO - [2022-03-28 10:50:07,007] {dag.py:2398} INFO - Sync 1 DAGs
[2022-03-28 10:50:07,018] {logging_mixin.py:109} INFO - [2022-03-28 10:50:07,018] {dag.py:2937} INFO - Setting next_dagrun for latest_only to 2022-03-28T13:50:07.017986+00:00
[2022-03-28 10:50:07,026] {processor.py:171} INFO - Processing /home/vengat/big_data/python/venv/aflow_env/lib/python3.9/site-packages/airflow/example_dags/example_latest_only.py took 0.055 seconds
[2022-03-28 10:50:39,691] {processor.py:163} INFO - Started process (PID=55189) to work on /home/vengat/big_data/python/venv/aflow_env/lib/python3.9/site-packages/airflow/example_dags/example_latest_only.py
[2022-03-28 10:50:39,692] {processor.py:642} INFO - Processing file /home/vengat/big_data/python/venv/aflow_env/lib/python3.9/site-packages/airflow/example_dags/example_latest_only.py for tasks to queue
[2022-03-28 10:50:39,693] {logging_mixin.py:109} INFO - [2022-03-28 10:50:39,693] {dagbag.py:500} INFO - Filling up the DagBag from /home/vengat/big_data/python/venv/aflow_env/lib/python3.9/site-packages/airflow/example_dags/example_latest_only.py
[2022-03-28 10:50:39,717] {processor.py:654} INFO - DAG(s) dict_keys(['latest_only']) retrieved from /home/vengat/big_data/python/venv/aflow_env/lib/python3.9/site-packages/airflow/example_dags/example_latest_only.py
[2022-03-28 10:50:39,725] {logging_mixin.py:109} INFO - [2022-03-28 10:50:39,725] {dag.py:2398} INFO - Sync 1 DAGs
[2022-03-28 10:50:39,736] {logging_mixin.py:109} INFO - [2022-03-28 10:50:39,736] {dag.py:2937} INFO - Setting next_dagrun for latest_only to 2022-03-28T13:50:39.736403+00:00
[2022-03-28 10:50:39,745] {processor.py:171} INFO - Processing /home/vengat/big_data/python/venv/aflow_env/lib/python3.9/site-packages/airflow/example_dags/example_latest_only.py took 0.060 seconds
[2022-03-28 10:51:14,765] {processor.py:163} INFO - Started process (PID=55223) to work on /home/vengat/big_data/python/venv/aflow_env/lib/python3.9/site-packages/airflow/example_dags/example_latest_only.py
[2022-03-28 10:51:14,768] {processor.py:642} INFO - Processing file /home/vengat/big_data/python/venv/aflow_env/lib/python3.9/site-packages/airflow/example_dags/example_latest_only.py for tasks to queue
[2022-03-28 10:51:14,769] {logging_mixin.py:109} INFO - [2022-03-28 10:51:14,769] {dagbag.py:500} INFO - Filling up the DagBag from /home/vengat/big_data/python/venv/aflow_env/lib/python3.9/site-packages/airflow/example_dags/example_latest_only.py
[2022-03-28 10:51:14,799] {processor.py:654} INFO - DAG(s) dict_keys(['latest_only']) retrieved from /home/vengat/big_data/python/venv/aflow_env/lib/python3.9/site-packages/airflow/example_dags/example_latest_only.py
[2022-03-28 10:51:14,807] {logging_mixin.py:109} INFO - [2022-03-28 10:51:14,807] {dag.py:2398} INFO - Sync 1 DAGs
[2022-03-28 10:51:14,819] {logging_mixin.py:109} INFO - [2022-03-28 10:51:14,819] {dag.py:2937} INFO - Setting next_dagrun for latest_only to 2022-03-28T13:51:14.818762+00:00
[2022-03-28 10:51:14,828] {processor.py:171} INFO - Processing /home/vengat/big_data/python/venv/aflow_env/lib/python3.9/site-packages/airflow/example_dags/example_latest_only.py took 0.068 seconds
[2022-03-28 10:51:47,856] {processor.py:163} INFO - Started process (PID=55255) to work on /home/vengat/big_data/python/venv/aflow_env/lib/python3.9/site-packages/airflow/example_dags/example_latest_only.py
[2022-03-28 10:51:47,857] {processor.py:642} INFO - Processing file /home/vengat/big_data/python/venv/aflow_env/lib/python3.9/site-packages/airflow/example_dags/example_latest_only.py for tasks to queue
[2022-03-28 10:51:47,858] {logging_mixin.py:109} INFO - [2022-03-28 10:51:47,858] {dagbag.py:500} INFO - Filling up the DagBag from /home/vengat/big_data/python/venv/aflow_env/lib/python3.9/site-packages/airflow/example_dags/example_latest_only.py
[2022-03-28 10:51:47,885] {processor.py:654} INFO - DAG(s) dict_keys(['latest_only']) retrieved from /home/vengat/big_data/python/venv/aflow_env/lib/python3.9/site-packages/airflow/example_dags/example_latest_only.py
[2022-03-28 10:51:47,895] {logging_mixin.py:109} INFO - [2022-03-28 10:51:47,895] {dag.py:2398} INFO - Sync 1 DAGs
[2022-03-28 10:51:47,907] {logging_mixin.py:109} INFO - [2022-03-28 10:51:47,907] {dag.py:2937} INFO - Setting next_dagrun for latest_only to 2022-03-28T13:51:47.906948+00:00
[2022-03-28 10:51:47,916] {processor.py:171} INFO - Processing /home/vengat/big_data/python/venv/aflow_env/lib/python3.9/site-packages/airflow/example_dags/example_latest_only.py took 0.063 seconds
[2022-03-28 10:52:25,749] {processor.py:163} INFO - Started process (PID=55293) to work on /home/vengat/big_data/python/venv/aflow_env/lib/python3.9/site-packages/airflow/example_dags/example_latest_only.py
[2022-03-28 10:52:25,753] {processor.py:642} INFO - Processing file /home/vengat/big_data/python/venv/aflow_env/lib/python3.9/site-packages/airflow/example_dags/example_latest_only.py for tasks to queue
[2022-03-28 10:52:25,754] {logging_mixin.py:109} INFO - [2022-03-28 10:52:25,754] {dagbag.py:500} INFO - Filling up the DagBag from /home/vengat/big_data/python/venv/aflow_env/lib/python3.9/site-packages/airflow/example_dags/example_latest_only.py
[2022-03-28 10:52:25,784] {processor.py:654} INFO - DAG(s) dict_keys(['latest_only']) retrieved from /home/vengat/big_data/python/venv/aflow_env/lib/python3.9/site-packages/airflow/example_dags/example_latest_only.py
[2022-03-28 10:52:25,798] {logging_mixin.py:109} INFO - [2022-03-28 10:52:25,798] {dag.py:2398} INFO - Sync 1 DAGs
[2022-03-28 10:52:25,819] {logging_mixin.py:109} INFO - [2022-03-28 10:52:25,819] {dag.py:2937} INFO - Setting next_dagrun for latest_only to 2022-03-28T13:52:25.819393+00:00
[2022-03-28 10:52:25,834] {processor.py:171} INFO - Processing /home/vengat/big_data/python/venv/aflow_env/lib/python3.9/site-packages/airflow/example_dags/example_latest_only.py took 0.093 seconds
[2022-03-28 10:53:02,146] {processor.py:163} INFO - Started process (PID=55333) to work on /home/vengat/big_data/python/venv/aflow_env/lib/python3.9/site-packages/airflow/example_dags/example_latest_only.py
[2022-03-28 10:53:02,148] {processor.py:642} INFO - Processing file /home/vengat/big_data/python/venv/aflow_env/lib/python3.9/site-packages/airflow/example_dags/example_latest_only.py for tasks to queue
[2022-03-28 10:53:02,148] {logging_mixin.py:109} INFO - [2022-03-28 10:53:02,148] {dagbag.py:500} INFO - Filling up the DagBag from /home/vengat/big_data/python/venv/aflow_env/lib/python3.9/site-packages/airflow/example_dags/example_latest_only.py
[2022-03-28 10:53:02,187] {processor.py:654} INFO - DAG(s) dict_keys(['latest_only']) retrieved from /home/vengat/big_data/python/venv/aflow_env/lib/python3.9/site-packages/airflow/example_dags/example_latest_only.py
[2022-03-28 10:53:02,196] {logging_mixin.py:109} INFO - [2022-03-28 10:53:02,196] {dag.py:2398} INFO - Sync 1 DAGs
[2022-03-28 10:53:02,213] {logging_mixin.py:109} INFO - [2022-03-28 10:53:02,213] {dag.py:2937} INFO - Setting next_dagrun for latest_only to 2022-03-28T13:53:02.213372+00:00
[2022-03-28 10:53:02,224] {processor.py:171} INFO - Processing /home/vengat/big_data/python/venv/aflow_env/lib/python3.9/site-packages/airflow/example_dags/example_latest_only.py took 0.082 seconds
[2022-03-28 10:53:35,414] {processor.py:163} INFO - Started process (PID=55365) to work on /home/vengat/big_data/python/venv/aflow_env/lib/python3.9/site-packages/airflow/example_dags/example_latest_only.py
[2022-03-28 10:53:35,416] {processor.py:642} INFO - Processing file /home/vengat/big_data/python/venv/aflow_env/lib/python3.9/site-packages/airflow/example_dags/example_latest_only.py for tasks to queue
[2022-03-28 10:53:35,416] {logging_mixin.py:109} INFO - [2022-03-28 10:53:35,416] {dagbag.py:500} INFO - Filling up the DagBag from /home/vengat/big_data/python/venv/aflow_env/lib/python3.9/site-packages/airflow/example_dags/example_latest_only.py
[2022-03-28 10:53:35,439] {processor.py:654} INFO - DAG(s) dict_keys(['latest_only']) retrieved from /home/vengat/big_data/python/venv/aflow_env/lib/python3.9/site-packages/airflow/example_dags/example_latest_only.py
[2022-03-28 10:53:35,448] {logging_mixin.py:109} INFO - [2022-03-28 10:53:35,448] {dag.py:2398} INFO - Sync 1 DAGs
[2022-03-28 10:53:35,459] {logging_mixin.py:109} INFO - [2022-03-28 10:53:35,459] {dag.py:2937} INFO - Setting next_dagrun for latest_only to 2022-03-28T13:53:35.458716+00:00
[2022-03-28 10:53:35,468] {processor.py:171} INFO - Processing /home/vengat/big_data/python/venv/aflow_env/lib/python3.9/site-packages/airflow/example_dags/example_latest_only.py took 0.058 seconds
[2022-03-28 10:54:10,932] {processor.py:163} INFO - Started process (PID=55400) to work on /home/vengat/big_data/python/venv/aflow_env/lib/python3.9/site-packages/airflow/example_dags/example_latest_only.py
[2022-03-28 10:54:10,934] {processor.py:642} INFO - Processing file /home/vengat/big_data/python/venv/aflow_env/lib/python3.9/site-packages/airflow/example_dags/example_latest_only.py for tasks to queue
[2022-03-28 10:54:10,935] {logging_mixin.py:109} INFO - [2022-03-28 10:54:10,935] {dagbag.py:500} INFO - Filling up the DagBag from /home/vengat/big_data/python/venv/aflow_env/lib/python3.9/site-packages/airflow/example_dags/example_latest_only.py
[2022-03-28 10:54:10,962] {processor.py:654} INFO - DAG(s) dict_keys(['latest_only']) retrieved from /home/vengat/big_data/python/venv/aflow_env/lib/python3.9/site-packages/airflow/example_dags/example_latest_only.py
[2022-03-28 10:54:10,971] {logging_mixin.py:109} INFO - [2022-03-28 10:54:10,971] {dag.py:2398} INFO - Sync 1 DAGs
[2022-03-28 10:54:10,986] {logging_mixin.py:109} INFO - [2022-03-28 10:54:10,985] {dag.py:2937} INFO - Setting next_dagrun for latest_only to 2022-03-28T13:54:10.985674+00:00
[2022-03-28 10:54:10,995] {processor.py:171} INFO - Processing /home/vengat/big_data/python/venv/aflow_env/lib/python3.9/site-packages/airflow/example_dags/example_latest_only.py took 0.070 seconds
[2022-03-28 10:54:44,970] {processor.py:163} INFO - Started process (PID=55433) to work on /home/vengat/big_data/python/venv/aflow_env/lib/python3.9/site-packages/airflow/example_dags/example_latest_only.py
[2022-03-28 10:54:44,971] {processor.py:642} INFO - Processing file /home/vengat/big_data/python/venv/aflow_env/lib/python3.9/site-packages/airflow/example_dags/example_latest_only.py for tasks to queue
[2022-03-28 10:54:44,972] {logging_mixin.py:109} INFO - [2022-03-28 10:54:44,972] {dagbag.py:500} INFO - Filling up the DagBag from /home/vengat/big_data/python/venv/aflow_env/lib/python3.9/site-packages/airflow/example_dags/example_latest_only.py
[2022-03-28 10:54:44,994] {processor.py:654} INFO - DAG(s) dict_keys(['latest_only']) retrieved from /home/vengat/big_data/python/venv/aflow_env/lib/python3.9/site-packages/airflow/example_dags/example_latest_only.py
[2022-03-28 10:54:45,003] {logging_mixin.py:109} INFO - [2022-03-28 10:54:45,003] {dag.py:2398} INFO - Sync 1 DAGs
[2022-03-28 10:54:45,014] {logging_mixin.py:109} INFO - [2022-03-28 10:54:45,014] {dag.py:2937} INFO - Setting next_dagrun for latest_only to 2022-03-28T13:54:45.014030+00:00
[2022-03-28 10:54:45,025] {processor.py:171} INFO - Processing /home/vengat/big_data/python/venv/aflow_env/lib/python3.9/site-packages/airflow/example_dags/example_latest_only.py took 0.059 seconds
