[2022-03-28 10:14:01,366] {processor.py:163} INFO - Started process (PID=52753) to work on /home/vengat/big_data/python/venv/aflow_env/lib/python3.9/site-packages/airflow/example_dags/example_bash_operator.py
[2022-03-28 10:14:01,367] {processor.py:642} INFO - Processing file /home/vengat/big_data/python/venv/aflow_env/lib/python3.9/site-packages/airflow/example_dags/example_bash_operator.py for tasks to queue
[2022-03-28 10:14:01,368] {logging_mixin.py:109} INFO - [2022-03-28 10:14:01,368] {dagbag.py:500} INFO - Filling up the DagBag from /home/vengat/big_data/python/venv/aflow_env/lib/python3.9/site-packages/airflow/example_dags/example_bash_operator.py
[2022-03-28 10:14:01,396] {processor.py:654} INFO - DAG(s) dict_keys(['example_bash_operator']) retrieved from /home/vengat/big_data/python/venv/aflow_env/lib/python3.9/site-packages/airflow/example_dags/example_bash_operator.py
[2022-03-28 10:14:01,404] {logging_mixin.py:109} INFO - [2022-03-28 10:14:01,404] {dag.py:2398} INFO - Sync 1 DAGs
[2022-03-28 10:14:01,418] {logging_mixin.py:109} INFO - [2022-03-28 10:14:01,418] {dag.py:2937} INFO - Setting next_dagrun for example_bash_operator to 2022-03-28T00:00:00+00:00
[2022-03-28 10:14:01,427] {processor.py:171} INFO - Processing /home/vengat/big_data/python/venv/aflow_env/lib/python3.9/site-packages/airflow/example_dags/example_bash_operator.py took 0.064 seconds
[2022-03-28 10:14:37,751] {processor.py:163} INFO - Started process (PID=52787) to work on /home/vengat/big_data/python/venv/aflow_env/lib/python3.9/site-packages/airflow/example_dags/example_bash_operator.py
[2022-03-28 10:14:37,752] {processor.py:642} INFO - Processing file /home/vengat/big_data/python/venv/aflow_env/lib/python3.9/site-packages/airflow/example_dags/example_bash_operator.py for tasks to queue
[2022-03-28 10:14:37,753] {logging_mixin.py:109} INFO - [2022-03-28 10:14:37,753] {dagbag.py:500} INFO - Filling up the DagBag from /home/vengat/big_data/python/venv/aflow_env/lib/python3.9/site-packages/airflow/example_dags/example_bash_operator.py
[2022-03-28 10:14:37,782] {processor.py:654} INFO - DAG(s) dict_keys(['example_bash_operator']) retrieved from /home/vengat/big_data/python/venv/aflow_env/lib/python3.9/site-packages/airflow/example_dags/example_bash_operator.py
[2022-03-28 10:14:37,793] {logging_mixin.py:109} INFO - [2022-03-28 10:14:37,793] {dag.py:2398} INFO - Sync 1 DAGs
[2022-03-28 10:14:37,805] {logging_mixin.py:109} INFO - [2022-03-28 10:14:37,805] {dag.py:2937} INFO - Setting next_dagrun for example_bash_operator to 2022-03-28T00:00:00+00:00
[2022-03-28 10:14:37,814] {processor.py:171} INFO - Processing /home/vengat/big_data/python/venv/aflow_env/lib/python3.9/site-packages/airflow/example_dags/example_bash_operator.py took 0.066 seconds
[2022-03-28 10:15:14,483] {processor.py:163} INFO - Started process (PID=52822) to work on /home/vengat/big_data/python/venv/aflow_env/lib/python3.9/site-packages/airflow/example_dags/example_bash_operator.py
[2022-03-28 10:15:14,485] {processor.py:642} INFO - Processing file /home/vengat/big_data/python/venv/aflow_env/lib/python3.9/site-packages/airflow/example_dags/example_bash_operator.py for tasks to queue
[2022-03-28 10:15:14,485] {logging_mixin.py:109} INFO - [2022-03-28 10:15:14,485] {dagbag.py:500} INFO - Filling up the DagBag from /home/vengat/big_data/python/venv/aflow_env/lib/python3.9/site-packages/airflow/example_dags/example_bash_operator.py
[2022-03-28 10:15:14,516] {processor.py:654} INFO - DAG(s) dict_keys(['example_bash_operator']) retrieved from /home/vengat/big_data/python/venv/aflow_env/lib/python3.9/site-packages/airflow/example_dags/example_bash_operator.py
[2022-03-28 10:15:14,526] {logging_mixin.py:109} INFO - [2022-03-28 10:15:14,526] {dag.py:2398} INFO - Sync 1 DAGs
[2022-03-28 10:15:14,539] {logging_mixin.py:109} INFO - [2022-03-28 10:15:14,539] {dag.py:2937} INFO - Setting next_dagrun for example_bash_operator to 2022-03-28T00:00:00+00:00
[2022-03-28 10:15:14,549] {processor.py:171} INFO - Processing /home/vengat/big_data/python/venv/aflow_env/lib/python3.9/site-packages/airflow/example_dags/example_bash_operator.py took 0.069 seconds
[2022-03-28 10:15:50,450] {processor.py:163} INFO - Started process (PID=52854) to work on /home/vengat/big_data/python/venv/aflow_env/lib/python3.9/site-packages/airflow/example_dags/example_bash_operator.py
[2022-03-28 10:15:50,452] {processor.py:642} INFO - Processing file /home/vengat/big_data/python/venv/aflow_env/lib/python3.9/site-packages/airflow/example_dags/example_bash_operator.py for tasks to queue
[2022-03-28 10:15:50,452] {logging_mixin.py:109} INFO - [2022-03-28 10:15:50,452] {dagbag.py:500} INFO - Filling up the DagBag from /home/vengat/big_data/python/venv/aflow_env/lib/python3.9/site-packages/airflow/example_dags/example_bash_operator.py
[2022-03-28 10:15:50,481] {processor.py:654} INFO - DAG(s) dict_keys(['example_bash_operator']) retrieved from /home/vengat/big_data/python/venv/aflow_env/lib/python3.9/site-packages/airflow/example_dags/example_bash_operator.py
[2022-03-28 10:15:50,489] {logging_mixin.py:109} INFO - [2022-03-28 10:15:50,489] {dag.py:2398} INFO - Sync 1 DAGs
[2022-03-28 10:15:50,500] {logging_mixin.py:109} INFO - [2022-03-28 10:15:50,500] {dag.py:2937} INFO - Setting next_dagrun for example_bash_operator to 2022-03-28T00:00:00+00:00
[2022-03-28 10:15:50,509] {processor.py:171} INFO - Processing /home/vengat/big_data/python/venv/aflow_env/lib/python3.9/site-packages/airflow/example_dags/example_bash_operator.py took 0.061 seconds
[2022-03-28 10:16:25,565] {processor.py:163} INFO - Started process (PID=52887) to work on /home/vengat/big_data/python/venv/aflow_env/lib/python3.9/site-packages/airflow/example_dags/example_bash_operator.py
[2022-03-28 10:16:25,566] {processor.py:642} INFO - Processing file /home/vengat/big_data/python/venv/aflow_env/lib/python3.9/site-packages/airflow/example_dags/example_bash_operator.py for tasks to queue
[2022-03-28 10:16:25,567] {logging_mixin.py:109} INFO - [2022-03-28 10:16:25,567] {dagbag.py:500} INFO - Filling up the DagBag from /home/vengat/big_data/python/venv/aflow_env/lib/python3.9/site-packages/airflow/example_dags/example_bash_operator.py
[2022-03-28 10:16:25,614] {processor.py:654} INFO - DAG(s) dict_keys(['example_bash_operator']) retrieved from /home/vengat/big_data/python/venv/aflow_env/lib/python3.9/site-packages/airflow/example_dags/example_bash_operator.py
[2022-03-28 10:16:25,634] {logging_mixin.py:109} INFO - [2022-03-28 10:16:25,634] {dag.py:2398} INFO - Sync 1 DAGs
[2022-03-28 10:16:25,653] {logging_mixin.py:109} INFO - [2022-03-28 10:16:25,653] {dag.py:2937} INFO - Setting next_dagrun for example_bash_operator to 2022-03-28T00:00:00+00:00
[2022-03-28 10:16:25,668] {processor.py:171} INFO - Processing /home/vengat/big_data/python/venv/aflow_env/lib/python3.9/site-packages/airflow/example_dags/example_bash_operator.py took 0.111 seconds
[2022-03-28 10:17:01,846] {processor.py:163} INFO - Started process (PID=52923) to work on /home/vengat/big_data/python/venv/aflow_env/lib/python3.9/site-packages/airflow/example_dags/example_bash_operator.py
[2022-03-28 10:17:01,847] {processor.py:642} INFO - Processing file /home/vengat/big_data/python/venv/aflow_env/lib/python3.9/site-packages/airflow/example_dags/example_bash_operator.py for tasks to queue
[2022-03-28 10:17:01,848] {logging_mixin.py:109} INFO - [2022-03-28 10:17:01,848] {dagbag.py:500} INFO - Filling up the DagBag from /home/vengat/big_data/python/venv/aflow_env/lib/python3.9/site-packages/airflow/example_dags/example_bash_operator.py
[2022-03-28 10:17:01,882] {processor.py:654} INFO - DAG(s) dict_keys(['example_bash_operator']) retrieved from /home/vengat/big_data/python/venv/aflow_env/lib/python3.9/site-packages/airflow/example_dags/example_bash_operator.py
[2022-03-28 10:17:01,893] {logging_mixin.py:109} INFO - [2022-03-28 10:17:01,893] {dag.py:2398} INFO - Sync 1 DAGs
[2022-03-28 10:17:01,908] {logging_mixin.py:109} INFO - [2022-03-28 10:17:01,908] {dag.py:2937} INFO - Setting next_dagrun for example_bash_operator to 2022-03-28T00:00:00+00:00
[2022-03-28 10:17:01,917] {processor.py:171} INFO - Processing /home/vengat/big_data/python/venv/aflow_env/lib/python3.9/site-packages/airflow/example_dags/example_bash_operator.py took 0.075 seconds
[2022-03-28 10:17:34,480] {processor.py:163} INFO - Started process (PID=52957) to work on /home/vengat/big_data/python/venv/aflow_env/lib/python3.9/site-packages/airflow/example_dags/example_bash_operator.py
[2022-03-28 10:17:34,482] {processor.py:642} INFO - Processing file /home/vengat/big_data/python/venv/aflow_env/lib/python3.9/site-packages/airflow/example_dags/example_bash_operator.py for tasks to queue
[2022-03-28 10:17:34,482] {logging_mixin.py:109} INFO - [2022-03-28 10:17:34,482] {dagbag.py:500} INFO - Filling up the DagBag from /home/vengat/big_data/python/venv/aflow_env/lib/python3.9/site-packages/airflow/example_dags/example_bash_operator.py
[2022-03-28 10:17:34,510] {processor.py:654} INFO - DAG(s) dict_keys(['example_bash_operator']) retrieved from /home/vengat/big_data/python/venv/aflow_env/lib/python3.9/site-packages/airflow/example_dags/example_bash_operator.py
[2022-03-28 10:17:34,519] {logging_mixin.py:109} INFO - [2022-03-28 10:17:34,519] {dag.py:2398} INFO - Sync 1 DAGs
[2022-03-28 10:17:34,533] {logging_mixin.py:109} INFO - [2022-03-28 10:17:34,532] {dag.py:2937} INFO - Setting next_dagrun for example_bash_operator to 2022-03-28T00:00:00+00:00
[2022-03-28 10:17:34,542] {processor.py:171} INFO - Processing /home/vengat/big_data/python/venv/aflow_env/lib/python3.9/site-packages/airflow/example_dags/example_bash_operator.py took 0.065 seconds
[2022-03-28 10:18:09,246] {processor.py:163} INFO - Started process (PID=52992) to work on /home/vengat/big_data/python/venv/aflow_env/lib/python3.9/site-packages/airflow/example_dags/example_bash_operator.py
[2022-03-28 10:18:09,249] {processor.py:642} INFO - Processing file /home/vengat/big_data/python/venv/aflow_env/lib/python3.9/site-packages/airflow/example_dags/example_bash_operator.py for tasks to queue
[2022-03-28 10:18:09,251] {logging_mixin.py:109} INFO - [2022-03-28 10:18:09,251] {dagbag.py:500} INFO - Filling up the DagBag from /home/vengat/big_data/python/venv/aflow_env/lib/python3.9/site-packages/airflow/example_dags/example_bash_operator.py
[2022-03-28 10:18:09,285] {processor.py:654} INFO - DAG(s) dict_keys(['example_bash_operator']) retrieved from /home/vengat/big_data/python/venv/aflow_env/lib/python3.9/site-packages/airflow/example_dags/example_bash_operator.py
[2022-03-28 10:18:09,293] {logging_mixin.py:109} INFO - [2022-03-28 10:18:09,293] {dag.py:2398} INFO - Sync 1 DAGs
[2022-03-28 10:18:09,307] {logging_mixin.py:109} INFO - [2022-03-28 10:18:09,306] {dag.py:2937} INFO - Setting next_dagrun for example_bash_operator to 2022-03-28T00:00:00+00:00
[2022-03-28 10:18:09,315] {processor.py:171} INFO - Processing /home/vengat/big_data/python/venv/aflow_env/lib/python3.9/site-packages/airflow/example_dags/example_bash_operator.py took 0.077 seconds
[2022-03-28 10:18:47,706] {processor.py:163} INFO - Started process (PID=53031) to work on /home/vengat/big_data/python/venv/aflow_env/lib/python3.9/site-packages/airflow/example_dags/example_bash_operator.py
[2022-03-28 10:18:47,708] {processor.py:642} INFO - Processing file /home/vengat/big_data/python/venv/aflow_env/lib/python3.9/site-packages/airflow/example_dags/example_bash_operator.py for tasks to queue
[2022-03-28 10:18:47,709] {logging_mixin.py:109} INFO - [2022-03-28 10:18:47,709] {dagbag.py:500} INFO - Filling up the DagBag from /home/vengat/big_data/python/venv/aflow_env/lib/python3.9/site-packages/airflow/example_dags/example_bash_operator.py
[2022-03-28 10:18:47,745] {processor.py:654} INFO - DAG(s) dict_keys(['example_bash_operator']) retrieved from /home/vengat/big_data/python/venv/aflow_env/lib/python3.9/site-packages/airflow/example_dags/example_bash_operator.py
[2022-03-28 10:18:47,754] {logging_mixin.py:109} INFO - [2022-03-28 10:18:47,754] {dag.py:2398} INFO - Sync 1 DAGs
[2022-03-28 10:18:47,766] {logging_mixin.py:109} INFO - [2022-03-28 10:18:47,766] {dag.py:2937} INFO - Setting next_dagrun for example_bash_operator to 2022-03-28T00:00:00+00:00
[2022-03-28 10:18:47,775] {processor.py:171} INFO - Processing /home/vengat/big_data/python/venv/aflow_env/lib/python3.9/site-packages/airflow/example_dags/example_bash_operator.py took 0.077 seconds
[2022-03-28 10:19:22,613] {processor.py:163} INFO - Started process (PID=53065) to work on /home/vengat/big_data/python/venv/aflow_env/lib/python3.9/site-packages/airflow/example_dags/example_bash_operator.py
[2022-03-28 10:19:22,614] {processor.py:642} INFO - Processing file /home/vengat/big_data/python/venv/aflow_env/lib/python3.9/site-packages/airflow/example_dags/example_bash_operator.py for tasks to queue
[2022-03-28 10:19:22,615] {logging_mixin.py:109} INFO - [2022-03-28 10:19:22,615] {dagbag.py:500} INFO - Filling up the DagBag from /home/vengat/big_data/python/venv/aflow_env/lib/python3.9/site-packages/airflow/example_dags/example_bash_operator.py
[2022-03-28 10:19:22,649] {processor.py:654} INFO - DAG(s) dict_keys(['example_bash_operator']) retrieved from /home/vengat/big_data/python/venv/aflow_env/lib/python3.9/site-packages/airflow/example_dags/example_bash_operator.py
[2022-03-28 10:19:22,660] {logging_mixin.py:109} INFO - [2022-03-28 10:19:22,660] {dag.py:2398} INFO - Sync 1 DAGs
[2022-03-28 10:19:22,674] {logging_mixin.py:109} INFO - [2022-03-28 10:19:22,674] {dag.py:2937} INFO - Setting next_dagrun for example_bash_operator to 2022-03-28T00:00:00+00:00
[2022-03-28 10:19:22,682] {processor.py:171} INFO - Processing /home/vengat/big_data/python/venv/aflow_env/lib/python3.9/site-packages/airflow/example_dags/example_bash_operator.py took 0.073 seconds
[2022-03-28 10:19:57,305] {processor.py:163} INFO - Started process (PID=53097) to work on /home/vengat/big_data/python/venv/aflow_env/lib/python3.9/site-packages/airflow/example_dags/example_bash_operator.py
[2022-03-28 10:19:57,310] {processor.py:642} INFO - Processing file /home/vengat/big_data/python/venv/aflow_env/lib/python3.9/site-packages/airflow/example_dags/example_bash_operator.py for tasks to queue
[2022-03-28 10:19:57,311] {logging_mixin.py:109} INFO - [2022-03-28 10:19:57,311] {dagbag.py:500} INFO - Filling up the DagBag from /home/vengat/big_data/python/venv/aflow_env/lib/python3.9/site-packages/airflow/example_dags/example_bash_operator.py
[2022-03-28 10:19:57,344] {processor.py:654} INFO - DAG(s) dict_keys(['example_bash_operator']) retrieved from /home/vengat/big_data/python/venv/aflow_env/lib/python3.9/site-packages/airflow/example_dags/example_bash_operator.py
[2022-03-28 10:19:57,353] {logging_mixin.py:109} INFO - [2022-03-28 10:19:57,353] {dag.py:2398} INFO - Sync 1 DAGs
[2022-03-28 10:19:57,367] {logging_mixin.py:109} INFO - [2022-03-28 10:19:57,367] {dag.py:2937} INFO - Setting next_dagrun for example_bash_operator to 2022-03-28T00:00:00+00:00
[2022-03-28 10:19:57,378] {processor.py:171} INFO - Processing /home/vengat/big_data/python/venv/aflow_env/lib/python3.9/site-packages/airflow/example_dags/example_bash_operator.py took 0.077 seconds
[2022-03-28 10:20:32,400] {processor.py:163} INFO - Started process (PID=53130) to work on /home/vengat/big_data/python/venv/aflow_env/lib/python3.9/site-packages/airflow/example_dags/example_bash_operator.py
[2022-03-28 10:20:32,402] {processor.py:642} INFO - Processing file /home/vengat/big_data/python/venv/aflow_env/lib/python3.9/site-packages/airflow/example_dags/example_bash_operator.py for tasks to queue
[2022-03-28 10:20:32,403] {logging_mixin.py:109} INFO - [2022-03-28 10:20:32,403] {dagbag.py:500} INFO - Filling up the DagBag from /home/vengat/big_data/python/venv/aflow_env/lib/python3.9/site-packages/airflow/example_dags/example_bash_operator.py
[2022-03-28 10:20:32,437] {processor.py:654} INFO - DAG(s) dict_keys(['example_bash_operator']) retrieved from /home/vengat/big_data/python/venv/aflow_env/lib/python3.9/site-packages/airflow/example_dags/example_bash_operator.py
[2022-03-28 10:20:32,449] {logging_mixin.py:109} INFO - [2022-03-28 10:20:32,449] {dag.py:2398} INFO - Sync 1 DAGs
[2022-03-28 10:20:32,465] {logging_mixin.py:109} INFO - [2022-03-28 10:20:32,465] {dag.py:2937} INFO - Setting next_dagrun for example_bash_operator to 2022-03-28T00:00:00+00:00
[2022-03-28 10:20:32,479] {processor.py:171} INFO - Processing /home/vengat/big_data/python/venv/aflow_env/lib/python3.9/site-packages/airflow/example_dags/example_bash_operator.py took 0.083 seconds
[2022-03-28 10:21:09,815] {processor.py:163} INFO - Started process (PID=53164) to work on /home/vengat/big_data/python/venv/aflow_env/lib/python3.9/site-packages/airflow/example_dags/example_bash_operator.py
[2022-03-28 10:21:09,816] {processor.py:642} INFO - Processing file /home/vengat/big_data/python/venv/aflow_env/lib/python3.9/site-packages/airflow/example_dags/example_bash_operator.py for tasks to queue
[2022-03-28 10:21:09,817] {logging_mixin.py:109} INFO - [2022-03-28 10:21:09,817] {dagbag.py:500} INFO - Filling up the DagBag from /home/vengat/big_data/python/venv/aflow_env/lib/python3.9/site-packages/airflow/example_dags/example_bash_operator.py
[2022-03-28 10:21:09,848] {processor.py:654} INFO - DAG(s) dict_keys(['example_bash_operator']) retrieved from /home/vengat/big_data/python/venv/aflow_env/lib/python3.9/site-packages/airflow/example_dags/example_bash_operator.py
[2022-03-28 10:21:09,859] {logging_mixin.py:109} INFO - [2022-03-28 10:21:09,859] {dag.py:2398} INFO - Sync 1 DAGs
[2022-03-28 10:21:09,874] {logging_mixin.py:109} INFO - [2022-03-28 10:21:09,874] {dag.py:2937} INFO - Setting next_dagrun for example_bash_operator to 2022-03-28T00:00:00+00:00
[2022-03-28 10:21:09,884] {processor.py:171} INFO - Processing /home/vengat/big_data/python/venv/aflow_env/lib/python3.9/site-packages/airflow/example_dags/example_bash_operator.py took 0.073 seconds
[2022-03-28 10:21:42,586] {processor.py:163} INFO - Started process (PID=53197) to work on /home/vengat/big_data/python/venv/aflow_env/lib/python3.9/site-packages/airflow/example_dags/example_bash_operator.py
[2022-03-28 10:21:42,587] {processor.py:642} INFO - Processing file /home/vengat/big_data/python/venv/aflow_env/lib/python3.9/site-packages/airflow/example_dags/example_bash_operator.py for tasks to queue
[2022-03-28 10:21:42,588] {logging_mixin.py:109} INFO - [2022-03-28 10:21:42,588] {dagbag.py:500} INFO - Filling up the DagBag from /home/vengat/big_data/python/venv/aflow_env/lib/python3.9/site-packages/airflow/example_dags/example_bash_operator.py
[2022-03-28 10:21:42,621] {processor.py:654} INFO - DAG(s) dict_keys(['example_bash_operator']) retrieved from /home/vengat/big_data/python/venv/aflow_env/lib/python3.9/site-packages/airflow/example_dags/example_bash_operator.py
[2022-03-28 10:21:42,632] {logging_mixin.py:109} INFO - [2022-03-28 10:21:42,632] {dag.py:2398} INFO - Sync 1 DAGs
[2022-03-28 10:21:42,649] {logging_mixin.py:109} INFO - [2022-03-28 10:21:42,648] {dag.py:2937} INFO - Setting next_dagrun for example_bash_operator to 2022-03-28T00:00:00+00:00
[2022-03-28 10:21:42,658] {processor.py:171} INFO - Processing /home/vengat/big_data/python/venv/aflow_env/lib/python3.9/site-packages/airflow/example_dags/example_bash_operator.py took 0.075 seconds
[2022-03-28 10:22:18,054] {processor.py:163} INFO - Started process (PID=53232) to work on /home/vengat/big_data/python/venv/aflow_env/lib/python3.9/site-packages/airflow/example_dags/example_bash_operator.py
[2022-03-28 10:22:18,056] {processor.py:642} INFO - Processing file /home/vengat/big_data/python/venv/aflow_env/lib/python3.9/site-packages/airflow/example_dags/example_bash_operator.py for tasks to queue
[2022-03-28 10:22:18,056] {logging_mixin.py:109} INFO - [2022-03-28 10:22:18,056] {dagbag.py:500} INFO - Filling up the DagBag from /home/vengat/big_data/python/venv/aflow_env/lib/python3.9/site-packages/airflow/example_dags/example_bash_operator.py
[2022-03-28 10:22:18,088] {processor.py:654} INFO - DAG(s) dict_keys(['example_bash_operator']) retrieved from /home/vengat/big_data/python/venv/aflow_env/lib/python3.9/site-packages/airflow/example_dags/example_bash_operator.py
[2022-03-28 10:22:18,099] {logging_mixin.py:109} INFO - [2022-03-28 10:22:18,099] {dag.py:2398} INFO - Sync 1 DAGs
[2022-03-28 10:22:18,119] {logging_mixin.py:109} INFO - [2022-03-28 10:22:18,119] {dag.py:2937} INFO - Setting next_dagrun for example_bash_operator to 2022-03-28T00:00:00+00:00
[2022-03-28 10:22:18,130] {processor.py:171} INFO - Processing /home/vengat/big_data/python/venv/aflow_env/lib/python3.9/site-packages/airflow/example_dags/example_bash_operator.py took 0.079 seconds
[2022-03-28 10:22:52,196] {processor.py:163} INFO - Started process (PID=53264) to work on /home/vengat/big_data/python/venv/aflow_env/lib/python3.9/site-packages/airflow/example_dags/example_bash_operator.py
[2022-03-28 10:22:52,198] {processor.py:642} INFO - Processing file /home/vengat/big_data/python/venv/aflow_env/lib/python3.9/site-packages/airflow/example_dags/example_bash_operator.py for tasks to queue
[2022-03-28 10:22:52,198] {logging_mixin.py:109} INFO - [2022-03-28 10:22:52,198] {dagbag.py:500} INFO - Filling up the DagBag from /home/vengat/big_data/python/venv/aflow_env/lib/python3.9/site-packages/airflow/example_dags/example_bash_operator.py
[2022-03-28 10:22:52,233] {processor.py:654} INFO - DAG(s) dict_keys(['example_bash_operator']) retrieved from /home/vengat/big_data/python/venv/aflow_env/lib/python3.9/site-packages/airflow/example_dags/example_bash_operator.py
[2022-03-28 10:22:52,245] {logging_mixin.py:109} INFO - [2022-03-28 10:22:52,245] {dag.py:2398} INFO - Sync 1 DAGs
[2022-03-28 10:22:52,259] {logging_mixin.py:109} INFO - [2022-03-28 10:22:52,259] {dag.py:2937} INFO - Setting next_dagrun for example_bash_operator to 2022-03-28T00:00:00+00:00
[2022-03-28 10:22:52,271] {processor.py:171} INFO - Processing /home/vengat/big_data/python/venv/aflow_env/lib/python3.9/site-packages/airflow/example_dags/example_bash_operator.py took 0.079 seconds
[2022-03-28 10:23:24,967] {processor.py:163} INFO - Started process (PID=53296) to work on /home/vengat/big_data/python/venv/aflow_env/lib/python3.9/site-packages/airflow/example_dags/example_bash_operator.py
[2022-03-28 10:23:24,968] {processor.py:642} INFO - Processing file /home/vengat/big_data/python/venv/aflow_env/lib/python3.9/site-packages/airflow/example_dags/example_bash_operator.py for tasks to queue
[2022-03-28 10:23:24,968] {logging_mixin.py:109} INFO - [2022-03-28 10:23:24,968] {dagbag.py:500} INFO - Filling up the DagBag from /home/vengat/big_data/python/venv/aflow_env/lib/python3.9/site-packages/airflow/example_dags/example_bash_operator.py
[2022-03-28 10:23:25,003] {processor.py:654} INFO - DAG(s) dict_keys(['example_bash_operator']) retrieved from /home/vengat/big_data/python/venv/aflow_env/lib/python3.9/site-packages/airflow/example_dags/example_bash_operator.py
[2022-03-28 10:23:25,014] {logging_mixin.py:109} INFO - [2022-03-28 10:23:25,014] {dag.py:2398} INFO - Sync 1 DAGs
[2022-03-28 10:23:25,027] {logging_mixin.py:109} INFO - [2022-03-28 10:23:25,027] {dag.py:2937} INFO - Setting next_dagrun for example_bash_operator to 2022-03-28T00:00:00+00:00
[2022-03-28 10:23:25,039] {processor.py:171} INFO - Processing /home/vengat/big_data/python/venv/aflow_env/lib/python3.9/site-packages/airflow/example_dags/example_bash_operator.py took 0.076 seconds
[2022-03-28 10:23:59,802] {processor.py:163} INFO - Started process (PID=53332) to work on /home/vengat/big_data/python/venv/aflow_env/lib/python3.9/site-packages/airflow/example_dags/example_bash_operator.py
[2022-03-28 10:23:59,804] {processor.py:642} INFO - Processing file /home/vengat/big_data/python/venv/aflow_env/lib/python3.9/site-packages/airflow/example_dags/example_bash_operator.py for tasks to queue
[2022-03-28 10:23:59,805] {logging_mixin.py:109} INFO - [2022-03-28 10:23:59,805] {dagbag.py:500} INFO - Filling up the DagBag from /home/vengat/big_data/python/venv/aflow_env/lib/python3.9/site-packages/airflow/example_dags/example_bash_operator.py
[2022-03-28 10:23:59,844] {processor.py:654} INFO - DAG(s) dict_keys(['example_bash_operator']) retrieved from /home/vengat/big_data/python/venv/aflow_env/lib/python3.9/site-packages/airflow/example_dags/example_bash_operator.py
[2022-03-28 10:23:59,855] {logging_mixin.py:109} INFO - [2022-03-28 10:23:59,855] {dag.py:2398} INFO - Sync 1 DAGs
[2022-03-28 10:23:59,872] {logging_mixin.py:109} INFO - [2022-03-28 10:23:59,872] {dag.py:2937} INFO - Setting next_dagrun for example_bash_operator to 2022-03-28T00:00:00+00:00
[2022-03-28 10:23:59,882] {processor.py:171} INFO - Processing /home/vengat/big_data/python/venv/aflow_env/lib/python3.9/site-packages/airflow/example_dags/example_bash_operator.py took 0.084 seconds
[2022-03-28 10:24:37,132] {processor.py:163} INFO - Started process (PID=53367) to work on /home/vengat/big_data/python/venv/aflow_env/lib/python3.9/site-packages/airflow/example_dags/example_bash_operator.py
[2022-03-28 10:24:37,133] {processor.py:642} INFO - Processing file /home/vengat/big_data/python/venv/aflow_env/lib/python3.9/site-packages/airflow/example_dags/example_bash_operator.py for tasks to queue
[2022-03-28 10:24:37,134] {logging_mixin.py:109} INFO - [2022-03-28 10:24:37,134] {dagbag.py:500} INFO - Filling up the DagBag from /home/vengat/big_data/python/venv/aflow_env/lib/python3.9/site-packages/airflow/example_dags/example_bash_operator.py
[2022-03-28 10:24:37,169] {processor.py:654} INFO - DAG(s) dict_keys(['example_bash_operator']) retrieved from /home/vengat/big_data/python/venv/aflow_env/lib/python3.9/site-packages/airflow/example_dags/example_bash_operator.py
[2022-03-28 10:24:37,178] {logging_mixin.py:109} INFO - [2022-03-28 10:24:37,178] {dag.py:2398} INFO - Sync 1 DAGs
[2022-03-28 10:24:37,206] {logging_mixin.py:109} INFO - [2022-03-28 10:24:37,206] {dag.py:2937} INFO - Setting next_dagrun for example_bash_operator to 2022-03-28T00:00:00+00:00
[2022-03-28 10:24:37,217] {processor.py:171} INFO - Processing /home/vengat/big_data/python/venv/aflow_env/lib/python3.9/site-packages/airflow/example_dags/example_bash_operator.py took 0.090 seconds
[2022-03-28 10:25:13,792] {processor.py:163} INFO - Started process (PID=53401) to work on /home/vengat/big_data/python/venv/aflow_env/lib/python3.9/site-packages/airflow/example_dags/example_bash_operator.py
[2022-03-28 10:25:13,794] {processor.py:642} INFO - Processing file /home/vengat/big_data/python/venv/aflow_env/lib/python3.9/site-packages/airflow/example_dags/example_bash_operator.py for tasks to queue
[2022-03-28 10:25:13,795] {logging_mixin.py:109} INFO - [2022-03-28 10:25:13,795] {dagbag.py:500} INFO - Filling up the DagBag from /home/vengat/big_data/python/venv/aflow_env/lib/python3.9/site-packages/airflow/example_dags/example_bash_operator.py
[2022-03-28 10:25:13,828] {processor.py:654} INFO - DAG(s) dict_keys(['example_bash_operator']) retrieved from /home/vengat/big_data/python/venv/aflow_env/lib/python3.9/site-packages/airflow/example_dags/example_bash_operator.py
[2022-03-28 10:25:13,839] {logging_mixin.py:109} INFO - [2022-03-28 10:25:13,839] {dag.py:2398} INFO - Sync 1 DAGs
[2022-03-28 10:25:13,855] {logging_mixin.py:109} INFO - [2022-03-28 10:25:13,855] {dag.py:2937} INFO - Setting next_dagrun for example_bash_operator to 2022-03-28T00:00:00+00:00
[2022-03-28 10:25:13,880] {processor.py:171} INFO - Processing /home/vengat/big_data/python/venv/aflow_env/lib/python3.9/site-packages/airflow/example_dags/example_bash_operator.py took 0.091 seconds
[2022-03-28 10:25:51,690] {processor.py:163} INFO - Started process (PID=53436) to work on /home/vengat/big_data/python/venv/aflow_env/lib/python3.9/site-packages/airflow/example_dags/example_bash_operator.py
[2022-03-28 10:25:51,692] {processor.py:642} INFO - Processing file /home/vengat/big_data/python/venv/aflow_env/lib/python3.9/site-packages/airflow/example_dags/example_bash_operator.py for tasks to queue
[2022-03-28 10:25:51,693] {logging_mixin.py:109} INFO - [2022-03-28 10:25:51,693] {dagbag.py:500} INFO - Filling up the DagBag from /home/vengat/big_data/python/venv/aflow_env/lib/python3.9/site-packages/airflow/example_dags/example_bash_operator.py
[2022-03-28 10:25:51,732] {processor.py:654} INFO - DAG(s) dict_keys(['example_bash_operator']) retrieved from /home/vengat/big_data/python/venv/aflow_env/lib/python3.9/site-packages/airflow/example_dags/example_bash_operator.py
[2022-03-28 10:25:51,741] {logging_mixin.py:109} INFO - [2022-03-28 10:25:51,741] {dag.py:2398} INFO - Sync 1 DAGs
[2022-03-28 10:25:51,758] {logging_mixin.py:109} INFO - [2022-03-28 10:25:51,758] {dag.py:2937} INFO - Setting next_dagrun for example_bash_operator to 2022-03-28T00:00:00+00:00
[2022-03-28 10:25:51,770] {processor.py:171} INFO - Processing /home/vengat/big_data/python/venv/aflow_env/lib/python3.9/site-packages/airflow/example_dags/example_bash_operator.py took 0.085 seconds
[2022-03-28 10:26:23,762] {processor.py:163} INFO - Started process (PID=53468) to work on /home/vengat/big_data/python/venv/aflow_env/lib/python3.9/site-packages/airflow/example_dags/example_bash_operator.py
[2022-03-28 10:26:23,764] {processor.py:642} INFO - Processing file /home/vengat/big_data/python/venv/aflow_env/lib/python3.9/site-packages/airflow/example_dags/example_bash_operator.py for tasks to queue
[2022-03-28 10:26:23,765] {logging_mixin.py:109} INFO - [2022-03-28 10:26:23,764] {dagbag.py:500} INFO - Filling up the DagBag from /home/vengat/big_data/python/venv/aflow_env/lib/python3.9/site-packages/airflow/example_dags/example_bash_operator.py
[2022-03-28 10:26:23,797] {processor.py:654} INFO - DAG(s) dict_keys(['example_bash_operator']) retrieved from /home/vengat/big_data/python/venv/aflow_env/lib/python3.9/site-packages/airflow/example_dags/example_bash_operator.py
[2022-03-28 10:26:23,808] {logging_mixin.py:109} INFO - [2022-03-28 10:26:23,808] {dag.py:2398} INFO - Sync 1 DAGs
[2022-03-28 10:26:23,822] {logging_mixin.py:109} INFO - [2022-03-28 10:26:23,822] {dag.py:2937} INFO - Setting next_dagrun for example_bash_operator to 2022-03-28T00:00:00+00:00
[2022-03-28 10:26:23,832] {processor.py:171} INFO - Processing /home/vengat/big_data/python/venv/aflow_env/lib/python3.9/site-packages/airflow/example_dags/example_bash_operator.py took 0.075 seconds
[2022-03-28 10:27:01,038] {processor.py:163} INFO - Started process (PID=53503) to work on /home/vengat/big_data/python/venv/aflow_env/lib/python3.9/site-packages/airflow/example_dags/example_bash_operator.py
[2022-03-28 10:27:01,040] {processor.py:642} INFO - Processing file /home/vengat/big_data/python/venv/aflow_env/lib/python3.9/site-packages/airflow/example_dags/example_bash_operator.py for tasks to queue
[2022-03-28 10:27:01,041] {logging_mixin.py:109} INFO - [2022-03-28 10:27:01,041] {dagbag.py:500} INFO - Filling up the DagBag from /home/vengat/big_data/python/venv/aflow_env/lib/python3.9/site-packages/airflow/example_dags/example_bash_operator.py
[2022-03-28 10:27:01,081] {processor.py:654} INFO - DAG(s) dict_keys(['example_bash_operator']) retrieved from /home/vengat/big_data/python/venv/aflow_env/lib/python3.9/site-packages/airflow/example_dags/example_bash_operator.py
[2022-03-28 10:27:01,091] {logging_mixin.py:109} INFO - [2022-03-28 10:27:01,090] {dag.py:2398} INFO - Sync 1 DAGs
[2022-03-28 10:27:01,110] {logging_mixin.py:109} INFO - [2022-03-28 10:27:01,110] {dag.py:2937} INFO - Setting next_dagrun for example_bash_operator to 2022-03-28T00:00:00+00:00
[2022-03-28 10:27:01,126] {processor.py:171} INFO - Processing /home/vengat/big_data/python/venv/aflow_env/lib/python3.9/site-packages/airflow/example_dags/example_bash_operator.py took 0.091 seconds
[2022-03-28 10:27:34,389] {processor.py:163} INFO - Started process (PID=53535) to work on /home/vengat/big_data/python/venv/aflow_env/lib/python3.9/site-packages/airflow/example_dags/example_bash_operator.py
[2022-03-28 10:27:34,391] {processor.py:642} INFO - Processing file /home/vengat/big_data/python/venv/aflow_env/lib/python3.9/site-packages/airflow/example_dags/example_bash_operator.py for tasks to queue
[2022-03-28 10:27:34,391] {logging_mixin.py:109} INFO - [2022-03-28 10:27:34,391] {dagbag.py:500} INFO - Filling up the DagBag from /home/vengat/big_data/python/venv/aflow_env/lib/python3.9/site-packages/airflow/example_dags/example_bash_operator.py
[2022-03-28 10:27:34,424] {processor.py:654} INFO - DAG(s) dict_keys(['example_bash_operator']) retrieved from /home/vengat/big_data/python/venv/aflow_env/lib/python3.9/site-packages/airflow/example_dags/example_bash_operator.py
[2022-03-28 10:27:34,434] {logging_mixin.py:109} INFO - [2022-03-28 10:27:34,434] {dag.py:2398} INFO - Sync 1 DAGs
[2022-03-28 10:27:34,447] {logging_mixin.py:109} INFO - [2022-03-28 10:27:34,447] {dag.py:2937} INFO - Setting next_dagrun for example_bash_operator to 2022-03-28T00:00:00+00:00
[2022-03-28 10:27:34,459] {processor.py:171} INFO - Processing /home/vengat/big_data/python/venv/aflow_env/lib/python3.9/site-packages/airflow/example_dags/example_bash_operator.py took 0.074 seconds
[2022-03-28 10:28:11,016] {processor.py:163} INFO - Started process (PID=53569) to work on /home/vengat/big_data/python/venv/aflow_env/lib/python3.9/site-packages/airflow/example_dags/example_bash_operator.py
[2022-03-28 10:28:11,017] {processor.py:642} INFO - Processing file /home/vengat/big_data/python/venv/aflow_env/lib/python3.9/site-packages/airflow/example_dags/example_bash_operator.py for tasks to queue
[2022-03-28 10:28:11,017] {logging_mixin.py:109} INFO - [2022-03-28 10:28:11,017] {dagbag.py:500} INFO - Filling up the DagBag from /home/vengat/big_data/python/venv/aflow_env/lib/python3.9/site-packages/airflow/example_dags/example_bash_operator.py
[2022-03-28 10:28:11,048] {processor.py:654} INFO - DAG(s) dict_keys(['example_bash_operator']) retrieved from /home/vengat/big_data/python/venv/aflow_env/lib/python3.9/site-packages/airflow/example_dags/example_bash_operator.py
[2022-03-28 10:28:11,060] {logging_mixin.py:109} INFO - [2022-03-28 10:28:11,060] {dag.py:2398} INFO - Sync 1 DAGs
[2022-03-28 10:28:11,075] {logging_mixin.py:109} INFO - [2022-03-28 10:28:11,074] {dag.py:2937} INFO - Setting next_dagrun for example_bash_operator to 2022-03-28T00:00:00+00:00
[2022-03-28 10:28:11,086] {processor.py:171} INFO - Processing /home/vengat/big_data/python/venv/aflow_env/lib/python3.9/site-packages/airflow/example_dags/example_bash_operator.py took 0.075 seconds
[2022-03-28 10:28:47,308] {processor.py:163} INFO - Started process (PID=53605) to work on /home/vengat/big_data/python/venv/aflow_env/lib/python3.9/site-packages/airflow/example_dags/example_bash_operator.py
[2022-03-28 10:28:47,310] {processor.py:642} INFO - Processing file /home/vengat/big_data/python/venv/aflow_env/lib/python3.9/site-packages/airflow/example_dags/example_bash_operator.py for tasks to queue
[2022-03-28 10:28:47,311] {logging_mixin.py:109} INFO - [2022-03-28 10:28:47,311] {dagbag.py:500} INFO - Filling up the DagBag from /home/vengat/big_data/python/venv/aflow_env/lib/python3.9/site-packages/airflow/example_dags/example_bash_operator.py
[2022-03-28 10:28:47,351] {processor.py:654} INFO - DAG(s) dict_keys(['example_bash_operator']) retrieved from /home/vengat/big_data/python/venv/aflow_env/lib/python3.9/site-packages/airflow/example_dags/example_bash_operator.py
[2022-03-28 10:28:47,365] {logging_mixin.py:109} INFO - [2022-03-28 10:28:47,364] {dag.py:2398} INFO - Sync 1 DAGs
[2022-03-28 10:28:47,380] {logging_mixin.py:109} INFO - [2022-03-28 10:28:47,380] {dag.py:2937} INFO - Setting next_dagrun for example_bash_operator to 2022-03-28T00:00:00+00:00
[2022-03-28 10:28:47,390] {processor.py:171} INFO - Processing /home/vengat/big_data/python/venv/aflow_env/lib/python3.9/site-packages/airflow/example_dags/example_bash_operator.py took 0.087 seconds
[2022-03-28 10:29:22,459] {processor.py:163} INFO - Started process (PID=53639) to work on /home/vengat/big_data/python/venv/aflow_env/lib/python3.9/site-packages/airflow/example_dags/example_bash_operator.py
[2022-03-28 10:29:22,461] {processor.py:642} INFO - Processing file /home/vengat/big_data/python/venv/aflow_env/lib/python3.9/site-packages/airflow/example_dags/example_bash_operator.py for tasks to queue
[2022-03-28 10:29:22,462] {logging_mixin.py:109} INFO - [2022-03-28 10:29:22,462] {dagbag.py:500} INFO - Filling up the DagBag from /home/vengat/big_data/python/venv/aflow_env/lib/python3.9/site-packages/airflow/example_dags/example_bash_operator.py
[2022-03-28 10:29:22,500] {processor.py:654} INFO - DAG(s) dict_keys(['example_bash_operator']) retrieved from /home/vengat/big_data/python/venv/aflow_env/lib/python3.9/site-packages/airflow/example_dags/example_bash_operator.py
[2022-03-28 10:29:22,508] {logging_mixin.py:109} INFO - [2022-03-28 10:29:22,508] {dag.py:2398} INFO - Sync 1 DAGs
[2022-03-28 10:29:22,523] {logging_mixin.py:109} INFO - [2022-03-28 10:29:22,523] {dag.py:2937} INFO - Setting next_dagrun for example_bash_operator to 2022-03-28T00:00:00+00:00
[2022-03-28 10:29:22,533] {processor.py:171} INFO - Processing /home/vengat/big_data/python/venv/aflow_env/lib/python3.9/site-packages/airflow/example_dags/example_bash_operator.py took 0.080 seconds
[2022-03-28 10:29:56,216] {processor.py:163} INFO - Started process (PID=53677) to work on /home/vengat/big_data/python/venv/aflow_env/lib/python3.9/site-packages/airflow/example_dags/example_bash_operator.py
[2022-03-28 10:29:56,217] {processor.py:642} INFO - Processing file /home/vengat/big_data/python/venv/aflow_env/lib/python3.9/site-packages/airflow/example_dags/example_bash_operator.py for tasks to queue
[2022-03-28 10:29:56,218] {logging_mixin.py:109} INFO - [2022-03-28 10:29:56,218] {dagbag.py:500} INFO - Filling up the DagBag from /home/vengat/big_data/python/venv/aflow_env/lib/python3.9/site-packages/airflow/example_dags/example_bash_operator.py
[2022-03-28 10:29:56,247] {processor.py:654} INFO - DAG(s) dict_keys(['example_bash_operator']) retrieved from /home/vengat/big_data/python/venv/aflow_env/lib/python3.9/site-packages/airflow/example_dags/example_bash_operator.py
[2022-03-28 10:29:56,255] {logging_mixin.py:109} INFO - [2022-03-28 10:29:56,255] {dag.py:2398} INFO - Sync 1 DAGs
[2022-03-28 10:29:56,268] {logging_mixin.py:109} INFO - [2022-03-28 10:29:56,267] {dag.py:2937} INFO - Setting next_dagrun for example_bash_operator to 2022-03-28T00:00:00+00:00
[2022-03-28 10:29:56,276] {processor.py:171} INFO - Processing /home/vengat/big_data/python/venv/aflow_env/lib/python3.9/site-packages/airflow/example_dags/example_bash_operator.py took 0.065 seconds
[2022-03-28 10:30:31,067] {processor.py:163} INFO - Started process (PID=53712) to work on /home/vengat/big_data/python/venv/aflow_env/lib/python3.9/site-packages/airflow/example_dags/example_bash_operator.py
[2022-03-28 10:30:31,069] {processor.py:642} INFO - Processing file /home/vengat/big_data/python/venv/aflow_env/lib/python3.9/site-packages/airflow/example_dags/example_bash_operator.py for tasks to queue
[2022-03-28 10:30:31,069] {logging_mixin.py:109} INFO - [2022-03-28 10:30:31,069] {dagbag.py:500} INFO - Filling up the DagBag from /home/vengat/big_data/python/venv/aflow_env/lib/python3.9/site-packages/airflow/example_dags/example_bash_operator.py
[2022-03-28 10:30:31,095] {processor.py:654} INFO - DAG(s) dict_keys(['example_bash_operator']) retrieved from /home/vengat/big_data/python/venv/aflow_env/lib/python3.9/site-packages/airflow/example_dags/example_bash_operator.py
[2022-03-28 10:30:31,104] {logging_mixin.py:109} INFO - [2022-03-28 10:30:31,103] {dag.py:2398} INFO - Sync 1 DAGs
[2022-03-28 10:30:31,116] {logging_mixin.py:109} INFO - [2022-03-28 10:30:31,116] {dag.py:2937} INFO - Setting next_dagrun for example_bash_operator to 2022-03-28T00:00:00+00:00
[2022-03-28 10:30:31,124] {processor.py:171} INFO - Processing /home/vengat/big_data/python/venv/aflow_env/lib/python3.9/site-packages/airflow/example_dags/example_bash_operator.py took 0.060 seconds
[2022-03-28 10:31:03,965] {processor.py:163} INFO - Started process (PID=53744) to work on /home/vengat/big_data/python/venv/aflow_env/lib/python3.9/site-packages/airflow/example_dags/example_bash_operator.py
[2022-03-28 10:31:03,967] {processor.py:642} INFO - Processing file /home/vengat/big_data/python/venv/aflow_env/lib/python3.9/site-packages/airflow/example_dags/example_bash_operator.py for tasks to queue
[2022-03-28 10:31:03,967] {logging_mixin.py:109} INFO - [2022-03-28 10:31:03,967] {dagbag.py:500} INFO - Filling up the DagBag from /home/vengat/big_data/python/venv/aflow_env/lib/python3.9/site-packages/airflow/example_dags/example_bash_operator.py
[2022-03-28 10:31:03,995] {processor.py:654} INFO - DAG(s) dict_keys(['example_bash_operator']) retrieved from /home/vengat/big_data/python/venv/aflow_env/lib/python3.9/site-packages/airflow/example_dags/example_bash_operator.py
[2022-03-28 10:31:04,004] {logging_mixin.py:109} INFO - [2022-03-28 10:31:04,003] {dag.py:2398} INFO - Sync 1 DAGs
[2022-03-28 10:31:04,016] {logging_mixin.py:109} INFO - [2022-03-28 10:31:04,016] {dag.py:2937} INFO - Setting next_dagrun for example_bash_operator to 2022-03-28T00:00:00+00:00
[2022-03-28 10:31:04,025] {processor.py:171} INFO - Processing /home/vengat/big_data/python/venv/aflow_env/lib/python3.9/site-packages/airflow/example_dags/example_bash_operator.py took 0.062 seconds
[2022-03-28 10:31:38,267] {processor.py:163} INFO - Started process (PID=53776) to work on /home/vengat/big_data/python/venv/aflow_env/lib/python3.9/site-packages/airflow/example_dags/example_bash_operator.py
[2022-03-28 10:31:38,269] {processor.py:642} INFO - Processing file /home/vengat/big_data/python/venv/aflow_env/lib/python3.9/site-packages/airflow/example_dags/example_bash_operator.py for tasks to queue
[2022-03-28 10:31:38,270] {logging_mixin.py:109} INFO - [2022-03-28 10:31:38,270] {dagbag.py:500} INFO - Filling up the DagBag from /home/vengat/big_data/python/venv/aflow_env/lib/python3.9/site-packages/airflow/example_dags/example_bash_operator.py
[2022-03-28 10:31:38,301] {processor.py:654} INFO - DAG(s) dict_keys(['example_bash_operator']) retrieved from /home/vengat/big_data/python/venv/aflow_env/lib/python3.9/site-packages/airflow/example_dags/example_bash_operator.py
[2022-03-28 10:31:38,309] {logging_mixin.py:109} INFO - [2022-03-28 10:31:38,309] {dag.py:2398} INFO - Sync 1 DAGs
[2022-03-28 10:31:38,321] {logging_mixin.py:109} INFO - [2022-03-28 10:31:38,321] {dag.py:2937} INFO - Setting next_dagrun for example_bash_operator to 2022-03-28T00:00:00+00:00
[2022-03-28 10:31:38,328] {processor.py:171} INFO - Processing /home/vengat/big_data/python/venv/aflow_env/lib/python3.9/site-packages/airflow/example_dags/example_bash_operator.py took 0.068 seconds
[2022-03-28 10:32:14,845] {processor.py:163} INFO - Started process (PID=53816) to work on /home/vengat/big_data/python/venv/aflow_env/lib/python3.9/site-packages/airflow/example_dags/example_bash_operator.py
[2022-03-28 10:32:14,846] {processor.py:642} INFO - Processing file /home/vengat/big_data/python/venv/aflow_env/lib/python3.9/site-packages/airflow/example_dags/example_bash_operator.py for tasks to queue
[2022-03-28 10:32:14,847] {logging_mixin.py:109} INFO - [2022-03-28 10:32:14,847] {dagbag.py:500} INFO - Filling up the DagBag from /home/vengat/big_data/python/venv/aflow_env/lib/python3.9/site-packages/airflow/example_dags/example_bash_operator.py
[2022-03-28 10:32:14,874] {processor.py:654} INFO - DAG(s) dict_keys(['example_bash_operator']) retrieved from /home/vengat/big_data/python/venv/aflow_env/lib/python3.9/site-packages/airflow/example_dags/example_bash_operator.py
[2022-03-28 10:32:14,882] {logging_mixin.py:109} INFO - [2022-03-28 10:32:14,882] {dag.py:2398} INFO - Sync 1 DAGs
[2022-03-28 10:32:14,894] {logging_mixin.py:109} INFO - [2022-03-28 10:32:14,894] {dag.py:2937} INFO - Setting next_dagrun for example_bash_operator to 2022-03-28T00:00:00+00:00
[2022-03-28 10:32:14,901] {processor.py:171} INFO - Processing /home/vengat/big_data/python/venv/aflow_env/lib/python3.9/site-packages/airflow/example_dags/example_bash_operator.py took 0.060 seconds
[2022-03-28 10:32:49,279] {processor.py:163} INFO - Started process (PID=53849) to work on /home/vengat/big_data/python/venv/aflow_env/lib/python3.9/site-packages/airflow/example_dags/example_bash_operator.py
[2022-03-28 10:32:49,280] {processor.py:642} INFO - Processing file /home/vengat/big_data/python/venv/aflow_env/lib/python3.9/site-packages/airflow/example_dags/example_bash_operator.py for tasks to queue
[2022-03-28 10:32:49,281] {logging_mixin.py:109} INFO - [2022-03-28 10:32:49,281] {dagbag.py:500} INFO - Filling up the DagBag from /home/vengat/big_data/python/venv/aflow_env/lib/python3.9/site-packages/airflow/example_dags/example_bash_operator.py
[2022-03-28 10:32:49,313] {processor.py:654} INFO - DAG(s) dict_keys(['example_bash_operator']) retrieved from /home/vengat/big_data/python/venv/aflow_env/lib/python3.9/site-packages/airflow/example_dags/example_bash_operator.py
[2022-03-28 10:32:49,326] {logging_mixin.py:109} INFO - [2022-03-28 10:32:49,326] {dag.py:2398} INFO - Sync 1 DAGs
[2022-03-28 10:32:49,340] {logging_mixin.py:109} INFO - [2022-03-28 10:32:49,340] {dag.py:2937} INFO - Setting next_dagrun for example_bash_operator to 2022-03-28T00:00:00+00:00
[2022-03-28 10:32:49,358] {processor.py:171} INFO - Processing /home/vengat/big_data/python/venv/aflow_env/lib/python3.9/site-packages/airflow/example_dags/example_bash_operator.py took 0.082 seconds
[2022-03-28 10:33:22,577] {processor.py:163} INFO - Started process (PID=53883) to work on /home/vengat/big_data/python/venv/aflow_env/lib/python3.9/site-packages/airflow/example_dags/example_bash_operator.py
[2022-03-28 10:33:22,579] {processor.py:642} INFO - Processing file /home/vengat/big_data/python/venv/aflow_env/lib/python3.9/site-packages/airflow/example_dags/example_bash_operator.py for tasks to queue
[2022-03-28 10:33:22,579] {logging_mixin.py:109} INFO - [2022-03-28 10:33:22,579] {dagbag.py:500} INFO - Filling up the DagBag from /home/vengat/big_data/python/venv/aflow_env/lib/python3.9/site-packages/airflow/example_dags/example_bash_operator.py
[2022-03-28 10:33:22,612] {processor.py:654} INFO - DAG(s) dict_keys(['example_bash_operator']) retrieved from /home/vengat/big_data/python/venv/aflow_env/lib/python3.9/site-packages/airflow/example_dags/example_bash_operator.py
[2022-03-28 10:33:22,625] {logging_mixin.py:109} INFO - [2022-03-28 10:33:22,624] {dag.py:2398} INFO - Sync 1 DAGs
[2022-03-28 10:33:22,637] {logging_mixin.py:109} INFO - [2022-03-28 10:33:22,637] {dag.py:2937} INFO - Setting next_dagrun for example_bash_operator to 2022-03-28T00:00:00+00:00
[2022-03-28 10:33:22,647] {processor.py:171} INFO - Processing /home/vengat/big_data/python/venv/aflow_env/lib/python3.9/site-packages/airflow/example_dags/example_bash_operator.py took 0.073 seconds
[2022-03-28 10:33:57,161] {processor.py:163} INFO - Started process (PID=53922) to work on /home/vengat/big_data/python/venv/aflow_env/lib/python3.9/site-packages/airflow/example_dags/example_bash_operator.py
[2022-03-28 10:33:57,163] {processor.py:642} INFO - Processing file /home/vengat/big_data/python/venv/aflow_env/lib/python3.9/site-packages/airflow/example_dags/example_bash_operator.py for tasks to queue
[2022-03-28 10:33:57,164] {logging_mixin.py:109} INFO - [2022-03-28 10:33:57,164] {dagbag.py:500} INFO - Filling up the DagBag from /home/vengat/big_data/python/venv/aflow_env/lib/python3.9/site-packages/airflow/example_dags/example_bash_operator.py
[2022-03-28 10:33:57,197] {processor.py:654} INFO - DAG(s) dict_keys(['example_bash_operator']) retrieved from /home/vengat/big_data/python/venv/aflow_env/lib/python3.9/site-packages/airflow/example_dags/example_bash_operator.py
[2022-03-28 10:33:57,206] {logging_mixin.py:109} INFO - [2022-03-28 10:33:57,206] {dag.py:2398} INFO - Sync 1 DAGs
[2022-03-28 10:33:57,221] {logging_mixin.py:109} INFO - [2022-03-28 10:33:57,221] {dag.py:2937} INFO - Setting next_dagrun for example_bash_operator to 2022-03-28T00:00:00+00:00
[2022-03-28 10:33:57,234] {processor.py:171} INFO - Processing /home/vengat/big_data/python/venv/aflow_env/lib/python3.9/site-packages/airflow/example_dags/example_bash_operator.py took 0.077 seconds
[2022-03-28 10:34:31,035] {processor.py:163} INFO - Started process (PID=53955) to work on /home/vengat/big_data/python/venv/aflow_env/lib/python3.9/site-packages/airflow/example_dags/example_bash_operator.py
[2022-03-28 10:34:31,037] {processor.py:642} INFO - Processing file /home/vengat/big_data/python/venv/aflow_env/lib/python3.9/site-packages/airflow/example_dags/example_bash_operator.py for tasks to queue
[2022-03-28 10:34:31,038] {logging_mixin.py:109} INFO - [2022-03-28 10:34:31,038] {dagbag.py:500} INFO - Filling up the DagBag from /home/vengat/big_data/python/venv/aflow_env/lib/python3.9/site-packages/airflow/example_dags/example_bash_operator.py
[2022-03-28 10:34:31,072] {processor.py:654} INFO - DAG(s) dict_keys(['example_bash_operator']) retrieved from /home/vengat/big_data/python/venv/aflow_env/lib/python3.9/site-packages/airflow/example_dags/example_bash_operator.py
[2022-03-28 10:34:31,084] {logging_mixin.py:109} INFO - [2022-03-28 10:34:31,084] {dag.py:2398} INFO - Sync 1 DAGs
[2022-03-28 10:34:31,099] {logging_mixin.py:109} INFO - [2022-03-28 10:34:31,099] {dag.py:2937} INFO - Setting next_dagrun for example_bash_operator to 2022-03-28T00:00:00+00:00
[2022-03-28 10:34:31,108] {processor.py:171} INFO - Processing /home/vengat/big_data/python/venv/aflow_env/lib/python3.9/site-packages/airflow/example_dags/example_bash_operator.py took 0.076 seconds
[2022-03-28 10:35:10,226] {processor.py:163} INFO - Started process (PID=53991) to work on /home/vengat/big_data/python/venv/aflow_env/lib/python3.9/site-packages/airflow/example_dags/example_bash_operator.py
[2022-03-28 10:35:10,228] {processor.py:642} INFO - Processing file /home/vengat/big_data/python/venv/aflow_env/lib/python3.9/site-packages/airflow/example_dags/example_bash_operator.py for tasks to queue
[2022-03-28 10:35:10,230] {logging_mixin.py:109} INFO - [2022-03-28 10:35:10,229] {dagbag.py:500} INFO - Filling up the DagBag from /home/vengat/big_data/python/venv/aflow_env/lib/python3.9/site-packages/airflow/example_dags/example_bash_operator.py
[2022-03-28 10:35:10,267] {processor.py:654} INFO - DAG(s) dict_keys(['example_bash_operator']) retrieved from /home/vengat/big_data/python/venv/aflow_env/lib/python3.9/site-packages/airflow/example_dags/example_bash_operator.py
[2022-03-28 10:35:10,278] {logging_mixin.py:109} INFO - [2022-03-28 10:35:10,278] {dag.py:2398} INFO - Sync 1 DAGs
[2022-03-28 10:35:10,301] {logging_mixin.py:109} INFO - [2022-03-28 10:35:10,300] {dag.py:2937} INFO - Setting next_dagrun for example_bash_operator to 2022-03-28T00:00:00+00:00
[2022-03-28 10:35:10,323] {processor.py:171} INFO - Processing /home/vengat/big_data/python/venv/aflow_env/lib/python3.9/site-packages/airflow/example_dags/example_bash_operator.py took 0.103 seconds
[2022-03-28 10:35:45,188] {processor.py:163} INFO - Started process (PID=54023) to work on /home/vengat/big_data/python/venv/aflow_env/lib/python3.9/site-packages/airflow/example_dags/example_bash_operator.py
[2022-03-28 10:35:45,190] {processor.py:642} INFO - Processing file /home/vengat/big_data/python/venv/aflow_env/lib/python3.9/site-packages/airflow/example_dags/example_bash_operator.py for tasks to queue
[2022-03-28 10:35:45,191] {logging_mixin.py:109} INFO - [2022-03-28 10:35:45,191] {dagbag.py:500} INFO - Filling up the DagBag from /home/vengat/big_data/python/venv/aflow_env/lib/python3.9/site-packages/airflow/example_dags/example_bash_operator.py
[2022-03-28 10:35:45,234] {processor.py:654} INFO - DAG(s) dict_keys(['example_bash_operator']) retrieved from /home/vengat/big_data/python/venv/aflow_env/lib/python3.9/site-packages/airflow/example_dags/example_bash_operator.py
[2022-03-28 10:35:45,243] {logging_mixin.py:109} INFO - [2022-03-28 10:35:45,243] {dag.py:2398} INFO - Sync 1 DAGs
[2022-03-28 10:35:45,257] {logging_mixin.py:109} INFO - [2022-03-28 10:35:45,256] {dag.py:2937} INFO - Setting next_dagrun for example_bash_operator to 2022-03-28T00:00:00+00:00
[2022-03-28 10:35:45,267] {processor.py:171} INFO - Processing /home/vengat/big_data/python/venv/aflow_env/lib/python3.9/site-packages/airflow/example_dags/example_bash_operator.py took 0.087 seconds
[2022-03-28 10:36:21,952] {processor.py:163} INFO - Started process (PID=54057) to work on /home/vengat/big_data/python/venv/aflow_env/lib/python3.9/site-packages/airflow/example_dags/example_bash_operator.py
[2022-03-28 10:36:21,954] {processor.py:642} INFO - Processing file /home/vengat/big_data/python/venv/aflow_env/lib/python3.9/site-packages/airflow/example_dags/example_bash_operator.py for tasks to queue
[2022-03-28 10:36:21,955] {logging_mixin.py:109} INFO - [2022-03-28 10:36:21,955] {dagbag.py:500} INFO - Filling up the DagBag from /home/vengat/big_data/python/venv/aflow_env/lib/python3.9/site-packages/airflow/example_dags/example_bash_operator.py
[2022-03-28 10:36:21,990] {processor.py:654} INFO - DAG(s) dict_keys(['example_bash_operator']) retrieved from /home/vengat/big_data/python/venv/aflow_env/lib/python3.9/site-packages/airflow/example_dags/example_bash_operator.py
[2022-03-28 10:36:22,003] {logging_mixin.py:109} INFO - [2022-03-28 10:36:22,003] {dag.py:2398} INFO - Sync 1 DAGs
[2022-03-28 10:36:22,017] {logging_mixin.py:109} INFO - [2022-03-28 10:36:22,017] {dag.py:2937} INFO - Setting next_dagrun for example_bash_operator to 2022-03-28T00:00:00+00:00
[2022-03-28 10:36:22,029] {processor.py:171} INFO - Processing /home/vengat/big_data/python/venv/aflow_env/lib/python3.9/site-packages/airflow/example_dags/example_bash_operator.py took 0.082 seconds
[2022-03-28 10:36:59,483] {processor.py:163} INFO - Started process (PID=54093) to work on /home/vengat/big_data/python/venv/aflow_env/lib/python3.9/site-packages/airflow/example_dags/example_bash_operator.py
[2022-03-28 10:36:59,485] {processor.py:642} INFO - Processing file /home/vengat/big_data/python/venv/aflow_env/lib/python3.9/site-packages/airflow/example_dags/example_bash_operator.py for tasks to queue
[2022-03-28 10:36:59,486] {logging_mixin.py:109} INFO - [2022-03-28 10:36:59,486] {dagbag.py:500} INFO - Filling up the DagBag from /home/vengat/big_data/python/venv/aflow_env/lib/python3.9/site-packages/airflow/example_dags/example_bash_operator.py
[2022-03-28 10:36:59,519] {processor.py:654} INFO - DAG(s) dict_keys(['example_bash_operator']) retrieved from /home/vengat/big_data/python/venv/aflow_env/lib/python3.9/site-packages/airflow/example_dags/example_bash_operator.py
[2022-03-28 10:36:59,531] {logging_mixin.py:109} INFO - [2022-03-28 10:36:59,530] {dag.py:2398} INFO - Sync 1 DAGs
[2022-03-28 10:36:59,548] {logging_mixin.py:109} INFO - [2022-03-28 10:36:59,548] {dag.py:2937} INFO - Setting next_dagrun for example_bash_operator to 2022-03-28T00:00:00+00:00
[2022-03-28 10:36:59,559] {processor.py:171} INFO - Processing /home/vengat/big_data/python/venv/aflow_env/lib/python3.9/site-packages/airflow/example_dags/example_bash_operator.py took 0.080 seconds
[2022-03-28 10:37:36,002] {processor.py:163} INFO - Started process (PID=54142) to work on /home/vengat/big_data/python/venv/aflow_env/lib/python3.9/site-packages/airflow/example_dags/example_bash_operator.py
[2022-03-28 10:37:36,004] {processor.py:642} INFO - Processing file /home/vengat/big_data/python/venv/aflow_env/lib/python3.9/site-packages/airflow/example_dags/example_bash_operator.py for tasks to queue
[2022-03-28 10:37:36,004] {logging_mixin.py:109} INFO - [2022-03-28 10:37:36,004] {dagbag.py:500} INFO - Filling up the DagBag from /home/vengat/big_data/python/venv/aflow_env/lib/python3.9/site-packages/airflow/example_dags/example_bash_operator.py
[2022-03-28 10:37:36,035] {processor.py:654} INFO - DAG(s) dict_keys(['example_bash_operator']) retrieved from /home/vengat/big_data/python/venv/aflow_env/lib/python3.9/site-packages/airflow/example_dags/example_bash_operator.py
[2022-03-28 10:37:36,048] {logging_mixin.py:109} INFO - [2022-03-28 10:37:36,047] {dag.py:2398} INFO - Sync 1 DAGs
[2022-03-28 10:37:36,061] {logging_mixin.py:109} INFO - [2022-03-28 10:37:36,061] {dag.py:2937} INFO - Setting next_dagrun for example_bash_operator to 2022-03-28T00:00:00+00:00
[2022-03-28 10:37:36,069] {processor.py:171} INFO - Processing /home/vengat/big_data/python/venv/aflow_env/lib/python3.9/site-packages/airflow/example_dags/example_bash_operator.py took 0.071 seconds
[2022-03-28 10:38:11,475] {processor.py:163} INFO - Started process (PID=54179) to work on /home/vengat/big_data/python/venv/aflow_env/lib/python3.9/site-packages/airflow/example_dags/example_bash_operator.py
[2022-03-28 10:38:11,479] {processor.py:642} INFO - Processing file /home/vengat/big_data/python/venv/aflow_env/lib/python3.9/site-packages/airflow/example_dags/example_bash_operator.py for tasks to queue
[2022-03-28 10:38:11,482] {logging_mixin.py:109} INFO - [2022-03-28 10:38:11,480] {dagbag.py:500} INFO - Filling up the DagBag from /home/vengat/big_data/python/venv/aflow_env/lib/python3.9/site-packages/airflow/example_dags/example_bash_operator.py
[2022-03-28 10:38:11,530] {processor.py:654} INFO - DAG(s) dict_keys(['example_bash_operator']) retrieved from /home/vengat/big_data/python/venv/aflow_env/lib/python3.9/site-packages/airflow/example_dags/example_bash_operator.py
[2022-03-28 10:38:11,540] {logging_mixin.py:109} INFO - [2022-03-28 10:38:11,540] {dag.py:2398} INFO - Sync 1 DAGs
[2022-03-28 10:38:11,557] {logging_mixin.py:109} INFO - [2022-03-28 10:38:11,557] {dag.py:2937} INFO - Setting next_dagrun for example_bash_operator to 2022-03-28T00:00:00+00:00
[2022-03-28 10:38:11,569] {processor.py:171} INFO - Processing /home/vengat/big_data/python/venv/aflow_env/lib/python3.9/site-packages/airflow/example_dags/example_bash_operator.py took 0.098 seconds
[2022-03-28 10:38:45,090] {processor.py:163} INFO - Started process (PID=54253) to work on /home/vengat/big_data/python/venv/aflow_env/lib/python3.9/site-packages/airflow/example_dags/example_bash_operator.py
[2022-03-28 10:38:45,092] {processor.py:642} INFO - Processing file /home/vengat/big_data/python/venv/aflow_env/lib/python3.9/site-packages/airflow/example_dags/example_bash_operator.py for tasks to queue
[2022-03-28 10:38:45,093] {logging_mixin.py:109} INFO - [2022-03-28 10:38:45,093] {dagbag.py:500} INFO - Filling up the DagBag from /home/vengat/big_data/python/venv/aflow_env/lib/python3.9/site-packages/airflow/example_dags/example_bash_operator.py
[2022-03-28 10:38:45,122] {processor.py:654} INFO - DAG(s) dict_keys(['example_bash_operator']) retrieved from /home/vengat/big_data/python/venv/aflow_env/lib/python3.9/site-packages/airflow/example_dags/example_bash_operator.py
[2022-03-28 10:38:45,131] {logging_mixin.py:109} INFO - [2022-03-28 10:38:45,131] {dag.py:2398} INFO - Sync 1 DAGs
[2022-03-28 10:38:45,144] {logging_mixin.py:109} INFO - [2022-03-28 10:38:45,144] {dag.py:2937} INFO - Setting next_dagrun for example_bash_operator to 2022-03-28T00:00:00+00:00
[2022-03-28 10:38:45,153] {processor.py:171} INFO - Processing /home/vengat/big_data/python/venv/aflow_env/lib/python3.9/site-packages/airflow/example_dags/example_bash_operator.py took 0.067 seconds
[2022-03-28 10:39:21,190] {processor.py:163} INFO - Started process (PID=54313) to work on /home/vengat/big_data/python/venv/aflow_env/lib/python3.9/site-packages/airflow/example_dags/example_bash_operator.py
[2022-03-28 10:39:21,191] {processor.py:642} INFO - Processing file /home/vengat/big_data/python/venv/aflow_env/lib/python3.9/site-packages/airflow/example_dags/example_bash_operator.py for tasks to queue
[2022-03-28 10:39:21,192] {logging_mixin.py:109} INFO - [2022-03-28 10:39:21,192] {dagbag.py:500} INFO - Filling up the DagBag from /home/vengat/big_data/python/venv/aflow_env/lib/python3.9/site-packages/airflow/example_dags/example_bash_operator.py
[2022-03-28 10:39:21,231] {processor.py:654} INFO - DAG(s) dict_keys(['example_bash_operator']) retrieved from /home/vengat/big_data/python/venv/aflow_env/lib/python3.9/site-packages/airflow/example_dags/example_bash_operator.py
[2022-03-28 10:39:21,241] {logging_mixin.py:109} INFO - [2022-03-28 10:39:21,241] {dag.py:2398} INFO - Sync 1 DAGs
[2022-03-28 10:39:21,255] {logging_mixin.py:109} INFO - [2022-03-28 10:39:21,255] {dag.py:2937} INFO - Setting next_dagrun for example_bash_operator to 2022-03-28T00:00:00+00:00
[2022-03-28 10:39:21,265] {processor.py:171} INFO - Processing /home/vengat/big_data/python/venv/aflow_env/lib/python3.9/site-packages/airflow/example_dags/example_bash_operator.py took 0.080 seconds
[2022-03-28 10:39:55,717] {processor.py:163} INFO - Started process (PID=54358) to work on /home/vengat/big_data/python/venv/aflow_env/lib/python3.9/site-packages/airflow/example_dags/example_bash_operator.py
[2022-03-28 10:39:55,719] {processor.py:642} INFO - Processing file /home/vengat/big_data/python/venv/aflow_env/lib/python3.9/site-packages/airflow/example_dags/example_bash_operator.py for tasks to queue
[2022-03-28 10:39:55,720] {logging_mixin.py:109} INFO - [2022-03-28 10:39:55,720] {dagbag.py:500} INFO - Filling up the DagBag from /home/vengat/big_data/python/venv/aflow_env/lib/python3.9/site-packages/airflow/example_dags/example_bash_operator.py
[2022-03-28 10:39:55,757] {processor.py:654} INFO - DAG(s) dict_keys(['example_bash_operator']) retrieved from /home/vengat/big_data/python/venv/aflow_env/lib/python3.9/site-packages/airflow/example_dags/example_bash_operator.py
[2022-03-28 10:39:55,769] {logging_mixin.py:109} INFO - [2022-03-28 10:39:55,769] {dag.py:2398} INFO - Sync 1 DAGs
[2022-03-28 10:39:55,784] {logging_mixin.py:109} INFO - [2022-03-28 10:39:55,784] {dag.py:2937} INFO - Setting next_dagrun for example_bash_operator to 2022-03-28T00:00:00+00:00
[2022-03-28 10:39:55,797] {processor.py:171} INFO - Processing /home/vengat/big_data/python/venv/aflow_env/lib/python3.9/site-packages/airflow/example_dags/example_bash_operator.py took 0.085 seconds
[2022-03-28 10:40:32,020] {processor.py:163} INFO - Started process (PID=54411) to work on /home/vengat/big_data/python/venv/aflow_env/lib/python3.9/site-packages/airflow/example_dags/example_bash_operator.py
[2022-03-28 10:40:32,023] {processor.py:642} INFO - Processing file /home/vengat/big_data/python/venv/aflow_env/lib/python3.9/site-packages/airflow/example_dags/example_bash_operator.py for tasks to queue
[2022-03-28 10:40:32,023] {logging_mixin.py:109} INFO - [2022-03-28 10:40:32,023] {dagbag.py:500} INFO - Filling up the DagBag from /home/vengat/big_data/python/venv/aflow_env/lib/python3.9/site-packages/airflow/example_dags/example_bash_operator.py
[2022-03-28 10:40:32,056] {processor.py:654} INFO - DAG(s) dict_keys(['example_bash_operator']) retrieved from /home/vengat/big_data/python/venv/aflow_env/lib/python3.9/site-packages/airflow/example_dags/example_bash_operator.py
[2022-03-28 10:40:32,067] {logging_mixin.py:109} INFO - [2022-03-28 10:40:32,067] {dag.py:2398} INFO - Sync 1 DAGs
[2022-03-28 10:40:32,081] {logging_mixin.py:109} INFO - [2022-03-28 10:40:32,081] {dag.py:2937} INFO - Setting next_dagrun for example_bash_operator to 2022-03-28T00:00:00+00:00
[2022-03-28 10:40:32,092] {processor.py:171} INFO - Processing /home/vengat/big_data/python/venv/aflow_env/lib/python3.9/site-packages/airflow/example_dags/example_bash_operator.py took 0.077 seconds
[2022-03-28 10:41:07,234] {processor.py:163} INFO - Started process (PID=54509) to work on /home/vengat/big_data/python/venv/aflow_env/lib/python3.9/site-packages/airflow/example_dags/example_bash_operator.py
[2022-03-28 10:41:07,236] {processor.py:642} INFO - Processing file /home/vengat/big_data/python/venv/aflow_env/lib/python3.9/site-packages/airflow/example_dags/example_bash_operator.py for tasks to queue
[2022-03-28 10:41:07,236] {logging_mixin.py:109} INFO - [2022-03-28 10:41:07,236] {dagbag.py:500} INFO - Filling up the DagBag from /home/vengat/big_data/python/venv/aflow_env/lib/python3.9/site-packages/airflow/example_dags/example_bash_operator.py
[2022-03-28 10:41:07,271] {processor.py:654} INFO - DAG(s) dict_keys(['example_bash_operator']) retrieved from /home/vengat/big_data/python/venv/aflow_env/lib/python3.9/site-packages/airflow/example_dags/example_bash_operator.py
[2022-03-28 10:41:07,283] {logging_mixin.py:109} INFO - [2022-03-28 10:41:07,283] {dag.py:2398} INFO - Sync 1 DAGs
[2022-03-28 10:41:07,299] {logging_mixin.py:109} INFO - [2022-03-28 10:41:07,299] {dag.py:2937} INFO - Setting next_dagrun for example_bash_operator to 2022-03-28T00:00:00+00:00
[2022-03-28 10:41:07,307] {processor.py:171} INFO - Processing /home/vengat/big_data/python/venv/aflow_env/lib/python3.9/site-packages/airflow/example_dags/example_bash_operator.py took 0.077 seconds
[2022-03-28 10:41:41,201] {processor.py:163} INFO - Started process (PID=54542) to work on /home/vengat/big_data/python/venv/aflow_env/lib/python3.9/site-packages/airflow/example_dags/example_bash_operator.py
[2022-03-28 10:41:41,205] {processor.py:642} INFO - Processing file /home/vengat/big_data/python/venv/aflow_env/lib/python3.9/site-packages/airflow/example_dags/example_bash_operator.py for tasks to queue
[2022-03-28 10:41:41,206] {logging_mixin.py:109} INFO - [2022-03-28 10:41:41,206] {dagbag.py:500} INFO - Filling up the DagBag from /home/vengat/big_data/python/venv/aflow_env/lib/python3.9/site-packages/airflow/example_dags/example_bash_operator.py
[2022-03-28 10:41:41,233] {processor.py:654} INFO - DAG(s) dict_keys(['example_bash_operator']) retrieved from /home/vengat/big_data/python/venv/aflow_env/lib/python3.9/site-packages/airflow/example_dags/example_bash_operator.py
[2022-03-28 10:41:41,240] {logging_mixin.py:109} INFO - [2022-03-28 10:41:41,240] {dag.py:2398} INFO - Sync 1 DAGs
[2022-03-28 10:41:41,259] {logging_mixin.py:109} INFO - [2022-03-28 10:41:41,259] {dag.py:2937} INFO - Setting next_dagrun for example_bash_operator to 2022-03-28T00:00:00+00:00
[2022-03-28 10:41:41,269] {processor.py:171} INFO - Processing /home/vengat/big_data/python/venv/aflow_env/lib/python3.9/site-packages/airflow/example_dags/example_bash_operator.py took 0.072 seconds
[2022-03-28 10:42:14,416] {processor.py:163} INFO - Started process (PID=54575) to work on /home/vengat/big_data/python/venv/aflow_env/lib/python3.9/site-packages/airflow/example_dags/example_bash_operator.py
[2022-03-28 10:42:14,418] {processor.py:642} INFO - Processing file /home/vengat/big_data/python/venv/aflow_env/lib/python3.9/site-packages/airflow/example_dags/example_bash_operator.py for tasks to queue
[2022-03-28 10:42:14,418] {logging_mixin.py:109} INFO - [2022-03-28 10:42:14,418] {dagbag.py:500} INFO - Filling up the DagBag from /home/vengat/big_data/python/venv/aflow_env/lib/python3.9/site-packages/airflow/example_dags/example_bash_operator.py
[2022-03-28 10:42:14,445] {processor.py:654} INFO - DAG(s) dict_keys(['example_bash_operator']) retrieved from /home/vengat/big_data/python/venv/aflow_env/lib/python3.9/site-packages/airflow/example_dags/example_bash_operator.py
[2022-03-28 10:42:14,456] {logging_mixin.py:109} INFO - [2022-03-28 10:42:14,455] {dag.py:2398} INFO - Sync 1 DAGs
[2022-03-28 10:42:14,468] {logging_mixin.py:109} INFO - [2022-03-28 10:42:14,468] {dag.py:2937} INFO - Setting next_dagrun for example_bash_operator to 2022-03-28T00:00:00+00:00
[2022-03-28 10:42:14,476] {processor.py:171} INFO - Processing /home/vengat/big_data/python/venv/aflow_env/lib/python3.9/site-packages/airflow/example_dags/example_bash_operator.py took 0.063 seconds
[2022-03-28 10:42:48,234] {processor.py:163} INFO - Started process (PID=54628) to work on /home/vengat/big_data/python/venv/aflow_env/lib/python3.9/site-packages/airflow/example_dags/example_bash_operator.py
[2022-03-28 10:42:48,236] {processor.py:642} INFO - Processing file /home/vengat/big_data/python/venv/aflow_env/lib/python3.9/site-packages/airflow/example_dags/example_bash_operator.py for tasks to queue
[2022-03-28 10:42:48,236] {logging_mixin.py:109} INFO - [2022-03-28 10:42:48,236] {dagbag.py:500} INFO - Filling up the DagBag from /home/vengat/big_data/python/venv/aflow_env/lib/python3.9/site-packages/airflow/example_dags/example_bash_operator.py
[2022-03-28 10:42:48,264] {processor.py:654} INFO - DAG(s) dict_keys(['example_bash_operator']) retrieved from /home/vengat/big_data/python/venv/aflow_env/lib/python3.9/site-packages/airflow/example_dags/example_bash_operator.py
[2022-03-28 10:42:48,272] {logging_mixin.py:109} INFO - [2022-03-28 10:42:48,272] {dag.py:2398} INFO - Sync 1 DAGs
[2022-03-28 10:42:48,284] {logging_mixin.py:109} INFO - [2022-03-28 10:42:48,284] {dag.py:2937} INFO - Setting next_dagrun for example_bash_operator to 2022-03-28T00:00:00+00:00
[2022-03-28 10:42:48,293] {processor.py:171} INFO - Processing /home/vengat/big_data/python/venv/aflow_env/lib/python3.9/site-packages/airflow/example_dags/example_bash_operator.py took 0.063 seconds
[2022-03-28 10:43:20,317] {processor.py:163} INFO - Started process (PID=54666) to work on /home/vengat/big_data/python/venv/aflow_env/lib/python3.9/site-packages/airflow/example_dags/example_bash_operator.py
[2022-03-28 10:43:20,319] {processor.py:642} INFO - Processing file /home/vengat/big_data/python/venv/aflow_env/lib/python3.9/site-packages/airflow/example_dags/example_bash_operator.py for tasks to queue
[2022-03-28 10:43:20,320] {logging_mixin.py:109} INFO - [2022-03-28 10:43:20,320] {dagbag.py:500} INFO - Filling up the DagBag from /home/vengat/big_data/python/venv/aflow_env/lib/python3.9/site-packages/airflow/example_dags/example_bash_operator.py
[2022-03-28 10:43:20,351] {processor.py:654} INFO - DAG(s) dict_keys(['example_bash_operator']) retrieved from /home/vengat/big_data/python/venv/aflow_env/lib/python3.9/site-packages/airflow/example_dags/example_bash_operator.py
[2022-03-28 10:43:20,360] {logging_mixin.py:109} INFO - [2022-03-28 10:43:20,360] {dag.py:2398} INFO - Sync 1 DAGs
[2022-03-28 10:43:20,374] {logging_mixin.py:109} INFO - [2022-03-28 10:43:20,374] {dag.py:2937} INFO - Setting next_dagrun for example_bash_operator to 2022-03-28T00:00:00+00:00
[2022-03-28 10:43:20,384] {processor.py:171} INFO - Processing /home/vengat/big_data/python/venv/aflow_env/lib/python3.9/site-packages/airflow/example_dags/example_bash_operator.py took 0.074 seconds
[2022-03-28 10:43:59,448] {processor.py:163} INFO - Started process (PID=54730) to work on /home/vengat/big_data/python/venv/aflow_env/lib/python3.9/site-packages/airflow/example_dags/example_bash_operator.py
[2022-03-28 10:43:59,451] {processor.py:642} INFO - Processing file /home/vengat/big_data/python/venv/aflow_env/lib/python3.9/site-packages/airflow/example_dags/example_bash_operator.py for tasks to queue
[2022-03-28 10:43:59,452] {logging_mixin.py:109} INFO - [2022-03-28 10:43:59,451] {dagbag.py:500} INFO - Filling up the DagBag from /home/vengat/big_data/python/venv/aflow_env/lib/python3.9/site-packages/airflow/example_dags/example_bash_operator.py
[2022-03-28 10:43:59,481] {processor.py:654} INFO - DAG(s) dict_keys(['example_bash_operator']) retrieved from /home/vengat/big_data/python/venv/aflow_env/lib/python3.9/site-packages/airflow/example_dags/example_bash_operator.py
[2022-03-28 10:43:59,490] {logging_mixin.py:109} INFO - [2022-03-28 10:43:59,489] {dag.py:2398} INFO - Sync 1 DAGs
[2022-03-28 10:43:59,501] {logging_mixin.py:109} INFO - [2022-03-28 10:43:59,501] {dag.py:2937} INFO - Setting next_dagrun for example_bash_operator to 2022-03-28T00:00:00+00:00
[2022-03-28 10:43:59,510] {processor.py:171} INFO - Processing /home/vengat/big_data/python/venv/aflow_env/lib/python3.9/site-packages/airflow/example_dags/example_bash_operator.py took 0.067 seconds
[2022-03-28 10:44:33,503] {processor.py:163} INFO - Started process (PID=54779) to work on /home/vengat/big_data/python/venv/aflow_env/lib/python3.9/site-packages/airflow/example_dags/example_bash_operator.py
[2022-03-28 10:44:33,505] {processor.py:642} INFO - Processing file /home/vengat/big_data/python/venv/aflow_env/lib/python3.9/site-packages/airflow/example_dags/example_bash_operator.py for tasks to queue
[2022-03-28 10:44:33,506] {logging_mixin.py:109} INFO - [2022-03-28 10:44:33,506] {dagbag.py:500} INFO - Filling up the DagBag from /home/vengat/big_data/python/venv/aflow_env/lib/python3.9/site-packages/airflow/example_dags/example_bash_operator.py
[2022-03-28 10:44:33,537] {processor.py:654} INFO - DAG(s) dict_keys(['example_bash_operator']) retrieved from /home/vengat/big_data/python/venv/aflow_env/lib/python3.9/site-packages/airflow/example_dags/example_bash_operator.py
[2022-03-28 10:44:33,547] {logging_mixin.py:109} INFO - [2022-03-28 10:44:33,546] {dag.py:2398} INFO - Sync 1 DAGs
[2022-03-28 10:44:33,561] {logging_mixin.py:109} INFO - [2022-03-28 10:44:33,561] {dag.py:2937} INFO - Setting next_dagrun for example_bash_operator to 2022-03-28T00:00:00+00:00
[2022-03-28 10:44:33,569] {processor.py:171} INFO - Processing /home/vengat/big_data/python/venv/aflow_env/lib/python3.9/site-packages/airflow/example_dags/example_bash_operator.py took 0.070 seconds
[2022-03-28 10:45:08,480] {processor.py:163} INFO - Started process (PID=54812) to work on /home/vengat/big_data/python/venv/aflow_env/lib/python3.9/site-packages/airflow/example_dags/example_bash_operator.py
[2022-03-28 10:45:08,482] {processor.py:642} INFO - Processing file /home/vengat/big_data/python/venv/aflow_env/lib/python3.9/site-packages/airflow/example_dags/example_bash_operator.py for tasks to queue
[2022-03-28 10:45:08,483] {logging_mixin.py:109} INFO - [2022-03-28 10:45:08,483] {dagbag.py:500} INFO - Filling up the DagBag from /home/vengat/big_data/python/venv/aflow_env/lib/python3.9/site-packages/airflow/example_dags/example_bash_operator.py
[2022-03-28 10:45:08,514] {processor.py:654} INFO - DAG(s) dict_keys(['example_bash_operator']) retrieved from /home/vengat/big_data/python/venv/aflow_env/lib/python3.9/site-packages/airflow/example_dags/example_bash_operator.py
[2022-03-28 10:45:08,522] {logging_mixin.py:109} INFO - [2022-03-28 10:45:08,522] {dag.py:2398} INFO - Sync 1 DAGs
[2022-03-28 10:45:08,536] {logging_mixin.py:109} INFO - [2022-03-28 10:45:08,536] {dag.py:2937} INFO - Setting next_dagrun for example_bash_operator to 2022-03-28T00:00:00+00:00
[2022-03-28 10:45:08,547] {processor.py:171} INFO - Processing /home/vengat/big_data/python/venv/aflow_env/lib/python3.9/site-packages/airflow/example_dags/example_bash_operator.py took 0.070 seconds
[2022-03-28 10:45:44,760] {processor.py:163} INFO - Started process (PID=54882) to work on /home/vengat/big_data/python/venv/aflow_env/lib/python3.9/site-packages/airflow/example_dags/example_bash_operator.py
[2022-03-28 10:45:44,762] {processor.py:642} INFO - Processing file /home/vengat/big_data/python/venv/aflow_env/lib/python3.9/site-packages/airflow/example_dags/example_bash_operator.py for tasks to queue
[2022-03-28 10:45:44,762] {logging_mixin.py:109} INFO - [2022-03-28 10:45:44,762] {dagbag.py:500} INFO - Filling up the DagBag from /home/vengat/big_data/python/venv/aflow_env/lib/python3.9/site-packages/airflow/example_dags/example_bash_operator.py
[2022-03-28 10:45:44,798] {processor.py:654} INFO - DAG(s) dict_keys(['example_bash_operator']) retrieved from /home/vengat/big_data/python/venv/aflow_env/lib/python3.9/site-packages/airflow/example_dags/example_bash_operator.py
[2022-03-28 10:45:44,806] {logging_mixin.py:109} INFO - [2022-03-28 10:45:44,806] {dag.py:2398} INFO - Sync 1 DAGs
[2022-03-28 10:45:44,819] {logging_mixin.py:109} INFO - [2022-03-28 10:45:44,819] {dag.py:2937} INFO - Setting next_dagrun for example_bash_operator to 2022-03-28T00:00:00+00:00
[2022-03-28 10:45:44,829] {processor.py:171} INFO - Processing /home/vengat/big_data/python/venv/aflow_env/lib/python3.9/site-packages/airflow/example_dags/example_bash_operator.py took 0.074 seconds
[2022-03-28 10:46:17,942] {processor.py:163} INFO - Started process (PID=54928) to work on /home/vengat/big_data/python/venv/aflow_env/lib/python3.9/site-packages/airflow/example_dags/example_bash_operator.py
[2022-03-28 10:46:17,943] {processor.py:642} INFO - Processing file /home/vengat/big_data/python/venv/aflow_env/lib/python3.9/site-packages/airflow/example_dags/example_bash_operator.py for tasks to queue
[2022-03-28 10:46:17,944] {logging_mixin.py:109} INFO - [2022-03-28 10:46:17,944] {dagbag.py:500} INFO - Filling up the DagBag from /home/vengat/big_data/python/venv/aflow_env/lib/python3.9/site-packages/airflow/example_dags/example_bash_operator.py
[2022-03-28 10:46:17,970] {processor.py:654} INFO - DAG(s) dict_keys(['example_bash_operator']) retrieved from /home/vengat/big_data/python/venv/aflow_env/lib/python3.9/site-packages/airflow/example_dags/example_bash_operator.py
[2022-03-28 10:46:17,979] {logging_mixin.py:109} INFO - [2022-03-28 10:46:17,979] {dag.py:2398} INFO - Sync 1 DAGs
[2022-03-28 10:46:17,991] {logging_mixin.py:109} INFO - [2022-03-28 10:46:17,991] {dag.py:2937} INFO - Setting next_dagrun for example_bash_operator to 2022-03-28T00:00:00+00:00
[2022-03-28 10:46:17,999] {processor.py:171} INFO - Processing /home/vengat/big_data/python/venv/aflow_env/lib/python3.9/site-packages/airflow/example_dags/example_bash_operator.py took 0.063 seconds
[2022-03-28 10:47:01,575] {processor.py:163} INFO - Started process (PID=54968) to work on /home/vengat/big_data/python/venv/aflow_env/lib/python3.9/site-packages/airflow/example_dags/example_bash_operator.py
[2022-03-28 10:47:01,600] {processor.py:642} INFO - Processing file /home/vengat/big_data/python/venv/aflow_env/lib/python3.9/site-packages/airflow/example_dags/example_bash_operator.py for tasks to queue
[2022-03-28 10:47:01,601] {logging_mixin.py:109} INFO - [2022-03-28 10:47:01,601] {dagbag.py:500} INFO - Filling up the DagBag from /home/vengat/big_data/python/venv/aflow_env/lib/python3.9/site-packages/airflow/example_dags/example_bash_operator.py
[2022-03-28 10:47:01,637] {processor.py:654} INFO - DAG(s) dict_keys(['example_bash_operator']) retrieved from /home/vengat/big_data/python/venv/aflow_env/lib/python3.9/site-packages/airflow/example_dags/example_bash_operator.py
[2022-03-28 10:47:01,647] {logging_mixin.py:109} INFO - [2022-03-28 10:47:01,646] {dag.py:2398} INFO - Sync 1 DAGs
[2022-03-28 10:47:01,663] {logging_mixin.py:109} INFO - [2022-03-28 10:47:01,663] {dag.py:2937} INFO - Setting next_dagrun for example_bash_operator to 2022-03-28T00:00:00+00:00
[2022-03-28 10:47:01,715] {processor.py:171} INFO - Processing /home/vengat/big_data/python/venv/aflow_env/lib/python3.9/site-packages/airflow/example_dags/example_bash_operator.py took 0.145 seconds
[2022-03-28 10:47:57,417] {processor.py:163} INFO - Started process (PID=55013) to work on /home/vengat/big_data/python/venv/aflow_env/lib/python3.9/site-packages/airflow/example_dags/example_bash_operator.py
[2022-03-28 10:47:57,419] {processor.py:642} INFO - Processing file /home/vengat/big_data/python/venv/aflow_env/lib/python3.9/site-packages/airflow/example_dags/example_bash_operator.py for tasks to queue
[2022-03-28 10:47:57,420] {logging_mixin.py:109} INFO - [2022-03-28 10:47:57,420] {dagbag.py:500} INFO - Filling up the DagBag from /home/vengat/big_data/python/venv/aflow_env/lib/python3.9/site-packages/airflow/example_dags/example_bash_operator.py
[2022-03-28 10:47:57,463] {processor.py:654} INFO - DAG(s) dict_keys(['example_bash_operator']) retrieved from /home/vengat/big_data/python/venv/aflow_env/lib/python3.9/site-packages/airflow/example_dags/example_bash_operator.py
[2022-03-28 10:47:57,475] {logging_mixin.py:109} INFO - [2022-03-28 10:47:57,475] {dag.py:2398} INFO - Sync 1 DAGs
[2022-03-28 10:47:57,492] {logging_mixin.py:109} INFO - [2022-03-28 10:47:57,492] {dag.py:2937} INFO - Setting next_dagrun for example_bash_operator to 2022-03-28T00:00:00+00:00
[2022-03-28 10:47:57,778] {processor.py:171} INFO - Processing /home/vengat/big_data/python/venv/aflow_env/lib/python3.9/site-packages/airflow/example_dags/example_bash_operator.py took 0.378 seconds
[2022-03-28 10:48:41,388] {processor.py:163} INFO - Started process (PID=55075) to work on /home/vengat/big_data/python/venv/aflow_env/lib/python3.9/site-packages/airflow/example_dags/example_bash_operator.py
[2022-03-28 10:48:41,390] {processor.py:642} INFO - Processing file /home/vengat/big_data/python/venv/aflow_env/lib/python3.9/site-packages/airflow/example_dags/example_bash_operator.py for tasks to queue
[2022-03-28 10:48:41,391] {logging_mixin.py:109} INFO - [2022-03-28 10:48:41,391] {dagbag.py:500} INFO - Filling up the DagBag from /home/vengat/big_data/python/venv/aflow_env/lib/python3.9/site-packages/airflow/example_dags/example_bash_operator.py
[2022-03-28 10:48:41,427] {processor.py:654} INFO - DAG(s) dict_keys(['example_bash_operator']) retrieved from /home/vengat/big_data/python/venv/aflow_env/lib/python3.9/site-packages/airflow/example_dags/example_bash_operator.py
[2022-03-28 10:48:41,439] {logging_mixin.py:109} INFO - [2022-03-28 10:48:41,439] {dag.py:2398} INFO - Sync 1 DAGs
[2022-03-28 10:48:41,456] {logging_mixin.py:109} INFO - [2022-03-28 10:48:41,456] {dag.py:2937} INFO - Setting next_dagrun for example_bash_operator to 2022-03-28T00:00:00+00:00
[2022-03-28 10:48:41,469] {processor.py:171} INFO - Processing /home/vengat/big_data/python/venv/aflow_env/lib/python3.9/site-packages/airflow/example_dags/example_bash_operator.py took 0.084 seconds
[2022-03-28 10:49:20,138] {processor.py:163} INFO - Started process (PID=55111) to work on /home/vengat/big_data/python/venv/aflow_env/lib/python3.9/site-packages/airflow/example_dags/example_bash_operator.py
[2022-03-28 10:49:20,140] {processor.py:642} INFO - Processing file /home/vengat/big_data/python/venv/aflow_env/lib/python3.9/site-packages/airflow/example_dags/example_bash_operator.py for tasks to queue
[2022-03-28 10:49:20,141] {logging_mixin.py:109} INFO - [2022-03-28 10:49:20,141] {dagbag.py:500} INFO - Filling up the DagBag from /home/vengat/big_data/python/venv/aflow_env/lib/python3.9/site-packages/airflow/example_dags/example_bash_operator.py
[2022-03-28 10:49:20,172] {processor.py:654} INFO - DAG(s) dict_keys(['example_bash_operator']) retrieved from /home/vengat/big_data/python/venv/aflow_env/lib/python3.9/site-packages/airflow/example_dags/example_bash_operator.py
[2022-03-28 10:49:20,182] {logging_mixin.py:109} INFO - [2022-03-28 10:49:20,182] {dag.py:2398} INFO - Sync 1 DAGs
[2022-03-28 10:49:20,196] {logging_mixin.py:109} INFO - [2022-03-28 10:49:20,196] {dag.py:2937} INFO - Setting next_dagrun for example_bash_operator to 2022-03-28T00:00:00+00:00
[2022-03-28 10:49:20,205] {processor.py:171} INFO - Processing /home/vengat/big_data/python/venv/aflow_env/lib/python3.9/site-packages/airflow/example_dags/example_bash_operator.py took 0.070 seconds
[2022-03-28 10:49:54,195] {processor.py:163} INFO - Started process (PID=55144) to work on /home/vengat/big_data/python/venv/aflow_env/lib/python3.9/site-packages/airflow/example_dags/example_bash_operator.py
[2022-03-28 10:49:54,196] {processor.py:642} INFO - Processing file /home/vengat/big_data/python/venv/aflow_env/lib/python3.9/site-packages/airflow/example_dags/example_bash_operator.py for tasks to queue
[2022-03-28 10:49:54,197] {logging_mixin.py:109} INFO - [2022-03-28 10:49:54,197] {dagbag.py:500} INFO - Filling up the DagBag from /home/vengat/big_data/python/venv/aflow_env/lib/python3.9/site-packages/airflow/example_dags/example_bash_operator.py
[2022-03-28 10:49:54,222] {processor.py:654} INFO - DAG(s) dict_keys(['example_bash_operator']) retrieved from /home/vengat/big_data/python/venv/aflow_env/lib/python3.9/site-packages/airflow/example_dags/example_bash_operator.py
[2022-03-28 10:49:54,231] {logging_mixin.py:109} INFO - [2022-03-28 10:49:54,231] {dag.py:2398} INFO - Sync 1 DAGs
[2022-03-28 10:49:54,243] {logging_mixin.py:109} INFO - [2022-03-28 10:49:54,243] {dag.py:2937} INFO - Setting next_dagrun for example_bash_operator to 2022-03-28T00:00:00+00:00
[2022-03-28 10:49:54,252] {processor.py:171} INFO - Processing /home/vengat/big_data/python/venv/aflow_env/lib/python3.9/site-packages/airflow/example_dags/example_bash_operator.py took 0.061 seconds
[2022-03-28 10:50:26,662] {processor.py:163} INFO - Started process (PID=55176) to work on /home/vengat/big_data/python/venv/aflow_env/lib/python3.9/site-packages/airflow/example_dags/example_bash_operator.py
[2022-03-28 10:50:26,663] {processor.py:642} INFO - Processing file /home/vengat/big_data/python/venv/aflow_env/lib/python3.9/site-packages/airflow/example_dags/example_bash_operator.py for tasks to queue
[2022-03-28 10:50:26,664] {logging_mixin.py:109} INFO - [2022-03-28 10:50:26,664] {dagbag.py:500} INFO - Filling up the DagBag from /home/vengat/big_data/python/venv/aflow_env/lib/python3.9/site-packages/airflow/example_dags/example_bash_operator.py
[2022-03-28 10:50:26,693] {processor.py:654} INFO - DAG(s) dict_keys(['example_bash_operator']) retrieved from /home/vengat/big_data/python/venv/aflow_env/lib/python3.9/site-packages/airflow/example_dags/example_bash_operator.py
[2022-03-28 10:50:26,702] {logging_mixin.py:109} INFO - [2022-03-28 10:50:26,701] {dag.py:2398} INFO - Sync 1 DAGs
[2022-03-28 10:50:26,713] {logging_mixin.py:109} INFO - [2022-03-28 10:50:26,713] {dag.py:2937} INFO - Setting next_dagrun for example_bash_operator to 2022-03-28T00:00:00+00:00
[2022-03-28 10:50:26,721] {processor.py:171} INFO - Processing /home/vengat/big_data/python/venv/aflow_env/lib/python3.9/site-packages/airflow/example_dags/example_bash_operator.py took 0.062 seconds
[2022-03-28 10:50:59,600] {processor.py:163} INFO - Started process (PID=55209) to work on /home/vengat/big_data/python/venv/aflow_env/lib/python3.9/site-packages/airflow/example_dags/example_bash_operator.py
[2022-03-28 10:50:59,603] {processor.py:642} INFO - Processing file /home/vengat/big_data/python/venv/aflow_env/lib/python3.9/site-packages/airflow/example_dags/example_bash_operator.py for tasks to queue
[2022-03-28 10:50:59,603] {logging_mixin.py:109} INFO - [2022-03-28 10:50:59,603] {dagbag.py:500} INFO - Filling up the DagBag from /home/vengat/big_data/python/venv/aflow_env/lib/python3.9/site-packages/airflow/example_dags/example_bash_operator.py
[2022-03-28 10:50:59,629] {processor.py:654} INFO - DAG(s) dict_keys(['example_bash_operator']) retrieved from /home/vengat/big_data/python/venv/aflow_env/lib/python3.9/site-packages/airflow/example_dags/example_bash_operator.py
[2022-03-28 10:50:59,637] {logging_mixin.py:109} INFO - [2022-03-28 10:50:59,637] {dag.py:2398} INFO - Sync 1 DAGs
[2022-03-28 10:50:59,650] {logging_mixin.py:109} INFO - [2022-03-28 10:50:59,649] {dag.py:2937} INFO - Setting next_dagrun for example_bash_operator to 2022-03-28T00:00:00+00:00
[2022-03-28 10:50:59,658] {processor.py:171} INFO - Processing /home/vengat/big_data/python/venv/aflow_env/lib/python3.9/site-packages/airflow/example_dags/example_bash_operator.py took 0.062 seconds
[2022-03-28 10:51:33,658] {processor.py:163} INFO - Started process (PID=55241) to work on /home/vengat/big_data/python/venv/aflow_env/lib/python3.9/site-packages/airflow/example_dags/example_bash_operator.py
[2022-03-28 10:51:33,662] {processor.py:642} INFO - Processing file /home/vengat/big_data/python/venv/aflow_env/lib/python3.9/site-packages/airflow/example_dags/example_bash_operator.py for tasks to queue
[2022-03-28 10:51:33,663] {logging_mixin.py:109} INFO - [2022-03-28 10:51:33,663] {dagbag.py:500} INFO - Filling up the DagBag from /home/vengat/big_data/python/venv/aflow_env/lib/python3.9/site-packages/airflow/example_dags/example_bash_operator.py
[2022-03-28 10:51:33,697] {processor.py:654} INFO - DAG(s) dict_keys(['example_bash_operator']) retrieved from /home/vengat/big_data/python/venv/aflow_env/lib/python3.9/site-packages/airflow/example_dags/example_bash_operator.py
[2022-03-28 10:51:33,707] {logging_mixin.py:109} INFO - [2022-03-28 10:51:33,707] {dag.py:2398} INFO - Sync 1 DAGs
[2022-03-28 10:51:33,719] {logging_mixin.py:109} INFO - [2022-03-28 10:51:33,719] {dag.py:2937} INFO - Setting next_dagrun for example_bash_operator to 2022-03-28T00:00:00+00:00
[2022-03-28 10:51:33,729] {processor.py:171} INFO - Processing /home/vengat/big_data/python/venv/aflow_env/lib/python3.9/site-packages/airflow/example_dags/example_bash_operator.py took 0.075 seconds
[2022-03-28 10:52:08,695] {processor.py:163} INFO - Started process (PID=55276) to work on /home/vengat/big_data/python/venv/aflow_env/lib/python3.9/site-packages/airflow/example_dags/example_bash_operator.py
[2022-03-28 10:52:08,696] {processor.py:642} INFO - Processing file /home/vengat/big_data/python/venv/aflow_env/lib/python3.9/site-packages/airflow/example_dags/example_bash_operator.py for tasks to queue
[2022-03-28 10:52:08,697] {logging_mixin.py:109} INFO - [2022-03-28 10:52:08,697] {dagbag.py:500} INFO - Filling up the DagBag from /home/vengat/big_data/python/venv/aflow_env/lib/python3.9/site-packages/airflow/example_dags/example_bash_operator.py
[2022-03-28 10:52:08,727] {processor.py:654} INFO - DAG(s) dict_keys(['example_bash_operator']) retrieved from /home/vengat/big_data/python/venv/aflow_env/lib/python3.9/site-packages/airflow/example_dags/example_bash_operator.py
[2022-03-28 10:52:08,735] {logging_mixin.py:109} INFO - [2022-03-28 10:52:08,735] {dag.py:2398} INFO - Sync 1 DAGs
[2022-03-28 10:52:08,749] {logging_mixin.py:109} INFO - [2022-03-28 10:52:08,749] {dag.py:2937} INFO - Setting next_dagrun for example_bash_operator to 2022-03-28T00:00:00+00:00
[2022-03-28 10:52:08,760] {processor.py:171} INFO - Processing /home/vengat/big_data/python/venv/aflow_env/lib/python3.9/site-packages/airflow/example_dags/example_bash_operator.py took 0.071 seconds
[2022-03-28 10:52:46,853] {processor.py:163} INFO - Started process (PID=55317) to work on /home/vengat/big_data/python/venv/aflow_env/lib/python3.9/site-packages/airflow/example_dags/example_bash_operator.py
[2022-03-28 10:52:46,855] {processor.py:642} INFO - Processing file /home/vengat/big_data/python/venv/aflow_env/lib/python3.9/site-packages/airflow/example_dags/example_bash_operator.py for tasks to queue
[2022-03-28 10:52:46,855] {logging_mixin.py:109} INFO - [2022-03-28 10:52:46,855] {dagbag.py:500} INFO - Filling up the DagBag from /home/vengat/big_data/python/venv/aflow_env/lib/python3.9/site-packages/airflow/example_dags/example_bash_operator.py
[2022-03-28 10:52:46,882] {processor.py:654} INFO - DAG(s) dict_keys(['example_bash_operator']) retrieved from /home/vengat/big_data/python/venv/aflow_env/lib/python3.9/site-packages/airflow/example_dags/example_bash_operator.py
[2022-03-28 10:52:46,892] {logging_mixin.py:109} INFO - [2022-03-28 10:52:46,892] {dag.py:2398} INFO - Sync 1 DAGs
[2022-03-28 10:52:46,906] {logging_mixin.py:109} INFO - [2022-03-28 10:52:46,906] {dag.py:2937} INFO - Setting next_dagrun for example_bash_operator to 2022-03-28T00:00:00+00:00
[2022-03-28 10:52:46,914] {processor.py:171} INFO - Processing /home/vengat/big_data/python/venv/aflow_env/lib/python3.9/site-packages/airflow/example_dags/example_bash_operator.py took 0.065 seconds
[2022-03-28 10:53:22,409] {processor.py:163} INFO - Started process (PID=55353) to work on /home/vengat/big_data/python/venv/aflow_env/lib/python3.9/site-packages/airflow/example_dags/example_bash_operator.py
[2022-03-28 10:53:22,411] {processor.py:642} INFO - Processing file /home/vengat/big_data/python/venv/aflow_env/lib/python3.9/site-packages/airflow/example_dags/example_bash_operator.py for tasks to queue
[2022-03-28 10:53:22,411] {logging_mixin.py:109} INFO - [2022-03-28 10:53:22,411] {dagbag.py:500} INFO - Filling up the DagBag from /home/vengat/big_data/python/venv/aflow_env/lib/python3.9/site-packages/airflow/example_dags/example_bash_operator.py
[2022-03-28 10:53:22,447] {processor.py:654} INFO - DAG(s) dict_keys(['example_bash_operator']) retrieved from /home/vengat/big_data/python/venv/aflow_env/lib/python3.9/site-packages/airflow/example_dags/example_bash_operator.py
[2022-03-28 10:53:22,462] {logging_mixin.py:109} INFO - [2022-03-28 10:53:22,462] {dag.py:2398} INFO - Sync 1 DAGs
[2022-03-28 10:53:22,476] {logging_mixin.py:109} INFO - [2022-03-28 10:53:22,476] {dag.py:2937} INFO - Setting next_dagrun for example_bash_operator to 2022-03-28T00:00:00+00:00
[2022-03-28 10:53:22,484] {processor.py:171} INFO - Processing /home/vengat/big_data/python/venv/aflow_env/lib/python3.9/site-packages/airflow/example_dags/example_bash_operator.py took 0.080 seconds
[2022-03-28 10:53:56,073] {processor.py:163} INFO - Started process (PID=55388) to work on /home/vengat/big_data/python/venv/aflow_env/lib/python3.9/site-packages/airflow/example_dags/example_bash_operator.py
[2022-03-28 10:53:56,075] {processor.py:642} INFO - Processing file /home/vengat/big_data/python/venv/aflow_env/lib/python3.9/site-packages/airflow/example_dags/example_bash_operator.py for tasks to queue
[2022-03-28 10:53:56,075] {logging_mixin.py:109} INFO - [2022-03-28 10:53:56,075] {dagbag.py:500} INFO - Filling up the DagBag from /home/vengat/big_data/python/venv/aflow_env/lib/python3.9/site-packages/airflow/example_dags/example_bash_operator.py
[2022-03-28 10:53:56,140] {processor.py:654} INFO - DAG(s) dict_keys(['example_bash_operator']) retrieved from /home/vengat/big_data/python/venv/aflow_env/lib/python3.9/site-packages/airflow/example_dags/example_bash_operator.py
[2022-03-28 10:53:56,169] {logging_mixin.py:109} INFO - [2022-03-28 10:53:56,168] {dag.py:2398} INFO - Sync 1 DAGs
[2022-03-28 10:53:56,189] {logging_mixin.py:109} INFO - [2022-03-28 10:53:56,189] {dag.py:2937} INFO - Setting next_dagrun for example_bash_operator to 2022-03-28T00:00:00+00:00
[2022-03-28 10:53:56,199] {processor.py:171} INFO - Processing /home/vengat/big_data/python/venv/aflow_env/lib/python3.9/site-packages/airflow/example_dags/example_bash_operator.py took 0.131 seconds
[2022-03-28 10:54:33,037] {processor.py:163} INFO - Started process (PID=55422) to work on /home/vengat/big_data/python/venv/aflow_env/lib/python3.9/site-packages/airflow/example_dags/example_bash_operator.py
[2022-03-28 10:54:33,038] {processor.py:642} INFO - Processing file /home/vengat/big_data/python/venv/aflow_env/lib/python3.9/site-packages/airflow/example_dags/example_bash_operator.py for tasks to queue
[2022-03-28 10:54:33,039] {logging_mixin.py:109} INFO - [2022-03-28 10:54:33,039] {dagbag.py:500} INFO - Filling up the DagBag from /home/vengat/big_data/python/venv/aflow_env/lib/python3.9/site-packages/airflow/example_dags/example_bash_operator.py
[2022-03-28 10:54:33,071] {processor.py:654} INFO - DAG(s) dict_keys(['example_bash_operator']) retrieved from /home/vengat/big_data/python/venv/aflow_env/lib/python3.9/site-packages/airflow/example_dags/example_bash_operator.py
[2022-03-28 10:54:33,080] {logging_mixin.py:109} INFO - [2022-03-28 10:54:33,080] {dag.py:2398} INFO - Sync 1 DAGs
[2022-03-28 10:54:33,095] {logging_mixin.py:109} INFO - [2022-03-28 10:54:33,095] {dag.py:2937} INFO - Setting next_dagrun for example_bash_operator to 2022-03-28T00:00:00+00:00
[2022-03-28 10:54:33,105] {processor.py:171} INFO - Processing /home/vengat/big_data/python/venv/aflow_env/lib/python3.9/site-packages/airflow/example_dags/example_bash_operator.py took 0.072 seconds
[2022-03-28 10:55:06,838] {processor.py:163} INFO - Started process (PID=55454) to work on /home/vengat/big_data/python/venv/aflow_env/lib/python3.9/site-packages/airflow/example_dags/example_bash_operator.py
[2022-03-28 10:55:06,840] {processor.py:642} INFO - Processing file /home/vengat/big_data/python/venv/aflow_env/lib/python3.9/site-packages/airflow/example_dags/example_bash_operator.py for tasks to queue
[2022-03-28 10:55:06,841] {logging_mixin.py:109} INFO - [2022-03-28 10:55:06,841] {dagbag.py:500} INFO - Filling up the DagBag from /home/vengat/big_data/python/venv/aflow_env/lib/python3.9/site-packages/airflow/example_dags/example_bash_operator.py
[2022-03-28 10:55:06,882] {processor.py:654} INFO - DAG(s) dict_keys(['example_bash_operator']) retrieved from /home/vengat/big_data/python/venv/aflow_env/lib/python3.9/site-packages/airflow/example_dags/example_bash_operator.py
[2022-03-28 10:55:06,893] {logging_mixin.py:109} INFO - [2022-03-28 10:55:06,893] {dag.py:2398} INFO - Sync 1 DAGs
[2022-03-28 10:55:06,909] {logging_mixin.py:109} INFO - [2022-03-28 10:55:06,909] {dag.py:2937} INFO - Setting next_dagrun for example_bash_operator to 2022-03-28T00:00:00+00:00
[2022-03-28 10:55:06,920] {processor.py:171} INFO - Processing /home/vengat/big_data/python/venv/aflow_env/lib/python3.9/site-packages/airflow/example_dags/example_bash_operator.py took 0.091 seconds
