[2022-03-28 10:13:57,373] {processor.py:163} INFO - Started process (PID=52749) to work on /home/vengat/big_data/python/venv/aflow_env/lib/python3.9/site-packages/airflow/example_dags/example_complex.py
[2022-03-28 10:13:57,376] {processor.py:642} INFO - Processing file /home/vengat/big_data/python/venv/aflow_env/lib/python3.9/site-packages/airflow/example_dags/example_complex.py for tasks to queue
[2022-03-28 10:13:57,378] {logging_mixin.py:109} INFO - [2022-03-28 10:13:57,377] {dagbag.py:500} INFO - Filling up the DagBag from /home/vengat/big_data/python/venv/aflow_env/lib/python3.9/site-packages/airflow/example_dags/example_complex.py
[2022-03-28 10:13:57,419] {processor.py:654} INFO - DAG(s) dict_keys(['example_complex']) retrieved from /home/vengat/big_data/python/venv/aflow_env/lib/python3.9/site-packages/airflow/example_dags/example_complex.py
[2022-03-28 10:13:57,432] {logging_mixin.py:109} INFO - [2022-03-28 10:13:57,432] {dag.py:2398} INFO - Sync 1 DAGs
[2022-03-28 10:13:57,442] {logging_mixin.py:109} INFO - [2022-03-28 10:13:57,442] {dag.py:2937} INFO - Setting next_dagrun for example_complex to None
[2022-03-28 10:13:57,450] {processor.py:171} INFO - Processing /home/vengat/big_data/python/venv/aflow_env/lib/python3.9/site-packages/airflow/example_dags/example_complex.py took 0.086 seconds
[2022-03-28 10:14:31,443] {processor.py:163} INFO - Started process (PID=52781) to work on /home/vengat/big_data/python/venv/aflow_env/lib/python3.9/site-packages/airflow/example_dags/example_complex.py
[2022-03-28 10:14:31,446] {processor.py:642} INFO - Processing file /home/vengat/big_data/python/venv/aflow_env/lib/python3.9/site-packages/airflow/example_dags/example_complex.py for tasks to queue
[2022-03-28 10:14:31,446] {logging_mixin.py:109} INFO - [2022-03-28 10:14:31,446] {dagbag.py:500} INFO - Filling up the DagBag from /home/vengat/big_data/python/venv/aflow_env/lib/python3.9/site-packages/airflow/example_dags/example_complex.py
[2022-03-28 10:14:31,480] {processor.py:654} INFO - DAG(s) dict_keys(['example_complex']) retrieved from /home/vengat/big_data/python/venv/aflow_env/lib/python3.9/site-packages/airflow/example_dags/example_complex.py
[2022-03-28 10:14:31,492] {logging_mixin.py:109} INFO - [2022-03-28 10:14:31,492] {dag.py:2398} INFO - Sync 1 DAGs
[2022-03-28 10:14:31,506] {logging_mixin.py:109} INFO - [2022-03-28 10:14:31,506] {dag.py:2937} INFO - Setting next_dagrun for example_complex to None
[2022-03-28 10:14:31,519] {processor.py:171} INFO - Processing /home/vengat/big_data/python/venv/aflow_env/lib/python3.9/site-packages/airflow/example_dags/example_complex.py took 0.078 seconds
[2022-03-28 10:15:06,243] {processor.py:163} INFO - Started process (PID=52814) to work on /home/vengat/big_data/python/venv/aflow_env/lib/python3.9/site-packages/airflow/example_dags/example_complex.py
[2022-03-28 10:15:06,245] {processor.py:642} INFO - Processing file /home/vengat/big_data/python/venv/aflow_env/lib/python3.9/site-packages/airflow/example_dags/example_complex.py for tasks to queue
[2022-03-28 10:15:06,246] {logging_mixin.py:109} INFO - [2022-03-28 10:15:06,246] {dagbag.py:500} INFO - Filling up the DagBag from /home/vengat/big_data/python/venv/aflow_env/lib/python3.9/site-packages/airflow/example_dags/example_complex.py
[2022-03-28 10:15:06,281] {processor.py:654} INFO - DAG(s) dict_keys(['example_complex']) retrieved from /home/vengat/big_data/python/venv/aflow_env/lib/python3.9/site-packages/airflow/example_dags/example_complex.py
[2022-03-28 10:15:06,296] {logging_mixin.py:109} INFO - [2022-03-28 10:15:06,296] {dag.py:2398} INFO - Sync 1 DAGs
[2022-03-28 10:15:06,311] {logging_mixin.py:109} INFO - [2022-03-28 10:15:06,311] {dag.py:2937} INFO - Setting next_dagrun for example_complex to None
[2022-03-28 10:15:06,322] {processor.py:171} INFO - Processing /home/vengat/big_data/python/venv/aflow_env/lib/python3.9/site-packages/airflow/example_dags/example_complex.py took 0.086 seconds
[2022-03-28 10:15:44,129] {processor.py:163} INFO - Started process (PID=52848) to work on /home/vengat/big_data/python/venv/aflow_env/lib/python3.9/site-packages/airflow/example_dags/example_complex.py
[2022-03-28 10:15:44,131] {processor.py:642} INFO - Processing file /home/vengat/big_data/python/venv/aflow_env/lib/python3.9/site-packages/airflow/example_dags/example_complex.py for tasks to queue
[2022-03-28 10:15:44,131] {logging_mixin.py:109} INFO - [2022-03-28 10:15:44,131] {dagbag.py:500} INFO - Filling up the DagBag from /home/vengat/big_data/python/venv/aflow_env/lib/python3.9/site-packages/airflow/example_dags/example_complex.py
[2022-03-28 10:15:44,168] {processor.py:654} INFO - DAG(s) dict_keys(['example_complex']) retrieved from /home/vengat/big_data/python/venv/aflow_env/lib/python3.9/site-packages/airflow/example_dags/example_complex.py
[2022-03-28 10:15:44,181] {logging_mixin.py:109} INFO - [2022-03-28 10:15:44,181] {dag.py:2398} INFO - Sync 1 DAGs
[2022-03-28 10:15:44,192] {logging_mixin.py:109} INFO - [2022-03-28 10:15:44,191] {dag.py:2937} INFO - Setting next_dagrun for example_complex to None
[2022-03-28 10:15:44,201] {processor.py:171} INFO - Processing /home/vengat/big_data/python/venv/aflow_env/lib/python3.9/site-packages/airflow/example_dags/example_complex.py took 0.077 seconds
[2022-03-28 10:16:18,719] {processor.py:163} INFO - Started process (PID=52881) to work on /home/vengat/big_data/python/venv/aflow_env/lib/python3.9/site-packages/airflow/example_dags/example_complex.py
[2022-03-28 10:16:18,720] {processor.py:642} INFO - Processing file /home/vengat/big_data/python/venv/aflow_env/lib/python3.9/site-packages/airflow/example_dags/example_complex.py for tasks to queue
[2022-03-28 10:16:18,721] {logging_mixin.py:109} INFO - [2022-03-28 10:16:18,721] {dagbag.py:500} INFO - Filling up the DagBag from /home/vengat/big_data/python/venv/aflow_env/lib/python3.9/site-packages/airflow/example_dags/example_complex.py
[2022-03-28 10:16:18,755] {processor.py:654} INFO - DAG(s) dict_keys(['example_complex']) retrieved from /home/vengat/big_data/python/venv/aflow_env/lib/python3.9/site-packages/airflow/example_dags/example_complex.py
[2022-03-28 10:16:18,768] {logging_mixin.py:109} INFO - [2022-03-28 10:16:18,768] {dag.py:2398} INFO - Sync 1 DAGs
[2022-03-28 10:16:18,779] {logging_mixin.py:109} INFO - [2022-03-28 10:16:18,779] {dag.py:2937} INFO - Setting next_dagrun for example_complex to None
[2022-03-28 10:16:18,789] {processor.py:171} INFO - Processing /home/vengat/big_data/python/venv/aflow_env/lib/python3.9/site-packages/airflow/example_dags/example_complex.py took 0.074 seconds
[2022-03-28 10:16:54,570] {processor.py:163} INFO - Started process (PID=52914) to work on /home/vengat/big_data/python/venv/aflow_env/lib/python3.9/site-packages/airflow/example_dags/example_complex.py
[2022-03-28 10:16:54,571] {processor.py:642} INFO - Processing file /home/vengat/big_data/python/venv/aflow_env/lib/python3.9/site-packages/airflow/example_dags/example_complex.py for tasks to queue
[2022-03-28 10:16:54,572] {logging_mixin.py:109} INFO - [2022-03-28 10:16:54,572] {dagbag.py:500} INFO - Filling up the DagBag from /home/vengat/big_data/python/venv/aflow_env/lib/python3.9/site-packages/airflow/example_dags/example_complex.py
[2022-03-28 10:16:54,614] {processor.py:654} INFO - DAG(s) dict_keys(['example_complex']) retrieved from /home/vengat/big_data/python/venv/aflow_env/lib/python3.9/site-packages/airflow/example_dags/example_complex.py
[2022-03-28 10:16:54,630] {logging_mixin.py:109} INFO - [2022-03-28 10:16:54,630] {dag.py:2398} INFO - Sync 1 DAGs
[2022-03-28 10:16:54,655] {logging_mixin.py:109} INFO - [2022-03-28 10:16:54,655] {dag.py:2937} INFO - Setting next_dagrun for example_complex to None
[2022-03-28 10:16:54,666] {processor.py:171} INFO - Processing /home/vengat/big_data/python/venv/aflow_env/lib/python3.9/site-packages/airflow/example_dags/example_complex.py took 0.101 seconds
[2022-03-28 10:17:28,189] {processor.py:163} INFO - Started process (PID=52949) to work on /home/vengat/big_data/python/venv/aflow_env/lib/python3.9/site-packages/airflow/example_dags/example_complex.py
[2022-03-28 10:17:28,190] {processor.py:642} INFO - Processing file /home/vengat/big_data/python/venv/aflow_env/lib/python3.9/site-packages/airflow/example_dags/example_complex.py for tasks to queue
[2022-03-28 10:17:28,190] {logging_mixin.py:109} INFO - [2022-03-28 10:17:28,190] {dagbag.py:500} INFO - Filling up the DagBag from /home/vengat/big_data/python/venv/aflow_env/lib/python3.9/site-packages/airflow/example_dags/example_complex.py
[2022-03-28 10:17:28,219] {processor.py:654} INFO - DAG(s) dict_keys(['example_complex']) retrieved from /home/vengat/big_data/python/venv/aflow_env/lib/python3.9/site-packages/airflow/example_dags/example_complex.py
[2022-03-28 10:17:28,238] {logging_mixin.py:109} INFO - [2022-03-28 10:17:28,237] {dag.py:2398} INFO - Sync 1 DAGs
[2022-03-28 10:17:28,251] {logging_mixin.py:109} INFO - [2022-03-28 10:17:28,251] {dag.py:2937} INFO - Setting next_dagrun for example_complex to None
[2022-03-28 10:17:28,260] {processor.py:171} INFO - Processing /home/vengat/big_data/python/venv/aflow_env/lib/python3.9/site-packages/airflow/example_dags/example_complex.py took 0.074 seconds
[2022-03-28 10:18:03,722] {processor.py:163} INFO - Started process (PID=52985) to work on /home/vengat/big_data/python/venv/aflow_env/lib/python3.9/site-packages/airflow/example_dags/example_complex.py
[2022-03-28 10:18:03,724] {processor.py:642} INFO - Processing file /home/vengat/big_data/python/venv/aflow_env/lib/python3.9/site-packages/airflow/example_dags/example_complex.py for tasks to queue
[2022-03-28 10:18:03,725] {logging_mixin.py:109} INFO - [2022-03-28 10:18:03,724] {dagbag.py:500} INFO - Filling up the DagBag from /home/vengat/big_data/python/venv/aflow_env/lib/python3.9/site-packages/airflow/example_dags/example_complex.py
[2022-03-28 10:18:03,762] {processor.py:654} INFO - DAG(s) dict_keys(['example_complex']) retrieved from /home/vengat/big_data/python/venv/aflow_env/lib/python3.9/site-packages/airflow/example_dags/example_complex.py
[2022-03-28 10:18:03,778] {logging_mixin.py:109} INFO - [2022-03-28 10:18:03,778] {dag.py:2398} INFO - Sync 1 DAGs
[2022-03-28 10:18:03,798] {logging_mixin.py:109} INFO - [2022-03-28 10:18:03,798] {dag.py:2937} INFO - Setting next_dagrun for example_complex to None
[2022-03-28 10:18:03,810] {processor.py:171} INFO - Processing /home/vengat/big_data/python/venv/aflow_env/lib/python3.9/site-packages/airflow/example_dags/example_complex.py took 0.091 seconds
[2022-03-28 10:18:38,985] {processor.py:163} INFO - Started process (PID=53021) to work on /home/vengat/big_data/python/venv/aflow_env/lib/python3.9/site-packages/airflow/example_dags/example_complex.py
[2022-03-28 10:18:38,987] {processor.py:642} INFO - Processing file /home/vengat/big_data/python/venv/aflow_env/lib/python3.9/site-packages/airflow/example_dags/example_complex.py for tasks to queue
[2022-03-28 10:18:38,988] {logging_mixin.py:109} INFO - [2022-03-28 10:18:38,987] {dagbag.py:500} INFO - Filling up the DagBag from /home/vengat/big_data/python/venv/aflow_env/lib/python3.9/site-packages/airflow/example_dags/example_complex.py
[2022-03-28 10:18:39,037] {processor.py:654} INFO - DAG(s) dict_keys(['example_complex']) retrieved from /home/vengat/big_data/python/venv/aflow_env/lib/python3.9/site-packages/airflow/example_dags/example_complex.py
[2022-03-28 10:18:39,056] {logging_mixin.py:109} INFO - [2022-03-28 10:18:39,056] {dag.py:2398} INFO - Sync 1 DAGs
[2022-03-28 10:18:39,070] {logging_mixin.py:109} INFO - [2022-03-28 10:18:39,070] {dag.py:2937} INFO - Setting next_dagrun for example_complex to None
[2022-03-28 10:18:39,085] {processor.py:171} INFO - Processing /home/vengat/big_data/python/venv/aflow_env/lib/python3.9/site-packages/airflow/example_dags/example_complex.py took 0.104 seconds
[2022-03-28 10:19:12,321] {processor.py:163} INFO - Started process (PID=53055) to work on /home/vengat/big_data/python/venv/aflow_env/lib/python3.9/site-packages/airflow/example_dags/example_complex.py
[2022-03-28 10:19:12,324] {processor.py:642} INFO - Processing file /home/vengat/big_data/python/venv/aflow_env/lib/python3.9/site-packages/airflow/example_dags/example_complex.py for tasks to queue
[2022-03-28 10:19:12,325] {logging_mixin.py:109} INFO - [2022-03-28 10:19:12,325] {dagbag.py:500} INFO - Filling up the DagBag from /home/vengat/big_data/python/venv/aflow_env/lib/python3.9/site-packages/airflow/example_dags/example_complex.py
[2022-03-28 10:19:12,354] {processor.py:654} INFO - DAG(s) dict_keys(['example_complex']) retrieved from /home/vengat/big_data/python/venv/aflow_env/lib/python3.9/site-packages/airflow/example_dags/example_complex.py
[2022-03-28 10:19:12,366] {logging_mixin.py:109} INFO - [2022-03-28 10:19:12,366] {dag.py:2398} INFO - Sync 1 DAGs
[2022-03-28 10:19:12,376] {logging_mixin.py:109} INFO - [2022-03-28 10:19:12,376] {dag.py:2937} INFO - Setting next_dagrun for example_complex to None
[2022-03-28 10:19:12,384] {processor.py:171} INFO - Processing /home/vengat/big_data/python/venv/aflow_env/lib/python3.9/site-packages/airflow/example_dags/example_complex.py took 0.077 seconds
[2022-03-28 10:19:47,001] {processor.py:163} INFO - Started process (PID=53087) to work on /home/vengat/big_data/python/venv/aflow_env/lib/python3.9/site-packages/airflow/example_dags/example_complex.py
[2022-03-28 10:19:47,002] {processor.py:642} INFO - Processing file /home/vengat/big_data/python/venv/aflow_env/lib/python3.9/site-packages/airflow/example_dags/example_complex.py for tasks to queue
[2022-03-28 10:19:47,003] {logging_mixin.py:109} INFO - [2022-03-28 10:19:47,003] {dagbag.py:500} INFO - Filling up the DagBag from /home/vengat/big_data/python/venv/aflow_env/lib/python3.9/site-packages/airflow/example_dags/example_complex.py
[2022-03-28 10:19:47,067] {processor.py:654} INFO - DAG(s) dict_keys(['example_complex']) retrieved from /home/vengat/big_data/python/venv/aflow_env/lib/python3.9/site-packages/airflow/example_dags/example_complex.py
[2022-03-28 10:19:47,087] {logging_mixin.py:109} INFO - [2022-03-28 10:19:47,087] {dag.py:2398} INFO - Sync 1 DAGs
[2022-03-28 10:19:47,105] {logging_mixin.py:109} INFO - [2022-03-28 10:19:47,105] {dag.py:2937} INFO - Setting next_dagrun for example_complex to None
[2022-03-28 10:19:47,118] {processor.py:171} INFO - Processing /home/vengat/big_data/python/venv/aflow_env/lib/python3.9/site-packages/airflow/example_dags/example_complex.py took 0.128 seconds
[2022-03-28 10:20:23,585] {processor.py:163} INFO - Started process (PID=53122) to work on /home/vengat/big_data/python/venv/aflow_env/lib/python3.9/site-packages/airflow/example_dags/example_complex.py
[2022-03-28 10:20:23,587] {processor.py:642} INFO - Processing file /home/vengat/big_data/python/venv/aflow_env/lib/python3.9/site-packages/airflow/example_dags/example_complex.py for tasks to queue
[2022-03-28 10:20:23,587] {logging_mixin.py:109} INFO - [2022-03-28 10:20:23,587] {dagbag.py:500} INFO - Filling up the DagBag from /home/vengat/big_data/python/venv/aflow_env/lib/python3.9/site-packages/airflow/example_dags/example_complex.py
[2022-03-28 10:20:23,623] {processor.py:654} INFO - DAG(s) dict_keys(['example_complex']) retrieved from /home/vengat/big_data/python/venv/aflow_env/lib/python3.9/site-packages/airflow/example_dags/example_complex.py
[2022-03-28 10:20:23,636] {logging_mixin.py:109} INFO - [2022-03-28 10:20:23,636] {dag.py:2398} INFO - Sync 1 DAGs
[2022-03-28 10:20:23,653] {logging_mixin.py:109} INFO - [2022-03-28 10:20:23,653] {dag.py:2937} INFO - Setting next_dagrun for example_complex to None
[2022-03-28 10:20:23,664] {processor.py:171} INFO - Processing /home/vengat/big_data/python/venv/aflow_env/lib/python3.9/site-packages/airflow/example_dags/example_complex.py took 0.083 seconds
[2022-03-28 10:20:59,123] {processor.py:163} INFO - Started process (PID=53154) to work on /home/vengat/big_data/python/venv/aflow_env/lib/python3.9/site-packages/airflow/example_dags/example_complex.py
[2022-03-28 10:20:59,125] {processor.py:642} INFO - Processing file /home/vengat/big_data/python/venv/aflow_env/lib/python3.9/site-packages/airflow/example_dags/example_complex.py for tasks to queue
[2022-03-28 10:20:59,125] {logging_mixin.py:109} INFO - [2022-03-28 10:20:59,125] {dagbag.py:500} INFO - Filling up the DagBag from /home/vengat/big_data/python/venv/aflow_env/lib/python3.9/site-packages/airflow/example_dags/example_complex.py
[2022-03-28 10:20:59,164] {processor.py:654} INFO - DAG(s) dict_keys(['example_complex']) retrieved from /home/vengat/big_data/python/venv/aflow_env/lib/python3.9/site-packages/airflow/example_dags/example_complex.py
[2022-03-28 10:20:59,177] {logging_mixin.py:109} INFO - [2022-03-28 10:20:59,176] {dag.py:2398} INFO - Sync 1 DAGs
[2022-03-28 10:20:59,189] {logging_mixin.py:109} INFO - [2022-03-28 10:20:59,189] {dag.py:2937} INFO - Setting next_dagrun for example_complex to None
[2022-03-28 10:20:59,199] {processor.py:171} INFO - Processing /home/vengat/big_data/python/venv/aflow_env/lib/python3.9/site-packages/airflow/example_dags/example_complex.py took 0.080 seconds
[2022-03-28 10:21:36,110] {processor.py:163} INFO - Started process (PID=53190) to work on /home/vengat/big_data/python/venv/aflow_env/lib/python3.9/site-packages/airflow/example_dags/example_complex.py
[2022-03-28 10:21:36,112] {processor.py:642} INFO - Processing file /home/vengat/big_data/python/venv/aflow_env/lib/python3.9/site-packages/airflow/example_dags/example_complex.py for tasks to queue
[2022-03-28 10:21:36,113] {logging_mixin.py:109} INFO - [2022-03-28 10:21:36,113] {dagbag.py:500} INFO - Filling up the DagBag from /home/vengat/big_data/python/venv/aflow_env/lib/python3.9/site-packages/airflow/example_dags/example_complex.py
[2022-03-28 10:21:36,149] {processor.py:654} INFO - DAG(s) dict_keys(['example_complex']) retrieved from /home/vengat/big_data/python/venv/aflow_env/lib/python3.9/site-packages/airflow/example_dags/example_complex.py
[2022-03-28 10:21:36,163] {logging_mixin.py:109} INFO - [2022-03-28 10:21:36,163] {dag.py:2398} INFO - Sync 1 DAGs
[2022-03-28 10:21:36,176] {logging_mixin.py:109} INFO - [2022-03-28 10:21:36,176] {dag.py:2937} INFO - Setting next_dagrun for example_complex to None
[2022-03-28 10:21:36,188] {processor.py:171} INFO - Processing /home/vengat/big_data/python/venv/aflow_env/lib/python3.9/site-packages/airflow/example_dags/example_complex.py took 0.084 seconds
[2022-03-28 10:22:10,023] {processor.py:163} INFO - Started process (PID=53224) to work on /home/vengat/big_data/python/venv/aflow_env/lib/python3.9/site-packages/airflow/example_dags/example_complex.py
[2022-03-28 10:22:10,024] {processor.py:642} INFO - Processing file /home/vengat/big_data/python/venv/aflow_env/lib/python3.9/site-packages/airflow/example_dags/example_complex.py for tasks to queue
[2022-03-28 10:22:10,025] {logging_mixin.py:109} INFO - [2022-03-28 10:22:10,025] {dagbag.py:500} INFO - Filling up the DagBag from /home/vengat/big_data/python/venv/aflow_env/lib/python3.9/site-packages/airflow/example_dags/example_complex.py
[2022-03-28 10:22:10,059] {processor.py:654} INFO - DAG(s) dict_keys(['example_complex']) retrieved from /home/vengat/big_data/python/venv/aflow_env/lib/python3.9/site-packages/airflow/example_dags/example_complex.py
[2022-03-28 10:22:10,075] {logging_mixin.py:109} INFO - [2022-03-28 10:22:10,075] {dag.py:2398} INFO - Sync 1 DAGs
[2022-03-28 10:22:10,088] {logging_mixin.py:109} INFO - [2022-03-28 10:22:10,088] {dag.py:2937} INFO - Setting next_dagrun for example_complex to None
[2022-03-28 10:22:10,100] {processor.py:171} INFO - Processing /home/vengat/big_data/python/venv/aflow_env/lib/python3.9/site-packages/airflow/example_dags/example_complex.py took 0.080 seconds
[2022-03-28 10:22:43,968] {processor.py:163} INFO - Started process (PID=53256) to work on /home/vengat/big_data/python/venv/aflow_env/lib/python3.9/site-packages/airflow/example_dags/example_complex.py
[2022-03-28 10:22:43,970] {processor.py:642} INFO - Processing file /home/vengat/big_data/python/venv/aflow_env/lib/python3.9/site-packages/airflow/example_dags/example_complex.py for tasks to queue
[2022-03-28 10:22:43,971] {logging_mixin.py:109} INFO - [2022-03-28 10:22:43,971] {dagbag.py:500} INFO - Filling up the DagBag from /home/vengat/big_data/python/venv/aflow_env/lib/python3.9/site-packages/airflow/example_dags/example_complex.py
[2022-03-28 10:22:44,008] {processor.py:654} INFO - DAG(s) dict_keys(['example_complex']) retrieved from /home/vengat/big_data/python/venv/aflow_env/lib/python3.9/site-packages/airflow/example_dags/example_complex.py
[2022-03-28 10:22:44,021] {logging_mixin.py:109} INFO - [2022-03-28 10:22:44,021] {dag.py:2398} INFO - Sync 1 DAGs
[2022-03-28 10:22:44,039] {logging_mixin.py:109} INFO - [2022-03-28 10:22:44,039] {dag.py:2937} INFO - Setting next_dagrun for example_complex to None
[2022-03-28 10:22:44,050] {processor.py:171} INFO - Processing /home/vengat/big_data/python/venv/aflow_env/lib/python3.9/site-packages/airflow/example_dags/example_complex.py took 0.086 seconds
[2022-03-28 10:23:19,021] {processor.py:163} INFO - Started process (PID=53290) to work on /home/vengat/big_data/python/venv/aflow_env/lib/python3.9/site-packages/airflow/example_dags/example_complex.py
[2022-03-28 10:23:19,024] {processor.py:642} INFO - Processing file /home/vengat/big_data/python/venv/aflow_env/lib/python3.9/site-packages/airflow/example_dags/example_complex.py for tasks to queue
[2022-03-28 10:23:19,025] {logging_mixin.py:109} INFO - [2022-03-28 10:23:19,025] {dagbag.py:500} INFO - Filling up the DagBag from /home/vengat/big_data/python/venv/aflow_env/lib/python3.9/site-packages/airflow/example_dags/example_complex.py
[2022-03-28 10:23:19,080] {processor.py:654} INFO - DAG(s) dict_keys(['example_complex']) retrieved from /home/vengat/big_data/python/venv/aflow_env/lib/python3.9/site-packages/airflow/example_dags/example_complex.py
[2022-03-28 10:23:19,097] {logging_mixin.py:109} INFO - [2022-03-28 10:23:19,097] {dag.py:2398} INFO - Sync 1 DAGs
[2022-03-28 10:23:19,115] {logging_mixin.py:109} INFO - [2022-03-28 10:23:19,115] {dag.py:2937} INFO - Setting next_dagrun for example_complex to None
[2022-03-28 10:23:19,132] {processor.py:171} INFO - Processing /home/vengat/big_data/python/venv/aflow_env/lib/python3.9/site-packages/airflow/example_dags/example_complex.py took 0.115 seconds
[2022-03-28 10:23:53,295] {processor.py:163} INFO - Started process (PID=53326) to work on /home/vengat/big_data/python/venv/aflow_env/lib/python3.9/site-packages/airflow/example_dags/example_complex.py
[2022-03-28 10:23:53,297] {processor.py:642} INFO - Processing file /home/vengat/big_data/python/venv/aflow_env/lib/python3.9/site-packages/airflow/example_dags/example_complex.py for tasks to queue
[2022-03-28 10:23:53,298] {logging_mixin.py:109} INFO - [2022-03-28 10:23:53,298] {dagbag.py:500} INFO - Filling up the DagBag from /home/vengat/big_data/python/venv/aflow_env/lib/python3.9/site-packages/airflow/example_dags/example_complex.py
[2022-03-28 10:23:53,333] {processor.py:654} INFO - DAG(s) dict_keys(['example_complex']) retrieved from /home/vengat/big_data/python/venv/aflow_env/lib/python3.9/site-packages/airflow/example_dags/example_complex.py
[2022-03-28 10:23:53,347] {logging_mixin.py:109} INFO - [2022-03-28 10:23:53,347] {dag.py:2398} INFO - Sync 1 DAGs
[2022-03-28 10:23:53,358] {logging_mixin.py:109} INFO - [2022-03-28 10:23:53,358] {dag.py:2937} INFO - Setting next_dagrun for example_complex to None
[2022-03-28 10:23:53,371] {processor.py:171} INFO - Processing /home/vengat/big_data/python/venv/aflow_env/lib/python3.9/site-packages/airflow/example_dags/example_complex.py took 0.079 seconds
[2022-03-28 10:24:30,027] {processor.py:163} INFO - Started process (PID=53360) to work on /home/vengat/big_data/python/venv/aflow_env/lib/python3.9/site-packages/airflow/example_dags/example_complex.py
[2022-03-28 10:24:30,029] {processor.py:642} INFO - Processing file /home/vengat/big_data/python/venv/aflow_env/lib/python3.9/site-packages/airflow/example_dags/example_complex.py for tasks to queue
[2022-03-28 10:24:30,029] {logging_mixin.py:109} INFO - [2022-03-28 10:24:30,029] {dagbag.py:500} INFO - Filling up the DagBag from /home/vengat/big_data/python/venv/aflow_env/lib/python3.9/site-packages/airflow/example_dags/example_complex.py
[2022-03-28 10:24:30,067] {processor.py:654} INFO - DAG(s) dict_keys(['example_complex']) retrieved from /home/vengat/big_data/python/venv/aflow_env/lib/python3.9/site-packages/airflow/example_dags/example_complex.py
[2022-03-28 10:24:30,079] {logging_mixin.py:109} INFO - [2022-03-28 10:24:30,079] {dag.py:2398} INFO - Sync 1 DAGs
[2022-03-28 10:24:30,091] {logging_mixin.py:109} INFO - [2022-03-28 10:24:30,091] {dag.py:2937} INFO - Setting next_dagrun for example_complex to None
[2022-03-28 10:24:30,104] {processor.py:171} INFO - Processing /home/vengat/big_data/python/venv/aflow_env/lib/python3.9/site-packages/airflow/example_dags/example_complex.py took 0.081 seconds
[2022-03-28 10:25:06,360] {processor.py:163} INFO - Started process (PID=53394) to work on /home/vengat/big_data/python/venv/aflow_env/lib/python3.9/site-packages/airflow/example_dags/example_complex.py
[2022-03-28 10:25:06,362] {processor.py:642} INFO - Processing file /home/vengat/big_data/python/venv/aflow_env/lib/python3.9/site-packages/airflow/example_dags/example_complex.py for tasks to queue
[2022-03-28 10:25:06,364] {logging_mixin.py:109} INFO - [2022-03-28 10:25:06,364] {dagbag.py:500} INFO - Filling up the DagBag from /home/vengat/big_data/python/venv/aflow_env/lib/python3.9/site-packages/airflow/example_dags/example_complex.py
[2022-03-28 10:25:06,399] {processor.py:654} INFO - DAG(s) dict_keys(['example_complex']) retrieved from /home/vengat/big_data/python/venv/aflow_env/lib/python3.9/site-packages/airflow/example_dags/example_complex.py
[2022-03-28 10:25:06,417] {logging_mixin.py:109} INFO - [2022-03-28 10:25:06,417] {dag.py:2398} INFO - Sync 1 DAGs
[2022-03-28 10:25:06,431] {logging_mixin.py:109} INFO - [2022-03-28 10:25:06,431] {dag.py:2937} INFO - Setting next_dagrun for example_complex to None
[2022-03-28 10:25:06,445] {processor.py:171} INFO - Processing /home/vengat/big_data/python/venv/aflow_env/lib/python3.9/site-packages/airflow/example_dags/example_complex.py took 0.090 seconds
[2022-03-28 10:25:40,388] {processor.py:163} INFO - Started process (PID=53426) to work on /home/vengat/big_data/python/venv/aflow_env/lib/python3.9/site-packages/airflow/example_dags/example_complex.py
[2022-03-28 10:25:40,390] {processor.py:642} INFO - Processing file /home/vengat/big_data/python/venv/aflow_env/lib/python3.9/site-packages/airflow/example_dags/example_complex.py for tasks to queue
[2022-03-28 10:25:40,391] {logging_mixin.py:109} INFO - [2022-03-28 10:25:40,390] {dagbag.py:500} INFO - Filling up the DagBag from /home/vengat/big_data/python/venv/aflow_env/lib/python3.9/site-packages/airflow/example_dags/example_complex.py
[2022-03-28 10:25:40,428] {processor.py:654} INFO - DAG(s) dict_keys(['example_complex']) retrieved from /home/vengat/big_data/python/venv/aflow_env/lib/python3.9/site-packages/airflow/example_dags/example_complex.py
[2022-03-28 10:25:40,443] {logging_mixin.py:109} INFO - [2022-03-28 10:25:40,443] {dag.py:2398} INFO - Sync 1 DAGs
[2022-03-28 10:25:40,456] {logging_mixin.py:109} INFO - [2022-03-28 10:25:40,455] {dag.py:2937} INFO - Setting next_dagrun for example_complex to None
[2022-03-28 10:25:40,463] {processor.py:171} INFO - Processing /home/vengat/big_data/python/venv/aflow_env/lib/python3.9/site-packages/airflow/example_dags/example_complex.py took 0.078 seconds
[2022-03-28 10:26:13,461] {processor.py:163} INFO - Started process (PID=53458) to work on /home/vengat/big_data/python/venv/aflow_env/lib/python3.9/site-packages/airflow/example_dags/example_complex.py
[2022-03-28 10:26:13,463] {processor.py:642} INFO - Processing file /home/vengat/big_data/python/venv/aflow_env/lib/python3.9/site-packages/airflow/example_dags/example_complex.py for tasks to queue
[2022-03-28 10:26:13,464] {logging_mixin.py:109} INFO - [2022-03-28 10:26:13,463] {dagbag.py:500} INFO - Filling up the DagBag from /home/vengat/big_data/python/venv/aflow_env/lib/python3.9/site-packages/airflow/example_dags/example_complex.py
[2022-03-28 10:26:13,500] {processor.py:654} INFO - DAG(s) dict_keys(['example_complex']) retrieved from /home/vengat/big_data/python/venv/aflow_env/lib/python3.9/site-packages/airflow/example_dags/example_complex.py
[2022-03-28 10:26:13,514] {logging_mixin.py:109} INFO - [2022-03-28 10:26:13,514] {dag.py:2398} INFO - Sync 1 DAGs
[2022-03-28 10:26:13,531] {logging_mixin.py:109} INFO - [2022-03-28 10:26:13,531] {dag.py:2937} INFO - Setting next_dagrun for example_complex to None
[2022-03-28 10:26:13,543] {processor.py:171} INFO - Processing /home/vengat/big_data/python/venv/aflow_env/lib/python3.9/site-packages/airflow/example_dags/example_complex.py took 0.086 seconds
[2022-03-28 10:26:50,990] {processor.py:163} INFO - Started process (PID=53493) to work on /home/vengat/big_data/python/venv/aflow_env/lib/python3.9/site-packages/airflow/example_dags/example_complex.py
[2022-03-28 10:26:50,992] {processor.py:642} INFO - Processing file /home/vengat/big_data/python/venv/aflow_env/lib/python3.9/site-packages/airflow/example_dags/example_complex.py for tasks to queue
[2022-03-28 10:26:50,992] {logging_mixin.py:109} INFO - [2022-03-28 10:26:50,992] {dagbag.py:500} INFO - Filling up the DagBag from /home/vengat/big_data/python/venv/aflow_env/lib/python3.9/site-packages/airflow/example_dags/example_complex.py
[2022-03-28 10:26:51,032] {processor.py:654} INFO - DAG(s) dict_keys(['example_complex']) retrieved from /home/vengat/big_data/python/venv/aflow_env/lib/python3.9/site-packages/airflow/example_dags/example_complex.py
[2022-03-28 10:26:51,046] {logging_mixin.py:109} INFO - [2022-03-28 10:26:51,046] {dag.py:2398} INFO - Sync 1 DAGs
[2022-03-28 10:26:51,061] {logging_mixin.py:109} INFO - [2022-03-28 10:26:51,061] {dag.py:2937} INFO - Setting next_dagrun for example_complex to None
[2022-03-28 10:26:51,072] {processor.py:171} INFO - Processing /home/vengat/big_data/python/venv/aflow_env/lib/python3.9/site-packages/airflow/example_dags/example_complex.py took 0.086 seconds
[2022-03-28 10:27:26,140] {processor.py:163} INFO - Started process (PID=53527) to work on /home/vengat/big_data/python/venv/aflow_env/lib/python3.9/site-packages/airflow/example_dags/example_complex.py
[2022-03-28 10:27:26,141] {processor.py:642} INFO - Processing file /home/vengat/big_data/python/venv/aflow_env/lib/python3.9/site-packages/airflow/example_dags/example_complex.py for tasks to queue
[2022-03-28 10:27:26,142] {logging_mixin.py:109} INFO - [2022-03-28 10:27:26,142] {dagbag.py:500} INFO - Filling up the DagBag from /home/vengat/big_data/python/venv/aflow_env/lib/python3.9/site-packages/airflow/example_dags/example_complex.py
[2022-03-28 10:27:26,175] {processor.py:654} INFO - DAG(s) dict_keys(['example_complex']) retrieved from /home/vengat/big_data/python/venv/aflow_env/lib/python3.9/site-packages/airflow/example_dags/example_complex.py
[2022-03-28 10:27:26,190] {logging_mixin.py:109} INFO - [2022-03-28 10:27:26,189] {dag.py:2398} INFO - Sync 1 DAGs
[2022-03-28 10:27:26,205] {logging_mixin.py:109} INFO - [2022-03-28 10:27:26,204] {dag.py:2937} INFO - Setting next_dagrun for example_complex to None
[2022-03-28 10:27:26,214] {processor.py:171} INFO - Processing /home/vengat/big_data/python/venv/aflow_env/lib/python3.9/site-packages/airflow/example_dags/example_complex.py took 0.078 seconds
[2022-03-28 10:28:00,683] {processor.py:163} INFO - Started process (PID=53559) to work on /home/vengat/big_data/python/venv/aflow_env/lib/python3.9/site-packages/airflow/example_dags/example_complex.py
[2022-03-28 10:28:00,684] {processor.py:642} INFO - Processing file /home/vengat/big_data/python/venv/aflow_env/lib/python3.9/site-packages/airflow/example_dags/example_complex.py for tasks to queue
[2022-03-28 10:28:00,685] {logging_mixin.py:109} INFO - [2022-03-28 10:28:00,685] {dagbag.py:500} INFO - Filling up the DagBag from /home/vengat/big_data/python/venv/aflow_env/lib/python3.9/site-packages/airflow/example_dags/example_complex.py
[2022-03-28 10:28:00,716] {processor.py:654} INFO - DAG(s) dict_keys(['example_complex']) retrieved from /home/vengat/big_data/python/venv/aflow_env/lib/python3.9/site-packages/airflow/example_dags/example_complex.py
[2022-03-28 10:28:00,731] {logging_mixin.py:109} INFO - [2022-03-28 10:28:00,730] {dag.py:2398} INFO - Sync 1 DAGs
[2022-03-28 10:28:00,742] {logging_mixin.py:109} INFO - [2022-03-28 10:28:00,742] {dag.py:2937} INFO - Setting next_dagrun for example_complex to None
[2022-03-28 10:28:00,751] {processor.py:171} INFO - Processing /home/vengat/big_data/python/venv/aflow_env/lib/python3.9/site-packages/airflow/example_dags/example_complex.py took 0.071 seconds
[2022-03-28 10:28:36,629] {processor.py:163} INFO - Started process (PID=53593) to work on /home/vengat/big_data/python/venv/aflow_env/lib/python3.9/site-packages/airflow/example_dags/example_complex.py
[2022-03-28 10:28:36,631] {processor.py:642} INFO - Processing file /home/vengat/big_data/python/venv/aflow_env/lib/python3.9/site-packages/airflow/example_dags/example_complex.py for tasks to queue
[2022-03-28 10:28:36,633] {logging_mixin.py:109} INFO - [2022-03-28 10:28:36,633] {dagbag.py:500} INFO - Filling up the DagBag from /home/vengat/big_data/python/venv/aflow_env/lib/python3.9/site-packages/airflow/example_dags/example_complex.py
[2022-03-28 10:28:36,684] {processor.py:654} INFO - DAG(s) dict_keys(['example_complex']) retrieved from /home/vengat/big_data/python/venv/aflow_env/lib/python3.9/site-packages/airflow/example_dags/example_complex.py
[2022-03-28 10:28:36,699] {logging_mixin.py:109} INFO - [2022-03-28 10:28:36,699] {dag.py:2398} INFO - Sync 1 DAGs
[2022-03-28 10:28:36,711] {logging_mixin.py:109} INFO - [2022-03-28 10:28:36,711] {dag.py:2937} INFO - Setting next_dagrun for example_complex to None
[2022-03-28 10:28:36,723] {processor.py:171} INFO - Processing /home/vengat/big_data/python/venv/aflow_env/lib/python3.9/site-packages/airflow/example_dags/example_complex.py took 0.097 seconds
[2022-03-28 10:29:11,962] {processor.py:163} INFO - Started process (PID=53629) to work on /home/vengat/big_data/python/venv/aflow_env/lib/python3.9/site-packages/airflow/example_dags/example_complex.py
[2022-03-28 10:29:11,963] {processor.py:642} INFO - Processing file /home/vengat/big_data/python/venv/aflow_env/lib/python3.9/site-packages/airflow/example_dags/example_complex.py for tasks to queue
[2022-03-28 10:29:11,964] {logging_mixin.py:109} INFO - [2022-03-28 10:29:11,964] {dagbag.py:500} INFO - Filling up the DagBag from /home/vengat/big_data/python/venv/aflow_env/lib/python3.9/site-packages/airflow/example_dags/example_complex.py
[2022-03-28 10:29:11,996] {processor.py:654} INFO - DAG(s) dict_keys(['example_complex']) retrieved from /home/vengat/big_data/python/venv/aflow_env/lib/python3.9/site-packages/airflow/example_dags/example_complex.py
[2022-03-28 10:29:12,008] {logging_mixin.py:109} INFO - [2022-03-28 10:29:12,008] {dag.py:2398} INFO - Sync 1 DAGs
[2022-03-28 10:29:12,021] {logging_mixin.py:109} INFO - [2022-03-28 10:29:12,021] {dag.py:2937} INFO - Setting next_dagrun for example_complex to None
[2022-03-28 10:29:12,030] {processor.py:171} INFO - Processing /home/vengat/big_data/python/venv/aflow_env/lib/python3.9/site-packages/airflow/example_dags/example_complex.py took 0.072 seconds
[2022-03-28 10:29:44,755] {processor.py:163} INFO - Started process (PID=53666) to work on /home/vengat/big_data/python/venv/aflow_env/lib/python3.9/site-packages/airflow/example_dags/example_complex.py
[2022-03-28 10:29:44,757] {processor.py:642} INFO - Processing file /home/vengat/big_data/python/venv/aflow_env/lib/python3.9/site-packages/airflow/example_dags/example_complex.py for tasks to queue
[2022-03-28 10:29:44,758] {logging_mixin.py:109} INFO - [2022-03-28 10:29:44,757] {dagbag.py:500} INFO - Filling up the DagBag from /home/vengat/big_data/python/venv/aflow_env/lib/python3.9/site-packages/airflow/example_dags/example_complex.py
[2022-03-28 10:29:44,794] {processor.py:654} INFO - DAG(s) dict_keys(['example_complex']) retrieved from /home/vengat/big_data/python/venv/aflow_env/lib/python3.9/site-packages/airflow/example_dags/example_complex.py
[2022-03-28 10:29:44,814] {logging_mixin.py:109} INFO - [2022-03-28 10:29:44,814] {dag.py:2398} INFO - Sync 1 DAGs
[2022-03-28 10:29:44,826] {logging_mixin.py:109} INFO - [2022-03-28 10:29:44,826] {dag.py:2937} INFO - Setting next_dagrun for example_complex to None
[2022-03-28 10:29:44,836] {processor.py:171} INFO - Processing /home/vengat/big_data/python/venv/aflow_env/lib/python3.9/site-packages/airflow/example_dags/example_complex.py took 0.085 seconds
[2022-03-28 10:30:19,191] {processor.py:163} INFO - Started process (PID=53700) to work on /home/vengat/big_data/python/venv/aflow_env/lib/python3.9/site-packages/airflow/example_dags/example_complex.py
[2022-03-28 10:30:19,193] {processor.py:642} INFO - Processing file /home/vengat/big_data/python/venv/aflow_env/lib/python3.9/site-packages/airflow/example_dags/example_complex.py for tasks to queue
[2022-03-28 10:30:19,193] {logging_mixin.py:109} INFO - [2022-03-28 10:30:19,193] {dagbag.py:500} INFO - Filling up the DagBag from /home/vengat/big_data/python/venv/aflow_env/lib/python3.9/site-packages/airflow/example_dags/example_complex.py
[2022-03-28 10:30:19,225] {processor.py:654} INFO - DAG(s) dict_keys(['example_complex']) retrieved from /home/vengat/big_data/python/venv/aflow_env/lib/python3.9/site-packages/airflow/example_dags/example_complex.py
[2022-03-28 10:30:19,239] {logging_mixin.py:109} INFO - [2022-03-28 10:30:19,239] {dag.py:2398} INFO - Sync 1 DAGs
[2022-03-28 10:30:19,253] {logging_mixin.py:109} INFO - [2022-03-28 10:30:19,253] {dag.py:2937} INFO - Setting next_dagrun for example_complex to None
[2022-03-28 10:30:19,262] {processor.py:171} INFO - Processing /home/vengat/big_data/python/venv/aflow_env/lib/python3.9/site-packages/airflow/example_dags/example_complex.py took 0.074 seconds
[2022-03-28 10:30:53,453] {processor.py:163} INFO - Started process (PID=53734) to work on /home/vengat/big_data/python/venv/aflow_env/lib/python3.9/site-packages/airflow/example_dags/example_complex.py
[2022-03-28 10:30:53,455] {processor.py:642} INFO - Processing file /home/vengat/big_data/python/venv/aflow_env/lib/python3.9/site-packages/airflow/example_dags/example_complex.py for tasks to queue
[2022-03-28 10:30:53,456] {logging_mixin.py:109} INFO - [2022-03-28 10:30:53,456] {dagbag.py:500} INFO - Filling up the DagBag from /home/vengat/big_data/python/venv/aflow_env/lib/python3.9/site-packages/airflow/example_dags/example_complex.py
[2022-03-28 10:30:53,485] {processor.py:654} INFO - DAG(s) dict_keys(['example_complex']) retrieved from /home/vengat/big_data/python/venv/aflow_env/lib/python3.9/site-packages/airflow/example_dags/example_complex.py
[2022-03-28 10:30:53,496] {logging_mixin.py:109} INFO - [2022-03-28 10:30:53,496] {dag.py:2398} INFO - Sync 1 DAGs
[2022-03-28 10:30:53,507] {logging_mixin.py:109} INFO - [2022-03-28 10:30:53,507] {dag.py:2937} INFO - Setting next_dagrun for example_complex to None
[2022-03-28 10:30:53,515] {processor.py:171} INFO - Processing /home/vengat/big_data/python/venv/aflow_env/lib/python3.9/site-packages/airflow/example_dags/example_complex.py took 0.067 seconds
[2022-03-28 10:31:27,136] {processor.py:163} INFO - Started process (PID=53766) to work on /home/vengat/big_data/python/venv/aflow_env/lib/python3.9/site-packages/airflow/example_dags/example_complex.py
[2022-03-28 10:31:27,137] {processor.py:642} INFO - Processing file /home/vengat/big_data/python/venv/aflow_env/lib/python3.9/site-packages/airflow/example_dags/example_complex.py for tasks to queue
[2022-03-28 10:31:27,138] {logging_mixin.py:109} INFO - [2022-03-28 10:31:27,138] {dagbag.py:500} INFO - Filling up the DagBag from /home/vengat/big_data/python/venv/aflow_env/lib/python3.9/site-packages/airflow/example_dags/example_complex.py
[2022-03-28 10:31:27,166] {processor.py:654} INFO - DAG(s) dict_keys(['example_complex']) retrieved from /home/vengat/big_data/python/venv/aflow_env/lib/python3.9/site-packages/airflow/example_dags/example_complex.py
[2022-03-28 10:31:27,177] {logging_mixin.py:109} INFO - [2022-03-28 10:31:27,177] {dag.py:2398} INFO - Sync 1 DAGs
[2022-03-28 10:31:27,187] {logging_mixin.py:109} INFO - [2022-03-28 10:31:27,187] {dag.py:2937} INFO - Setting next_dagrun for example_complex to None
[2022-03-28 10:31:27,197] {processor.py:171} INFO - Processing /home/vengat/big_data/python/venv/aflow_env/lib/python3.9/site-packages/airflow/example_dags/example_complex.py took 0.065 seconds
[2022-03-28 10:32:01,856] {processor.py:163} INFO - Started process (PID=53803) to work on /home/vengat/big_data/python/venv/aflow_env/lib/python3.9/site-packages/airflow/example_dags/example_complex.py
[2022-03-28 10:32:01,858] {processor.py:642} INFO - Processing file /home/vengat/big_data/python/venv/aflow_env/lib/python3.9/site-packages/airflow/example_dags/example_complex.py for tasks to queue
[2022-03-28 10:32:01,859] {logging_mixin.py:109} INFO - [2022-03-28 10:32:01,859] {dagbag.py:500} INFO - Filling up the DagBag from /home/vengat/big_data/python/venv/aflow_env/lib/python3.9/site-packages/airflow/example_dags/example_complex.py
[2022-03-28 10:32:01,895] {processor.py:654} INFO - DAG(s) dict_keys(['example_complex']) retrieved from /home/vengat/big_data/python/venv/aflow_env/lib/python3.9/site-packages/airflow/example_dags/example_complex.py
[2022-03-28 10:32:01,910] {logging_mixin.py:109} INFO - [2022-03-28 10:32:01,910] {dag.py:2398} INFO - Sync 1 DAGs
[2022-03-28 10:32:01,922] {logging_mixin.py:109} INFO - [2022-03-28 10:32:01,922] {dag.py:2937} INFO - Setting next_dagrun for example_complex to None
[2022-03-28 10:32:01,932] {processor.py:171} INFO - Processing /home/vengat/big_data/python/venv/aflow_env/lib/python3.9/site-packages/airflow/example_dags/example_complex.py took 0.080 seconds
[2022-03-28 10:32:35,035] {processor.py:163} INFO - Started process (PID=53836) to work on /home/vengat/big_data/python/venv/aflow_env/lib/python3.9/site-packages/airflow/example_dags/example_complex.py
[2022-03-28 10:32:35,036] {processor.py:642} INFO - Processing file /home/vengat/big_data/python/venv/aflow_env/lib/python3.9/site-packages/airflow/example_dags/example_complex.py for tasks to queue
[2022-03-28 10:32:35,037] {logging_mixin.py:109} INFO - [2022-03-28 10:32:35,037] {dagbag.py:500} INFO - Filling up the DagBag from /home/vengat/big_data/python/venv/aflow_env/lib/python3.9/site-packages/airflow/example_dags/example_complex.py
[2022-03-28 10:32:35,080] {processor.py:654} INFO - DAG(s) dict_keys(['example_complex']) retrieved from /home/vengat/big_data/python/venv/aflow_env/lib/python3.9/site-packages/airflow/example_dags/example_complex.py
[2022-03-28 10:32:35,097] {logging_mixin.py:109} INFO - [2022-03-28 10:32:35,097] {dag.py:2398} INFO - Sync 1 DAGs
[2022-03-28 10:32:35,114] {logging_mixin.py:109} INFO - [2022-03-28 10:32:35,114] {dag.py:2937} INFO - Setting next_dagrun for example_complex to None
[2022-03-28 10:32:35,124] {processor.py:171} INFO - Processing /home/vengat/big_data/python/venv/aflow_env/lib/python3.9/site-packages/airflow/example_dags/example_complex.py took 0.094 seconds
[2022-03-28 10:33:09,310] {processor.py:163} INFO - Started process (PID=53870) to work on /home/vengat/big_data/python/venv/aflow_env/lib/python3.9/site-packages/airflow/example_dags/example_complex.py
[2022-03-28 10:33:09,312] {processor.py:642} INFO - Processing file /home/vengat/big_data/python/venv/aflow_env/lib/python3.9/site-packages/airflow/example_dags/example_complex.py for tasks to queue
[2022-03-28 10:33:09,313] {logging_mixin.py:109} INFO - [2022-03-28 10:33:09,313] {dagbag.py:500} INFO - Filling up the DagBag from /home/vengat/big_data/python/venv/aflow_env/lib/python3.9/site-packages/airflow/example_dags/example_complex.py
[2022-03-28 10:33:09,347] {processor.py:654} INFO - DAG(s) dict_keys(['example_complex']) retrieved from /home/vengat/big_data/python/venv/aflow_env/lib/python3.9/site-packages/airflow/example_dags/example_complex.py
[2022-03-28 10:33:09,366] {logging_mixin.py:109} INFO - [2022-03-28 10:33:09,366] {dag.py:2398} INFO - Sync 1 DAGs
[2022-03-28 10:33:09,378] {logging_mixin.py:109} INFO - [2022-03-28 10:33:09,378] {dag.py:2937} INFO - Setting next_dagrun for example_complex to None
[2022-03-28 10:33:09,387] {processor.py:171} INFO - Processing /home/vengat/big_data/python/venv/aflow_env/lib/python3.9/site-packages/airflow/example_dags/example_complex.py took 0.081 seconds
[2022-03-28 10:33:45,823] {processor.py:163} INFO - Started process (PID=53911) to work on /home/vengat/big_data/python/venv/aflow_env/lib/python3.9/site-packages/airflow/example_dags/example_complex.py
[2022-03-28 10:33:45,824] {processor.py:642} INFO - Processing file /home/vengat/big_data/python/venv/aflow_env/lib/python3.9/site-packages/airflow/example_dags/example_complex.py for tasks to queue
[2022-03-28 10:33:45,825] {logging_mixin.py:109} INFO - [2022-03-28 10:33:45,825] {dagbag.py:500} INFO - Filling up the DagBag from /home/vengat/big_data/python/venv/aflow_env/lib/python3.9/site-packages/airflow/example_dags/example_complex.py
[2022-03-28 10:33:45,865] {processor.py:654} INFO - DAG(s) dict_keys(['example_complex']) retrieved from /home/vengat/big_data/python/venv/aflow_env/lib/python3.9/site-packages/airflow/example_dags/example_complex.py
[2022-03-28 10:33:45,877] {logging_mixin.py:109} INFO - [2022-03-28 10:33:45,877] {dag.py:2398} INFO - Sync 1 DAGs
[2022-03-28 10:33:45,893] {logging_mixin.py:109} INFO - [2022-03-28 10:33:45,893] {dag.py:2937} INFO - Setting next_dagrun for example_complex to None
[2022-03-28 10:33:45,904] {processor.py:171} INFO - Processing /home/vengat/big_data/python/venv/aflow_env/lib/python3.9/site-packages/airflow/example_dags/example_complex.py took 0.089 seconds
[2022-03-28 10:34:19,340] {processor.py:163} INFO - Started process (PID=53943) to work on /home/vengat/big_data/python/venv/aflow_env/lib/python3.9/site-packages/airflow/example_dags/example_complex.py
[2022-03-28 10:34:19,342] {processor.py:642} INFO - Processing file /home/vengat/big_data/python/venv/aflow_env/lib/python3.9/site-packages/airflow/example_dags/example_complex.py for tasks to queue
[2022-03-28 10:34:19,343] {logging_mixin.py:109} INFO - [2022-03-28 10:34:19,343] {dagbag.py:500} INFO - Filling up the DagBag from /home/vengat/big_data/python/venv/aflow_env/lib/python3.9/site-packages/airflow/example_dags/example_complex.py
[2022-03-28 10:34:19,376] {processor.py:654} INFO - DAG(s) dict_keys(['example_complex']) retrieved from /home/vengat/big_data/python/venv/aflow_env/lib/python3.9/site-packages/airflow/example_dags/example_complex.py
[2022-03-28 10:34:19,390] {logging_mixin.py:109} INFO - [2022-03-28 10:34:19,390] {dag.py:2398} INFO - Sync 1 DAGs
[2022-03-28 10:34:19,403] {logging_mixin.py:109} INFO - [2022-03-28 10:34:19,403] {dag.py:2937} INFO - Setting next_dagrun for example_complex to None
[2022-03-28 10:34:19,411] {processor.py:171} INFO - Processing /home/vengat/big_data/python/venv/aflow_env/lib/python3.9/site-packages/airflow/example_dags/example_complex.py took 0.074 seconds
[2022-03-28 10:34:53,258] {processor.py:163} INFO - Started process (PID=53976) to work on /home/vengat/big_data/python/venv/aflow_env/lib/python3.9/site-packages/airflow/example_dags/example_complex.py
[2022-03-28 10:34:53,270] {processor.py:642} INFO - Processing file /home/vengat/big_data/python/venv/aflow_env/lib/python3.9/site-packages/airflow/example_dags/example_complex.py for tasks to queue
[2022-03-28 10:34:53,271] {logging_mixin.py:109} INFO - [2022-03-28 10:34:53,271] {dagbag.py:500} INFO - Filling up the DagBag from /home/vengat/big_data/python/venv/aflow_env/lib/python3.9/site-packages/airflow/example_dags/example_complex.py
[2022-03-28 10:34:53,334] {processor.py:654} INFO - DAG(s) dict_keys(['example_complex']) retrieved from /home/vengat/big_data/python/venv/aflow_env/lib/python3.9/site-packages/airflow/example_dags/example_complex.py
[2022-03-28 10:34:53,350] {logging_mixin.py:109} INFO - [2022-03-28 10:34:53,349] {dag.py:2398} INFO - Sync 1 DAGs
[2022-03-28 10:34:53,370] {logging_mixin.py:109} INFO - [2022-03-28 10:34:53,370] {dag.py:2937} INFO - Setting next_dagrun for example_complex to None
[2022-03-28 10:34:53,379] {processor.py:171} INFO - Processing /home/vengat/big_data/python/venv/aflow_env/lib/python3.9/site-packages/airflow/example_dags/example_complex.py took 0.146 seconds
[2022-03-28 10:35:32,446] {processor.py:163} INFO - Started process (PID=54011) to work on /home/vengat/big_data/python/venv/aflow_env/lib/python3.9/site-packages/airflow/example_dags/example_complex.py
[2022-03-28 10:35:32,451] {processor.py:642} INFO - Processing file /home/vengat/big_data/python/venv/aflow_env/lib/python3.9/site-packages/airflow/example_dags/example_complex.py for tasks to queue
[2022-03-28 10:35:32,452] {logging_mixin.py:109} INFO - [2022-03-28 10:35:32,452] {dagbag.py:500} INFO - Filling up the DagBag from /home/vengat/big_data/python/venv/aflow_env/lib/python3.9/site-packages/airflow/example_dags/example_complex.py
[2022-03-28 10:35:32,489] {processor.py:654} INFO - DAG(s) dict_keys(['example_complex']) retrieved from /home/vengat/big_data/python/venv/aflow_env/lib/python3.9/site-packages/airflow/example_dags/example_complex.py
[2022-03-28 10:35:32,506] {logging_mixin.py:109} INFO - [2022-03-28 10:35:32,506] {dag.py:2398} INFO - Sync 1 DAGs
[2022-03-28 10:35:32,539] {logging_mixin.py:109} INFO - [2022-03-28 10:35:32,539] {dag.py:2937} INFO - Setting next_dagrun for example_complex to None
[2022-03-28 10:35:32,556] {processor.py:171} INFO - Processing /home/vengat/big_data/python/venv/aflow_env/lib/python3.9/site-packages/airflow/example_dags/example_complex.py took 0.117 seconds
[2022-03-28 10:36:07,151] {processor.py:163} INFO - Started process (PID=54043) to work on /home/vengat/big_data/python/venv/aflow_env/lib/python3.9/site-packages/airflow/example_dags/example_complex.py
[2022-03-28 10:36:07,154] {processor.py:642} INFO - Processing file /home/vengat/big_data/python/venv/aflow_env/lib/python3.9/site-packages/airflow/example_dags/example_complex.py for tasks to queue
[2022-03-28 10:36:07,155] {logging_mixin.py:109} INFO - [2022-03-28 10:36:07,155] {dagbag.py:500} INFO - Filling up the DagBag from /home/vengat/big_data/python/venv/aflow_env/lib/python3.9/site-packages/airflow/example_dags/example_complex.py
[2022-03-28 10:36:07,218] {processor.py:654} INFO - DAG(s) dict_keys(['example_complex']) retrieved from /home/vengat/big_data/python/venv/aflow_env/lib/python3.9/site-packages/airflow/example_dags/example_complex.py
[2022-03-28 10:36:07,233] {logging_mixin.py:109} INFO - [2022-03-28 10:36:07,233] {dag.py:2398} INFO - Sync 1 DAGs
[2022-03-28 10:36:07,245] {logging_mixin.py:109} INFO - [2022-03-28 10:36:07,245] {dag.py:2937} INFO - Setting next_dagrun for example_complex to None
[2022-03-28 10:36:07,253] {processor.py:171} INFO - Processing /home/vengat/big_data/python/venv/aflow_env/lib/python3.9/site-packages/airflow/example_dags/example_complex.py took 0.111 seconds
[2022-03-28 10:36:41,295] {processor.py:163} INFO - Started process (PID=54077) to work on /home/vengat/big_data/python/venv/aflow_env/lib/python3.9/site-packages/airflow/example_dags/example_complex.py
[2022-03-28 10:36:41,297] {processor.py:642} INFO - Processing file /home/vengat/big_data/python/venv/aflow_env/lib/python3.9/site-packages/airflow/example_dags/example_complex.py for tasks to queue
[2022-03-28 10:36:41,297] {logging_mixin.py:109} INFO - [2022-03-28 10:36:41,297] {dagbag.py:500} INFO - Filling up the DagBag from /home/vengat/big_data/python/venv/aflow_env/lib/python3.9/site-packages/airflow/example_dags/example_complex.py
[2022-03-28 10:36:41,338] {processor.py:654} INFO - DAG(s) dict_keys(['example_complex']) retrieved from /home/vengat/big_data/python/venv/aflow_env/lib/python3.9/site-packages/airflow/example_dags/example_complex.py
[2022-03-28 10:36:41,363] {logging_mixin.py:109} INFO - [2022-03-28 10:36:41,363] {dag.py:2398} INFO - Sync 1 DAGs
[2022-03-28 10:36:41,375] {logging_mixin.py:109} INFO - [2022-03-28 10:36:41,375] {dag.py:2937} INFO - Setting next_dagrun for example_complex to None
[2022-03-28 10:36:41,390] {processor.py:171} INFO - Processing /home/vengat/big_data/python/venv/aflow_env/lib/python3.9/site-packages/airflow/example_dags/example_complex.py took 0.098 seconds
[2022-03-28 10:37:16,397] {processor.py:163} INFO - Started process (PID=54109) to work on /home/vengat/big_data/python/venv/aflow_env/lib/python3.9/site-packages/airflow/example_dags/example_complex.py
[2022-03-28 10:37:16,399] {processor.py:642} INFO - Processing file /home/vengat/big_data/python/venv/aflow_env/lib/python3.9/site-packages/airflow/example_dags/example_complex.py for tasks to queue
[2022-03-28 10:37:16,400] {logging_mixin.py:109} INFO - [2022-03-28 10:37:16,399] {dagbag.py:500} INFO - Filling up the DagBag from /home/vengat/big_data/python/venv/aflow_env/lib/python3.9/site-packages/airflow/example_dags/example_complex.py
[2022-03-28 10:37:16,439] {processor.py:654} INFO - DAG(s) dict_keys(['example_complex']) retrieved from /home/vengat/big_data/python/venv/aflow_env/lib/python3.9/site-packages/airflow/example_dags/example_complex.py
[2022-03-28 10:37:16,456] {logging_mixin.py:109} INFO - [2022-03-28 10:37:16,456] {dag.py:2398} INFO - Sync 1 DAGs
[2022-03-28 10:37:16,468] {logging_mixin.py:109} INFO - [2022-03-28 10:37:16,467] {dag.py:2937} INFO - Setting next_dagrun for example_complex to None
[2022-03-28 10:37:16,478] {processor.py:171} INFO - Processing /home/vengat/big_data/python/venv/aflow_env/lib/python3.9/site-packages/airflow/example_dags/example_complex.py took 0.084 seconds
[2022-03-28 10:37:50,605] {processor.py:163} INFO - Started process (PID=54157) to work on /home/vengat/big_data/python/venv/aflow_env/lib/python3.9/site-packages/airflow/example_dags/example_complex.py
[2022-03-28 10:37:50,607] {processor.py:642} INFO - Processing file /home/vengat/big_data/python/venv/aflow_env/lib/python3.9/site-packages/airflow/example_dags/example_complex.py for tasks to queue
[2022-03-28 10:37:50,608] {logging_mixin.py:109} INFO - [2022-03-28 10:37:50,608] {dagbag.py:500} INFO - Filling up the DagBag from /home/vengat/big_data/python/venv/aflow_env/lib/python3.9/site-packages/airflow/example_dags/example_complex.py
[2022-03-28 10:37:50,660] {processor.py:654} INFO - DAG(s) dict_keys(['example_complex']) retrieved from /home/vengat/big_data/python/venv/aflow_env/lib/python3.9/site-packages/airflow/example_dags/example_complex.py
[2022-03-28 10:37:50,673] {logging_mixin.py:109} INFO - [2022-03-28 10:37:50,673] {dag.py:2398} INFO - Sync 1 DAGs
[2022-03-28 10:37:50,687] {logging_mixin.py:109} INFO - [2022-03-28 10:37:50,686] {dag.py:2937} INFO - Setting next_dagrun for example_complex to None
[2022-03-28 10:37:50,696] {processor.py:171} INFO - Processing /home/vengat/big_data/python/venv/aflow_env/lib/python3.9/site-packages/airflow/example_dags/example_complex.py took 0.096 seconds
[2022-03-28 10:38:26,727] {processor.py:163} INFO - Started process (PID=54194) to work on /home/vengat/big_data/python/venv/aflow_env/lib/python3.9/site-packages/airflow/example_dags/example_complex.py
[2022-03-28 10:38:26,729] {processor.py:642} INFO - Processing file /home/vengat/big_data/python/venv/aflow_env/lib/python3.9/site-packages/airflow/example_dags/example_complex.py for tasks to queue
[2022-03-28 10:38:26,729] {logging_mixin.py:109} INFO - [2022-03-28 10:38:26,729] {dagbag.py:500} INFO - Filling up the DagBag from /home/vengat/big_data/python/venv/aflow_env/lib/python3.9/site-packages/airflow/example_dags/example_complex.py
[2022-03-28 10:38:26,758] {processor.py:654} INFO - DAG(s) dict_keys(['example_complex']) retrieved from /home/vengat/big_data/python/venv/aflow_env/lib/python3.9/site-packages/airflow/example_dags/example_complex.py
[2022-03-28 10:38:26,768] {logging_mixin.py:109} INFO - [2022-03-28 10:38:26,768] {dag.py:2398} INFO - Sync 1 DAGs
[2022-03-28 10:38:26,779] {logging_mixin.py:109} INFO - [2022-03-28 10:38:26,779] {dag.py:2937} INFO - Setting next_dagrun for example_complex to None
[2022-03-28 10:38:26,788] {processor.py:171} INFO - Processing /home/vengat/big_data/python/venv/aflow_env/lib/python3.9/site-packages/airflow/example_dags/example_complex.py took 0.064 seconds
[2022-03-28 10:39:00,550] {processor.py:163} INFO - Started process (PID=54270) to work on /home/vengat/big_data/python/venv/aflow_env/lib/python3.9/site-packages/airflow/example_dags/example_complex.py
[2022-03-28 10:39:00,551] {processor.py:642} INFO - Processing file /home/vengat/big_data/python/venv/aflow_env/lib/python3.9/site-packages/airflow/example_dags/example_complex.py for tasks to queue
[2022-03-28 10:39:00,552] {logging_mixin.py:109} INFO - [2022-03-28 10:39:00,552] {dagbag.py:500} INFO - Filling up the DagBag from /home/vengat/big_data/python/venv/aflow_env/lib/python3.9/site-packages/airflow/example_dags/example_complex.py
[2022-03-28 10:39:00,582] {processor.py:654} INFO - DAG(s) dict_keys(['example_complex']) retrieved from /home/vengat/big_data/python/venv/aflow_env/lib/python3.9/site-packages/airflow/example_dags/example_complex.py
[2022-03-28 10:39:00,594] {logging_mixin.py:109} INFO - [2022-03-28 10:39:00,594] {dag.py:2398} INFO - Sync 1 DAGs
[2022-03-28 10:39:00,605] {logging_mixin.py:109} INFO - [2022-03-28 10:39:00,605] {dag.py:2937} INFO - Setting next_dagrun for example_complex to None
[2022-03-28 10:39:00,614] {processor.py:171} INFO - Processing /home/vengat/big_data/python/venv/aflow_env/lib/python3.9/site-packages/airflow/example_dags/example_complex.py took 0.067 seconds
[2022-03-28 10:39:35,341] {processor.py:163} INFO - Started process (PID=54335) to work on /home/vengat/big_data/python/venv/aflow_env/lib/python3.9/site-packages/airflow/example_dags/example_complex.py
[2022-03-28 10:39:35,347] {processor.py:642} INFO - Processing file /home/vengat/big_data/python/venv/aflow_env/lib/python3.9/site-packages/airflow/example_dags/example_complex.py for tasks to queue
[2022-03-28 10:39:35,347] {logging_mixin.py:109} INFO - [2022-03-28 10:39:35,347] {dagbag.py:500} INFO - Filling up the DagBag from /home/vengat/big_data/python/venv/aflow_env/lib/python3.9/site-packages/airflow/example_dags/example_complex.py
[2022-03-28 10:39:35,381] {processor.py:654} INFO - DAG(s) dict_keys(['example_complex']) retrieved from /home/vengat/big_data/python/venv/aflow_env/lib/python3.9/site-packages/airflow/example_dags/example_complex.py
[2022-03-28 10:39:35,397] {logging_mixin.py:109} INFO - [2022-03-28 10:39:35,397] {dag.py:2398} INFO - Sync 1 DAGs
[2022-03-28 10:39:35,411] {logging_mixin.py:109} INFO - [2022-03-28 10:39:35,411] {dag.py:2937} INFO - Setting next_dagrun for example_complex to None
[2022-03-28 10:39:35,436] {processor.py:171} INFO - Processing /home/vengat/big_data/python/venv/aflow_env/lib/python3.9/site-packages/airflow/example_dags/example_complex.py took 0.108 seconds
[2022-03-28 10:40:12,505] {processor.py:163} INFO - Started process (PID=54375) to work on /home/vengat/big_data/python/venv/aflow_env/lib/python3.9/site-packages/airflow/example_dags/example_complex.py
[2022-03-28 10:40:12,507] {processor.py:642} INFO - Processing file /home/vengat/big_data/python/venv/aflow_env/lib/python3.9/site-packages/airflow/example_dags/example_complex.py for tasks to queue
[2022-03-28 10:40:12,507] {logging_mixin.py:109} INFO - [2022-03-28 10:40:12,507] {dagbag.py:500} INFO - Filling up the DagBag from /home/vengat/big_data/python/venv/aflow_env/lib/python3.9/site-packages/airflow/example_dags/example_complex.py
[2022-03-28 10:40:12,534] {processor.py:654} INFO - DAG(s) dict_keys(['example_complex']) retrieved from /home/vengat/big_data/python/venv/aflow_env/lib/python3.9/site-packages/airflow/example_dags/example_complex.py
[2022-03-28 10:40:12,547] {logging_mixin.py:109} INFO - [2022-03-28 10:40:12,546] {dag.py:2398} INFO - Sync 1 DAGs
[2022-03-28 10:40:12,563] {logging_mixin.py:109} INFO - [2022-03-28 10:40:12,563] {dag.py:2937} INFO - Setting next_dagrun for example_complex to None
[2022-03-28 10:40:12,572] {processor.py:171} INFO - Processing /home/vengat/big_data/python/venv/aflow_env/lib/python3.9/site-packages/airflow/example_dags/example_complex.py took 0.071 seconds
[2022-03-28 10:40:49,372] {processor.py:163} INFO - Started process (PID=54492) to work on /home/vengat/big_data/python/venv/aflow_env/lib/python3.9/site-packages/airflow/example_dags/example_complex.py
[2022-03-28 10:40:49,374] {processor.py:642} INFO - Processing file /home/vengat/big_data/python/venv/aflow_env/lib/python3.9/site-packages/airflow/example_dags/example_complex.py for tasks to queue
[2022-03-28 10:40:49,374] {logging_mixin.py:109} INFO - [2022-03-28 10:40:49,374] {dagbag.py:500} INFO - Filling up the DagBag from /home/vengat/big_data/python/venv/aflow_env/lib/python3.9/site-packages/airflow/example_dags/example_complex.py
[2022-03-28 10:40:49,407] {processor.py:654} INFO - DAG(s) dict_keys(['example_complex']) retrieved from /home/vengat/big_data/python/venv/aflow_env/lib/python3.9/site-packages/airflow/example_dags/example_complex.py
[2022-03-28 10:40:49,420] {logging_mixin.py:109} INFO - [2022-03-28 10:40:49,420] {dag.py:2398} INFO - Sync 1 DAGs
[2022-03-28 10:40:49,432] {logging_mixin.py:109} INFO - [2022-03-28 10:40:49,432] {dag.py:2937} INFO - Setting next_dagrun for example_complex to None
[2022-03-28 10:40:49,443] {processor.py:171} INFO - Processing /home/vengat/big_data/python/venv/aflow_env/lib/python3.9/site-packages/airflow/example_dags/example_complex.py took 0.075 seconds
[2022-03-28 10:41:22,883] {processor.py:163} INFO - Started process (PID=54524) to work on /home/vengat/big_data/python/venv/aflow_env/lib/python3.9/site-packages/airflow/example_dags/example_complex.py
[2022-03-28 10:41:22,883] {processor.py:642} INFO - Processing file /home/vengat/big_data/python/venv/aflow_env/lib/python3.9/site-packages/airflow/example_dags/example_complex.py for tasks to queue
[2022-03-28 10:41:22,884] {logging_mixin.py:109} INFO - [2022-03-28 10:41:22,884] {dagbag.py:500} INFO - Filling up the DagBag from /home/vengat/big_data/python/venv/aflow_env/lib/python3.9/site-packages/airflow/example_dags/example_complex.py
[2022-03-28 10:41:22,920] {processor.py:654} INFO - DAG(s) dict_keys(['example_complex']) retrieved from /home/vengat/big_data/python/venv/aflow_env/lib/python3.9/site-packages/airflow/example_dags/example_complex.py
[2022-03-28 10:41:22,931] {logging_mixin.py:109} INFO - [2022-03-28 10:41:22,931] {dag.py:2398} INFO - Sync 1 DAGs
[2022-03-28 10:41:22,943] {logging_mixin.py:109} INFO - [2022-03-28 10:41:22,943] {dag.py:2937} INFO - Setting next_dagrun for example_complex to None
[2022-03-28 10:41:22,951] {processor.py:171} INFO - Processing /home/vengat/big_data/python/venv/aflow_env/lib/python3.9/site-packages/airflow/example_dags/example_complex.py took 0.072 seconds
[2022-03-28 10:41:57,813] {processor.py:163} INFO - Started process (PID=54559) to work on /home/vengat/big_data/python/venv/aflow_env/lib/python3.9/site-packages/airflow/example_dags/example_complex.py
[2022-03-28 10:41:57,814] {processor.py:642} INFO - Processing file /home/vengat/big_data/python/venv/aflow_env/lib/python3.9/site-packages/airflow/example_dags/example_complex.py for tasks to queue
[2022-03-28 10:41:57,815] {logging_mixin.py:109} INFO - [2022-03-28 10:41:57,815] {dagbag.py:500} INFO - Filling up the DagBag from /home/vengat/big_data/python/venv/aflow_env/lib/python3.9/site-packages/airflow/example_dags/example_complex.py
[2022-03-28 10:41:57,843] {processor.py:654} INFO - DAG(s) dict_keys(['example_complex']) retrieved from /home/vengat/big_data/python/venv/aflow_env/lib/python3.9/site-packages/airflow/example_dags/example_complex.py
[2022-03-28 10:41:57,854] {logging_mixin.py:109} INFO - [2022-03-28 10:41:57,854] {dag.py:2398} INFO - Sync 1 DAGs
[2022-03-28 10:41:57,865] {logging_mixin.py:109} INFO - [2022-03-28 10:41:57,865] {dag.py:2937} INFO - Setting next_dagrun for example_complex to None
[2022-03-28 10:41:57,873] {processor.py:171} INFO - Processing /home/vengat/big_data/python/venv/aflow_env/lib/python3.9/site-packages/airflow/example_dags/example_complex.py took 0.064 seconds
[2022-03-28 10:42:31,259] {processor.py:163} INFO - Started process (PID=54596) to work on /home/vengat/big_data/python/venv/aflow_env/lib/python3.9/site-packages/airflow/example_dags/example_complex.py
[2022-03-28 10:42:31,261] {processor.py:642} INFO - Processing file /home/vengat/big_data/python/venv/aflow_env/lib/python3.9/site-packages/airflow/example_dags/example_complex.py for tasks to queue
[2022-03-28 10:42:31,262] {logging_mixin.py:109} INFO - [2022-03-28 10:42:31,262] {dagbag.py:500} INFO - Filling up the DagBag from /home/vengat/big_data/python/venv/aflow_env/lib/python3.9/site-packages/airflow/example_dags/example_complex.py
[2022-03-28 10:42:31,295] {processor.py:654} INFO - DAG(s) dict_keys(['example_complex']) retrieved from /home/vengat/big_data/python/venv/aflow_env/lib/python3.9/site-packages/airflow/example_dags/example_complex.py
[2022-03-28 10:42:31,307] {logging_mixin.py:109} INFO - [2022-03-28 10:42:31,307] {dag.py:2398} INFO - Sync 1 DAGs
[2022-03-28 10:42:31,319] {logging_mixin.py:109} INFO - [2022-03-28 10:42:31,319] {dag.py:2937} INFO - Setting next_dagrun for example_complex to None
[2022-03-28 10:42:31,328] {processor.py:171} INFO - Processing /home/vengat/big_data/python/venv/aflow_env/lib/python3.9/site-packages/airflow/example_dags/example_complex.py took 0.075 seconds
[2022-03-28 10:43:03,692] {processor.py:163} INFO - Started process (PID=54645) to work on /home/vengat/big_data/python/venv/aflow_env/lib/python3.9/site-packages/airflow/example_dags/example_complex.py
[2022-03-28 10:43:03,693] {processor.py:642} INFO - Processing file /home/vengat/big_data/python/venv/aflow_env/lib/python3.9/site-packages/airflow/example_dags/example_complex.py for tasks to queue
[2022-03-28 10:43:03,694] {logging_mixin.py:109} INFO - [2022-03-28 10:43:03,694] {dagbag.py:500} INFO - Filling up the DagBag from /home/vengat/big_data/python/venv/aflow_env/lib/python3.9/site-packages/airflow/example_dags/example_complex.py
[2022-03-28 10:43:03,720] {processor.py:654} INFO - DAG(s) dict_keys(['example_complex']) retrieved from /home/vengat/big_data/python/venv/aflow_env/lib/python3.9/site-packages/airflow/example_dags/example_complex.py
[2022-03-28 10:43:03,731] {logging_mixin.py:109} INFO - [2022-03-28 10:43:03,731] {dag.py:2398} INFO - Sync 1 DAGs
[2022-03-28 10:43:03,740] {logging_mixin.py:109} INFO - [2022-03-28 10:43:03,740] {dag.py:2937} INFO - Setting next_dagrun for example_complex to None
[2022-03-28 10:43:03,749] {processor.py:171} INFO - Processing /home/vengat/big_data/python/venv/aflow_env/lib/python3.9/site-packages/airflow/example_dags/example_complex.py took 0.060 seconds
[2022-03-28 10:43:38,886] {processor.py:163} INFO - Started process (PID=54703) to work on /home/vengat/big_data/python/venv/aflow_env/lib/python3.9/site-packages/airflow/example_dags/example_complex.py
[2022-03-28 10:43:38,887] {processor.py:642} INFO - Processing file /home/vengat/big_data/python/venv/aflow_env/lib/python3.9/site-packages/airflow/example_dags/example_complex.py for tasks to queue
[2022-03-28 10:43:38,888] {logging_mixin.py:109} INFO - [2022-03-28 10:43:38,888] {dagbag.py:500} INFO - Filling up the DagBag from /home/vengat/big_data/python/venv/aflow_env/lib/python3.9/site-packages/airflow/example_dags/example_complex.py
[2022-03-28 10:43:38,918] {processor.py:654} INFO - DAG(s) dict_keys(['example_complex']) retrieved from /home/vengat/big_data/python/venv/aflow_env/lib/python3.9/site-packages/airflow/example_dags/example_complex.py
[2022-03-28 10:43:38,930] {logging_mixin.py:109} INFO - [2022-03-28 10:43:38,929] {dag.py:2398} INFO - Sync 1 DAGs
[2022-03-28 10:43:38,940] {logging_mixin.py:109} INFO - [2022-03-28 10:43:38,940] {dag.py:2937} INFO - Setting next_dagrun for example_complex to None
[2022-03-28 10:43:38,948] {processor.py:171} INFO - Processing /home/vengat/big_data/python/venv/aflow_env/lib/python3.9/site-packages/airflow/example_dags/example_complex.py took 0.065 seconds
[2022-03-28 10:44:16,090] {processor.py:163} INFO - Started process (PID=54763) to work on /home/vengat/big_data/python/venv/aflow_env/lib/python3.9/site-packages/airflow/example_dags/example_complex.py
[2022-03-28 10:44:16,091] {processor.py:642} INFO - Processing file /home/vengat/big_data/python/venv/aflow_env/lib/python3.9/site-packages/airflow/example_dags/example_complex.py for tasks to queue
[2022-03-28 10:44:16,092] {logging_mixin.py:109} INFO - [2022-03-28 10:44:16,092] {dagbag.py:500} INFO - Filling up the DagBag from /home/vengat/big_data/python/venv/aflow_env/lib/python3.9/site-packages/airflow/example_dags/example_complex.py
[2022-03-28 10:44:16,118] {processor.py:654} INFO - DAG(s) dict_keys(['example_complex']) retrieved from /home/vengat/big_data/python/venv/aflow_env/lib/python3.9/site-packages/airflow/example_dags/example_complex.py
[2022-03-28 10:44:16,130] {logging_mixin.py:109} INFO - [2022-03-28 10:44:16,130] {dag.py:2398} INFO - Sync 1 DAGs
[2022-03-28 10:44:16,144] {logging_mixin.py:109} INFO - [2022-03-28 10:44:16,144] {dag.py:2937} INFO - Setting next_dagrun for example_complex to None
[2022-03-28 10:44:16,154] {processor.py:171} INFO - Processing /home/vengat/big_data/python/venv/aflow_env/lib/python3.9/site-packages/airflow/example_dags/example_complex.py took 0.067 seconds
[2022-03-28 10:44:52,282] {processor.py:163} INFO - Started process (PID=54797) to work on /home/vengat/big_data/python/venv/aflow_env/lib/python3.9/site-packages/airflow/example_dags/example_complex.py
[2022-03-28 10:44:52,284] {processor.py:642} INFO - Processing file /home/vengat/big_data/python/venv/aflow_env/lib/python3.9/site-packages/airflow/example_dags/example_complex.py for tasks to queue
[2022-03-28 10:44:52,284] {logging_mixin.py:109} INFO - [2022-03-28 10:44:52,284] {dagbag.py:500} INFO - Filling up the DagBag from /home/vengat/big_data/python/venv/aflow_env/lib/python3.9/site-packages/airflow/example_dags/example_complex.py
[2022-03-28 10:44:52,317] {processor.py:654} INFO - DAG(s) dict_keys(['example_complex']) retrieved from /home/vengat/big_data/python/venv/aflow_env/lib/python3.9/site-packages/airflow/example_dags/example_complex.py
[2022-03-28 10:44:52,330] {logging_mixin.py:109} INFO - [2022-03-28 10:44:52,330] {dag.py:2398} INFO - Sync 1 DAGs
[2022-03-28 10:44:52,341] {logging_mixin.py:109} INFO - [2022-03-28 10:44:52,341] {dag.py:2937} INFO - Setting next_dagrun for example_complex to None
[2022-03-28 10:44:52,351] {processor.py:171} INFO - Processing /home/vengat/big_data/python/venv/aflow_env/lib/python3.9/site-packages/airflow/example_dags/example_complex.py took 0.073 seconds
[2022-03-28 10:45:25,710] {processor.py:163} INFO - Started process (PID=54830) to work on /home/vengat/big_data/python/venv/aflow_env/lib/python3.9/site-packages/airflow/example_dags/example_complex.py
[2022-03-28 10:45:25,712] {processor.py:642} INFO - Processing file /home/vengat/big_data/python/venv/aflow_env/lib/python3.9/site-packages/airflow/example_dags/example_complex.py for tasks to queue
[2022-03-28 10:45:25,712] {logging_mixin.py:109} INFO - [2022-03-28 10:45:25,712] {dagbag.py:500} INFO - Filling up the DagBag from /home/vengat/big_data/python/venv/aflow_env/lib/python3.9/site-packages/airflow/example_dags/example_complex.py
[2022-03-28 10:45:25,742] {processor.py:654} INFO - DAG(s) dict_keys(['example_complex']) retrieved from /home/vengat/big_data/python/venv/aflow_env/lib/python3.9/site-packages/airflow/example_dags/example_complex.py
[2022-03-28 10:45:25,755] {logging_mixin.py:109} INFO - [2022-03-28 10:45:25,755] {dag.py:2398} INFO - Sync 1 DAGs
[2022-03-28 10:45:25,767] {logging_mixin.py:109} INFO - [2022-03-28 10:45:25,767] {dag.py:2937} INFO - Setting next_dagrun for example_complex to None
[2022-03-28 10:45:25,776] {processor.py:171} INFO - Processing /home/vengat/big_data/python/venv/aflow_env/lib/python3.9/site-packages/airflow/example_dags/example_complex.py took 0.069 seconds
[2022-03-28 10:46:02,245] {processor.py:163} INFO - Started process (PID=54913) to work on /home/vengat/big_data/python/venv/aflow_env/lib/python3.9/site-packages/airflow/example_dags/example_complex.py
[2022-03-28 10:46:02,247] {processor.py:642} INFO - Processing file /home/vengat/big_data/python/venv/aflow_env/lib/python3.9/site-packages/airflow/example_dags/example_complex.py for tasks to queue
[2022-03-28 10:46:02,247] {logging_mixin.py:109} INFO - [2022-03-28 10:46:02,247] {dagbag.py:500} INFO - Filling up the DagBag from /home/vengat/big_data/python/venv/aflow_env/lib/python3.9/site-packages/airflow/example_dags/example_complex.py
[2022-03-28 10:46:02,280] {processor.py:654} INFO - DAG(s) dict_keys(['example_complex']) retrieved from /home/vengat/big_data/python/venv/aflow_env/lib/python3.9/site-packages/airflow/example_dags/example_complex.py
[2022-03-28 10:46:02,291] {logging_mixin.py:109} INFO - [2022-03-28 10:46:02,291] {dag.py:2398} INFO - Sync 1 DAGs
[2022-03-28 10:46:02,302] {logging_mixin.py:109} INFO - [2022-03-28 10:46:02,302] {dag.py:2937} INFO - Setting next_dagrun for example_complex to None
[2022-03-28 10:46:02,311] {processor.py:171} INFO - Processing /home/vengat/big_data/python/venv/aflow_env/lib/python3.9/site-packages/airflow/example_dags/example_complex.py took 0.068 seconds
[2022-03-28 10:46:35,918] {processor.py:163} INFO - Started process (PID=54947) to work on /home/vengat/big_data/python/venv/aflow_env/lib/python3.9/site-packages/airflow/example_dags/example_complex.py
[2022-03-28 10:46:35,921] {processor.py:642} INFO - Processing file /home/vengat/big_data/python/venv/aflow_env/lib/python3.9/site-packages/airflow/example_dags/example_complex.py for tasks to queue
[2022-03-28 10:46:35,922] {logging_mixin.py:109} INFO - [2022-03-28 10:46:35,922] {dagbag.py:500} INFO - Filling up the DagBag from /home/vengat/big_data/python/venv/aflow_env/lib/python3.9/site-packages/airflow/example_dags/example_complex.py
[2022-03-28 10:46:35,957] {processor.py:654} INFO - DAG(s) dict_keys(['example_complex']) retrieved from /home/vengat/big_data/python/venv/aflow_env/lib/python3.9/site-packages/airflow/example_dags/example_complex.py
[2022-03-28 10:46:35,968] {logging_mixin.py:109} INFO - [2022-03-28 10:46:35,968] {dag.py:2398} INFO - Sync 1 DAGs
[2022-03-28 10:46:35,981] {logging_mixin.py:109} INFO - [2022-03-28 10:46:35,981] {dag.py:2937} INFO - Setting next_dagrun for example_complex to None
[2022-03-28 10:46:35,990] {processor.py:171} INFO - Processing /home/vengat/big_data/python/venv/aflow_env/lib/python3.9/site-packages/airflow/example_dags/example_complex.py took 0.078 seconds
[2022-03-28 10:47:38,793] {processor.py:163} INFO - Started process (PID=54999) to work on /home/vengat/big_data/python/venv/aflow_env/lib/python3.9/site-packages/airflow/example_dags/example_complex.py
[2022-03-28 10:47:38,796] {processor.py:642} INFO - Processing file /home/vengat/big_data/python/venv/aflow_env/lib/python3.9/site-packages/airflow/example_dags/example_complex.py for tasks to queue
[2022-03-28 10:47:38,798] {logging_mixin.py:109} INFO - [2022-03-28 10:47:38,798] {dagbag.py:500} INFO - Filling up the DagBag from /home/vengat/big_data/python/venv/aflow_env/lib/python3.9/site-packages/airflow/example_dags/example_complex.py
[2022-03-28 10:47:38,911] {processor.py:654} INFO - DAG(s) dict_keys(['example_complex']) retrieved from /home/vengat/big_data/python/venv/aflow_env/lib/python3.9/site-packages/airflow/example_dags/example_complex.py
[2022-03-28 10:47:38,929] {logging_mixin.py:109} INFO - [2022-03-28 10:47:38,929] {dag.py:2398} INFO - Sync 1 DAGs
[2022-03-28 10:47:38,940] {logging_mixin.py:109} INFO - [2022-03-28 10:47:38,939] {dag.py:2937} INFO - Setting next_dagrun for example_complex to None
[2022-03-28 10:47:38,953] {processor.py:171} INFO - Processing /home/vengat/big_data/python/venv/aflow_env/lib/python3.9/site-packages/airflow/example_dags/example_complex.py took 0.168 seconds
[2022-03-28 10:48:22,283] {processor.py:163} INFO - Started process (PID=55044) to work on /home/vengat/big_data/python/venv/aflow_env/lib/python3.9/site-packages/airflow/example_dags/example_complex.py
[2022-03-28 10:48:22,284] {processor.py:642} INFO - Processing file /home/vengat/big_data/python/venv/aflow_env/lib/python3.9/site-packages/airflow/example_dags/example_complex.py for tasks to queue
[2022-03-28 10:48:22,285] {logging_mixin.py:109} INFO - [2022-03-28 10:48:22,285] {dagbag.py:500} INFO - Filling up the DagBag from /home/vengat/big_data/python/venv/aflow_env/lib/python3.9/site-packages/airflow/example_dags/example_complex.py
[2022-03-28 10:48:22,317] {processor.py:654} INFO - DAG(s) dict_keys(['example_complex']) retrieved from /home/vengat/big_data/python/venv/aflow_env/lib/python3.9/site-packages/airflow/example_dags/example_complex.py
[2022-03-28 10:48:22,329] {logging_mixin.py:109} INFO - [2022-03-28 10:48:22,329] {dag.py:2398} INFO - Sync 1 DAGs
[2022-03-28 10:48:22,341] {logging_mixin.py:109} INFO - [2022-03-28 10:48:22,341] {dag.py:2937} INFO - Setting next_dagrun for example_complex to None
[2022-03-28 10:48:22,351] {processor.py:171} INFO - Processing /home/vengat/big_data/python/venv/aflow_env/lib/python3.9/site-packages/airflow/example_dags/example_complex.py took 0.072 seconds
[2022-03-28 10:48:58,415] {processor.py:163} INFO - Started process (PID=55090) to work on /home/vengat/big_data/python/venv/aflow_env/lib/python3.9/site-packages/airflow/example_dags/example_complex.py
[2022-03-28 10:48:58,417] {processor.py:642} INFO - Processing file /home/vengat/big_data/python/venv/aflow_env/lib/python3.9/site-packages/airflow/example_dags/example_complex.py for tasks to queue
[2022-03-28 10:48:58,417] {logging_mixin.py:109} INFO - [2022-03-28 10:48:58,417] {dagbag.py:500} INFO - Filling up the DagBag from /home/vengat/big_data/python/venv/aflow_env/lib/python3.9/site-packages/airflow/example_dags/example_complex.py
[2022-03-28 10:48:58,507] {processor.py:654} INFO - DAG(s) dict_keys(['example_complex']) retrieved from /home/vengat/big_data/python/venv/aflow_env/lib/python3.9/site-packages/airflow/example_dags/example_complex.py
[2022-03-28 10:48:58,530] {logging_mixin.py:109} INFO - [2022-03-28 10:48:58,530] {dag.py:2398} INFO - Sync 1 DAGs
[2022-03-28 10:48:58,544] {logging_mixin.py:109} INFO - [2022-03-28 10:48:58,543] {dag.py:2937} INFO - Setting next_dagrun for example_complex to None
[2022-03-28 10:48:58,558] {processor.py:171} INFO - Processing /home/vengat/big_data/python/venv/aflow_env/lib/python3.9/site-packages/airflow/example_dags/example_complex.py took 0.146 seconds
[2022-03-28 10:49:32,204] {processor.py:163} INFO - Started process (PID=55123) to work on /home/vengat/big_data/python/venv/aflow_env/lib/python3.9/site-packages/airflow/example_dags/example_complex.py
[2022-03-28 10:49:32,206] {processor.py:642} INFO - Processing file /home/vengat/big_data/python/venv/aflow_env/lib/python3.9/site-packages/airflow/example_dags/example_complex.py for tasks to queue
[2022-03-28 10:49:32,207] {logging_mixin.py:109} INFO - [2022-03-28 10:49:32,207] {dagbag.py:500} INFO - Filling up the DagBag from /home/vengat/big_data/python/venv/aflow_env/lib/python3.9/site-packages/airflow/example_dags/example_complex.py
[2022-03-28 10:49:32,239] {processor.py:654} INFO - DAG(s) dict_keys(['example_complex']) retrieved from /home/vengat/big_data/python/venv/aflow_env/lib/python3.9/site-packages/airflow/example_dags/example_complex.py
[2022-03-28 10:49:32,252] {logging_mixin.py:109} INFO - [2022-03-28 10:49:32,252] {dag.py:2398} INFO - Sync 1 DAGs
[2022-03-28 10:49:32,264] {logging_mixin.py:109} INFO - [2022-03-28 10:49:32,264] {dag.py:2937} INFO - Setting next_dagrun for example_complex to None
[2022-03-28 10:49:32,273] {processor.py:171} INFO - Processing /home/vengat/big_data/python/venv/aflow_env/lib/python3.9/site-packages/airflow/example_dags/example_complex.py took 0.074 seconds
[2022-03-28 10:50:04,695] {processor.py:163} INFO - Started process (PID=55155) to work on /home/vengat/big_data/python/venv/aflow_env/lib/python3.9/site-packages/airflow/example_dags/example_complex.py
[2022-03-28 10:50:04,696] {processor.py:642} INFO - Processing file /home/vengat/big_data/python/venv/aflow_env/lib/python3.9/site-packages/airflow/example_dags/example_complex.py for tasks to queue
[2022-03-28 10:50:04,697] {logging_mixin.py:109} INFO - [2022-03-28 10:50:04,697] {dagbag.py:500} INFO - Filling up the DagBag from /home/vengat/big_data/python/venv/aflow_env/lib/python3.9/site-packages/airflow/example_dags/example_complex.py
[2022-03-28 10:50:04,740] {processor.py:654} INFO - DAG(s) dict_keys(['example_complex']) retrieved from /home/vengat/big_data/python/venv/aflow_env/lib/python3.9/site-packages/airflow/example_dags/example_complex.py
[2022-03-28 10:50:04,753] {logging_mixin.py:109} INFO - [2022-03-28 10:50:04,752] {dag.py:2398} INFO - Sync 1 DAGs
[2022-03-28 10:50:04,765] {logging_mixin.py:109} INFO - [2022-03-28 10:50:04,765] {dag.py:2937} INFO - Setting next_dagrun for example_complex to None
[2022-03-28 10:50:04,780] {processor.py:171} INFO - Processing /home/vengat/big_data/python/venv/aflow_env/lib/python3.9/site-packages/airflow/example_dags/example_complex.py took 0.090 seconds
[2022-03-28 10:50:37,399] {processor.py:163} INFO - Started process (PID=55187) to work on /home/vengat/big_data/python/venv/aflow_env/lib/python3.9/site-packages/airflow/example_dags/example_complex.py
[2022-03-28 10:50:37,400] {processor.py:642} INFO - Processing file /home/vengat/big_data/python/venv/aflow_env/lib/python3.9/site-packages/airflow/example_dags/example_complex.py for tasks to queue
[2022-03-28 10:50:37,401] {logging_mixin.py:109} INFO - [2022-03-28 10:50:37,400] {dagbag.py:500} INFO - Filling up the DagBag from /home/vengat/big_data/python/venv/aflow_env/lib/python3.9/site-packages/airflow/example_dags/example_complex.py
[2022-03-28 10:50:37,428] {processor.py:654} INFO - DAG(s) dict_keys(['example_complex']) retrieved from /home/vengat/big_data/python/venv/aflow_env/lib/python3.9/site-packages/airflow/example_dags/example_complex.py
[2022-03-28 10:50:37,438] {logging_mixin.py:109} INFO - [2022-03-28 10:50:37,438] {dag.py:2398} INFO - Sync 1 DAGs
[2022-03-28 10:50:37,449] {logging_mixin.py:109} INFO - [2022-03-28 10:50:37,449] {dag.py:2937} INFO - Setting next_dagrun for example_complex to None
[2022-03-28 10:50:37,457] {processor.py:171} INFO - Processing /home/vengat/big_data/python/venv/aflow_env/lib/python3.9/site-packages/airflow/example_dags/example_complex.py took 0.062 seconds
[2022-03-28 10:51:10,888] {processor.py:163} INFO - Started process (PID=55219) to work on /home/vengat/big_data/python/venv/aflow_env/lib/python3.9/site-packages/airflow/example_dags/example_complex.py
[2022-03-28 10:51:10,889] {processor.py:642} INFO - Processing file /home/vengat/big_data/python/venv/aflow_env/lib/python3.9/site-packages/airflow/example_dags/example_complex.py for tasks to queue
[2022-03-28 10:51:10,890] {logging_mixin.py:109} INFO - [2022-03-28 10:51:10,890] {dagbag.py:500} INFO - Filling up the DagBag from /home/vengat/big_data/python/venv/aflow_env/lib/python3.9/site-packages/airflow/example_dags/example_complex.py
[2022-03-28 10:51:10,920] {processor.py:654} INFO - DAG(s) dict_keys(['example_complex']) retrieved from /home/vengat/big_data/python/venv/aflow_env/lib/python3.9/site-packages/airflow/example_dags/example_complex.py
[2022-03-28 10:51:10,932] {logging_mixin.py:109} INFO - [2022-03-28 10:51:10,932] {dag.py:2398} INFO - Sync 1 DAGs
[2022-03-28 10:51:10,942] {logging_mixin.py:109} INFO - [2022-03-28 10:51:10,942] {dag.py:2937} INFO - Setting next_dagrun for example_complex to None
[2022-03-28 10:51:10,953] {processor.py:171} INFO - Processing /home/vengat/big_data/python/venv/aflow_env/lib/python3.9/site-packages/airflow/example_dags/example_complex.py took 0.069 seconds
[2022-03-28 10:51:43,923] {processor.py:163} INFO - Started process (PID=55251) to work on /home/vengat/big_data/python/venv/aflow_env/lib/python3.9/site-packages/airflow/example_dags/example_complex.py
[2022-03-28 10:51:43,925] {processor.py:642} INFO - Processing file /home/vengat/big_data/python/venv/aflow_env/lib/python3.9/site-packages/airflow/example_dags/example_complex.py for tasks to queue
[2022-03-28 10:51:43,926] {logging_mixin.py:109} INFO - [2022-03-28 10:51:43,926] {dagbag.py:500} INFO - Filling up the DagBag from /home/vengat/big_data/python/venv/aflow_env/lib/python3.9/site-packages/airflow/example_dags/example_complex.py
[2022-03-28 10:51:43,960] {processor.py:654} INFO - DAG(s) dict_keys(['example_complex']) retrieved from /home/vengat/big_data/python/venv/aflow_env/lib/python3.9/site-packages/airflow/example_dags/example_complex.py
[2022-03-28 10:51:43,973] {logging_mixin.py:109} INFO - [2022-03-28 10:51:43,973] {dag.py:2398} INFO - Sync 1 DAGs
[2022-03-28 10:51:43,984] {logging_mixin.py:109} INFO - [2022-03-28 10:51:43,983] {dag.py:2937} INFO - Setting next_dagrun for example_complex to None
[2022-03-28 10:51:43,992] {processor.py:171} INFO - Processing /home/vengat/big_data/python/venv/aflow_env/lib/python3.9/site-packages/airflow/example_dags/example_complex.py took 0.077 seconds
[2022-03-28 10:52:20,025] {processor.py:163} INFO - Started process (PID=55286) to work on /home/vengat/big_data/python/venv/aflow_env/lib/python3.9/site-packages/airflow/example_dags/example_complex.py
[2022-03-28 10:52:20,027] {processor.py:642} INFO - Processing file /home/vengat/big_data/python/venv/aflow_env/lib/python3.9/site-packages/airflow/example_dags/example_complex.py for tasks to queue
[2022-03-28 10:52:20,027] {logging_mixin.py:109} INFO - [2022-03-28 10:52:20,027] {dagbag.py:500} INFO - Filling up the DagBag from /home/vengat/big_data/python/venv/aflow_env/lib/python3.9/site-packages/airflow/example_dags/example_complex.py
[2022-03-28 10:52:20,062] {processor.py:654} INFO - DAG(s) dict_keys(['example_complex']) retrieved from /home/vengat/big_data/python/venv/aflow_env/lib/python3.9/site-packages/airflow/example_dags/example_complex.py
[2022-03-28 10:52:20,076] {logging_mixin.py:109} INFO - [2022-03-28 10:52:20,076] {dag.py:2398} INFO - Sync 1 DAGs
[2022-03-28 10:52:20,091] {logging_mixin.py:109} INFO - [2022-03-28 10:52:20,091] {dag.py:2937} INFO - Setting next_dagrun for example_complex to None
[2022-03-28 10:52:20,103] {processor.py:171} INFO - Processing /home/vengat/big_data/python/venv/aflow_env/lib/python3.9/site-packages/airflow/example_dags/example_complex.py took 0.082 seconds
[2022-03-28 10:52:56,607] {processor.py:163} INFO - Started process (PID=55326) to work on /home/vengat/big_data/python/venv/aflow_env/lib/python3.9/site-packages/airflow/example_dags/example_complex.py
[2022-03-28 10:52:56,609] {processor.py:642} INFO - Processing file /home/vengat/big_data/python/venv/aflow_env/lib/python3.9/site-packages/airflow/example_dags/example_complex.py for tasks to queue
[2022-03-28 10:52:56,610] {logging_mixin.py:109} INFO - [2022-03-28 10:52:56,610] {dagbag.py:500} INFO - Filling up the DagBag from /home/vengat/big_data/python/venv/aflow_env/lib/python3.9/site-packages/airflow/example_dags/example_complex.py
[2022-03-28 10:52:56,641] {processor.py:654} INFO - DAG(s) dict_keys(['example_complex']) retrieved from /home/vengat/big_data/python/venv/aflow_env/lib/python3.9/site-packages/airflow/example_dags/example_complex.py
[2022-03-28 10:52:56,654] {logging_mixin.py:109} INFO - [2022-03-28 10:52:56,654] {dag.py:2398} INFO - Sync 1 DAGs
[2022-03-28 10:52:56,665] {logging_mixin.py:109} INFO - [2022-03-28 10:52:56,665] {dag.py:2937} INFO - Setting next_dagrun for example_complex to None
[2022-03-28 10:52:56,674] {processor.py:171} INFO - Processing /home/vengat/big_data/python/venv/aflow_env/lib/python3.9/site-packages/airflow/example_dags/example_complex.py took 0.073 seconds
[2022-03-28 10:53:31,764] {processor.py:163} INFO - Started process (PID=55362) to work on /home/vengat/big_data/python/venv/aflow_env/lib/python3.9/site-packages/airflow/example_dags/example_complex.py
[2022-03-28 10:53:31,766] {processor.py:642} INFO - Processing file /home/vengat/big_data/python/venv/aflow_env/lib/python3.9/site-packages/airflow/example_dags/example_complex.py for tasks to queue
[2022-03-28 10:53:31,767] {logging_mixin.py:109} INFO - [2022-03-28 10:53:31,767] {dagbag.py:500} INFO - Filling up the DagBag from /home/vengat/big_data/python/venv/aflow_env/lib/python3.9/site-packages/airflow/example_dags/example_complex.py
[2022-03-28 10:53:31,805] {processor.py:654} INFO - DAG(s) dict_keys(['example_complex']) retrieved from /home/vengat/big_data/python/venv/aflow_env/lib/python3.9/site-packages/airflow/example_dags/example_complex.py
[2022-03-28 10:53:31,821] {logging_mixin.py:109} INFO - [2022-03-28 10:53:31,821] {dag.py:2398} INFO - Sync 1 DAGs
[2022-03-28 10:53:31,837] {logging_mixin.py:109} INFO - [2022-03-28 10:53:31,837] {dag.py:2937} INFO - Setting next_dagrun for example_complex to None
[2022-03-28 10:53:31,847] {processor.py:171} INFO - Processing /home/vengat/big_data/python/venv/aflow_env/lib/python3.9/site-packages/airflow/example_dags/example_complex.py took 0.087 seconds
[2022-03-28 10:54:08,638] {processor.py:163} INFO - Started process (PID=55398) to work on /home/vengat/big_data/python/venv/aflow_env/lib/python3.9/site-packages/airflow/example_dags/example_complex.py
[2022-03-28 10:54:08,641] {processor.py:642} INFO - Processing file /home/vengat/big_data/python/venv/aflow_env/lib/python3.9/site-packages/airflow/example_dags/example_complex.py for tasks to queue
[2022-03-28 10:54:08,642] {logging_mixin.py:109} INFO - [2022-03-28 10:54:08,642] {dagbag.py:500} INFO - Filling up the DagBag from /home/vengat/big_data/python/venv/aflow_env/lib/python3.9/site-packages/airflow/example_dags/example_complex.py
[2022-03-28 10:54:08,679] {processor.py:654} INFO - DAG(s) dict_keys(['example_complex']) retrieved from /home/vengat/big_data/python/venv/aflow_env/lib/python3.9/site-packages/airflow/example_dags/example_complex.py
[2022-03-28 10:54:08,691] {logging_mixin.py:109} INFO - [2022-03-28 10:54:08,691] {dag.py:2398} INFO - Sync 1 DAGs
[2022-03-28 10:54:08,704] {logging_mixin.py:109} INFO - [2022-03-28 10:54:08,703] {dag.py:2937} INFO - Setting next_dagrun for example_complex to None
[2022-03-28 10:54:08,712] {processor.py:171} INFO - Processing /home/vengat/big_data/python/venv/aflow_env/lib/python3.9/site-packages/airflow/example_dags/example_complex.py took 0.080 seconds
[2022-03-28 10:54:43,461] {processor.py:163} INFO - Started process (PID=55431) to work on /home/vengat/big_data/python/venv/aflow_env/lib/python3.9/site-packages/airflow/example_dags/example_complex.py
[2022-03-28 10:54:43,464] {processor.py:642} INFO - Processing file /home/vengat/big_data/python/venv/aflow_env/lib/python3.9/site-packages/airflow/example_dags/example_complex.py for tasks to queue
[2022-03-28 10:54:43,465] {logging_mixin.py:109} INFO - [2022-03-28 10:54:43,465] {dagbag.py:500} INFO - Filling up the DagBag from /home/vengat/big_data/python/venv/aflow_env/lib/python3.9/site-packages/airflow/example_dags/example_complex.py
[2022-03-28 10:54:43,512] {processor.py:654} INFO - DAG(s) dict_keys(['example_complex']) retrieved from /home/vengat/big_data/python/venv/aflow_env/lib/python3.9/site-packages/airflow/example_dags/example_complex.py
[2022-03-28 10:54:43,530] {logging_mixin.py:109} INFO - [2022-03-28 10:54:43,528] {dag.py:2398} INFO - Sync 1 DAGs
[2022-03-28 10:54:43,547] {logging_mixin.py:109} INFO - [2022-03-28 10:54:43,547] {dag.py:2937} INFO - Setting next_dagrun for example_complex to None
[2022-03-28 10:54:43,559] {processor.py:171} INFO - Processing /home/vengat/big_data/python/venv/aflow_env/lib/python3.9/site-packages/airflow/example_dags/example_complex.py took 0.105 seconds
