[2022-03-28 10:14:00,223] {processor.py:163} INFO - Started process (PID=52752) to work on /home/vengat/big_data/python/venv/aflow_env/lib/python3.9/site-packages/airflow/example_dags/example_skip_dag.py
[2022-03-28 10:14:00,224] {processor.py:642} INFO - Processing file /home/vengat/big_data/python/venv/aflow_env/lib/python3.9/site-packages/airflow/example_dags/example_skip_dag.py for tasks to queue
[2022-03-28 10:14:00,225] {logging_mixin.py:109} INFO - [2022-03-28 10:14:00,225] {dagbag.py:500} INFO - Filling up the DagBag from /home/vengat/big_data/python/venv/aflow_env/lib/python3.9/site-packages/airflow/example_dags/example_skip_dag.py
[2022-03-28 10:14:00,247] {processor.py:654} INFO - DAG(s) dict_keys(['example_skip_dag']) retrieved from /home/vengat/big_data/python/venv/aflow_env/lib/python3.9/site-packages/airflow/example_dags/example_skip_dag.py
[2022-03-28 10:14:00,257] {logging_mixin.py:109} INFO - [2022-03-28 10:14:00,257] {dag.py:2398} INFO - Sync 1 DAGs
[2022-03-28 10:14:00,272] {logging_mixin.py:109} INFO - [2022-03-28 10:14:00,272] {dag.py:2937} INFO - Setting next_dagrun for example_skip_dag to 2022-03-27T17:14:00.272255+00:00
[2022-03-28 10:14:00,289] {processor.py:171} INFO - Processing /home/vengat/big_data/python/venv/aflow_env/lib/python3.9/site-packages/airflow/example_dags/example_skip_dag.py took 0.070 seconds
[2022-03-28 10:14:34,869] {processor.py:163} INFO - Started process (PID=52784) to work on /home/vengat/big_data/python/venv/aflow_env/lib/python3.9/site-packages/airflow/example_dags/example_skip_dag.py
[2022-03-28 10:14:34,870] {processor.py:642} INFO - Processing file /home/vengat/big_data/python/venv/aflow_env/lib/python3.9/site-packages/airflow/example_dags/example_skip_dag.py for tasks to queue
[2022-03-28 10:14:34,871] {logging_mixin.py:109} INFO - [2022-03-28 10:14:34,871] {dagbag.py:500} INFO - Filling up the DagBag from /home/vengat/big_data/python/venv/aflow_env/lib/python3.9/site-packages/airflow/example_dags/example_skip_dag.py
[2022-03-28 10:14:34,897] {processor.py:654} INFO - DAG(s) dict_keys(['example_skip_dag']) retrieved from /home/vengat/big_data/python/venv/aflow_env/lib/python3.9/site-packages/airflow/example_dags/example_skip_dag.py
[2022-03-28 10:14:34,905] {logging_mixin.py:109} INFO - [2022-03-28 10:14:34,905] {dag.py:2398} INFO - Sync 1 DAGs
[2022-03-28 10:14:34,919] {logging_mixin.py:109} INFO - [2022-03-28 10:14:34,919] {dag.py:2937} INFO - Setting next_dagrun for example_skip_dag to 2022-03-27T17:14:34.919388+00:00
[2022-03-28 10:14:34,928] {processor.py:171} INFO - Processing /home/vengat/big_data/python/venv/aflow_env/lib/python3.9/site-packages/airflow/example_dags/example_skip_dag.py took 0.063 seconds
[2022-03-28 10:15:11,487] {processor.py:163} INFO - Started process (PID=52819) to work on /home/vengat/big_data/python/venv/aflow_env/lib/python3.9/site-packages/airflow/example_dags/example_skip_dag.py
[2022-03-28 10:15:11,489] {processor.py:642} INFO - Processing file /home/vengat/big_data/python/venv/aflow_env/lib/python3.9/site-packages/airflow/example_dags/example_skip_dag.py for tasks to queue
[2022-03-28 10:15:11,490] {logging_mixin.py:109} INFO - [2022-03-28 10:15:11,490] {dagbag.py:500} INFO - Filling up the DagBag from /home/vengat/big_data/python/venv/aflow_env/lib/python3.9/site-packages/airflow/example_dags/example_skip_dag.py
[2022-03-28 10:15:11,515] {processor.py:654} INFO - DAG(s) dict_keys(['example_skip_dag']) retrieved from /home/vengat/big_data/python/venv/aflow_env/lib/python3.9/site-packages/airflow/example_dags/example_skip_dag.py
[2022-03-28 10:15:11,527] {logging_mixin.py:109} INFO - [2022-03-28 10:15:11,527] {dag.py:2398} INFO - Sync 1 DAGs
[2022-03-28 10:15:11,538] {logging_mixin.py:109} INFO - [2022-03-28 10:15:11,538] {dag.py:2937} INFO - Setting next_dagrun for example_skip_dag to 2022-03-27T17:15:11.537793+00:00
[2022-03-28 10:15:11,547] {processor.py:171} INFO - Processing /home/vengat/big_data/python/venv/aflow_env/lib/python3.9/site-packages/airflow/example_dags/example_skip_dag.py took 0.063 seconds
[2022-03-28 10:15:49,310] {processor.py:163} INFO - Started process (PID=52853) to work on /home/vengat/big_data/python/venv/aflow_env/lib/python3.9/site-packages/airflow/example_dags/example_skip_dag.py
[2022-03-28 10:15:49,312] {processor.py:642} INFO - Processing file /home/vengat/big_data/python/venv/aflow_env/lib/python3.9/site-packages/airflow/example_dags/example_skip_dag.py for tasks to queue
[2022-03-28 10:15:49,313] {logging_mixin.py:109} INFO - [2022-03-28 10:15:49,313] {dagbag.py:500} INFO - Filling up the DagBag from /home/vengat/big_data/python/venv/aflow_env/lib/python3.9/site-packages/airflow/example_dags/example_skip_dag.py
[2022-03-28 10:15:49,335] {processor.py:654} INFO - DAG(s) dict_keys(['example_skip_dag']) retrieved from /home/vengat/big_data/python/venv/aflow_env/lib/python3.9/site-packages/airflow/example_dags/example_skip_dag.py
[2022-03-28 10:15:49,348] {logging_mixin.py:109} INFO - [2022-03-28 10:15:49,348] {dag.py:2398} INFO - Sync 1 DAGs
[2022-03-28 10:15:49,359] {logging_mixin.py:109} INFO - [2022-03-28 10:15:49,359] {dag.py:2937} INFO - Setting next_dagrun for example_skip_dag to 2022-03-27T17:15:49.359210+00:00
[2022-03-28 10:15:49,371] {processor.py:171} INFO - Processing /home/vengat/big_data/python/venv/aflow_env/lib/python3.9/site-packages/airflow/example_dags/example_skip_dag.py took 0.068 seconds
[2022-03-28 10:16:23,016] {processor.py:163} INFO - Started process (PID=52885) to work on /home/vengat/big_data/python/venv/aflow_env/lib/python3.9/site-packages/airflow/example_dags/example_skip_dag.py
[2022-03-28 10:16:23,018] {processor.py:642} INFO - Processing file /home/vengat/big_data/python/venv/aflow_env/lib/python3.9/site-packages/airflow/example_dags/example_skip_dag.py for tasks to queue
[2022-03-28 10:16:23,019] {logging_mixin.py:109} INFO - [2022-03-28 10:16:23,019] {dagbag.py:500} INFO - Filling up the DagBag from /home/vengat/big_data/python/venv/aflow_env/lib/python3.9/site-packages/airflow/example_dags/example_skip_dag.py
[2022-03-28 10:16:23,053] {processor.py:654} INFO - DAG(s) dict_keys(['example_skip_dag']) retrieved from /home/vengat/big_data/python/venv/aflow_env/lib/python3.9/site-packages/airflow/example_dags/example_skip_dag.py
[2022-03-28 10:16:23,063] {logging_mixin.py:109} INFO - [2022-03-28 10:16:23,063] {dag.py:2398} INFO - Sync 1 DAGs
[2022-03-28 10:16:23,082] {logging_mixin.py:109} INFO - [2022-03-28 10:16:23,082] {dag.py:2937} INFO - Setting next_dagrun for example_skip_dag to 2022-03-27T17:16:23.081743+00:00
[2022-03-28 10:16:23,090] {processor.py:171} INFO - Processing /home/vengat/big_data/python/venv/aflow_env/lib/python3.9/site-packages/airflow/example_dags/example_skip_dag.py took 0.078 seconds
[2022-03-28 10:17:01,007] {processor.py:163} INFO - Started process (PID=52919) to work on /home/vengat/big_data/python/venv/aflow_env/lib/python3.9/site-packages/airflow/example_dags/example_skip_dag.py
[2022-03-28 10:17:01,009] {processor.py:642} INFO - Processing file /home/vengat/big_data/python/venv/aflow_env/lib/python3.9/site-packages/airflow/example_dags/example_skip_dag.py for tasks to queue
[2022-03-28 10:17:01,010] {logging_mixin.py:109} INFO - [2022-03-28 10:17:01,010] {dagbag.py:500} INFO - Filling up the DagBag from /home/vengat/big_data/python/venv/aflow_env/lib/python3.9/site-packages/airflow/example_dags/example_skip_dag.py
[2022-03-28 10:17:01,040] {processor.py:654} INFO - DAG(s) dict_keys(['example_skip_dag']) retrieved from /home/vengat/big_data/python/venv/aflow_env/lib/python3.9/site-packages/airflow/example_dags/example_skip_dag.py
[2022-03-28 10:17:01,051] {logging_mixin.py:109} INFO - [2022-03-28 10:17:01,051] {dag.py:2398} INFO - Sync 1 DAGs
[2022-03-28 10:17:01,070] {logging_mixin.py:109} INFO - [2022-03-28 10:17:01,070] {dag.py:2937} INFO - Setting next_dagrun for example_skip_dag to 2022-03-27T17:17:01.069732+00:00
[2022-03-28 10:17:01,083] {processor.py:171} INFO - Processing /home/vengat/big_data/python/venv/aflow_env/lib/python3.9/site-packages/airflow/example_dags/example_skip_dag.py took 0.080 seconds
[2022-03-28 10:17:33,335] {processor.py:163} INFO - Started process (PID=52956) to work on /home/vengat/big_data/python/venv/aflow_env/lib/python3.9/site-packages/airflow/example_dags/example_skip_dag.py
[2022-03-28 10:17:33,336] {processor.py:642} INFO - Processing file /home/vengat/big_data/python/venv/aflow_env/lib/python3.9/site-packages/airflow/example_dags/example_skip_dag.py for tasks to queue
[2022-03-28 10:17:33,336] {logging_mixin.py:109} INFO - [2022-03-28 10:17:33,336] {dagbag.py:500} INFO - Filling up the DagBag from /home/vengat/big_data/python/venv/aflow_env/lib/python3.9/site-packages/airflow/example_dags/example_skip_dag.py
[2022-03-28 10:17:33,367] {processor.py:654} INFO - DAG(s) dict_keys(['example_skip_dag']) retrieved from /home/vengat/big_data/python/venv/aflow_env/lib/python3.9/site-packages/airflow/example_dags/example_skip_dag.py
[2022-03-28 10:17:33,379] {logging_mixin.py:109} INFO - [2022-03-28 10:17:33,378] {dag.py:2398} INFO - Sync 1 DAGs
[2022-03-28 10:17:33,397] {logging_mixin.py:109} INFO - [2022-03-28 10:17:33,397] {dag.py:2937} INFO - Setting next_dagrun for example_skip_dag to 2022-03-27T17:17:33.397254+00:00
[2022-03-28 10:17:33,406] {processor.py:171} INFO - Processing /home/vengat/big_data/python/venv/aflow_env/lib/python3.9/site-packages/airflow/example_dags/example_skip_dag.py took 0.075 seconds
[2022-03-28 10:18:06,760] {processor.py:163} INFO - Started process (PID=52989) to work on /home/vengat/big_data/python/venv/aflow_env/lib/python3.9/site-packages/airflow/example_dags/example_skip_dag.py
[2022-03-28 10:18:06,762] {processor.py:642} INFO - Processing file /home/vengat/big_data/python/venv/aflow_env/lib/python3.9/site-packages/airflow/example_dags/example_skip_dag.py for tasks to queue
[2022-03-28 10:18:06,762] {logging_mixin.py:109} INFO - [2022-03-28 10:18:06,762] {dagbag.py:500} INFO - Filling up the DagBag from /home/vengat/big_data/python/venv/aflow_env/lib/python3.9/site-packages/airflow/example_dags/example_skip_dag.py
[2022-03-28 10:18:06,788] {processor.py:654} INFO - DAG(s) dict_keys(['example_skip_dag']) retrieved from /home/vengat/big_data/python/venv/aflow_env/lib/python3.9/site-packages/airflow/example_dags/example_skip_dag.py
[2022-03-28 10:18:06,799] {logging_mixin.py:109} INFO - [2022-03-28 10:18:06,799] {dag.py:2398} INFO - Sync 1 DAGs
[2022-03-28 10:18:06,819] {logging_mixin.py:109} INFO - [2022-03-28 10:18:06,818] {dag.py:2937} INFO - Setting next_dagrun for example_skip_dag to 2022-03-27T17:18:06.818643+00:00
[2022-03-28 10:18:06,830] {processor.py:171} INFO - Processing /home/vengat/big_data/python/venv/aflow_env/lib/python3.9/site-packages/airflow/example_dags/example_skip_dag.py took 0.074 seconds
[2022-03-28 10:18:46,560] {processor.py:163} INFO - Started process (PID=53030) to work on /home/vengat/big_data/python/venv/aflow_env/lib/python3.9/site-packages/airflow/example_dags/example_skip_dag.py
[2022-03-28 10:18:46,562] {processor.py:642} INFO - Processing file /home/vengat/big_data/python/venv/aflow_env/lib/python3.9/site-packages/airflow/example_dags/example_skip_dag.py for tasks to queue
[2022-03-28 10:18:46,563] {logging_mixin.py:109} INFO - [2022-03-28 10:18:46,563] {dagbag.py:500} INFO - Filling up the DagBag from /home/vengat/big_data/python/venv/aflow_env/lib/python3.9/site-packages/airflow/example_dags/example_skip_dag.py
[2022-03-28 10:18:46,586] {processor.py:654} INFO - DAG(s) dict_keys(['example_skip_dag']) retrieved from /home/vengat/big_data/python/venv/aflow_env/lib/python3.9/site-packages/airflow/example_dags/example_skip_dag.py
[2022-03-28 10:18:46,595] {logging_mixin.py:109} INFO - [2022-03-28 10:18:46,595] {dag.py:2398} INFO - Sync 1 DAGs
[2022-03-28 10:18:46,607] {logging_mixin.py:109} INFO - [2022-03-28 10:18:46,607] {dag.py:2937} INFO - Setting next_dagrun for example_skip_dag to 2022-03-27T17:18:46.606700+00:00
[2022-03-28 10:18:46,615] {processor.py:171} INFO - Processing /home/vengat/big_data/python/venv/aflow_env/lib/python3.9/site-packages/airflow/example_dags/example_skip_dag.py took 0.063 seconds
[2022-03-28 10:19:21,468] {processor.py:163} INFO - Started process (PID=53064) to work on /home/vengat/big_data/python/venv/aflow_env/lib/python3.9/site-packages/airflow/example_dags/example_skip_dag.py
[2022-03-28 10:19:21,469] {processor.py:642} INFO - Processing file /home/vengat/big_data/python/venv/aflow_env/lib/python3.9/site-packages/airflow/example_dags/example_skip_dag.py for tasks to queue
[2022-03-28 10:19:21,470] {logging_mixin.py:109} INFO - [2022-03-28 10:19:21,470] {dagbag.py:500} INFO - Filling up the DagBag from /home/vengat/big_data/python/venv/aflow_env/lib/python3.9/site-packages/airflow/example_dags/example_skip_dag.py
[2022-03-28 10:19:21,493] {processor.py:654} INFO - DAG(s) dict_keys(['example_skip_dag']) retrieved from /home/vengat/big_data/python/venv/aflow_env/lib/python3.9/site-packages/airflow/example_dags/example_skip_dag.py
[2022-03-28 10:19:21,502] {logging_mixin.py:109} INFO - [2022-03-28 10:19:21,502] {dag.py:2398} INFO - Sync 1 DAGs
[2022-03-28 10:19:21,515] {logging_mixin.py:109} INFO - [2022-03-28 10:19:21,515] {dag.py:2937} INFO - Setting next_dagrun for example_skip_dag to 2022-03-27T17:19:21.514966+00:00
[2022-03-28 10:19:21,526] {processor.py:171} INFO - Processing /home/vengat/big_data/python/venv/aflow_env/lib/python3.9/site-packages/airflow/example_dags/example_skip_dag.py took 0.062 seconds
[2022-03-28 10:19:56,840] {processor.py:163} INFO - Started process (PID=53096) to work on /home/vengat/big_data/python/venv/aflow_env/lib/python3.9/site-packages/airflow/example_dags/example_skip_dag.py
[2022-03-28 10:19:56,842] {processor.py:642} INFO - Processing file /home/vengat/big_data/python/venv/aflow_env/lib/python3.9/site-packages/airflow/example_dags/example_skip_dag.py for tasks to queue
[2022-03-28 10:19:56,842] {logging_mixin.py:109} INFO - [2022-03-28 10:19:56,842] {dagbag.py:500} INFO - Filling up the DagBag from /home/vengat/big_data/python/venv/aflow_env/lib/python3.9/site-packages/airflow/example_dags/example_skip_dag.py
[2022-03-28 10:19:56,871] {processor.py:654} INFO - DAG(s) dict_keys(['example_skip_dag']) retrieved from /home/vengat/big_data/python/venv/aflow_env/lib/python3.9/site-packages/airflow/example_dags/example_skip_dag.py
[2022-03-28 10:19:56,882] {logging_mixin.py:109} INFO - [2022-03-28 10:19:56,882] {dag.py:2398} INFO - Sync 1 DAGs
[2022-03-28 10:19:56,895] {logging_mixin.py:109} INFO - [2022-03-28 10:19:56,895] {dag.py:2937} INFO - Setting next_dagrun for example_skip_dag to 2022-03-27T17:19:56.895019+00:00
[2022-03-28 10:19:56,909] {processor.py:171} INFO - Processing /home/vengat/big_data/python/venv/aflow_env/lib/python3.9/site-packages/airflow/example_dags/example_skip_dag.py took 0.073 seconds
[2022-03-28 10:20:31,144] {processor.py:163} INFO - Started process (PID=53129) to work on /home/vengat/big_data/python/venv/aflow_env/lib/python3.9/site-packages/airflow/example_dags/example_skip_dag.py
[2022-03-28 10:20:31,147] {processor.py:642} INFO - Processing file /home/vengat/big_data/python/venv/aflow_env/lib/python3.9/site-packages/airflow/example_dags/example_skip_dag.py for tasks to queue
[2022-03-28 10:20:31,149] {logging_mixin.py:109} INFO - [2022-03-28 10:20:31,148] {dagbag.py:500} INFO - Filling up the DagBag from /home/vengat/big_data/python/venv/aflow_env/lib/python3.9/site-packages/airflow/example_dags/example_skip_dag.py
[2022-03-28 10:20:31,196] {processor.py:654} INFO - DAG(s) dict_keys(['example_skip_dag']) retrieved from /home/vengat/big_data/python/venv/aflow_env/lib/python3.9/site-packages/airflow/example_dags/example_skip_dag.py
[2022-03-28 10:20:31,211] {logging_mixin.py:109} INFO - [2022-03-28 10:20:31,211] {dag.py:2398} INFO - Sync 1 DAGs
[2022-03-28 10:20:31,227] {logging_mixin.py:109} INFO - [2022-03-28 10:20:31,227] {dag.py:2937} INFO - Setting next_dagrun for example_skip_dag to 2022-03-27T17:20:31.226893+00:00
[2022-03-28 10:20:31,239] {processor.py:171} INFO - Processing /home/vengat/big_data/python/venv/aflow_env/lib/python3.9/site-packages/airflow/example_dags/example_skip_dag.py took 0.103 seconds
[2022-03-28 10:21:08,678] {processor.py:163} INFO - Started process (PID=53163) to work on /home/vengat/big_data/python/venv/aflow_env/lib/python3.9/site-packages/airflow/example_dags/example_skip_dag.py
[2022-03-28 10:21:08,680] {processor.py:642} INFO - Processing file /home/vengat/big_data/python/venv/aflow_env/lib/python3.9/site-packages/airflow/example_dags/example_skip_dag.py for tasks to queue
[2022-03-28 10:21:08,680] {logging_mixin.py:109} INFO - [2022-03-28 10:21:08,680] {dagbag.py:500} INFO - Filling up the DagBag from /home/vengat/big_data/python/venv/aflow_env/lib/python3.9/site-packages/airflow/example_dags/example_skip_dag.py
[2022-03-28 10:21:08,709] {processor.py:654} INFO - DAG(s) dict_keys(['example_skip_dag']) retrieved from /home/vengat/big_data/python/venv/aflow_env/lib/python3.9/site-packages/airflow/example_dags/example_skip_dag.py
[2022-03-28 10:21:08,719] {logging_mixin.py:109} INFO - [2022-03-28 10:21:08,719] {dag.py:2398} INFO - Sync 1 DAGs
[2022-03-28 10:21:08,732] {logging_mixin.py:109} INFO - [2022-03-28 10:21:08,732] {dag.py:2937} INFO - Setting next_dagrun for example_skip_dag to 2022-03-27T17:21:08.731740+00:00
[2022-03-28 10:21:08,747] {processor.py:171} INFO - Processing /home/vengat/big_data/python/venv/aflow_env/lib/python3.9/site-packages/airflow/example_dags/example_skip_dag.py took 0.074 seconds
[2022-03-28 10:21:41,436] {processor.py:163} INFO - Started process (PID=53196) to work on /home/vengat/big_data/python/venv/aflow_env/lib/python3.9/site-packages/airflow/example_dags/example_skip_dag.py
[2022-03-28 10:21:41,438] {processor.py:642} INFO - Processing file /home/vengat/big_data/python/venv/aflow_env/lib/python3.9/site-packages/airflow/example_dags/example_skip_dag.py for tasks to queue
[2022-03-28 10:21:41,438] {logging_mixin.py:109} INFO - [2022-03-28 10:21:41,438] {dagbag.py:500} INFO - Filling up the DagBag from /home/vengat/big_data/python/venv/aflow_env/lib/python3.9/site-packages/airflow/example_dags/example_skip_dag.py
[2022-03-28 10:21:41,466] {processor.py:654} INFO - DAG(s) dict_keys(['example_skip_dag']) retrieved from /home/vengat/big_data/python/venv/aflow_env/lib/python3.9/site-packages/airflow/example_dags/example_skip_dag.py
[2022-03-28 10:21:41,477] {logging_mixin.py:109} INFO - [2022-03-28 10:21:41,477] {dag.py:2398} INFO - Sync 1 DAGs
[2022-03-28 10:21:41,490] {logging_mixin.py:109} INFO - [2022-03-28 10:21:41,490] {dag.py:2937} INFO - Setting next_dagrun for example_skip_dag to 2022-03-27T17:21:41.490103+00:00
[2022-03-28 10:21:41,501] {processor.py:171} INFO - Processing /home/vengat/big_data/python/venv/aflow_env/lib/python3.9/site-packages/airflow/example_dags/example_skip_dag.py took 0.071 seconds
[2022-03-28 10:22:15,191] {processor.py:163} INFO - Started process (PID=53229) to work on /home/vengat/big_data/python/venv/aflow_env/lib/python3.9/site-packages/airflow/example_dags/example_skip_dag.py
[2022-03-28 10:22:15,192] {processor.py:642} INFO - Processing file /home/vengat/big_data/python/venv/aflow_env/lib/python3.9/site-packages/airflow/example_dags/example_skip_dag.py for tasks to queue
[2022-03-28 10:22:15,193] {logging_mixin.py:109} INFO - [2022-03-28 10:22:15,193] {dagbag.py:500} INFO - Filling up the DagBag from /home/vengat/big_data/python/venv/aflow_env/lib/python3.9/site-packages/airflow/example_dags/example_skip_dag.py
[2022-03-28 10:22:15,221] {processor.py:654} INFO - DAG(s) dict_keys(['example_skip_dag']) retrieved from /home/vengat/big_data/python/venv/aflow_env/lib/python3.9/site-packages/airflow/example_dags/example_skip_dag.py
[2022-03-28 10:22:15,232] {logging_mixin.py:109} INFO - [2022-03-28 10:22:15,232] {dag.py:2398} INFO - Sync 1 DAGs
[2022-03-28 10:22:15,248] {logging_mixin.py:109} INFO - [2022-03-28 10:22:15,248] {dag.py:2937} INFO - Setting next_dagrun for example_skip_dag to 2022-03-27T17:22:15.247477+00:00
[2022-03-28 10:22:15,257] {processor.py:171} INFO - Processing /home/vengat/big_data/python/venv/aflow_env/lib/python3.9/site-packages/airflow/example_dags/example_skip_dag.py took 0.069 seconds
[2022-03-28 10:22:51,051] {processor.py:163} INFO - Started process (PID=53263) to work on /home/vengat/big_data/python/venv/aflow_env/lib/python3.9/site-packages/airflow/example_dags/example_skip_dag.py
[2022-03-28 10:22:51,052] {processor.py:642} INFO - Processing file /home/vengat/big_data/python/venv/aflow_env/lib/python3.9/site-packages/airflow/example_dags/example_skip_dag.py for tasks to queue
[2022-03-28 10:22:51,053] {logging_mixin.py:109} INFO - [2022-03-28 10:22:51,053] {dagbag.py:500} INFO - Filling up the DagBag from /home/vengat/big_data/python/venv/aflow_env/lib/python3.9/site-packages/airflow/example_dags/example_skip_dag.py
[2022-03-28 10:22:51,086] {processor.py:654} INFO - DAG(s) dict_keys(['example_skip_dag']) retrieved from /home/vengat/big_data/python/venv/aflow_env/lib/python3.9/site-packages/airflow/example_dags/example_skip_dag.py
[2022-03-28 10:22:51,100] {logging_mixin.py:109} INFO - [2022-03-28 10:22:51,100] {dag.py:2398} INFO - Sync 1 DAGs
[2022-03-28 10:22:51,114] {logging_mixin.py:109} INFO - [2022-03-28 10:22:51,114] {dag.py:2937} INFO - Setting next_dagrun for example_skip_dag to 2022-03-27T17:22:51.114325+00:00
[2022-03-28 10:22:51,125] {processor.py:171} INFO - Processing /home/vengat/big_data/python/venv/aflow_env/lib/python3.9/site-packages/airflow/example_dags/example_skip_dag.py took 0.084 seconds
[2022-03-28 10:23:23,832] {processor.py:163} INFO - Started process (PID=53295) to work on /home/vengat/big_data/python/venv/aflow_env/lib/python3.9/site-packages/airflow/example_dags/example_skip_dag.py
[2022-03-28 10:23:23,834] {processor.py:642} INFO - Processing file /home/vengat/big_data/python/venv/aflow_env/lib/python3.9/site-packages/airflow/example_dags/example_skip_dag.py for tasks to queue
[2022-03-28 10:23:23,835] {logging_mixin.py:109} INFO - [2022-03-28 10:23:23,835] {dagbag.py:500} INFO - Filling up the DagBag from /home/vengat/big_data/python/venv/aflow_env/lib/python3.9/site-packages/airflow/example_dags/example_skip_dag.py
[2022-03-28 10:23:23,863] {processor.py:654} INFO - DAG(s) dict_keys(['example_skip_dag']) retrieved from /home/vengat/big_data/python/venv/aflow_env/lib/python3.9/site-packages/airflow/example_dags/example_skip_dag.py
[2022-03-28 10:23:23,873] {logging_mixin.py:109} INFO - [2022-03-28 10:23:23,873] {dag.py:2398} INFO - Sync 1 DAGs
[2022-03-28 10:23:23,888] {logging_mixin.py:109} INFO - [2022-03-28 10:23:23,888] {dag.py:2937} INFO - Setting next_dagrun for example_skip_dag to 2022-03-27T17:23:23.887741+00:00
[2022-03-28 10:23:23,899] {processor.py:171} INFO - Processing /home/vengat/big_data/python/venv/aflow_env/lib/python3.9/site-packages/airflow/example_dags/example_skip_dag.py took 0.073 seconds
[2022-03-28 10:23:58,653] {processor.py:163} INFO - Started process (PID=53331) to work on /home/vengat/big_data/python/venv/aflow_env/lib/python3.9/site-packages/airflow/example_dags/example_skip_dag.py
[2022-03-28 10:23:58,654] {processor.py:642} INFO - Processing file /home/vengat/big_data/python/venv/aflow_env/lib/python3.9/site-packages/airflow/example_dags/example_skip_dag.py for tasks to queue
[2022-03-28 10:23:58,655] {logging_mixin.py:109} INFO - [2022-03-28 10:23:58,655] {dagbag.py:500} INFO - Filling up the DagBag from /home/vengat/big_data/python/venv/aflow_env/lib/python3.9/site-packages/airflow/example_dags/example_skip_dag.py
[2022-03-28 10:23:58,683] {processor.py:654} INFO - DAG(s) dict_keys(['example_skip_dag']) retrieved from /home/vengat/big_data/python/venv/aflow_env/lib/python3.9/site-packages/airflow/example_dags/example_skip_dag.py
[2022-03-28 10:23:58,692] {logging_mixin.py:109} INFO - [2022-03-28 10:23:58,692] {dag.py:2398} INFO - Sync 1 DAGs
[2022-03-28 10:23:58,707] {logging_mixin.py:109} INFO - [2022-03-28 10:23:58,707] {dag.py:2937} INFO - Setting next_dagrun for example_skip_dag to 2022-03-27T17:23:58.706863+00:00
[2022-03-28 10:23:58,719] {processor.py:171} INFO - Processing /home/vengat/big_data/python/venv/aflow_env/lib/python3.9/site-packages/airflow/example_dags/example_skip_dag.py took 0.069 seconds
[2022-03-28 10:24:36,319] {processor.py:163} INFO - Started process (PID=53366) to work on /home/vengat/big_data/python/venv/aflow_env/lib/python3.9/site-packages/airflow/example_dags/example_skip_dag.py
[2022-03-28 10:24:36,321] {processor.py:642} INFO - Processing file /home/vengat/big_data/python/venv/aflow_env/lib/python3.9/site-packages/airflow/example_dags/example_skip_dag.py for tasks to queue
[2022-03-28 10:24:36,322] {logging_mixin.py:109} INFO - [2022-03-28 10:24:36,322] {dagbag.py:500} INFO - Filling up the DagBag from /home/vengat/big_data/python/venv/aflow_env/lib/python3.9/site-packages/airflow/example_dags/example_skip_dag.py
[2022-03-28 10:24:36,350] {processor.py:654} INFO - DAG(s) dict_keys(['example_skip_dag']) retrieved from /home/vengat/big_data/python/venv/aflow_env/lib/python3.9/site-packages/airflow/example_dags/example_skip_dag.py
[2022-03-28 10:24:36,360] {logging_mixin.py:109} INFO - [2022-03-28 10:24:36,359] {dag.py:2398} INFO - Sync 1 DAGs
[2022-03-28 10:24:36,375] {logging_mixin.py:109} INFO - [2022-03-28 10:24:36,375] {dag.py:2937} INFO - Setting next_dagrun for example_skip_dag to 2022-03-27T17:24:36.375257+00:00
[2022-03-28 10:24:36,386] {processor.py:171} INFO - Processing /home/vengat/big_data/python/venv/aflow_env/lib/python3.9/site-packages/airflow/example_dags/example_skip_dag.py took 0.071 seconds
[2022-03-28 10:25:12,649] {processor.py:163} INFO - Started process (PID=53400) to work on /home/vengat/big_data/python/venv/aflow_env/lib/python3.9/site-packages/airflow/example_dags/example_skip_dag.py
[2022-03-28 10:25:12,651] {processor.py:642} INFO - Processing file /home/vengat/big_data/python/venv/aflow_env/lib/python3.9/site-packages/airflow/example_dags/example_skip_dag.py for tasks to queue
[2022-03-28 10:25:12,652] {logging_mixin.py:109} INFO - [2022-03-28 10:25:12,652] {dagbag.py:500} INFO - Filling up the DagBag from /home/vengat/big_data/python/venv/aflow_env/lib/python3.9/site-packages/airflow/example_dags/example_skip_dag.py
[2022-03-28 10:25:12,681] {processor.py:654} INFO - DAG(s) dict_keys(['example_skip_dag']) retrieved from /home/vengat/big_data/python/venv/aflow_env/lib/python3.9/site-packages/airflow/example_dags/example_skip_dag.py
[2022-03-28 10:25:12,690] {logging_mixin.py:109} INFO - [2022-03-28 10:25:12,690] {dag.py:2398} INFO - Sync 1 DAGs
[2022-03-28 10:25:12,707] {logging_mixin.py:109} INFO - [2022-03-28 10:25:12,707] {dag.py:2937} INFO - Setting next_dagrun for example_skip_dag to 2022-03-27T17:25:12.707177+00:00
[2022-03-28 10:25:12,717] {processor.py:171} INFO - Processing /home/vengat/big_data/python/venv/aflow_env/lib/python3.9/site-packages/airflow/example_dags/example_skip_dag.py took 0.071 seconds
[2022-03-28 10:25:51,125] {processor.py:163} INFO - Started process (PID=53435) to work on /home/vengat/big_data/python/venv/aflow_env/lib/python3.9/site-packages/airflow/example_dags/example_skip_dag.py
[2022-03-28 10:25:51,128] {processor.py:642} INFO - Processing file /home/vengat/big_data/python/venv/aflow_env/lib/python3.9/site-packages/airflow/example_dags/example_skip_dag.py for tasks to queue
[2022-03-28 10:25:51,129] {logging_mixin.py:109} INFO - [2022-03-28 10:25:51,129] {dagbag.py:500} INFO - Filling up the DagBag from /home/vengat/big_data/python/venv/aflow_env/lib/python3.9/site-packages/airflow/example_dags/example_skip_dag.py
[2022-03-28 10:25:51,161] {processor.py:654} INFO - DAG(s) dict_keys(['example_skip_dag']) retrieved from /home/vengat/big_data/python/venv/aflow_env/lib/python3.9/site-packages/airflow/example_dags/example_skip_dag.py
[2022-03-28 10:25:51,172] {logging_mixin.py:109} INFO - [2022-03-28 10:25:51,172] {dag.py:2398} INFO - Sync 1 DAGs
[2022-03-28 10:25:51,192] {logging_mixin.py:109} INFO - [2022-03-28 10:25:51,192] {dag.py:2937} INFO - Setting next_dagrun for example_skip_dag to 2022-03-27T17:25:51.192137+00:00
[2022-03-28 10:25:51,217] {processor.py:171} INFO - Processing /home/vengat/big_data/python/venv/aflow_env/lib/python3.9/site-packages/airflow/example_dags/example_skip_dag.py took 0.097 seconds
[2022-03-28 10:26:22,604] {processor.py:163} INFO - Started process (PID=53467) to work on /home/vengat/big_data/python/venv/aflow_env/lib/python3.9/site-packages/airflow/example_dags/example_skip_dag.py
[2022-03-28 10:26:22,606] {processor.py:642} INFO - Processing file /home/vengat/big_data/python/venv/aflow_env/lib/python3.9/site-packages/airflow/example_dags/example_skip_dag.py for tasks to queue
[2022-03-28 10:26:22,606] {logging_mixin.py:109} INFO - [2022-03-28 10:26:22,606] {dagbag.py:500} INFO - Filling up the DagBag from /home/vengat/big_data/python/venv/aflow_env/lib/python3.9/site-packages/airflow/example_dags/example_skip_dag.py
[2022-03-28 10:26:22,634] {processor.py:654} INFO - DAG(s) dict_keys(['example_skip_dag']) retrieved from /home/vengat/big_data/python/venv/aflow_env/lib/python3.9/site-packages/airflow/example_dags/example_skip_dag.py
[2022-03-28 10:26:22,643] {logging_mixin.py:109} INFO - [2022-03-28 10:26:22,643] {dag.py:2398} INFO - Sync 1 DAGs
[2022-03-28 10:26:22,656] {logging_mixin.py:109} INFO - [2022-03-28 10:26:22,656] {dag.py:2937} INFO - Setting next_dagrun for example_skip_dag to 2022-03-27T17:26:22.655904+00:00
[2022-03-28 10:26:22,668] {processor.py:171} INFO - Processing /home/vengat/big_data/python/venv/aflow_env/lib/python3.9/site-packages/airflow/example_dags/example_skip_dag.py took 0.067 seconds
[2022-03-28 10:26:56,536] {processor.py:163} INFO - Started process (PID=53499) to work on /home/vengat/big_data/python/venv/aflow_env/lib/python3.9/site-packages/airflow/example_dags/example_skip_dag.py
[2022-03-28 10:26:56,537] {processor.py:642} INFO - Processing file /home/vengat/big_data/python/venv/aflow_env/lib/python3.9/site-packages/airflow/example_dags/example_skip_dag.py for tasks to queue
[2022-03-28 10:26:56,538] {logging_mixin.py:109} INFO - [2022-03-28 10:26:56,538] {dagbag.py:500} INFO - Filling up the DagBag from /home/vengat/big_data/python/venv/aflow_env/lib/python3.9/site-packages/airflow/example_dags/example_skip_dag.py
[2022-03-28 10:26:56,564] {processor.py:654} INFO - DAG(s) dict_keys(['example_skip_dag']) retrieved from /home/vengat/big_data/python/venv/aflow_env/lib/python3.9/site-packages/airflow/example_dags/example_skip_dag.py
[2022-03-28 10:26:56,574] {logging_mixin.py:109} INFO - [2022-03-28 10:26:56,574] {dag.py:2398} INFO - Sync 1 DAGs
[2022-03-28 10:26:56,593] {logging_mixin.py:109} INFO - [2022-03-28 10:26:56,593] {dag.py:2937} INFO - Setting next_dagrun for example_skip_dag to 2022-03-27T17:26:56.593329+00:00
[2022-03-28 10:26:56,606] {processor.py:171} INFO - Processing /home/vengat/big_data/python/venv/aflow_env/lib/python3.9/site-packages/airflow/example_dags/example_skip_dag.py took 0.073 seconds
[2022-03-28 10:27:30,961] {processor.py:163} INFO - Started process (PID=53532) to work on /home/vengat/big_data/python/venv/aflow_env/lib/python3.9/site-packages/airflow/example_dags/example_skip_dag.py
[2022-03-28 10:27:30,963] {processor.py:642} INFO - Processing file /home/vengat/big_data/python/venv/aflow_env/lib/python3.9/site-packages/airflow/example_dags/example_skip_dag.py for tasks to queue
[2022-03-28 10:27:30,964] {logging_mixin.py:109} INFO - [2022-03-28 10:27:30,964] {dagbag.py:500} INFO - Filling up the DagBag from /home/vengat/big_data/python/venv/aflow_env/lib/python3.9/site-packages/airflow/example_dags/example_skip_dag.py
[2022-03-28 10:27:30,996] {processor.py:654} INFO - DAG(s) dict_keys(['example_skip_dag']) retrieved from /home/vengat/big_data/python/venv/aflow_env/lib/python3.9/site-packages/airflow/example_dags/example_skip_dag.py
[2022-03-28 10:27:31,008] {logging_mixin.py:109} INFO - [2022-03-28 10:27:31,008] {dag.py:2398} INFO - Sync 1 DAGs
[2022-03-28 10:27:31,025] {logging_mixin.py:109} INFO - [2022-03-28 10:27:31,025] {dag.py:2937} INFO - Setting next_dagrun for example_skip_dag to 2022-03-27T17:27:31.025415+00:00
[2022-03-28 10:27:31,036] {processor.py:171} INFO - Processing /home/vengat/big_data/python/venv/aflow_env/lib/python3.9/site-packages/airflow/example_dags/example_skip_dag.py took 0.078 seconds
[2022-03-28 10:28:05,852] {processor.py:163} INFO - Started process (PID=53564) to work on /home/vengat/big_data/python/venv/aflow_env/lib/python3.9/site-packages/airflow/example_dags/example_skip_dag.py
[2022-03-28 10:28:05,854] {processor.py:642} INFO - Processing file /home/vengat/big_data/python/venv/aflow_env/lib/python3.9/site-packages/airflow/example_dags/example_skip_dag.py for tasks to queue
[2022-03-28 10:28:05,855] {logging_mixin.py:109} INFO - [2022-03-28 10:28:05,855] {dagbag.py:500} INFO - Filling up the DagBag from /home/vengat/big_data/python/venv/aflow_env/lib/python3.9/site-packages/airflow/example_dags/example_skip_dag.py
[2022-03-28 10:28:05,892] {processor.py:654} INFO - DAG(s) dict_keys(['example_skip_dag']) retrieved from /home/vengat/big_data/python/venv/aflow_env/lib/python3.9/site-packages/airflow/example_dags/example_skip_dag.py
[2022-03-28 10:28:05,903] {logging_mixin.py:109} INFO - [2022-03-28 10:28:05,903] {dag.py:2398} INFO - Sync 1 DAGs
[2022-03-28 10:28:05,915] {logging_mixin.py:109} INFO - [2022-03-28 10:28:05,915] {dag.py:2937} INFO - Setting next_dagrun for example_skip_dag to 2022-03-27T17:28:05.914750+00:00
[2022-03-28 10:28:05,926] {processor.py:171} INFO - Processing /home/vengat/big_data/python/venv/aflow_env/lib/python3.9/site-packages/airflow/example_dags/example_skip_dag.py took 0.079 seconds
[2022-03-28 10:28:41,760] {processor.py:163} INFO - Started process (PID=53600) to work on /home/vengat/big_data/python/venv/aflow_env/lib/python3.9/site-packages/airflow/example_dags/example_skip_dag.py
[2022-03-28 10:28:41,763] {processor.py:642} INFO - Processing file /home/vengat/big_data/python/venv/aflow_env/lib/python3.9/site-packages/airflow/example_dags/example_skip_dag.py for tasks to queue
[2022-03-28 10:28:41,764] {logging_mixin.py:109} INFO - [2022-03-28 10:28:41,764] {dagbag.py:500} INFO - Filling up the DagBag from /home/vengat/big_data/python/venv/aflow_env/lib/python3.9/site-packages/airflow/example_dags/example_skip_dag.py
[2022-03-28 10:28:41,828] {processor.py:654} INFO - DAG(s) dict_keys(['example_skip_dag']) retrieved from /home/vengat/big_data/python/venv/aflow_env/lib/python3.9/site-packages/airflow/example_dags/example_skip_dag.py
[2022-03-28 10:28:41,841] {logging_mixin.py:109} INFO - [2022-03-28 10:28:41,841] {dag.py:2398} INFO - Sync 1 DAGs
[2022-03-28 10:28:41,860] {logging_mixin.py:109} INFO - [2022-03-28 10:28:41,860] {dag.py:2937} INFO - Setting next_dagrun for example_skip_dag to 2022-03-27T17:28:41.859785+00:00
[2022-03-28 10:28:41,872] {processor.py:171} INFO - Processing /home/vengat/big_data/python/venv/aflow_env/lib/python3.9/site-packages/airflow/example_dags/example_skip_dag.py took 0.120 seconds
[2022-03-28 10:29:15,974] {processor.py:163} INFO - Started process (PID=53633) to work on /home/vengat/big_data/python/venv/aflow_env/lib/python3.9/site-packages/airflow/example_dags/example_skip_dag.py
[2022-03-28 10:29:15,976] {processor.py:642} INFO - Processing file /home/vengat/big_data/python/venv/aflow_env/lib/python3.9/site-packages/airflow/example_dags/example_skip_dag.py for tasks to queue
[2022-03-28 10:29:15,976] {logging_mixin.py:109} INFO - [2022-03-28 10:29:15,976] {dagbag.py:500} INFO - Filling up the DagBag from /home/vengat/big_data/python/venv/aflow_env/lib/python3.9/site-packages/airflow/example_dags/example_skip_dag.py
[2022-03-28 10:29:16,007] {processor.py:654} INFO - DAG(s) dict_keys(['example_skip_dag']) retrieved from /home/vengat/big_data/python/venv/aflow_env/lib/python3.9/site-packages/airflow/example_dags/example_skip_dag.py
[2022-03-28 10:29:16,022] {logging_mixin.py:109} INFO - [2022-03-28 10:29:16,021] {dag.py:2398} INFO - Sync 1 DAGs
[2022-03-28 10:29:16,033] {logging_mixin.py:109} INFO - [2022-03-28 10:29:16,033] {dag.py:2937} INFO - Setting next_dagrun for example_skip_dag to 2022-03-27T17:29:16.032933+00:00
[2022-03-28 10:29:16,041] {processor.py:171} INFO - Processing /home/vengat/big_data/python/venv/aflow_env/lib/python3.9/site-packages/airflow/example_dags/example_skip_dag.py took 0.070 seconds
[2022-03-28 10:29:49,339] {processor.py:163} INFO - Started process (PID=53670) to work on /home/vengat/big_data/python/venv/aflow_env/lib/python3.9/site-packages/airflow/example_dags/example_skip_dag.py
[2022-03-28 10:29:49,341] {processor.py:642} INFO - Processing file /home/vengat/big_data/python/venv/aflow_env/lib/python3.9/site-packages/airflow/example_dags/example_skip_dag.py for tasks to queue
[2022-03-28 10:29:49,342] {logging_mixin.py:109} INFO - [2022-03-28 10:29:49,342] {dagbag.py:500} INFO - Filling up the DagBag from /home/vengat/big_data/python/venv/aflow_env/lib/python3.9/site-packages/airflow/example_dags/example_skip_dag.py
[2022-03-28 10:29:49,367] {processor.py:654} INFO - DAG(s) dict_keys(['example_skip_dag']) retrieved from /home/vengat/big_data/python/venv/aflow_env/lib/python3.9/site-packages/airflow/example_dags/example_skip_dag.py
[2022-03-28 10:29:49,376] {logging_mixin.py:109} INFO - [2022-03-28 10:29:49,376] {dag.py:2398} INFO - Sync 1 DAGs
[2022-03-28 10:29:49,388] {logging_mixin.py:109} INFO - [2022-03-28 10:29:49,388] {dag.py:2937} INFO - Setting next_dagrun for example_skip_dag to 2022-03-27T17:29:49.388422+00:00
[2022-03-28 10:29:49,399] {processor.py:171} INFO - Processing /home/vengat/big_data/python/venv/aflow_env/lib/python3.9/site-packages/airflow/example_dags/example_skip_dag.py took 0.063 seconds
[2022-03-28 10:30:24,348] {processor.py:163} INFO - Started process (PID=53705) to work on /home/vengat/big_data/python/venv/aflow_env/lib/python3.9/site-packages/airflow/example_dags/example_skip_dag.py
[2022-03-28 10:30:24,350] {processor.py:642} INFO - Processing file /home/vengat/big_data/python/venv/aflow_env/lib/python3.9/site-packages/airflow/example_dags/example_skip_dag.py for tasks to queue
[2022-03-28 10:30:24,351] {logging_mixin.py:109} INFO - [2022-03-28 10:30:24,351] {dagbag.py:500} INFO - Filling up the DagBag from /home/vengat/big_data/python/venv/aflow_env/lib/python3.9/site-packages/airflow/example_dags/example_skip_dag.py
[2022-03-28 10:30:24,382] {processor.py:654} INFO - DAG(s) dict_keys(['example_skip_dag']) retrieved from /home/vengat/big_data/python/venv/aflow_env/lib/python3.9/site-packages/airflow/example_dags/example_skip_dag.py
[2022-03-28 10:30:24,394] {logging_mixin.py:109} INFO - [2022-03-28 10:30:24,394] {dag.py:2398} INFO - Sync 1 DAGs
[2022-03-28 10:30:24,408] {logging_mixin.py:109} INFO - [2022-03-28 10:30:24,408] {dag.py:2937} INFO - Setting next_dagrun for example_skip_dag to 2022-03-27T17:30:24.408042+00:00
[2022-03-28 10:30:24,420] {processor.py:171} INFO - Processing /home/vengat/big_data/python/venv/aflow_env/lib/python3.9/site-packages/airflow/example_dags/example_skip_dag.py took 0.075 seconds
[2022-03-28 10:30:56,801] {processor.py:163} INFO - Started process (PID=53737) to work on /home/vengat/big_data/python/venv/aflow_env/lib/python3.9/site-packages/airflow/example_dags/example_skip_dag.py
[2022-03-28 10:30:56,802] {processor.py:642} INFO - Processing file /home/vengat/big_data/python/venv/aflow_env/lib/python3.9/site-packages/airflow/example_dags/example_skip_dag.py for tasks to queue
[2022-03-28 10:30:56,803] {logging_mixin.py:109} INFO - [2022-03-28 10:30:56,803] {dagbag.py:500} INFO - Filling up the DagBag from /home/vengat/big_data/python/venv/aflow_env/lib/python3.9/site-packages/airflow/example_dags/example_skip_dag.py
[2022-03-28 10:30:56,828] {processor.py:654} INFO - DAG(s) dict_keys(['example_skip_dag']) retrieved from /home/vengat/big_data/python/venv/aflow_env/lib/python3.9/site-packages/airflow/example_dags/example_skip_dag.py
[2022-03-28 10:30:56,836] {logging_mixin.py:109} INFO - [2022-03-28 10:30:56,836] {dag.py:2398} INFO - Sync 1 DAGs
[2022-03-28 10:30:56,848] {logging_mixin.py:109} INFO - [2022-03-28 10:30:56,847] {dag.py:2937} INFO - Setting next_dagrun for example_skip_dag to 2022-03-27T17:30:56.847577+00:00
[2022-03-28 10:30:56,856] {processor.py:171} INFO - Processing /home/vengat/big_data/python/venv/aflow_env/lib/python3.9/site-packages/airflow/example_dags/example_skip_dag.py took 0.059 seconds
[2022-03-28 10:31:29,811] {processor.py:163} INFO - Started process (PID=53769) to work on /home/vengat/big_data/python/venv/aflow_env/lib/python3.9/site-packages/airflow/example_dags/example_skip_dag.py
[2022-03-28 10:31:29,813] {processor.py:642} INFO - Processing file /home/vengat/big_data/python/venv/aflow_env/lib/python3.9/site-packages/airflow/example_dags/example_skip_dag.py for tasks to queue
[2022-03-28 10:31:29,814] {logging_mixin.py:109} INFO - [2022-03-28 10:31:29,814] {dagbag.py:500} INFO - Filling up the DagBag from /home/vengat/big_data/python/venv/aflow_env/lib/python3.9/site-packages/airflow/example_dags/example_skip_dag.py
[2022-03-28 10:31:29,840] {processor.py:654} INFO - DAG(s) dict_keys(['example_skip_dag']) retrieved from /home/vengat/big_data/python/venv/aflow_env/lib/python3.9/site-packages/airflow/example_dags/example_skip_dag.py
[2022-03-28 10:31:29,848] {logging_mixin.py:109} INFO - [2022-03-28 10:31:29,848] {dag.py:2398} INFO - Sync 1 DAGs
[2022-03-28 10:31:29,859] {logging_mixin.py:109} INFO - [2022-03-28 10:31:29,859] {dag.py:2937} INFO - Setting next_dagrun for example_skip_dag to 2022-03-27T17:31:29.859615+00:00
[2022-03-28 10:31:29,868] {processor.py:171} INFO - Processing /home/vengat/big_data/python/venv/aflow_env/lib/python3.9/site-packages/airflow/example_dags/example_skip_dag.py took 0.064 seconds
[2022-03-28 10:32:04,707] {processor.py:163} INFO - Started process (PID=53807) to work on /home/vengat/big_data/python/venv/aflow_env/lib/python3.9/site-packages/airflow/example_dags/example_skip_dag.py
[2022-03-28 10:32:04,709] {processor.py:642} INFO - Processing file /home/vengat/big_data/python/venv/aflow_env/lib/python3.9/site-packages/airflow/example_dags/example_skip_dag.py for tasks to queue
[2022-03-28 10:32:04,710] {logging_mixin.py:109} INFO - [2022-03-28 10:32:04,709] {dagbag.py:500} INFO - Filling up the DagBag from /home/vengat/big_data/python/venv/aflow_env/lib/python3.9/site-packages/airflow/example_dags/example_skip_dag.py
[2022-03-28 10:32:04,731] {processor.py:654} INFO - DAG(s) dict_keys(['example_skip_dag']) retrieved from /home/vengat/big_data/python/venv/aflow_env/lib/python3.9/site-packages/airflow/example_dags/example_skip_dag.py
[2022-03-28 10:32:04,739] {logging_mixin.py:109} INFO - [2022-03-28 10:32:04,739] {dag.py:2398} INFO - Sync 1 DAGs
[2022-03-28 10:32:04,753] {logging_mixin.py:109} INFO - [2022-03-28 10:32:04,753] {dag.py:2937} INFO - Setting next_dagrun for example_skip_dag to 2022-03-27T17:32:04.752733+00:00
[2022-03-28 10:32:04,763] {processor.py:171} INFO - Processing /home/vengat/big_data/python/venv/aflow_env/lib/python3.9/site-packages/airflow/example_dags/example_skip_dag.py took 0.058 seconds
[2022-03-28 10:32:37,898] {processor.py:163} INFO - Started process (PID=53839) to work on /home/vengat/big_data/python/venv/aflow_env/lib/python3.9/site-packages/airflow/example_dags/example_skip_dag.py
[2022-03-28 10:32:37,899] {processor.py:642} INFO - Processing file /home/vengat/big_data/python/venv/aflow_env/lib/python3.9/site-packages/airflow/example_dags/example_skip_dag.py for tasks to queue
[2022-03-28 10:32:37,900] {logging_mixin.py:109} INFO - [2022-03-28 10:32:37,900] {dagbag.py:500} INFO - Filling up the DagBag from /home/vengat/big_data/python/venv/aflow_env/lib/python3.9/site-packages/airflow/example_dags/example_skip_dag.py
[2022-03-28 10:32:37,932] {processor.py:654} INFO - DAG(s) dict_keys(['example_skip_dag']) retrieved from /home/vengat/big_data/python/venv/aflow_env/lib/python3.9/site-packages/airflow/example_dags/example_skip_dag.py
[2022-03-28 10:32:37,943] {logging_mixin.py:109} INFO - [2022-03-28 10:32:37,943] {dag.py:2398} INFO - Sync 1 DAGs
[2022-03-28 10:32:37,958] {logging_mixin.py:109} INFO - [2022-03-28 10:32:37,958] {dag.py:2937} INFO - Setting next_dagrun for example_skip_dag to 2022-03-27T17:32:37.957734+00:00
[2022-03-28 10:32:37,967] {processor.py:171} INFO - Processing /home/vengat/big_data/python/venv/aflow_env/lib/python3.9/site-packages/airflow/example_dags/example_skip_dag.py took 0.078 seconds
[2022-03-28 10:33:14,340] {processor.py:163} INFO - Started process (PID=53875) to work on /home/vengat/big_data/python/venv/aflow_env/lib/python3.9/site-packages/airflow/example_dags/example_skip_dag.py
[2022-03-28 10:33:14,342] {processor.py:642} INFO - Processing file /home/vengat/big_data/python/venv/aflow_env/lib/python3.9/site-packages/airflow/example_dags/example_skip_dag.py for tasks to queue
[2022-03-28 10:33:14,342] {logging_mixin.py:109} INFO - [2022-03-28 10:33:14,342] {dagbag.py:500} INFO - Filling up the DagBag from /home/vengat/big_data/python/venv/aflow_env/lib/python3.9/site-packages/airflow/example_dags/example_skip_dag.py
[2022-03-28 10:33:14,369] {processor.py:654} INFO - DAG(s) dict_keys(['example_skip_dag']) retrieved from /home/vengat/big_data/python/venv/aflow_env/lib/python3.9/site-packages/airflow/example_dags/example_skip_dag.py
[2022-03-28 10:33:14,379] {logging_mixin.py:109} INFO - [2022-03-28 10:33:14,379] {dag.py:2398} INFO - Sync 1 DAGs
[2022-03-28 10:33:14,396] {logging_mixin.py:109} INFO - [2022-03-28 10:33:14,396] {dag.py:2937} INFO - Setting next_dagrun for example_skip_dag to 2022-03-27T17:33:14.395873+00:00
[2022-03-28 10:33:14,411] {processor.py:171} INFO - Processing /home/vengat/big_data/python/venv/aflow_env/lib/python3.9/site-packages/airflow/example_dags/example_skip_dag.py took 0.075 seconds
[2022-03-28 10:33:52,103] {processor.py:163} INFO - Started process (PID=53917) to work on /home/vengat/big_data/python/venv/aflow_env/lib/python3.9/site-packages/airflow/example_dags/example_skip_dag.py
[2022-03-28 10:33:52,105] {processor.py:642} INFO - Processing file /home/vengat/big_data/python/venv/aflow_env/lib/python3.9/site-packages/airflow/example_dags/example_skip_dag.py for tasks to queue
[2022-03-28 10:33:52,106] {logging_mixin.py:109} INFO - [2022-03-28 10:33:52,106] {dagbag.py:500} INFO - Filling up the DagBag from /home/vengat/big_data/python/venv/aflow_env/lib/python3.9/site-packages/airflow/example_dags/example_skip_dag.py
[2022-03-28 10:33:52,148] {processor.py:654} INFO - DAG(s) dict_keys(['example_skip_dag']) retrieved from /home/vengat/big_data/python/venv/aflow_env/lib/python3.9/site-packages/airflow/example_dags/example_skip_dag.py
[2022-03-28 10:33:52,159] {logging_mixin.py:109} INFO - [2022-03-28 10:33:52,159] {dag.py:2398} INFO - Sync 1 DAGs
[2022-03-28 10:33:52,172] {logging_mixin.py:109} INFO - [2022-03-28 10:33:52,172] {dag.py:2937} INFO - Setting next_dagrun for example_skip_dag to 2022-03-27T17:33:52.171980+00:00
[2022-03-28 10:33:52,184] {processor.py:171} INFO - Processing /home/vengat/big_data/python/venv/aflow_env/lib/python3.9/site-packages/airflow/example_dags/example_skip_dag.py took 0.085 seconds
[2022-03-28 10:34:24,742] {processor.py:163} INFO - Started process (PID=53949) to work on /home/vengat/big_data/python/venv/aflow_env/lib/python3.9/site-packages/airflow/example_dags/example_skip_dag.py
[2022-03-28 10:34:24,744] {processor.py:642} INFO - Processing file /home/vengat/big_data/python/venv/aflow_env/lib/python3.9/site-packages/airflow/example_dags/example_skip_dag.py for tasks to queue
[2022-03-28 10:34:24,745] {logging_mixin.py:109} INFO - [2022-03-28 10:34:24,744] {dagbag.py:500} INFO - Filling up the DagBag from /home/vengat/big_data/python/venv/aflow_env/lib/python3.9/site-packages/airflow/example_dags/example_skip_dag.py
[2022-03-28 10:34:24,770] {processor.py:654} INFO - DAG(s) dict_keys(['example_skip_dag']) retrieved from /home/vengat/big_data/python/venv/aflow_env/lib/python3.9/site-packages/airflow/example_dags/example_skip_dag.py
[2022-03-28 10:34:24,780] {logging_mixin.py:109} INFO - [2022-03-28 10:34:24,779] {dag.py:2398} INFO - Sync 1 DAGs
[2022-03-28 10:34:24,793] {logging_mixin.py:109} INFO - [2022-03-28 10:34:24,792] {dag.py:2937} INFO - Setting next_dagrun for example_skip_dag to 2022-03-27T17:34:24.792488+00:00
[2022-03-28 10:34:24,802] {processor.py:171} INFO - Processing /home/vengat/big_data/python/venv/aflow_env/lib/python3.9/site-packages/airflow/example_dags/example_skip_dag.py took 0.065 seconds
[2022-03-28 10:35:04,690] {processor.py:163} INFO - Started process (PID=53986) to work on /home/vengat/big_data/python/venv/aflow_env/lib/python3.9/site-packages/airflow/example_dags/example_skip_dag.py
[2022-03-28 10:35:04,691] {processor.py:642} INFO - Processing file /home/vengat/big_data/python/venv/aflow_env/lib/python3.9/site-packages/airflow/example_dags/example_skip_dag.py for tasks to queue
[2022-03-28 10:35:04,692] {logging_mixin.py:109} INFO - [2022-03-28 10:35:04,692] {dagbag.py:500} INFO - Filling up the DagBag from /home/vengat/big_data/python/venv/aflow_env/lib/python3.9/site-packages/airflow/example_dags/example_skip_dag.py
[2022-03-28 10:35:04,717] {processor.py:654} INFO - DAG(s) dict_keys(['example_skip_dag']) retrieved from /home/vengat/big_data/python/venv/aflow_env/lib/python3.9/site-packages/airflow/example_dags/example_skip_dag.py
[2022-03-28 10:35:04,728] {logging_mixin.py:109} INFO - [2022-03-28 10:35:04,728] {dag.py:2398} INFO - Sync 1 DAGs
[2022-03-28 10:35:04,741] {logging_mixin.py:109} INFO - [2022-03-28 10:35:04,741] {dag.py:2937} INFO - Setting next_dagrun for example_skip_dag to 2022-03-27T17:35:04.740806+00:00
[2022-03-28 10:35:04,754] {processor.py:171} INFO - Processing /home/vengat/big_data/python/venv/aflow_env/lib/python3.9/site-packages/airflow/example_dags/example_skip_dag.py took 0.069 seconds
[2022-03-28 10:35:40,171] {processor.py:163} INFO - Started process (PID=54018) to work on /home/vengat/big_data/python/venv/aflow_env/lib/python3.9/site-packages/airflow/example_dags/example_skip_dag.py
[2022-03-28 10:35:40,174] {processor.py:642} INFO - Processing file /home/vengat/big_data/python/venv/aflow_env/lib/python3.9/site-packages/airflow/example_dags/example_skip_dag.py for tasks to queue
[2022-03-28 10:35:40,174] {logging_mixin.py:109} INFO - [2022-03-28 10:35:40,174] {dagbag.py:500} INFO - Filling up the DagBag from /home/vengat/big_data/python/venv/aflow_env/lib/python3.9/site-packages/airflow/example_dags/example_skip_dag.py
[2022-03-28 10:35:40,212] {processor.py:654} INFO - DAG(s) dict_keys(['example_skip_dag']) retrieved from /home/vengat/big_data/python/venv/aflow_env/lib/python3.9/site-packages/airflow/example_dags/example_skip_dag.py
[2022-03-28 10:35:40,226] {logging_mixin.py:109} INFO - [2022-03-28 10:35:40,226] {dag.py:2398} INFO - Sync 1 DAGs
[2022-03-28 10:35:40,242] {logging_mixin.py:109} INFO - [2022-03-28 10:35:40,242] {dag.py:2937} INFO - Setting next_dagrun for example_skip_dag to 2022-03-27T17:35:40.241919+00:00
[2022-03-28 10:35:40,257] {processor.py:171} INFO - Processing /home/vengat/big_data/python/venv/aflow_env/lib/python3.9/site-packages/airflow/example_dags/example_skip_dag.py took 0.090 seconds
[2022-03-28 10:36:17,006] {processor.py:163} INFO - Started process (PID=54053) to work on /home/vengat/big_data/python/venv/aflow_env/lib/python3.9/site-packages/airflow/example_dags/example_skip_dag.py
[2022-03-28 10:36:17,009] {processor.py:642} INFO - Processing file /home/vengat/big_data/python/venv/aflow_env/lib/python3.9/site-packages/airflow/example_dags/example_skip_dag.py for tasks to queue
[2022-03-28 10:36:17,010] {logging_mixin.py:109} INFO - [2022-03-28 10:36:17,009] {dagbag.py:500} INFO - Filling up the DagBag from /home/vengat/big_data/python/venv/aflow_env/lib/python3.9/site-packages/airflow/example_dags/example_skip_dag.py
[2022-03-28 10:36:17,043] {processor.py:654} INFO - DAG(s) dict_keys(['example_skip_dag']) retrieved from /home/vengat/big_data/python/venv/aflow_env/lib/python3.9/site-packages/airflow/example_dags/example_skip_dag.py
[2022-03-28 10:36:17,054] {logging_mixin.py:109} INFO - [2022-03-28 10:36:17,054] {dag.py:2398} INFO - Sync 1 DAGs
[2022-03-28 10:36:17,070] {logging_mixin.py:109} INFO - [2022-03-28 10:36:17,070] {dag.py:2937} INFO - Setting next_dagrun for example_skip_dag to 2022-03-27T17:36:17.069976+00:00
[2022-03-28 10:36:17,080] {processor.py:171} INFO - Processing /home/vengat/big_data/python/venv/aflow_env/lib/python3.9/site-packages/airflow/example_dags/example_skip_dag.py took 0.080 seconds
[2022-03-28 10:36:53,998] {processor.py:163} INFO - Started process (PID=54088) to work on /home/vengat/big_data/python/venv/aflow_env/lib/python3.9/site-packages/airflow/example_dags/example_skip_dag.py
[2022-03-28 10:36:54,001] {processor.py:642} INFO - Processing file /home/vengat/big_data/python/venv/aflow_env/lib/python3.9/site-packages/airflow/example_dags/example_skip_dag.py for tasks to queue
[2022-03-28 10:36:54,002] {logging_mixin.py:109} INFO - [2022-03-28 10:36:54,002] {dagbag.py:500} INFO - Filling up the DagBag from /home/vengat/big_data/python/venv/aflow_env/lib/python3.9/site-packages/airflow/example_dags/example_skip_dag.py
[2022-03-28 10:36:54,026] {processor.py:654} INFO - DAG(s) dict_keys(['example_skip_dag']) retrieved from /home/vengat/big_data/python/venv/aflow_env/lib/python3.9/site-packages/airflow/example_dags/example_skip_dag.py
[2022-03-28 10:36:54,037] {logging_mixin.py:109} INFO - [2022-03-28 10:36:54,037] {dag.py:2398} INFO - Sync 1 DAGs
[2022-03-28 10:36:54,053] {logging_mixin.py:109} INFO - [2022-03-28 10:36:54,053] {dag.py:2937} INFO - Setting next_dagrun for example_skip_dag to 2022-03-27T17:36:54.053537+00:00
[2022-03-28 10:36:54,063] {processor.py:171} INFO - Processing /home/vengat/big_data/python/venv/aflow_env/lib/python3.9/site-packages/airflow/example_dags/example_skip_dag.py took 0.070 seconds
[2022-03-28 10:37:30,768] {processor.py:163} INFO - Started process (PID=54137) to work on /home/vengat/big_data/python/venv/aflow_env/lib/python3.9/site-packages/airflow/example_dags/example_skip_dag.py
[2022-03-28 10:37:30,770] {processor.py:642} INFO - Processing file /home/vengat/big_data/python/venv/aflow_env/lib/python3.9/site-packages/airflow/example_dags/example_skip_dag.py for tasks to queue
[2022-03-28 10:37:30,770] {logging_mixin.py:109} INFO - [2022-03-28 10:37:30,770] {dagbag.py:500} INFO - Filling up the DagBag from /home/vengat/big_data/python/venv/aflow_env/lib/python3.9/site-packages/airflow/example_dags/example_skip_dag.py
[2022-03-28 10:37:30,806] {processor.py:654} INFO - DAG(s) dict_keys(['example_skip_dag']) retrieved from /home/vengat/big_data/python/venv/aflow_env/lib/python3.9/site-packages/airflow/example_dags/example_skip_dag.py
[2022-03-28 10:37:30,823] {logging_mixin.py:109} INFO - [2022-03-28 10:37:30,823] {dag.py:2398} INFO - Sync 1 DAGs
[2022-03-28 10:37:30,841] {logging_mixin.py:109} INFO - [2022-03-28 10:37:30,841] {dag.py:2937} INFO - Setting next_dagrun for example_skip_dag to 2022-03-27T17:37:30.841037+00:00
[2022-03-28 10:37:30,858] {processor.py:171} INFO - Processing /home/vengat/big_data/python/venv/aflow_env/lib/python3.9/site-packages/airflow/example_dags/example_skip_dag.py took 0.095 seconds
[2022-03-28 10:38:07,320] {processor.py:163} INFO - Started process (PID=54175) to work on /home/vengat/big_data/python/venv/aflow_env/lib/python3.9/site-packages/airflow/example_dags/example_skip_dag.py
[2022-03-28 10:38:07,321] {processor.py:642} INFO - Processing file /home/vengat/big_data/python/venv/aflow_env/lib/python3.9/site-packages/airflow/example_dags/example_skip_dag.py for tasks to queue
[2022-03-28 10:38:07,322] {logging_mixin.py:109} INFO - [2022-03-28 10:38:07,322] {dagbag.py:500} INFO - Filling up the DagBag from /home/vengat/big_data/python/venv/aflow_env/lib/python3.9/site-packages/airflow/example_dags/example_skip_dag.py
[2022-03-28 10:38:07,352] {processor.py:654} INFO - DAG(s) dict_keys(['example_skip_dag']) retrieved from /home/vengat/big_data/python/venv/aflow_env/lib/python3.9/site-packages/airflow/example_dags/example_skip_dag.py
[2022-03-28 10:38:07,364] {logging_mixin.py:109} INFO - [2022-03-28 10:38:07,364] {dag.py:2398} INFO - Sync 1 DAGs
[2022-03-28 10:38:07,380] {logging_mixin.py:109} INFO - [2022-03-28 10:38:07,380] {dag.py:2937} INFO - Setting next_dagrun for example_skip_dag to 2022-03-27T17:38:07.380105+00:00
[2022-03-28 10:38:07,393] {processor.py:171} INFO - Processing /home/vengat/big_data/python/venv/aflow_env/lib/python3.9/site-packages/airflow/example_dags/example_skip_dag.py took 0.077 seconds
[2022-03-28 10:38:42,215] {processor.py:163} INFO - Started process (PID=54250) to work on /home/vengat/big_data/python/venv/aflow_env/lib/python3.9/site-packages/airflow/example_dags/example_skip_dag.py
[2022-03-28 10:38:42,216] {processor.py:642} INFO - Processing file /home/vengat/big_data/python/venv/aflow_env/lib/python3.9/site-packages/airflow/example_dags/example_skip_dag.py for tasks to queue
[2022-03-28 10:38:42,217] {logging_mixin.py:109} INFO - [2022-03-28 10:38:42,217] {dagbag.py:500} INFO - Filling up the DagBag from /home/vengat/big_data/python/venv/aflow_env/lib/python3.9/site-packages/airflow/example_dags/example_skip_dag.py
[2022-03-28 10:38:42,251] {processor.py:654} INFO - DAG(s) dict_keys(['example_skip_dag']) retrieved from /home/vengat/big_data/python/venv/aflow_env/lib/python3.9/site-packages/airflow/example_dags/example_skip_dag.py
[2022-03-28 10:38:42,270] {logging_mixin.py:109} INFO - [2022-03-28 10:38:42,270] {dag.py:2398} INFO - Sync 1 DAGs
[2022-03-28 10:38:42,288] {logging_mixin.py:109} INFO - [2022-03-28 10:38:42,288] {dag.py:2937} INFO - Setting next_dagrun for example_skip_dag to 2022-03-27T17:38:42.287893+00:00
[2022-03-28 10:38:42,302] {processor.py:171} INFO - Processing /home/vengat/big_data/python/venv/aflow_env/lib/python3.9/site-packages/airflow/example_dags/example_skip_dag.py took 0.092 seconds
[2022-03-28 10:39:20,268] {processor.py:163} INFO - Started process (PID=54312) to work on /home/vengat/big_data/python/venv/aflow_env/lib/python3.9/site-packages/airflow/example_dags/example_skip_dag.py
[2022-03-28 10:39:20,270] {processor.py:642} INFO - Processing file /home/vengat/big_data/python/venv/aflow_env/lib/python3.9/site-packages/airflow/example_dags/example_skip_dag.py for tasks to queue
[2022-03-28 10:39:20,270] {logging_mixin.py:109} INFO - [2022-03-28 10:39:20,270] {dagbag.py:500} INFO - Filling up the DagBag from /home/vengat/big_data/python/venv/aflow_env/lib/python3.9/site-packages/airflow/example_dags/example_skip_dag.py
[2022-03-28 10:39:20,296] {processor.py:654} INFO - DAG(s) dict_keys(['example_skip_dag']) retrieved from /home/vengat/big_data/python/venv/aflow_env/lib/python3.9/site-packages/airflow/example_dags/example_skip_dag.py
[2022-03-28 10:39:20,305] {logging_mixin.py:109} INFO - [2022-03-28 10:39:20,305] {dag.py:2398} INFO - Sync 1 DAGs
[2022-03-28 10:39:20,316] {logging_mixin.py:109} INFO - [2022-03-28 10:39:20,316] {dag.py:2937} INFO - Setting next_dagrun for example_skip_dag to 2022-03-27T17:39:20.316443+00:00
[2022-03-28 10:39:20,325] {processor.py:171} INFO - Processing /home/vengat/big_data/python/venv/aflow_env/lib/python3.9/site-packages/airflow/example_dags/example_skip_dag.py took 0.060 seconds
[2022-03-28 10:39:54,583] {processor.py:163} INFO - Started process (PID=54357) to work on /home/vengat/big_data/python/venv/aflow_env/lib/python3.9/site-packages/airflow/example_dags/example_skip_dag.py
[2022-03-28 10:39:54,585] {processor.py:642} INFO - Processing file /home/vengat/big_data/python/venv/aflow_env/lib/python3.9/site-packages/airflow/example_dags/example_skip_dag.py for tasks to queue
[2022-03-28 10:39:54,585] {logging_mixin.py:109} INFO - [2022-03-28 10:39:54,585] {dagbag.py:500} INFO - Filling up the DagBag from /home/vengat/big_data/python/venv/aflow_env/lib/python3.9/site-packages/airflow/example_dags/example_skip_dag.py
[2022-03-28 10:39:54,610] {processor.py:654} INFO - DAG(s) dict_keys(['example_skip_dag']) retrieved from /home/vengat/big_data/python/venv/aflow_env/lib/python3.9/site-packages/airflow/example_dags/example_skip_dag.py
[2022-03-28 10:39:54,620] {logging_mixin.py:109} INFO - [2022-03-28 10:39:54,620] {dag.py:2398} INFO - Sync 1 DAGs
[2022-03-28 10:39:54,631] {logging_mixin.py:109} INFO - [2022-03-28 10:39:54,631] {dag.py:2937} INFO - Setting next_dagrun for example_skip_dag to 2022-03-27T17:39:54.631311+00:00
[2022-03-28 10:39:54,640] {processor.py:171} INFO - Processing /home/vengat/big_data/python/venv/aflow_env/lib/python3.9/site-packages/airflow/example_dags/example_skip_dag.py took 0.062 seconds
[2022-03-28 10:40:30,879] {processor.py:163} INFO - Started process (PID=54410) to work on /home/vengat/big_data/python/venv/aflow_env/lib/python3.9/site-packages/airflow/example_dags/example_skip_dag.py
[2022-03-28 10:40:30,881] {processor.py:642} INFO - Processing file /home/vengat/big_data/python/venv/aflow_env/lib/python3.9/site-packages/airflow/example_dags/example_skip_dag.py for tasks to queue
[2022-03-28 10:40:30,882] {logging_mixin.py:109} INFO - [2022-03-28 10:40:30,882] {dagbag.py:500} INFO - Filling up the DagBag from /home/vengat/big_data/python/venv/aflow_env/lib/python3.9/site-packages/airflow/example_dags/example_skip_dag.py
[2022-03-28 10:40:30,906] {processor.py:654} INFO - DAG(s) dict_keys(['example_skip_dag']) retrieved from /home/vengat/big_data/python/venv/aflow_env/lib/python3.9/site-packages/airflow/example_dags/example_skip_dag.py
[2022-03-28 10:40:30,917] {logging_mixin.py:109} INFO - [2022-03-28 10:40:30,917] {dag.py:2398} INFO - Sync 1 DAGs
[2022-03-28 10:40:30,933] {logging_mixin.py:109} INFO - [2022-03-28 10:40:30,933] {dag.py:2937} INFO - Setting next_dagrun for example_skip_dag to 2022-03-27T17:40:30.933238+00:00
[2022-03-28 10:40:30,945] {processor.py:171} INFO - Processing /home/vengat/big_data/python/venv/aflow_env/lib/python3.9/site-packages/airflow/example_dags/example_skip_dag.py took 0.070 seconds
[2022-03-28 10:41:06,086] {processor.py:163} INFO - Started process (PID=54508) to work on /home/vengat/big_data/python/venv/aflow_env/lib/python3.9/site-packages/airflow/example_dags/example_skip_dag.py
[2022-03-28 10:41:06,088] {processor.py:642} INFO - Processing file /home/vengat/big_data/python/venv/aflow_env/lib/python3.9/site-packages/airflow/example_dags/example_skip_dag.py for tasks to queue
[2022-03-28 10:41:06,088] {logging_mixin.py:109} INFO - [2022-03-28 10:41:06,088] {dagbag.py:500} INFO - Filling up the DagBag from /home/vengat/big_data/python/venv/aflow_env/lib/python3.9/site-packages/airflow/example_dags/example_skip_dag.py
[2022-03-28 10:41:06,110] {processor.py:654} INFO - DAG(s) dict_keys(['example_skip_dag']) retrieved from /home/vengat/big_data/python/venv/aflow_env/lib/python3.9/site-packages/airflow/example_dags/example_skip_dag.py
[2022-03-28 10:41:06,119] {logging_mixin.py:109} INFO - [2022-03-28 10:41:06,119] {dag.py:2398} INFO - Sync 1 DAGs
[2022-03-28 10:41:06,129] {logging_mixin.py:109} INFO - [2022-03-28 10:41:06,129] {dag.py:2937} INFO - Setting next_dagrun for example_skip_dag to 2022-03-27T17:41:06.129528+00:00
[2022-03-28 10:41:06,138] {processor.py:171} INFO - Processing /home/vengat/big_data/python/venv/aflow_env/lib/python3.9/site-packages/airflow/example_dags/example_skip_dag.py took 0.055 seconds
[2022-03-28 10:41:40,869] {processor.py:163} INFO - Started process (PID=54541) to work on /home/vengat/big_data/python/venv/aflow_env/lib/python3.9/site-packages/airflow/example_dags/example_skip_dag.py
[2022-03-28 10:41:40,870] {processor.py:642} INFO - Processing file /home/vengat/big_data/python/venv/aflow_env/lib/python3.9/site-packages/airflow/example_dags/example_skip_dag.py for tasks to queue
[2022-03-28 10:41:40,871] {logging_mixin.py:109} INFO - [2022-03-28 10:41:40,871] {dagbag.py:500} INFO - Filling up the DagBag from /home/vengat/big_data/python/venv/aflow_env/lib/python3.9/site-packages/airflow/example_dags/example_skip_dag.py
[2022-03-28 10:41:40,896] {processor.py:654} INFO - DAG(s) dict_keys(['example_skip_dag']) retrieved from /home/vengat/big_data/python/venv/aflow_env/lib/python3.9/site-packages/airflow/example_dags/example_skip_dag.py
[2022-03-28 10:41:40,905] {logging_mixin.py:109} INFO - [2022-03-28 10:41:40,905] {dag.py:2398} INFO - Sync 1 DAGs
[2022-03-28 10:41:40,916] {logging_mixin.py:109} INFO - [2022-03-28 10:41:40,916] {dag.py:2937} INFO - Setting next_dagrun for example_skip_dag to 2022-03-27T17:41:40.916479+00:00
[2022-03-28 10:41:40,926] {processor.py:171} INFO - Processing /home/vengat/big_data/python/venv/aflow_env/lib/python3.9/site-packages/airflow/example_dags/example_skip_dag.py took 0.060 seconds
[2022-03-28 10:42:13,291] {processor.py:163} INFO - Started process (PID=54574) to work on /home/vengat/big_data/python/venv/aflow_env/lib/python3.9/site-packages/airflow/example_dags/example_skip_dag.py
[2022-03-28 10:42:13,293] {processor.py:642} INFO - Processing file /home/vengat/big_data/python/venv/aflow_env/lib/python3.9/site-packages/airflow/example_dags/example_skip_dag.py for tasks to queue
[2022-03-28 10:42:13,294] {logging_mixin.py:109} INFO - [2022-03-28 10:42:13,294] {dagbag.py:500} INFO - Filling up the DagBag from /home/vengat/big_data/python/venv/aflow_env/lib/python3.9/site-packages/airflow/example_dags/example_skip_dag.py
[2022-03-28 10:42:13,327] {processor.py:654} INFO - DAG(s) dict_keys(['example_skip_dag']) retrieved from /home/vengat/big_data/python/venv/aflow_env/lib/python3.9/site-packages/airflow/example_dags/example_skip_dag.py
[2022-03-28 10:42:13,337] {logging_mixin.py:109} INFO - [2022-03-28 10:42:13,337] {dag.py:2398} INFO - Sync 1 DAGs
[2022-03-28 10:42:13,353] {logging_mixin.py:109} INFO - [2022-03-28 10:42:13,353] {dag.py:2937} INFO - Setting next_dagrun for example_skip_dag to 2022-03-27T17:42:13.352795+00:00
[2022-03-28 10:42:13,364] {processor.py:171} INFO - Processing /home/vengat/big_data/python/venv/aflow_env/lib/python3.9/site-packages/airflow/example_dags/example_skip_dag.py took 0.080 seconds
[2022-03-28 10:42:47,853] {processor.py:163} INFO - Started process (PID=54627) to work on /home/vengat/big_data/python/venv/aflow_env/lib/python3.9/site-packages/airflow/example_dags/example_skip_dag.py
[2022-03-28 10:42:47,859] {processor.py:642} INFO - Processing file /home/vengat/big_data/python/venv/aflow_env/lib/python3.9/site-packages/airflow/example_dags/example_skip_dag.py for tasks to queue
[2022-03-28 10:42:47,860] {logging_mixin.py:109} INFO - [2022-03-28 10:42:47,860] {dagbag.py:500} INFO - Filling up the DagBag from /home/vengat/big_data/python/venv/aflow_env/lib/python3.9/site-packages/airflow/example_dags/example_skip_dag.py
[2022-03-28 10:42:47,882] {processor.py:654} INFO - DAG(s) dict_keys(['example_skip_dag']) retrieved from /home/vengat/big_data/python/venv/aflow_env/lib/python3.9/site-packages/airflow/example_dags/example_skip_dag.py
[2022-03-28 10:42:47,890] {logging_mixin.py:109} INFO - [2022-03-28 10:42:47,890] {dag.py:2398} INFO - Sync 1 DAGs
[2022-03-28 10:42:47,900] {logging_mixin.py:109} INFO - [2022-03-28 10:42:47,900] {dag.py:2937} INFO - Setting next_dagrun for example_skip_dag to 2022-03-27T17:42:47.900274+00:00
[2022-03-28 10:42:47,910] {processor.py:171} INFO - Processing /home/vengat/big_data/python/venv/aflow_env/lib/python3.9/site-packages/airflow/example_dags/example_skip_dag.py took 0.060 seconds
[2022-03-28 10:43:19,153] {processor.py:163} INFO - Started process (PID=54665) to work on /home/vengat/big_data/python/venv/aflow_env/lib/python3.9/site-packages/airflow/example_dags/example_skip_dag.py
[2022-03-28 10:43:19,155] {processor.py:642} INFO - Processing file /home/vengat/big_data/python/venv/aflow_env/lib/python3.9/site-packages/airflow/example_dags/example_skip_dag.py for tasks to queue
[2022-03-28 10:43:19,155] {logging_mixin.py:109} INFO - [2022-03-28 10:43:19,155] {dagbag.py:500} INFO - Filling up the DagBag from /home/vengat/big_data/python/venv/aflow_env/lib/python3.9/site-packages/airflow/example_dags/example_skip_dag.py
[2022-03-28 10:43:19,181] {processor.py:654} INFO - DAG(s) dict_keys(['example_skip_dag']) retrieved from /home/vengat/big_data/python/venv/aflow_env/lib/python3.9/site-packages/airflow/example_dags/example_skip_dag.py
[2022-03-28 10:43:19,193] {logging_mixin.py:109} INFO - [2022-03-28 10:43:19,193] {dag.py:2398} INFO - Sync 1 DAGs
[2022-03-28 10:43:19,207] {logging_mixin.py:109} INFO - [2022-03-28 10:43:19,206] {dag.py:2937} INFO - Setting next_dagrun for example_skip_dag to 2022-03-27T17:43:19.206553+00:00
[2022-03-28 10:43:19,216] {processor.py:171} INFO - Processing /home/vengat/big_data/python/venv/aflow_env/lib/python3.9/site-packages/airflow/example_dags/example_skip_dag.py took 0.066 seconds
[2022-03-28 10:43:54,419] {processor.py:163} INFO - Started process (PID=54722) to work on /home/vengat/big_data/python/venv/aflow_env/lib/python3.9/site-packages/airflow/example_dags/example_skip_dag.py
[2022-03-28 10:43:54,421] {processor.py:642} INFO - Processing file /home/vengat/big_data/python/venv/aflow_env/lib/python3.9/site-packages/airflow/example_dags/example_skip_dag.py for tasks to queue
[2022-03-28 10:43:54,421] {logging_mixin.py:109} INFO - [2022-03-28 10:43:54,421] {dagbag.py:500} INFO - Filling up the DagBag from /home/vengat/big_data/python/venv/aflow_env/lib/python3.9/site-packages/airflow/example_dags/example_skip_dag.py
[2022-03-28 10:43:54,454] {processor.py:654} INFO - DAG(s) dict_keys(['example_skip_dag']) retrieved from /home/vengat/big_data/python/venv/aflow_env/lib/python3.9/site-packages/airflow/example_dags/example_skip_dag.py
[2022-03-28 10:43:54,466] {logging_mixin.py:109} INFO - [2022-03-28 10:43:54,465] {dag.py:2398} INFO - Sync 1 DAGs
[2022-03-28 10:43:54,481] {logging_mixin.py:109} INFO - [2022-03-28 10:43:54,481] {dag.py:2937} INFO - Setting next_dagrun for example_skip_dag to 2022-03-27T17:43:54.480898+00:00
[2022-03-28 10:43:54,492] {processor.py:171} INFO - Processing /home/vengat/big_data/python/venv/aflow_env/lib/python3.9/site-packages/airflow/example_dags/example_skip_dag.py took 0.077 seconds
[2022-03-28 10:44:29,693] {processor.py:163} INFO - Started process (PID=54776) to work on /home/vengat/big_data/python/venv/aflow_env/lib/python3.9/site-packages/airflow/example_dags/example_skip_dag.py
[2022-03-28 10:44:29,695] {processor.py:642} INFO - Processing file /home/vengat/big_data/python/venv/aflow_env/lib/python3.9/site-packages/airflow/example_dags/example_skip_dag.py for tasks to queue
[2022-03-28 10:44:29,696] {logging_mixin.py:109} INFO - [2022-03-28 10:44:29,696] {dagbag.py:500} INFO - Filling up the DagBag from /home/vengat/big_data/python/venv/aflow_env/lib/python3.9/site-packages/airflow/example_dags/example_skip_dag.py
[2022-03-28 10:44:29,722] {processor.py:654} INFO - DAG(s) dict_keys(['example_skip_dag']) retrieved from /home/vengat/big_data/python/venv/aflow_env/lib/python3.9/site-packages/airflow/example_dags/example_skip_dag.py
[2022-03-28 10:44:29,733] {logging_mixin.py:109} INFO - [2022-03-28 10:44:29,733] {dag.py:2398} INFO - Sync 1 DAGs
[2022-03-28 10:44:29,745] {logging_mixin.py:109} INFO - [2022-03-28 10:44:29,745] {dag.py:2937} INFO - Setting next_dagrun for example_skip_dag to 2022-03-27T17:44:29.745438+00:00
[2022-03-28 10:44:29,754] {processor.py:171} INFO - Processing /home/vengat/big_data/python/venv/aflow_env/lib/python3.9/site-packages/airflow/example_dags/example_skip_dag.py took 0.068 seconds
[2022-03-28 10:45:06,191] {processor.py:163} INFO - Started process (PID=54810) to work on /home/vengat/big_data/python/venv/aflow_env/lib/python3.9/site-packages/airflow/example_dags/example_skip_dag.py
[2022-03-28 10:45:06,192] {processor.py:642} INFO - Processing file /home/vengat/big_data/python/venv/aflow_env/lib/python3.9/site-packages/airflow/example_dags/example_skip_dag.py for tasks to queue
[2022-03-28 10:45:06,193] {logging_mixin.py:109} INFO - [2022-03-28 10:45:06,193] {dagbag.py:500} INFO - Filling up the DagBag from /home/vengat/big_data/python/venv/aflow_env/lib/python3.9/site-packages/airflow/example_dags/example_skip_dag.py
[2022-03-28 10:45:06,215] {processor.py:654} INFO - DAG(s) dict_keys(['example_skip_dag']) retrieved from /home/vengat/big_data/python/venv/aflow_env/lib/python3.9/site-packages/airflow/example_dags/example_skip_dag.py
[2022-03-28 10:45:06,224] {logging_mixin.py:109} INFO - [2022-03-28 10:45:06,224] {dag.py:2398} INFO - Sync 1 DAGs
[2022-03-28 10:45:06,235] {logging_mixin.py:109} INFO - [2022-03-28 10:45:06,235] {dag.py:2937} INFO - Setting next_dagrun for example_skip_dag to 2022-03-27T17:45:06.234918+00:00
[2022-03-28 10:45:06,244] {processor.py:171} INFO - Processing /home/vengat/big_data/python/venv/aflow_env/lib/python3.9/site-packages/airflow/example_dags/example_skip_dag.py took 0.056 seconds
[2022-03-28 10:45:40,190] {processor.py:163} INFO - Started process (PID=54865) to work on /home/vengat/big_data/python/venv/aflow_env/lib/python3.9/site-packages/airflow/example_dags/example_skip_dag.py
[2022-03-28 10:45:40,192] {processor.py:642} INFO - Processing file /home/vengat/big_data/python/venv/aflow_env/lib/python3.9/site-packages/airflow/example_dags/example_skip_dag.py for tasks to queue
[2022-03-28 10:45:40,192] {logging_mixin.py:109} INFO - [2022-03-28 10:45:40,192] {dagbag.py:500} INFO - Filling up the DagBag from /home/vengat/big_data/python/venv/aflow_env/lib/python3.9/site-packages/airflow/example_dags/example_skip_dag.py
[2022-03-28 10:45:40,219] {processor.py:654} INFO - DAG(s) dict_keys(['example_skip_dag']) retrieved from /home/vengat/big_data/python/venv/aflow_env/lib/python3.9/site-packages/airflow/example_dags/example_skip_dag.py
[2022-03-28 10:45:40,227] {logging_mixin.py:109} INFO - [2022-03-28 10:45:40,227] {dag.py:2398} INFO - Sync 1 DAGs
[2022-03-28 10:45:40,241] {logging_mixin.py:109} INFO - [2022-03-28 10:45:40,241] {dag.py:2937} INFO - Setting next_dagrun for example_skip_dag to 2022-03-27T17:45:40.240638+00:00
[2022-03-28 10:45:40,250] {processor.py:171} INFO - Processing /home/vengat/big_data/python/venv/aflow_env/lib/python3.9/site-packages/airflow/example_dags/example_skip_dag.py took 0.064 seconds
[2022-03-28 10:46:14,105] {processor.py:163} INFO - Started process (PID=54924) to work on /home/vengat/big_data/python/venv/aflow_env/lib/python3.9/site-packages/airflow/example_dags/example_skip_dag.py
[2022-03-28 10:46:14,108] {processor.py:642} INFO - Processing file /home/vengat/big_data/python/venv/aflow_env/lib/python3.9/site-packages/airflow/example_dags/example_skip_dag.py for tasks to queue
[2022-03-28 10:46:14,109] {logging_mixin.py:109} INFO - [2022-03-28 10:46:14,109] {dagbag.py:500} INFO - Filling up the DagBag from /home/vengat/big_data/python/venv/aflow_env/lib/python3.9/site-packages/airflow/example_dags/example_skip_dag.py
[2022-03-28 10:46:14,141] {processor.py:654} INFO - DAG(s) dict_keys(['example_skip_dag']) retrieved from /home/vengat/big_data/python/venv/aflow_env/lib/python3.9/site-packages/airflow/example_dags/example_skip_dag.py
[2022-03-28 10:46:14,150] {logging_mixin.py:109} INFO - [2022-03-28 10:46:14,150] {dag.py:2398} INFO - Sync 1 DAGs
[2022-03-28 10:46:14,161] {logging_mixin.py:109} INFO - [2022-03-28 10:46:14,161] {dag.py:2937} INFO - Setting next_dagrun for example_skip_dag to 2022-03-27T17:46:14.160838+00:00
[2022-03-28 10:46:14,171] {processor.py:171} INFO - Processing /home/vengat/big_data/python/venv/aflow_env/lib/python3.9/site-packages/airflow/example_dags/example_skip_dag.py took 0.072 seconds
[2022-03-28 10:46:51,227] {processor.py:163} INFO - Started process (PID=54960) to work on /home/vengat/big_data/python/venv/aflow_env/lib/python3.9/site-packages/airflow/example_dags/example_skip_dag.py
[2022-03-28 10:46:51,346] {processor.py:642} INFO - Processing file /home/vengat/big_data/python/venv/aflow_env/lib/python3.9/site-packages/airflow/example_dags/example_skip_dag.py for tasks to queue
[2022-03-28 10:46:51,348] {logging_mixin.py:109} INFO - [2022-03-28 10:46:51,348] {dagbag.py:500} INFO - Filling up the DagBag from /home/vengat/big_data/python/venv/aflow_env/lib/python3.9/site-packages/airflow/example_dags/example_skip_dag.py
[2022-03-28 10:46:51,393] {processor.py:654} INFO - DAG(s) dict_keys(['example_skip_dag']) retrieved from /home/vengat/big_data/python/venv/aflow_env/lib/python3.9/site-packages/airflow/example_dags/example_skip_dag.py
[2022-03-28 10:46:51,402] {logging_mixin.py:109} INFO - [2022-03-28 10:46:51,402] {dag.py:2398} INFO - Sync 1 DAGs
[2022-03-28 10:46:51,413] {logging_mixin.py:109} INFO - [2022-03-28 10:46:51,413] {dag.py:2937} INFO - Setting next_dagrun for example_skip_dag to 2022-03-27T17:46:51.413416+00:00
[2022-03-28 10:46:52,037] {processor.py:171} INFO - Processing /home/vengat/big_data/python/venv/aflow_env/lib/python3.9/site-packages/airflow/example_dags/example_skip_dag.py took 0.831 seconds
[2022-03-28 10:47:42,424] {processor.py:163} INFO - Started process (PID=55002) to work on /home/vengat/big_data/python/venv/aflow_env/lib/python3.9/site-packages/airflow/example_dags/example_skip_dag.py
[2022-03-28 10:47:42,425] {processor.py:642} INFO - Processing file /home/vengat/big_data/python/venv/aflow_env/lib/python3.9/site-packages/airflow/example_dags/example_skip_dag.py for tasks to queue
[2022-03-28 10:47:42,426] {logging_mixin.py:109} INFO - [2022-03-28 10:47:42,426] {dagbag.py:500} INFO - Filling up the DagBag from /home/vengat/big_data/python/venv/aflow_env/lib/python3.9/site-packages/airflow/example_dags/example_skip_dag.py
[2022-03-28 10:47:42,456] {processor.py:654} INFO - DAG(s) dict_keys(['example_skip_dag']) retrieved from /home/vengat/big_data/python/venv/aflow_env/lib/python3.9/site-packages/airflow/example_dags/example_skip_dag.py
[2022-03-28 10:47:42,466] {logging_mixin.py:109} INFO - [2022-03-28 10:47:42,466] {dag.py:2398} INFO - Sync 1 DAGs
[2022-03-28 10:47:42,483] {logging_mixin.py:109} INFO - [2022-03-28 10:47:42,483] {dag.py:2937} INFO - Setting next_dagrun for example_skip_dag to 2022-03-27T17:47:42.482673+00:00
[2022-03-28 10:47:42,498] {processor.py:171} INFO - Processing /home/vengat/big_data/python/venv/aflow_env/lib/python3.9/site-packages/airflow/example_dags/example_skip_dag.py took 0.077 seconds
[2022-03-28 10:48:25,855] {processor.py:163} INFO - Started process (PID=55053) to work on /home/vengat/big_data/python/venv/aflow_env/lib/python3.9/site-packages/airflow/example_dags/example_skip_dag.py
[2022-03-28 10:48:25,857] {processor.py:642} INFO - Processing file /home/vengat/big_data/python/venv/aflow_env/lib/python3.9/site-packages/airflow/example_dags/example_skip_dag.py for tasks to queue
[2022-03-28 10:48:25,858] {logging_mixin.py:109} INFO - [2022-03-28 10:48:25,858] {dagbag.py:500} INFO - Filling up the DagBag from /home/vengat/big_data/python/venv/aflow_env/lib/python3.9/site-packages/airflow/example_dags/example_skip_dag.py
[2022-03-28 10:48:25,891] {processor.py:654} INFO - DAG(s) dict_keys(['example_skip_dag']) retrieved from /home/vengat/big_data/python/venv/aflow_env/lib/python3.9/site-packages/airflow/example_dags/example_skip_dag.py
[2022-03-28 10:48:25,902] {logging_mixin.py:109} INFO - [2022-03-28 10:48:25,902] {dag.py:2398} INFO - Sync 1 DAGs
[2022-03-28 10:48:25,916] {logging_mixin.py:109} INFO - [2022-03-28 10:48:25,916] {dag.py:2937} INFO - Setting next_dagrun for example_skip_dag to 2022-03-27T17:48:25.916230+00:00
[2022-03-28 10:48:25,927] {processor.py:171} INFO - Processing /home/vengat/big_data/python/venv/aflow_env/lib/python3.9/site-packages/airflow/example_dags/example_skip_dag.py took 0.080 seconds
[2022-03-28 10:49:02,199] {processor.py:163} INFO - Started process (PID=55094) to work on /home/vengat/big_data/python/venv/aflow_env/lib/python3.9/site-packages/airflow/example_dags/example_skip_dag.py
[2022-03-28 10:49:02,204] {processor.py:642} INFO - Processing file /home/vengat/big_data/python/venv/aflow_env/lib/python3.9/site-packages/airflow/example_dags/example_skip_dag.py for tasks to queue
[2022-03-28 10:49:02,205] {logging_mixin.py:109} INFO - [2022-03-28 10:49:02,205] {dagbag.py:500} INFO - Filling up the DagBag from /home/vengat/big_data/python/venv/aflow_env/lib/python3.9/site-packages/airflow/example_dags/example_skip_dag.py
[2022-03-28 10:49:02,239] {processor.py:654} INFO - DAG(s) dict_keys(['example_skip_dag']) retrieved from /home/vengat/big_data/python/venv/aflow_env/lib/python3.9/site-packages/airflow/example_dags/example_skip_dag.py
[2022-03-28 10:49:02,248] {logging_mixin.py:109} INFO - [2022-03-28 10:49:02,248] {dag.py:2398} INFO - Sync 1 DAGs
[2022-03-28 10:49:02,262] {logging_mixin.py:109} INFO - [2022-03-28 10:49:02,262] {dag.py:2937} INFO - Setting next_dagrun for example_skip_dag to 2022-03-27T17:49:02.262149+00:00
[2022-03-28 10:49:02,272] {processor.py:171} INFO - Processing /home/vengat/big_data/python/venv/aflow_env/lib/python3.9/site-packages/airflow/example_dags/example_skip_dag.py took 0.088 seconds
[2022-03-28 10:49:37,349] {processor.py:163} INFO - Started process (PID=55128) to work on /home/vengat/big_data/python/venv/aflow_env/lib/python3.9/site-packages/airflow/example_dags/example_skip_dag.py
[2022-03-28 10:49:37,350] {processor.py:642} INFO - Processing file /home/vengat/big_data/python/venv/aflow_env/lib/python3.9/site-packages/airflow/example_dags/example_skip_dag.py for tasks to queue
[2022-03-28 10:49:37,351] {logging_mixin.py:109} INFO - [2022-03-28 10:49:37,351] {dagbag.py:500} INFO - Filling up the DagBag from /home/vengat/big_data/python/venv/aflow_env/lib/python3.9/site-packages/airflow/example_dags/example_skip_dag.py
[2022-03-28 10:49:37,372] {processor.py:654} INFO - DAG(s) dict_keys(['example_skip_dag']) retrieved from /home/vengat/big_data/python/venv/aflow_env/lib/python3.9/site-packages/airflow/example_dags/example_skip_dag.py
[2022-03-28 10:49:37,382] {logging_mixin.py:109} INFO - [2022-03-28 10:49:37,381] {dag.py:2398} INFO - Sync 1 DAGs
[2022-03-28 10:49:37,392] {logging_mixin.py:109} INFO - [2022-03-28 10:49:37,392] {dag.py:2937} INFO - Setting next_dagrun for example_skip_dag to 2022-03-27T17:49:37.392345+00:00
[2022-03-28 10:49:37,402] {processor.py:171} INFO - Processing /home/vengat/big_data/python/venv/aflow_env/lib/python3.9/site-packages/airflow/example_dags/example_skip_dag.py took 0.056 seconds
[2022-03-28 10:50:09,849] {processor.py:163} INFO - Started process (PID=55160) to work on /home/vengat/big_data/python/venv/aflow_env/lib/python3.9/site-packages/airflow/example_dags/example_skip_dag.py
[2022-03-28 10:50:09,851] {processor.py:642} INFO - Processing file /home/vengat/big_data/python/venv/aflow_env/lib/python3.9/site-packages/airflow/example_dags/example_skip_dag.py for tasks to queue
[2022-03-28 10:50:09,851] {logging_mixin.py:109} INFO - [2022-03-28 10:50:09,851] {dagbag.py:500} INFO - Filling up the DagBag from /home/vengat/big_data/python/venv/aflow_env/lib/python3.9/site-packages/airflow/example_dags/example_skip_dag.py
[2022-03-28 10:50:09,877] {processor.py:654} INFO - DAG(s) dict_keys(['example_skip_dag']) retrieved from /home/vengat/big_data/python/venv/aflow_env/lib/python3.9/site-packages/airflow/example_dags/example_skip_dag.py
[2022-03-28 10:50:09,886] {logging_mixin.py:109} INFO - [2022-03-28 10:50:09,886] {dag.py:2398} INFO - Sync 1 DAGs
[2022-03-28 10:50:09,896] {logging_mixin.py:109} INFO - [2022-03-28 10:50:09,896] {dag.py:2937} INFO - Setting next_dagrun for example_skip_dag to 2022-03-27T17:50:09.896371+00:00
[2022-03-28 10:50:09,905] {processor.py:171} INFO - Processing /home/vengat/big_data/python/venv/aflow_env/lib/python3.9/site-packages/airflow/example_dags/example_skip_dag.py took 0.060 seconds
[2022-03-28 10:50:42,306] {processor.py:163} INFO - Started process (PID=55192) to work on /home/vengat/big_data/python/venv/aflow_env/lib/python3.9/site-packages/airflow/example_dags/example_skip_dag.py
[2022-03-28 10:50:42,307] {processor.py:642} INFO - Processing file /home/vengat/big_data/python/venv/aflow_env/lib/python3.9/site-packages/airflow/example_dags/example_skip_dag.py for tasks to queue
[2022-03-28 10:50:42,308] {logging_mixin.py:109} INFO - [2022-03-28 10:50:42,308] {dagbag.py:500} INFO - Filling up the DagBag from /home/vengat/big_data/python/venv/aflow_env/lib/python3.9/site-packages/airflow/example_dags/example_skip_dag.py
[2022-03-28 10:50:42,330] {processor.py:654} INFO - DAG(s) dict_keys(['example_skip_dag']) retrieved from /home/vengat/big_data/python/venv/aflow_env/lib/python3.9/site-packages/airflow/example_dags/example_skip_dag.py
[2022-03-28 10:50:42,340] {logging_mixin.py:109} INFO - [2022-03-28 10:50:42,339] {dag.py:2398} INFO - Sync 1 DAGs
[2022-03-28 10:50:42,351] {logging_mixin.py:109} INFO - [2022-03-28 10:50:42,351] {dag.py:2937} INFO - Setting next_dagrun for example_skip_dag to 2022-03-27T17:50:42.351513+00:00
[2022-03-28 10:50:42,361] {processor.py:171} INFO - Processing /home/vengat/big_data/python/venv/aflow_env/lib/python3.9/site-packages/airflow/example_dags/example_skip_dag.py took 0.059 seconds
[2022-03-28 10:51:15,903] {processor.py:163} INFO - Started process (PID=55224) to work on /home/vengat/big_data/python/venv/aflow_env/lib/python3.9/site-packages/airflow/example_dags/example_skip_dag.py
[2022-03-28 10:51:15,905] {processor.py:642} INFO - Processing file /home/vengat/big_data/python/venv/aflow_env/lib/python3.9/site-packages/airflow/example_dags/example_skip_dag.py for tasks to queue
[2022-03-28 10:51:15,906] {logging_mixin.py:109} INFO - [2022-03-28 10:51:15,905] {dagbag.py:500} INFO - Filling up the DagBag from /home/vengat/big_data/python/venv/aflow_env/lib/python3.9/site-packages/airflow/example_dags/example_skip_dag.py
[2022-03-28 10:51:15,944] {processor.py:654} INFO - DAG(s) dict_keys(['example_skip_dag']) retrieved from /home/vengat/big_data/python/venv/aflow_env/lib/python3.9/site-packages/airflow/example_dags/example_skip_dag.py
[2022-03-28 10:51:15,955] {logging_mixin.py:109} INFO - [2022-03-28 10:51:15,955] {dag.py:2398} INFO - Sync 1 DAGs
[2022-03-28 10:51:15,967] {logging_mixin.py:109} INFO - [2022-03-28 10:51:15,967] {dag.py:2937} INFO - Setting next_dagrun for example_skip_dag to 2022-03-27T17:51:15.967554+00:00
[2022-03-28 10:51:15,976] {processor.py:171} INFO - Processing /home/vengat/big_data/python/venv/aflow_env/lib/python3.9/site-packages/airflow/example_dags/example_skip_dag.py took 0.078 seconds
[2022-03-28 10:51:48,993] {processor.py:163} INFO - Started process (PID=55256) to work on /home/vengat/big_data/python/venv/aflow_env/lib/python3.9/site-packages/airflow/example_dags/example_skip_dag.py
[2022-03-28 10:51:48,995] {processor.py:642} INFO - Processing file /home/vengat/big_data/python/venv/aflow_env/lib/python3.9/site-packages/airflow/example_dags/example_skip_dag.py for tasks to queue
[2022-03-28 10:51:48,995] {logging_mixin.py:109} INFO - [2022-03-28 10:51:48,995] {dagbag.py:500} INFO - Filling up the DagBag from /home/vengat/big_data/python/venv/aflow_env/lib/python3.9/site-packages/airflow/example_dags/example_skip_dag.py
[2022-03-28 10:51:49,019] {processor.py:654} INFO - DAG(s) dict_keys(['example_skip_dag']) retrieved from /home/vengat/big_data/python/venv/aflow_env/lib/python3.9/site-packages/airflow/example_dags/example_skip_dag.py
[2022-03-28 10:51:49,027] {logging_mixin.py:109} INFO - [2022-03-28 10:51:49,027] {dag.py:2398} INFO - Sync 1 DAGs
[2022-03-28 10:51:49,039] {logging_mixin.py:109} INFO - [2022-03-28 10:51:49,039] {dag.py:2937} INFO - Setting next_dagrun for example_skip_dag to 2022-03-27T17:51:49.039511+00:00
[2022-03-28 10:51:49,048] {processor.py:171} INFO - Processing /home/vengat/big_data/python/venv/aflow_env/lib/python3.9/site-packages/airflow/example_dags/example_skip_dag.py took 0.059 seconds
[2022-03-28 10:52:26,902] {processor.py:163} INFO - Started process (PID=55294) to work on /home/vengat/big_data/python/venv/aflow_env/lib/python3.9/site-packages/airflow/example_dags/example_skip_dag.py
[2022-03-28 10:52:26,904] {processor.py:642} INFO - Processing file /home/vengat/big_data/python/venv/aflow_env/lib/python3.9/site-packages/airflow/example_dags/example_skip_dag.py for tasks to queue
[2022-03-28 10:52:26,905] {logging_mixin.py:109} INFO - [2022-03-28 10:52:26,905] {dagbag.py:500} INFO - Filling up the DagBag from /home/vengat/big_data/python/venv/aflow_env/lib/python3.9/site-packages/airflow/example_dags/example_skip_dag.py
[2022-03-28 10:52:26,931] {processor.py:654} INFO - DAG(s) dict_keys(['example_skip_dag']) retrieved from /home/vengat/big_data/python/venv/aflow_env/lib/python3.9/site-packages/airflow/example_dags/example_skip_dag.py
[2022-03-28 10:52:26,940] {logging_mixin.py:109} INFO - [2022-03-28 10:52:26,940] {dag.py:2398} INFO - Sync 1 DAGs
[2022-03-28 10:52:26,951] {logging_mixin.py:109} INFO - [2022-03-28 10:52:26,951] {dag.py:2937} INFO - Setting next_dagrun for example_skip_dag to 2022-03-27T17:52:26.951222+00:00
[2022-03-28 10:52:26,961] {processor.py:171} INFO - Processing /home/vengat/big_data/python/venv/aflow_env/lib/python3.9/site-packages/airflow/example_dags/example_skip_dag.py took 0.066 seconds
[2022-03-28 10:53:03,287] {processor.py:163} INFO - Started process (PID=55334) to work on /home/vengat/big_data/python/venv/aflow_env/lib/python3.9/site-packages/airflow/example_dags/example_skip_dag.py
[2022-03-28 10:53:03,288] {processor.py:642} INFO - Processing file /home/vengat/big_data/python/venv/aflow_env/lib/python3.9/site-packages/airflow/example_dags/example_skip_dag.py for tasks to queue
[2022-03-28 10:53:03,289] {logging_mixin.py:109} INFO - [2022-03-28 10:53:03,289] {dagbag.py:500} INFO - Filling up the DagBag from /home/vengat/big_data/python/venv/aflow_env/lib/python3.9/site-packages/airflow/example_dags/example_skip_dag.py
[2022-03-28 10:53:03,315] {processor.py:654} INFO - DAG(s) dict_keys(['example_skip_dag']) retrieved from /home/vengat/big_data/python/venv/aflow_env/lib/python3.9/site-packages/airflow/example_dags/example_skip_dag.py
[2022-03-28 10:53:03,326] {logging_mixin.py:109} INFO - [2022-03-28 10:53:03,326] {dag.py:2398} INFO - Sync 1 DAGs
[2022-03-28 10:53:03,339] {logging_mixin.py:109} INFO - [2022-03-28 10:53:03,339] {dag.py:2937} INFO - Setting next_dagrun for example_skip_dag to 2022-03-27T17:53:03.339360+00:00
[2022-03-28 10:53:03,349] {processor.py:171} INFO - Processing /home/vengat/big_data/python/venv/aflow_env/lib/python3.9/site-packages/airflow/example_dags/example_skip_dag.py took 0.066 seconds
[2022-03-28 10:53:35,776] {processor.py:163} INFO - Started process (PID=55366) to work on /home/vengat/big_data/python/venv/aflow_env/lib/python3.9/site-packages/airflow/example_dags/example_skip_dag.py
[2022-03-28 10:53:35,778] {processor.py:642} INFO - Processing file /home/vengat/big_data/python/venv/aflow_env/lib/python3.9/site-packages/airflow/example_dags/example_skip_dag.py for tasks to queue
[2022-03-28 10:53:35,779] {logging_mixin.py:109} INFO - [2022-03-28 10:53:35,779] {dagbag.py:500} INFO - Filling up the DagBag from /home/vengat/big_data/python/venv/aflow_env/lib/python3.9/site-packages/airflow/example_dags/example_skip_dag.py
[2022-03-28 10:53:35,887] {processor.py:654} INFO - DAG(s) dict_keys(['example_skip_dag']) retrieved from /home/vengat/big_data/python/venv/aflow_env/lib/python3.9/site-packages/airflow/example_dags/example_skip_dag.py
[2022-03-28 10:53:35,919] {logging_mixin.py:109} INFO - [2022-03-28 10:53:35,919] {dag.py:2398} INFO - Sync 1 DAGs
[2022-03-28 10:53:35,936] {logging_mixin.py:109} INFO - [2022-03-28 10:53:35,936] {dag.py:2937} INFO - Setting next_dagrun for example_skip_dag to 2022-03-27T17:53:35.935810+00:00
[2022-03-28 10:53:35,945] {processor.py:171} INFO - Processing /home/vengat/big_data/python/venv/aflow_env/lib/python3.9/site-packages/airflow/example_dags/example_skip_dag.py took 0.174 seconds
[2022-03-28 10:54:16,765] {processor.py:163} INFO - Started process (PID=55406) to work on /home/vengat/big_data/python/venv/aflow_env/lib/python3.9/site-packages/airflow/example_dags/example_skip_dag.py
[2022-03-28 10:54:16,768] {processor.py:642} INFO - Processing file /home/vengat/big_data/python/venv/aflow_env/lib/python3.9/site-packages/airflow/example_dags/example_skip_dag.py for tasks to queue
[2022-03-28 10:54:16,769] {logging_mixin.py:109} INFO - [2022-03-28 10:54:16,768] {dagbag.py:500} INFO - Filling up the DagBag from /home/vengat/big_data/python/venv/aflow_env/lib/python3.9/site-packages/airflow/example_dags/example_skip_dag.py
[2022-03-28 10:54:16,795] {processor.py:654} INFO - DAG(s) dict_keys(['example_skip_dag']) retrieved from /home/vengat/big_data/python/venv/aflow_env/lib/python3.9/site-packages/airflow/example_dags/example_skip_dag.py
[2022-03-28 10:54:16,804] {logging_mixin.py:109} INFO - [2022-03-28 10:54:16,804] {dag.py:2398} INFO - Sync 1 DAGs
[2022-03-28 10:54:16,815] {logging_mixin.py:109} INFO - [2022-03-28 10:54:16,815] {dag.py:2937} INFO - Setting next_dagrun for example_skip_dag to 2022-03-27T17:54:16.815271+00:00
[2022-03-28 10:54:16,825] {processor.py:171} INFO - Processing /home/vengat/big_data/python/venv/aflow_env/lib/python3.9/site-packages/airflow/example_dags/example_skip_dag.py took 0.066 seconds
[2022-03-28 10:54:52,420] {processor.py:163} INFO - Started process (PID=55440) to work on /home/vengat/big_data/python/venv/aflow_env/lib/python3.9/site-packages/airflow/example_dags/example_skip_dag.py
[2022-03-28 10:54:52,422] {processor.py:642} INFO - Processing file /home/vengat/big_data/python/venv/aflow_env/lib/python3.9/site-packages/airflow/example_dags/example_skip_dag.py for tasks to queue
[2022-03-28 10:54:52,423] {logging_mixin.py:109} INFO - [2022-03-28 10:54:52,423] {dagbag.py:500} INFO - Filling up the DagBag from /home/vengat/big_data/python/venv/aflow_env/lib/python3.9/site-packages/airflow/example_dags/example_skip_dag.py
[2022-03-28 10:54:52,447] {processor.py:654} INFO - DAG(s) dict_keys(['example_skip_dag']) retrieved from /home/vengat/big_data/python/venv/aflow_env/lib/python3.9/site-packages/airflow/example_dags/example_skip_dag.py
[2022-03-28 10:54:52,456] {logging_mixin.py:109} INFO - [2022-03-28 10:54:52,456] {dag.py:2398} INFO - Sync 1 DAGs
[2022-03-28 10:54:52,468] {logging_mixin.py:109} INFO - [2022-03-28 10:54:52,468] {dag.py:2937} INFO - Setting next_dagrun for example_skip_dag to 2022-03-27T17:54:52.468327+00:00
[2022-03-28 10:54:52,476] {processor.py:171} INFO - Processing /home/vengat/big_data/python/venv/aflow_env/lib/python3.9/site-packages/airflow/example_dags/example_skip_dag.py took 0.061 seconds
