[2022-03-28 10:13:49,915] {processor.py:163} INFO - Started process (PID=52742) to work on /home/vengat/big_data/python/venv/aflow_env/lib/python3.9/site-packages/airflow/example_dags/example_sla_dag.py
[2022-03-28 10:13:49,916] {processor.py:642} INFO - Processing file /home/vengat/big_data/python/venv/aflow_env/lib/python3.9/site-packages/airflow/example_dags/example_sla_dag.py for tasks to queue
[2022-03-28 10:13:49,916] {logging_mixin.py:109} INFO - [2022-03-28 10:13:49,916] {dagbag.py:500} INFO - Filling up the DagBag from /home/vengat/big_data/python/venv/aflow_env/lib/python3.9/site-packages/airflow/example_dags/example_sla_dag.py
[2022-03-28 10:13:49,942] {processor.py:654} INFO - DAG(s) dict_keys(['example_sla_dag']) retrieved from /home/vengat/big_data/python/venv/aflow_env/lib/python3.9/site-packages/airflow/example_dags/example_sla_dag.py
[2022-03-28 10:13:49,951] {logging_mixin.py:109} INFO - [2022-03-28 10:13:49,950] {dag.py:2398} INFO - Sync 1 DAGs
[2022-03-28 10:13:49,975] {logging_mixin.py:109} INFO - [2022-03-28 10:13:49,975] {dag.py:2937} INFO - Setting next_dagrun for example_sla_dag to 2022-03-28T17:10:00+00:00
[2022-03-28 10:13:49,985] {processor.py:171} INFO - Processing /home/vengat/big_data/python/venv/aflow_env/lib/python3.9/site-packages/airflow/example_dags/example_sla_dag.py took 0.074 seconds
[2022-03-28 10:14:24,377] {processor.py:163} INFO - Started process (PID=52774) to work on /home/vengat/big_data/python/venv/aflow_env/lib/python3.9/site-packages/airflow/example_dags/example_sla_dag.py
[2022-03-28 10:14:24,378] {processor.py:642} INFO - Processing file /home/vengat/big_data/python/venv/aflow_env/lib/python3.9/site-packages/airflow/example_dags/example_sla_dag.py for tasks to queue
[2022-03-28 10:14:24,379] {logging_mixin.py:109} INFO - [2022-03-28 10:14:24,379] {dagbag.py:500} INFO - Filling up the DagBag from /home/vengat/big_data/python/venv/aflow_env/lib/python3.9/site-packages/airflow/example_dags/example_sla_dag.py
[2022-03-28 10:14:24,407] {processor.py:654} INFO - DAG(s) dict_keys(['example_sla_dag']) retrieved from /home/vengat/big_data/python/venv/aflow_env/lib/python3.9/site-packages/airflow/example_dags/example_sla_dag.py
[2022-03-28 10:14:24,419] {logging_mixin.py:109} INFO - [2022-03-28 10:14:24,419] {dag.py:2398} INFO - Sync 1 DAGs
[2022-03-28 10:14:24,434] {logging_mixin.py:109} INFO - [2022-03-28 10:14:24,434] {dag.py:2937} INFO - Setting next_dagrun for example_sla_dag to 2022-03-28T17:12:00+00:00
[2022-03-28 10:14:24,442] {processor.py:171} INFO - Processing /home/vengat/big_data/python/venv/aflow_env/lib/python3.9/site-packages/airflow/example_dags/example_sla_dag.py took 0.070 seconds
[2022-03-28 10:14:58,798] {processor.py:163} INFO - Started process (PID=52807) to work on /home/vengat/big_data/python/venv/aflow_env/lib/python3.9/site-packages/airflow/example_dags/example_sla_dag.py
[2022-03-28 10:14:58,804] {processor.py:642} INFO - Processing file /home/vengat/big_data/python/venv/aflow_env/lib/python3.9/site-packages/airflow/example_dags/example_sla_dag.py for tasks to queue
[2022-03-28 10:14:58,806] {logging_mixin.py:109} INFO - [2022-03-28 10:14:58,805] {dagbag.py:500} INFO - Filling up the DagBag from /home/vengat/big_data/python/venv/aflow_env/lib/python3.9/site-packages/airflow/example_dags/example_sla_dag.py
[2022-03-28 10:14:58,867] {processor.py:654} INFO - DAG(s) dict_keys(['example_sla_dag']) retrieved from /home/vengat/big_data/python/venv/aflow_env/lib/python3.9/site-packages/airflow/example_dags/example_sla_dag.py
[2022-03-28 10:14:58,875] {logging_mixin.py:109} INFO - [2022-03-28 10:14:58,875] {dag.py:2398} INFO - Sync 1 DAGs
[2022-03-28 10:14:58,893] {logging_mixin.py:109} INFO - [2022-03-28 10:14:58,892] {dag.py:2937} INFO - Setting next_dagrun for example_sla_dag to 2022-03-28T17:12:00+00:00
[2022-03-28 10:14:58,903] {processor.py:171} INFO - Processing /home/vengat/big_data/python/venv/aflow_env/lib/python3.9/site-packages/airflow/example_dags/example_sla_dag.py took 0.123 seconds
[2022-03-28 10:15:33,844] {processor.py:163} INFO - Started process (PID=52839) to work on /home/vengat/big_data/python/venv/aflow_env/lib/python3.9/site-packages/airflow/example_dags/example_sla_dag.py
[2022-03-28 10:15:33,846] {processor.py:642} INFO - Processing file /home/vengat/big_data/python/venv/aflow_env/lib/python3.9/site-packages/airflow/example_dags/example_sla_dag.py for tasks to queue
[2022-03-28 10:15:33,846] {logging_mixin.py:109} INFO - [2022-03-28 10:15:33,846] {dagbag.py:500} INFO - Filling up the DagBag from /home/vengat/big_data/python/venv/aflow_env/lib/python3.9/site-packages/airflow/example_dags/example_sla_dag.py
[2022-03-28 10:15:33,884] {processor.py:654} INFO - DAG(s) dict_keys(['example_sla_dag']) retrieved from /home/vengat/big_data/python/venv/aflow_env/lib/python3.9/site-packages/airflow/example_dags/example_sla_dag.py
[2022-03-28 10:15:33,895] {logging_mixin.py:109} INFO - [2022-03-28 10:15:33,895] {dag.py:2398} INFO - Sync 1 DAGs
[2022-03-28 10:15:33,912] {logging_mixin.py:109} INFO - [2022-03-28 10:15:33,911] {dag.py:2937} INFO - Setting next_dagrun for example_sla_dag to 2022-03-28T17:12:00+00:00
[2022-03-28 10:15:33,924] {processor.py:171} INFO - Processing /home/vengat/big_data/python/venv/aflow_env/lib/python3.9/site-packages/airflow/example_dags/example_sla_dag.py took 0.082 seconds
[2022-03-28 10:16:08,148] {processor.py:163} INFO - Started process (PID=52871) to work on /home/vengat/big_data/python/venv/aflow_env/lib/python3.9/site-packages/airflow/example_dags/example_sla_dag.py
[2022-03-28 10:16:08,150] {processor.py:642} INFO - Processing file /home/vengat/big_data/python/venv/aflow_env/lib/python3.9/site-packages/airflow/example_dags/example_sla_dag.py for tasks to queue
[2022-03-28 10:16:08,151] {logging_mixin.py:109} INFO - [2022-03-28 10:16:08,151] {dagbag.py:500} INFO - Filling up the DagBag from /home/vengat/big_data/python/venv/aflow_env/lib/python3.9/site-packages/airflow/example_dags/example_sla_dag.py
[2022-03-28 10:16:08,186] {processor.py:654} INFO - DAG(s) dict_keys(['example_sla_dag']) retrieved from /home/vengat/big_data/python/venv/aflow_env/lib/python3.9/site-packages/airflow/example_dags/example_sla_dag.py
[2022-03-28 10:16:08,193] {logging_mixin.py:109} INFO - [2022-03-28 10:16:08,193] {dag.py:2398} INFO - Sync 1 DAGs
[2022-03-28 10:16:08,210] {logging_mixin.py:109} INFO - [2022-03-28 10:16:08,210] {dag.py:2937} INFO - Setting next_dagrun for example_sla_dag to 2022-03-28T17:14:00+00:00
[2022-03-28 10:16:08,218] {processor.py:171} INFO - Processing /home/vengat/big_data/python/venv/aflow_env/lib/python3.9/site-packages/airflow/example_dags/example_sla_dag.py took 0.075 seconds
[2022-03-28 10:16:41,515] {processor.py:163} INFO - Started process (PID=52903) to work on /home/vengat/big_data/python/venv/aflow_env/lib/python3.9/site-packages/airflow/example_dags/example_sla_dag.py
[2022-03-28 10:16:41,518] {processor.py:642} INFO - Processing file /home/vengat/big_data/python/venv/aflow_env/lib/python3.9/site-packages/airflow/example_dags/example_sla_dag.py for tasks to queue
[2022-03-28 10:16:41,519] {logging_mixin.py:109} INFO - [2022-03-28 10:16:41,518] {dagbag.py:500} INFO - Filling up the DagBag from /home/vengat/big_data/python/venv/aflow_env/lib/python3.9/site-packages/airflow/example_dags/example_sla_dag.py
[2022-03-28 10:16:41,568] {processor.py:654} INFO - DAG(s) dict_keys(['example_sla_dag']) retrieved from /home/vengat/big_data/python/venv/aflow_env/lib/python3.9/site-packages/airflow/example_dags/example_sla_dag.py
[2022-03-28 10:16:41,579] {logging_mixin.py:109} INFO - [2022-03-28 10:16:41,578] {dag.py:2398} INFO - Sync 1 DAGs
[2022-03-28 10:16:41,598] {logging_mixin.py:109} INFO - [2022-03-28 10:16:41,598] {dag.py:2937} INFO - Setting next_dagrun for example_sla_dag to 2022-03-28T17:14:00+00:00
[2022-03-28 10:16:41,610] {processor.py:171} INFO - Processing /home/vengat/big_data/python/venv/aflow_env/lib/python3.9/site-packages/airflow/example_dags/example_sla_dag.py took 0.103 seconds
[2022-03-28 10:17:16,999] {processor.py:163} INFO - Started process (PID=52938) to work on /home/vengat/big_data/python/venv/aflow_env/lib/python3.9/site-packages/airflow/example_dags/example_sla_dag.py
[2022-03-28 10:17:17,001] {processor.py:642} INFO - Processing file /home/vengat/big_data/python/venv/aflow_env/lib/python3.9/site-packages/airflow/example_dags/example_sla_dag.py for tasks to queue
[2022-03-28 10:17:17,001] {logging_mixin.py:109} INFO - [2022-03-28 10:17:17,001] {dagbag.py:500} INFO - Filling up the DagBag from /home/vengat/big_data/python/venv/aflow_env/lib/python3.9/site-packages/airflow/example_dags/example_sla_dag.py
[2022-03-28 10:17:17,030] {processor.py:654} INFO - DAG(s) dict_keys(['example_sla_dag']) retrieved from /home/vengat/big_data/python/venv/aflow_env/lib/python3.9/site-packages/airflow/example_dags/example_sla_dag.py
[2022-03-28 10:17:17,038] {logging_mixin.py:109} INFO - [2022-03-28 10:17:17,037] {dag.py:2398} INFO - Sync 1 DAGs
[2022-03-28 10:17:17,050] {logging_mixin.py:109} INFO - [2022-03-28 10:17:17,050] {dag.py:2937} INFO - Setting next_dagrun for example_sla_dag to 2022-03-28T17:14:00+00:00
[2022-03-28 10:17:17,058] {processor.py:171} INFO - Processing /home/vengat/big_data/python/venv/aflow_env/lib/python3.9/site-packages/airflow/example_dags/example_sla_dag.py took 0.062 seconds
[2022-03-28 10:17:49,934] {processor.py:163} INFO - Started process (PID=52973) to work on /home/vengat/big_data/python/venv/aflow_env/lib/python3.9/site-packages/airflow/example_dags/example_sla_dag.py
[2022-03-28 10:17:49,937] {processor.py:642} INFO - Processing file /home/vengat/big_data/python/venv/aflow_env/lib/python3.9/site-packages/airflow/example_dags/example_sla_dag.py for tasks to queue
[2022-03-28 10:17:49,937] {logging_mixin.py:109} INFO - [2022-03-28 10:17:49,937] {dagbag.py:500} INFO - Filling up the DagBag from /home/vengat/big_data/python/venv/aflow_env/lib/python3.9/site-packages/airflow/example_dags/example_sla_dag.py
[2022-03-28 10:17:49,968] {processor.py:654} INFO - DAG(s) dict_keys(['example_sla_dag']) retrieved from /home/vengat/big_data/python/venv/aflow_env/lib/python3.9/site-packages/airflow/example_dags/example_sla_dag.py
[2022-03-28 10:17:49,977] {logging_mixin.py:109} INFO - [2022-03-28 10:17:49,977] {dag.py:2398} INFO - Sync 1 DAGs
[2022-03-28 10:17:49,992] {logging_mixin.py:109} INFO - [2022-03-28 10:17:49,992] {dag.py:2937} INFO - Setting next_dagrun for example_sla_dag to 2022-03-28T17:14:00+00:00
[2022-03-28 10:17:50,001] {processor.py:171} INFO - Processing /home/vengat/big_data/python/venv/aflow_env/lib/python3.9/site-packages/airflow/example_dags/example_sla_dag.py took 0.074 seconds
[2022-03-28 10:18:24,295] {processor.py:163} INFO - Started process (PID=53006) to work on /home/vengat/big_data/python/venv/aflow_env/lib/python3.9/site-packages/airflow/example_dags/example_sla_dag.py
[2022-03-28 10:18:24,297] {processor.py:642} INFO - Processing file /home/vengat/big_data/python/venv/aflow_env/lib/python3.9/site-packages/airflow/example_dags/example_sla_dag.py for tasks to queue
[2022-03-28 10:18:24,298] {logging_mixin.py:109} INFO - [2022-03-28 10:18:24,297] {dagbag.py:500} INFO - Filling up the DagBag from /home/vengat/big_data/python/venv/aflow_env/lib/python3.9/site-packages/airflow/example_dags/example_sla_dag.py
[2022-03-28 10:18:24,336] {processor.py:654} INFO - DAG(s) dict_keys(['example_sla_dag']) retrieved from /home/vengat/big_data/python/venv/aflow_env/lib/python3.9/site-packages/airflow/example_dags/example_sla_dag.py
[2022-03-28 10:18:24,351] {logging_mixin.py:109} INFO - [2022-03-28 10:18:24,351] {dag.py:2398} INFO - Sync 1 DAGs
[2022-03-28 10:18:24,373] {logging_mixin.py:109} INFO - [2022-03-28 10:18:24,373] {dag.py:2937} INFO - Setting next_dagrun for example_sla_dag to 2022-03-28T17:16:00+00:00
[2022-03-28 10:18:24,395] {processor.py:171} INFO - Processing /home/vengat/big_data/python/venv/aflow_env/lib/python3.9/site-packages/airflow/example_dags/example_sla_dag.py took 0.103 seconds
[2022-03-28 10:19:00,872] {processor.py:163} INFO - Started process (PID=53045) to work on /home/vengat/big_data/python/venv/aflow_env/lib/python3.9/site-packages/airflow/example_dags/example_sla_dag.py
[2022-03-28 10:19:00,874] {processor.py:642} INFO - Processing file /home/vengat/big_data/python/venv/aflow_env/lib/python3.9/site-packages/airflow/example_dags/example_sla_dag.py for tasks to queue
[2022-03-28 10:19:00,874] {logging_mixin.py:109} INFO - [2022-03-28 10:19:00,874] {dagbag.py:500} INFO - Filling up the DagBag from /home/vengat/big_data/python/venv/aflow_env/lib/python3.9/site-packages/airflow/example_dags/example_sla_dag.py
[2022-03-28 10:19:00,902] {processor.py:654} INFO - DAG(s) dict_keys(['example_sla_dag']) retrieved from /home/vengat/big_data/python/venv/aflow_env/lib/python3.9/site-packages/airflow/example_dags/example_sla_dag.py
[2022-03-28 10:19:00,909] {logging_mixin.py:109} INFO - [2022-03-28 10:19:00,909] {dag.py:2398} INFO - Sync 1 DAGs
[2022-03-28 10:19:00,922] {logging_mixin.py:109} INFO - [2022-03-28 10:19:00,922] {dag.py:2937} INFO - Setting next_dagrun for example_sla_dag to 2022-03-28T17:16:00+00:00
[2022-03-28 10:19:00,930] {processor.py:171} INFO - Processing /home/vengat/big_data/python/venv/aflow_env/lib/python3.9/site-packages/airflow/example_dags/example_sla_dag.py took 0.062 seconds
[2022-03-28 10:19:34,717] {processor.py:163} INFO - Started process (PID=53077) to work on /home/vengat/big_data/python/venv/aflow_env/lib/python3.9/site-packages/airflow/example_dags/example_sla_dag.py
[2022-03-28 10:19:34,718] {processor.py:642} INFO - Processing file /home/vengat/big_data/python/venv/aflow_env/lib/python3.9/site-packages/airflow/example_dags/example_sla_dag.py for tasks to queue
[2022-03-28 10:19:34,719] {logging_mixin.py:109} INFO - [2022-03-28 10:19:34,719] {dagbag.py:500} INFO - Filling up the DagBag from /home/vengat/big_data/python/venv/aflow_env/lib/python3.9/site-packages/airflow/example_dags/example_sla_dag.py
[2022-03-28 10:19:34,750] {processor.py:654} INFO - DAG(s) dict_keys(['example_sla_dag']) retrieved from /home/vengat/big_data/python/venv/aflow_env/lib/python3.9/site-packages/airflow/example_dags/example_sla_dag.py
[2022-03-28 10:19:34,757] {logging_mixin.py:109} INFO - [2022-03-28 10:19:34,757] {dag.py:2398} INFO - Sync 1 DAGs
[2022-03-28 10:19:34,771] {logging_mixin.py:109} INFO - [2022-03-28 10:19:34,771] {dag.py:2937} INFO - Setting next_dagrun for example_sla_dag to 2022-03-28T17:16:00+00:00
[2022-03-28 10:19:34,778] {processor.py:171} INFO - Processing /home/vengat/big_data/python/venv/aflow_env/lib/python3.9/site-packages/airflow/example_dags/example_sla_dag.py took 0.066 seconds
[2022-03-28 10:20:10,286] {processor.py:163} INFO - Started process (PID=53110) to work on /home/vengat/big_data/python/venv/aflow_env/lib/python3.9/site-packages/airflow/example_dags/example_sla_dag.py
[2022-03-28 10:20:10,288] {processor.py:642} INFO - Processing file /home/vengat/big_data/python/venv/aflow_env/lib/python3.9/site-packages/airflow/example_dags/example_sla_dag.py for tasks to queue
[2022-03-28 10:20:10,289] {logging_mixin.py:109} INFO - [2022-03-28 10:20:10,289] {dagbag.py:500} INFO - Filling up the DagBag from /home/vengat/big_data/python/venv/aflow_env/lib/python3.9/site-packages/airflow/example_dags/example_sla_dag.py
[2022-03-28 10:20:10,322] {processor.py:654} INFO - DAG(s) dict_keys(['example_sla_dag']) retrieved from /home/vengat/big_data/python/venv/aflow_env/lib/python3.9/site-packages/airflow/example_dags/example_sla_dag.py
[2022-03-28 10:20:10,333] {logging_mixin.py:109} INFO - [2022-03-28 10:20:10,333] {dag.py:2398} INFO - Sync 1 DAGs
[2022-03-28 10:20:10,349] {logging_mixin.py:109} INFO - [2022-03-28 10:20:10,349] {dag.py:2937} INFO - Setting next_dagrun for example_sla_dag to 2022-03-28T17:18:00+00:00
[2022-03-28 10:20:10,358] {processor.py:171} INFO - Processing /home/vengat/big_data/python/venv/aflow_env/lib/python3.9/site-packages/airflow/example_dags/example_sla_dag.py took 0.078 seconds
[2022-03-28 10:20:45,433] {processor.py:163} INFO - Started process (PID=53143) to work on /home/vengat/big_data/python/venv/aflow_env/lib/python3.9/site-packages/airflow/example_dags/example_sla_dag.py
[2022-03-28 10:20:45,435] {processor.py:642} INFO - Processing file /home/vengat/big_data/python/venv/aflow_env/lib/python3.9/site-packages/airflow/example_dags/example_sla_dag.py for tasks to queue
[2022-03-28 10:20:45,436] {logging_mixin.py:109} INFO - [2022-03-28 10:20:45,436] {dagbag.py:500} INFO - Filling up the DagBag from /home/vengat/big_data/python/venv/aflow_env/lib/python3.9/site-packages/airflow/example_dags/example_sla_dag.py
[2022-03-28 10:20:45,469] {processor.py:654} INFO - DAG(s) dict_keys(['example_sla_dag']) retrieved from /home/vengat/big_data/python/venv/aflow_env/lib/python3.9/site-packages/airflow/example_dags/example_sla_dag.py
[2022-03-28 10:20:45,479] {logging_mixin.py:109} INFO - [2022-03-28 10:20:45,479] {dag.py:2398} INFO - Sync 1 DAGs
[2022-03-28 10:20:45,495] {logging_mixin.py:109} INFO - [2022-03-28 10:20:45,494] {dag.py:2937} INFO - Setting next_dagrun for example_sla_dag to 2022-03-28T17:18:00+00:00
[2022-03-28 10:20:45,507] {processor.py:171} INFO - Processing /home/vengat/big_data/python/venv/aflow_env/lib/python3.9/site-packages/airflow/example_dags/example_sla_dag.py took 0.078 seconds
[2022-03-28 10:21:20,587] {processor.py:163} INFO - Started process (PID=53175) to work on /home/vengat/big_data/python/venv/aflow_env/lib/python3.9/site-packages/airflow/example_dags/example_sla_dag.py
[2022-03-28 10:21:20,589] {processor.py:642} INFO - Processing file /home/vengat/big_data/python/venv/aflow_env/lib/python3.9/site-packages/airflow/example_dags/example_sla_dag.py for tasks to queue
[2022-03-28 10:21:20,589] {logging_mixin.py:109} INFO - [2022-03-28 10:21:20,589] {dagbag.py:500} INFO - Filling up the DagBag from /home/vengat/big_data/python/venv/aflow_env/lib/python3.9/site-packages/airflow/example_dags/example_sla_dag.py
[2022-03-28 10:21:20,622] {processor.py:654} INFO - DAG(s) dict_keys(['example_sla_dag']) retrieved from /home/vengat/big_data/python/venv/aflow_env/lib/python3.9/site-packages/airflow/example_dags/example_sla_dag.py
[2022-03-28 10:21:20,633] {logging_mixin.py:109} INFO - [2022-03-28 10:21:20,633] {dag.py:2398} INFO - Sync 1 DAGs
[2022-03-28 10:21:20,654] {logging_mixin.py:109} INFO - [2022-03-28 10:21:20,654] {dag.py:2937} INFO - Setting next_dagrun for example_sla_dag to 2022-03-28T17:18:00+00:00
[2022-03-28 10:21:20,666] {processor.py:171} INFO - Processing /home/vengat/big_data/python/venv/aflow_env/lib/python3.9/site-packages/airflow/example_dags/example_sla_dag.py took 0.083 seconds
[2022-03-28 10:21:54,364] {processor.py:163} INFO - Started process (PID=53209) to work on /home/vengat/big_data/python/venv/aflow_env/lib/python3.9/site-packages/airflow/example_dags/example_sla_dag.py
[2022-03-28 10:21:54,366] {processor.py:642} INFO - Processing file /home/vengat/big_data/python/venv/aflow_env/lib/python3.9/site-packages/airflow/example_dags/example_sla_dag.py for tasks to queue
[2022-03-28 10:21:54,366] {logging_mixin.py:109} INFO - [2022-03-28 10:21:54,366] {dagbag.py:500} INFO - Filling up the DagBag from /home/vengat/big_data/python/venv/aflow_env/lib/python3.9/site-packages/airflow/example_dags/example_sla_dag.py
[2022-03-28 10:21:54,400] {processor.py:654} INFO - DAG(s) dict_keys(['example_sla_dag']) retrieved from /home/vengat/big_data/python/venv/aflow_env/lib/python3.9/site-packages/airflow/example_dags/example_sla_dag.py
[2022-03-28 10:21:54,409] {logging_mixin.py:109} INFO - [2022-03-28 10:21:54,409] {dag.py:2398} INFO - Sync 1 DAGs
[2022-03-28 10:21:54,426] {logging_mixin.py:109} INFO - [2022-03-28 10:21:54,426] {dag.py:2937} INFO - Setting next_dagrun for example_sla_dag to 2022-03-28T17:18:00+00:00
[2022-03-28 10:21:54,434] {processor.py:171} INFO - Processing /home/vengat/big_data/python/venv/aflow_env/lib/python3.9/site-packages/airflow/example_dags/example_sla_dag.py took 0.074 seconds
[2022-03-28 10:22:28,401] {processor.py:163} INFO - Started process (PID=53242) to work on /home/vengat/big_data/python/venv/aflow_env/lib/python3.9/site-packages/airflow/example_dags/example_sla_dag.py
[2022-03-28 10:22:28,403] {processor.py:642} INFO - Processing file /home/vengat/big_data/python/venv/aflow_env/lib/python3.9/site-packages/airflow/example_dags/example_sla_dag.py for tasks to queue
[2022-03-28 10:22:28,404] {logging_mixin.py:109} INFO - [2022-03-28 10:22:28,404] {dagbag.py:500} INFO - Filling up the DagBag from /home/vengat/big_data/python/venv/aflow_env/lib/python3.9/site-packages/airflow/example_dags/example_sla_dag.py
[2022-03-28 10:22:28,433] {processor.py:654} INFO - DAG(s) dict_keys(['example_sla_dag']) retrieved from /home/vengat/big_data/python/venv/aflow_env/lib/python3.9/site-packages/airflow/example_dags/example_sla_dag.py
[2022-03-28 10:22:28,447] {logging_mixin.py:109} INFO - [2022-03-28 10:22:28,447] {dag.py:2398} INFO - Sync 1 DAGs
[2022-03-28 10:22:28,464] {logging_mixin.py:109} INFO - [2022-03-28 10:22:28,464] {dag.py:2937} INFO - Setting next_dagrun for example_sla_dag to 2022-03-28T17:20:00+00:00
[2022-03-28 10:22:28,476] {processor.py:171} INFO - Processing /home/vengat/big_data/python/venv/aflow_env/lib/python3.9/site-packages/airflow/example_dags/example_sla_dag.py took 0.077 seconds
[2022-03-28 10:23:03,138] {processor.py:163} INFO - Started process (PID=53274) to work on /home/vengat/big_data/python/venv/aflow_env/lib/python3.9/site-packages/airflow/example_dags/example_sla_dag.py
[2022-03-28 10:23:03,141] {processor.py:642} INFO - Processing file /home/vengat/big_data/python/venv/aflow_env/lib/python3.9/site-packages/airflow/example_dags/example_sla_dag.py for tasks to queue
[2022-03-28 10:23:03,142] {logging_mixin.py:109} INFO - [2022-03-28 10:23:03,142] {dagbag.py:500} INFO - Filling up the DagBag from /home/vengat/big_data/python/venv/aflow_env/lib/python3.9/site-packages/airflow/example_dags/example_sla_dag.py
[2022-03-28 10:23:03,176] {processor.py:654} INFO - DAG(s) dict_keys(['example_sla_dag']) retrieved from /home/vengat/big_data/python/venv/aflow_env/lib/python3.9/site-packages/airflow/example_dags/example_sla_dag.py
[2022-03-28 10:23:03,183] {logging_mixin.py:109} INFO - [2022-03-28 10:23:03,183] {dag.py:2398} INFO - Sync 1 DAGs
[2022-03-28 10:23:03,199] {logging_mixin.py:109} INFO - [2022-03-28 10:23:03,199] {dag.py:2937} INFO - Setting next_dagrun for example_sla_dag to 2022-03-28T17:20:00+00:00
[2022-03-28 10:23:03,213] {processor.py:171} INFO - Processing /home/vengat/big_data/python/venv/aflow_env/lib/python3.9/site-packages/airflow/example_dags/example_sla_dag.py took 0.079 seconds
[2022-03-28 10:23:36,370] {processor.py:163} INFO - Started process (PID=53308) to work on /home/vengat/big_data/python/venv/aflow_env/lib/python3.9/site-packages/airflow/example_dags/example_sla_dag.py
[2022-03-28 10:23:36,373] {processor.py:642} INFO - Processing file /home/vengat/big_data/python/venv/aflow_env/lib/python3.9/site-packages/airflow/example_dags/example_sla_dag.py for tasks to queue
[2022-03-28 10:23:36,374] {logging_mixin.py:109} INFO - [2022-03-28 10:23:36,374] {dagbag.py:500} INFO - Filling up the DagBag from /home/vengat/big_data/python/venv/aflow_env/lib/python3.9/site-packages/airflow/example_dags/example_sla_dag.py
[2022-03-28 10:23:36,404] {processor.py:654} INFO - DAG(s) dict_keys(['example_sla_dag']) retrieved from /home/vengat/big_data/python/venv/aflow_env/lib/python3.9/site-packages/airflow/example_dags/example_sla_dag.py
[2022-03-28 10:23:36,414] {logging_mixin.py:109} INFO - [2022-03-28 10:23:36,414] {dag.py:2398} INFO - Sync 1 DAGs
[2022-03-28 10:23:36,431] {logging_mixin.py:109} INFO - [2022-03-28 10:23:36,431] {dag.py:2937} INFO - Setting next_dagrun for example_sla_dag to 2022-03-28T17:20:00+00:00
[2022-03-28 10:23:36,443] {processor.py:171} INFO - Processing /home/vengat/big_data/python/venv/aflow_env/lib/python3.9/site-packages/airflow/example_dags/example_sla_dag.py took 0.077 seconds
[2022-03-28 10:24:10,384] {processor.py:163} INFO - Started process (PID=53342) to work on /home/vengat/big_data/python/venv/aflow_env/lib/python3.9/site-packages/airflow/example_dags/example_sla_dag.py
[2022-03-28 10:24:10,386] {processor.py:642} INFO - Processing file /home/vengat/big_data/python/venv/aflow_env/lib/python3.9/site-packages/airflow/example_dags/example_sla_dag.py for tasks to queue
[2022-03-28 10:24:10,387] {logging_mixin.py:109} INFO - [2022-03-28 10:24:10,386] {dagbag.py:500} INFO - Filling up the DagBag from /home/vengat/big_data/python/venv/aflow_env/lib/python3.9/site-packages/airflow/example_dags/example_sla_dag.py
[2022-03-28 10:24:10,467] {processor.py:654} INFO - DAG(s) dict_keys(['example_sla_dag']) retrieved from /home/vengat/big_data/python/venv/aflow_env/lib/python3.9/site-packages/airflow/example_dags/example_sla_dag.py
[2022-03-28 10:24:10,475] {logging_mixin.py:109} INFO - [2022-03-28 10:24:10,475] {dag.py:2398} INFO - Sync 1 DAGs
[2022-03-28 10:24:10,495] {logging_mixin.py:109} INFO - [2022-03-28 10:24:10,495] {dag.py:2937} INFO - Setting next_dagrun for example_sla_dag to 2022-03-28T17:22:00+00:00
[2022-03-28 10:24:10,505] {processor.py:171} INFO - Processing /home/vengat/big_data/python/venv/aflow_env/lib/python3.9/site-packages/airflow/example_dags/example_sla_dag.py took 0.126 seconds
[2022-03-28 10:24:46,650] {processor.py:163} INFO - Started process (PID=53376) to work on /home/vengat/big_data/python/venv/aflow_env/lib/python3.9/site-packages/airflow/example_dags/example_sla_dag.py
[2022-03-28 10:24:46,652] {processor.py:642} INFO - Processing file /home/vengat/big_data/python/venv/aflow_env/lib/python3.9/site-packages/airflow/example_dags/example_sla_dag.py for tasks to queue
[2022-03-28 10:24:46,652] {logging_mixin.py:109} INFO - [2022-03-28 10:24:46,652] {dagbag.py:500} INFO - Filling up the DagBag from /home/vengat/big_data/python/venv/aflow_env/lib/python3.9/site-packages/airflow/example_dags/example_sla_dag.py
[2022-03-28 10:24:46,688] {processor.py:654} INFO - DAG(s) dict_keys(['example_sla_dag']) retrieved from /home/vengat/big_data/python/venv/aflow_env/lib/python3.9/site-packages/airflow/example_dags/example_sla_dag.py
[2022-03-28 10:24:46,698] {logging_mixin.py:109} INFO - [2022-03-28 10:24:46,698] {dag.py:2398} INFO - Sync 1 DAGs
[2022-03-28 10:24:46,716] {logging_mixin.py:109} INFO - [2022-03-28 10:24:46,716] {dag.py:2937} INFO - Setting next_dagrun for example_sla_dag to 2022-03-28T17:22:00+00:00
[2022-03-28 10:24:46,727] {processor.py:171} INFO - Processing /home/vengat/big_data/python/venv/aflow_env/lib/python3.9/site-packages/airflow/example_dags/example_sla_dag.py took 0.080 seconds
[2022-03-28 10:25:22,649] {processor.py:163} INFO - Started process (PID=53410) to work on /home/vengat/big_data/python/venv/aflow_env/lib/python3.9/site-packages/airflow/example_dags/example_sla_dag.py
[2022-03-28 10:25:22,650] {processor.py:642} INFO - Processing file /home/vengat/big_data/python/venv/aflow_env/lib/python3.9/site-packages/airflow/example_dags/example_sla_dag.py for tasks to queue
[2022-03-28 10:25:22,651] {logging_mixin.py:109} INFO - [2022-03-28 10:25:22,651] {dagbag.py:500} INFO - Filling up the DagBag from /home/vengat/big_data/python/venv/aflow_env/lib/python3.9/site-packages/airflow/example_dags/example_sla_dag.py
[2022-03-28 10:25:22,684] {processor.py:654} INFO - DAG(s) dict_keys(['example_sla_dag']) retrieved from /home/vengat/big_data/python/venv/aflow_env/lib/python3.9/site-packages/airflow/example_dags/example_sla_dag.py
[2022-03-28 10:25:22,695] {logging_mixin.py:109} INFO - [2022-03-28 10:25:22,695] {dag.py:2398} INFO - Sync 1 DAGs
[2022-03-28 10:25:22,712] {logging_mixin.py:109} INFO - [2022-03-28 10:25:22,711] {dag.py:2937} INFO - Setting next_dagrun for example_sla_dag to 2022-03-28T17:22:00+00:00
[2022-03-28 10:25:22,720] {processor.py:171} INFO - Processing /home/vengat/big_data/python/venv/aflow_env/lib/python3.9/site-packages/airflow/example_dags/example_sla_dag.py took 0.075 seconds
[2022-03-28 10:25:55,521] {processor.py:163} INFO - Started process (PID=53440) to work on /home/vengat/big_data/python/venv/aflow_env/lib/python3.9/site-packages/airflow/example_dags/example_sla_dag.py
[2022-03-28 10:25:55,522] {processor.py:642} INFO - Processing file /home/vengat/big_data/python/venv/aflow_env/lib/python3.9/site-packages/airflow/example_dags/example_sla_dag.py for tasks to queue
[2022-03-28 10:25:55,523] {logging_mixin.py:109} INFO - [2022-03-28 10:25:55,523] {dagbag.py:500} INFO - Filling up the DagBag from /home/vengat/big_data/python/venv/aflow_env/lib/python3.9/site-packages/airflow/example_dags/example_sla_dag.py
[2022-03-28 10:25:55,556] {processor.py:654} INFO - DAG(s) dict_keys(['example_sla_dag']) retrieved from /home/vengat/big_data/python/venv/aflow_env/lib/python3.9/site-packages/airflow/example_dags/example_sla_dag.py
[2022-03-28 10:25:55,566] {logging_mixin.py:109} INFO - [2022-03-28 10:25:55,566] {dag.py:2398} INFO - Sync 1 DAGs
[2022-03-28 10:25:55,584] {logging_mixin.py:109} INFO - [2022-03-28 10:25:55,583] {dag.py:2937} INFO - Setting next_dagrun for example_sla_dag to 2022-03-28T17:22:00+00:00
[2022-03-28 10:25:55,593] {processor.py:171} INFO - Processing /home/vengat/big_data/python/venv/aflow_env/lib/python3.9/site-packages/airflow/example_dags/example_sla_dag.py took 0.076 seconds
[2022-03-28 10:26:27,762] {processor.py:163} INFO - Started process (PID=53472) to work on /home/vengat/big_data/python/venv/aflow_env/lib/python3.9/site-packages/airflow/example_dags/example_sla_dag.py
[2022-03-28 10:26:27,764] {processor.py:642} INFO - Processing file /home/vengat/big_data/python/venv/aflow_env/lib/python3.9/site-packages/airflow/example_dags/example_sla_dag.py for tasks to queue
[2022-03-28 10:26:27,764] {logging_mixin.py:109} INFO - [2022-03-28 10:26:27,764] {dagbag.py:500} INFO - Filling up the DagBag from /home/vengat/big_data/python/venv/aflow_env/lib/python3.9/site-packages/airflow/example_dags/example_sla_dag.py
[2022-03-28 10:26:27,797] {processor.py:654} INFO - DAG(s) dict_keys(['example_sla_dag']) retrieved from /home/vengat/big_data/python/venv/aflow_env/lib/python3.9/site-packages/airflow/example_dags/example_sla_dag.py
[2022-03-28 10:26:27,807] {logging_mixin.py:109} INFO - [2022-03-28 10:26:27,807] {dag.py:2398} INFO - Sync 1 DAGs
[2022-03-28 10:26:27,822] {logging_mixin.py:109} INFO - [2022-03-28 10:26:27,822] {dag.py:2937} INFO - Setting next_dagrun for example_sla_dag to 2022-03-28T17:24:00+00:00
[2022-03-28 10:26:27,835] {processor.py:171} INFO - Processing /home/vengat/big_data/python/venv/aflow_env/lib/python3.9/site-packages/airflow/example_dags/example_sla_dag.py took 0.077 seconds
[2022-03-28 10:27:03,330] {processor.py:163} INFO - Started process (PID=53505) to work on /home/vengat/big_data/python/venv/aflow_env/lib/python3.9/site-packages/airflow/example_dags/example_sla_dag.py
[2022-03-28 10:27:03,332] {processor.py:642} INFO - Processing file /home/vengat/big_data/python/venv/aflow_env/lib/python3.9/site-packages/airflow/example_dags/example_sla_dag.py for tasks to queue
[2022-03-28 10:27:03,334] {logging_mixin.py:109} INFO - [2022-03-28 10:27:03,333] {dagbag.py:500} INFO - Filling up the DagBag from /home/vengat/big_data/python/venv/aflow_env/lib/python3.9/site-packages/airflow/example_dags/example_sla_dag.py
[2022-03-28 10:27:03,373] {processor.py:654} INFO - DAG(s) dict_keys(['example_sla_dag']) retrieved from /home/vengat/big_data/python/venv/aflow_env/lib/python3.9/site-packages/airflow/example_dags/example_sla_dag.py
[2022-03-28 10:27:03,385] {logging_mixin.py:109} INFO - [2022-03-28 10:27:03,385] {dag.py:2398} INFO - Sync 1 DAGs
[2022-03-28 10:27:03,405] {logging_mixin.py:109} INFO - [2022-03-28 10:27:03,405] {dag.py:2937} INFO - Setting next_dagrun for example_sla_dag to 2022-03-28T17:24:00+00:00
[2022-03-28 10:27:03,418] {processor.py:171} INFO - Processing /home/vengat/big_data/python/venv/aflow_env/lib/python3.9/site-packages/airflow/example_dags/example_sla_dag.py took 0.092 seconds
[2022-03-28 10:27:36,115] {processor.py:163} INFO - Started process (PID=53537) to work on /home/vengat/big_data/python/venv/aflow_env/lib/python3.9/site-packages/airflow/example_dags/example_sla_dag.py
[2022-03-28 10:27:36,116] {processor.py:642} INFO - Processing file /home/vengat/big_data/python/venv/aflow_env/lib/python3.9/site-packages/airflow/example_dags/example_sla_dag.py for tasks to queue
[2022-03-28 10:27:36,117] {logging_mixin.py:109} INFO - [2022-03-28 10:27:36,117] {dagbag.py:500} INFO - Filling up the DagBag from /home/vengat/big_data/python/venv/aflow_env/lib/python3.9/site-packages/airflow/example_dags/example_sla_dag.py
[2022-03-28 10:27:36,150] {processor.py:654} INFO - DAG(s) dict_keys(['example_sla_dag']) retrieved from /home/vengat/big_data/python/venv/aflow_env/lib/python3.9/site-packages/airflow/example_dags/example_sla_dag.py
[2022-03-28 10:27:36,159] {logging_mixin.py:109} INFO - [2022-03-28 10:27:36,159] {dag.py:2398} INFO - Sync 1 DAGs
[2022-03-28 10:27:36,176] {logging_mixin.py:109} INFO - [2022-03-28 10:27:36,176] {dag.py:2937} INFO - Setting next_dagrun for example_sla_dag to 2022-03-28T17:24:00+00:00
[2022-03-28 10:27:36,188] {processor.py:171} INFO - Processing /home/vengat/big_data/python/venv/aflow_env/lib/python3.9/site-packages/airflow/example_dags/example_sla_dag.py took 0.078 seconds
[2022-03-28 10:28:10,296] {processor.py:163} INFO - Started process (PID=53568) to work on /home/vengat/big_data/python/venv/aflow_env/lib/python3.9/site-packages/airflow/example_dags/example_sla_dag.py
[2022-03-28 10:28:10,298] {processor.py:642} INFO - Processing file /home/vengat/big_data/python/venv/aflow_env/lib/python3.9/site-packages/airflow/example_dags/example_sla_dag.py for tasks to queue
[2022-03-28 10:28:10,299] {logging_mixin.py:109} INFO - [2022-03-28 10:28:10,299] {dagbag.py:500} INFO - Filling up the DagBag from /home/vengat/big_data/python/venv/aflow_env/lib/python3.9/site-packages/airflow/example_dags/example_sla_dag.py
[2022-03-28 10:28:10,334] {processor.py:654} INFO - DAG(s) dict_keys(['example_sla_dag']) retrieved from /home/vengat/big_data/python/venv/aflow_env/lib/python3.9/site-packages/airflow/example_dags/example_sla_dag.py
[2022-03-28 10:28:10,342] {logging_mixin.py:109} INFO - [2022-03-28 10:28:10,342] {dag.py:2398} INFO - Sync 1 DAGs
[2022-03-28 10:28:10,361] {logging_mixin.py:109} INFO - [2022-03-28 10:28:10,361] {dag.py:2937} INFO - Setting next_dagrun for example_sla_dag to 2022-03-28T17:26:00+00:00
[2022-03-28 10:28:10,371] {processor.py:171} INFO - Processing /home/vengat/big_data/python/venv/aflow_env/lib/python3.9/site-packages/airflow/example_dags/example_sla_dag.py took 0.078 seconds
[2022-03-28 10:28:46,052] {processor.py:163} INFO - Started process (PID=53604) to work on /home/vengat/big_data/python/venv/aflow_env/lib/python3.9/site-packages/airflow/example_dags/example_sla_dag.py
[2022-03-28 10:28:46,054] {processor.py:642} INFO - Processing file /home/vengat/big_data/python/venv/aflow_env/lib/python3.9/site-packages/airflow/example_dags/example_sla_dag.py for tasks to queue
[2022-03-28 10:28:46,056] {logging_mixin.py:109} INFO - [2022-03-28 10:28:46,056] {dagbag.py:500} INFO - Filling up the DagBag from /home/vengat/big_data/python/venv/aflow_env/lib/python3.9/site-packages/airflow/example_dags/example_sla_dag.py
[2022-03-28 10:28:46,095] {processor.py:654} INFO - DAG(s) dict_keys(['example_sla_dag']) retrieved from /home/vengat/big_data/python/venv/aflow_env/lib/python3.9/site-packages/airflow/example_dags/example_sla_dag.py
[2022-03-28 10:28:46,109] {logging_mixin.py:109} INFO - [2022-03-28 10:28:46,109] {dag.py:2398} INFO - Sync 1 DAGs
[2022-03-28 10:28:46,129] {logging_mixin.py:109} INFO - [2022-03-28 10:28:46,129] {dag.py:2937} INFO - Setting next_dagrun for example_sla_dag to 2022-03-28T17:26:00+00:00
[2022-03-28 10:28:46,142] {processor.py:171} INFO - Processing /home/vengat/big_data/python/venv/aflow_env/lib/python3.9/site-packages/airflow/example_dags/example_sla_dag.py took 0.097 seconds
[2022-03-28 10:29:18,818] {processor.py:163} INFO - Started process (PID=53636) to work on /home/vengat/big_data/python/venv/aflow_env/lib/python3.9/site-packages/airflow/example_dags/example_sla_dag.py
[2022-03-28 10:29:18,819] {processor.py:642} INFO - Processing file /home/vengat/big_data/python/venv/aflow_env/lib/python3.9/site-packages/airflow/example_dags/example_sla_dag.py for tasks to queue
[2022-03-28 10:29:18,819] {logging_mixin.py:109} INFO - [2022-03-28 10:29:18,819] {dagbag.py:500} INFO - Filling up the DagBag from /home/vengat/big_data/python/venv/aflow_env/lib/python3.9/site-packages/airflow/example_dags/example_sla_dag.py
[2022-03-28 10:29:18,847] {processor.py:654} INFO - DAG(s) dict_keys(['example_sla_dag']) retrieved from /home/vengat/big_data/python/venv/aflow_env/lib/python3.9/site-packages/airflow/example_dags/example_sla_dag.py
[2022-03-28 10:29:18,855] {logging_mixin.py:109} INFO - [2022-03-28 10:29:18,855] {dag.py:2398} INFO - Sync 1 DAGs
[2022-03-28 10:29:18,872] {logging_mixin.py:109} INFO - [2022-03-28 10:29:18,872] {dag.py:2937} INFO - Setting next_dagrun for example_sla_dag to 2022-03-28T17:26:00+00:00
[2022-03-28 10:29:18,880] {processor.py:171} INFO - Processing /home/vengat/big_data/python/venv/aflow_env/lib/python3.9/site-packages/airflow/example_dags/example_sla_dag.py took 0.066 seconds
[2022-03-28 10:29:51,058] {processor.py:163} INFO - Started process (PID=53672) to work on /home/vengat/big_data/python/venv/aflow_env/lib/python3.9/site-packages/airflow/example_dags/example_sla_dag.py
[2022-03-28 10:29:51,060] {processor.py:642} INFO - Processing file /home/vengat/big_data/python/venv/aflow_env/lib/python3.9/site-packages/airflow/example_dags/example_sla_dag.py for tasks to queue
[2022-03-28 10:29:51,060] {logging_mixin.py:109} INFO - [2022-03-28 10:29:51,060] {dagbag.py:500} INFO - Filling up the DagBag from /home/vengat/big_data/python/venv/aflow_env/lib/python3.9/site-packages/airflow/example_dags/example_sla_dag.py
[2022-03-28 10:29:51,091] {processor.py:654} INFO - DAG(s) dict_keys(['example_sla_dag']) retrieved from /home/vengat/big_data/python/venv/aflow_env/lib/python3.9/site-packages/airflow/example_dags/example_sla_dag.py
[2022-03-28 10:29:51,099] {logging_mixin.py:109} INFO - [2022-03-28 10:29:51,099] {dag.py:2398} INFO - Sync 1 DAGs
[2022-03-28 10:29:51,113] {logging_mixin.py:109} INFO - [2022-03-28 10:29:51,113] {dag.py:2937} INFO - Setting next_dagrun for example_sla_dag to 2022-03-28T17:26:00+00:00
[2022-03-28 10:29:51,121] {processor.py:171} INFO - Processing /home/vengat/big_data/python/venv/aflow_env/lib/python3.9/site-packages/airflow/example_dags/example_sla_dag.py took 0.067 seconds
[2022-03-28 10:30:28,793] {processor.py:163} INFO - Started process (PID=53710) to work on /home/vengat/big_data/python/venv/aflow_env/lib/python3.9/site-packages/airflow/example_dags/example_sla_dag.py
[2022-03-28 10:30:28,795] {processor.py:642} INFO - Processing file /home/vengat/big_data/python/venv/aflow_env/lib/python3.9/site-packages/airflow/example_dags/example_sla_dag.py for tasks to queue
[2022-03-28 10:30:28,795] {logging_mixin.py:109} INFO - [2022-03-28 10:30:28,795] {dagbag.py:500} INFO - Filling up the DagBag from /home/vengat/big_data/python/venv/aflow_env/lib/python3.9/site-packages/airflow/example_dags/example_sla_dag.py
[2022-03-28 10:30:28,822] {processor.py:654} INFO - DAG(s) dict_keys(['example_sla_dag']) retrieved from /home/vengat/big_data/python/venv/aflow_env/lib/python3.9/site-packages/airflow/example_dags/example_sla_dag.py
[2022-03-28 10:30:28,829] {logging_mixin.py:109} INFO - [2022-03-28 10:30:28,829] {dag.py:2398} INFO - Sync 1 DAGs
[2022-03-28 10:30:28,843] {logging_mixin.py:109} INFO - [2022-03-28 10:30:28,843] {dag.py:2937} INFO - Setting next_dagrun for example_sla_dag to 2022-03-28T17:28:00+00:00
[2022-03-28 10:30:28,851] {processor.py:171} INFO - Processing /home/vengat/big_data/python/venv/aflow_env/lib/python3.9/site-packages/airflow/example_dags/example_sla_dag.py took 0.061 seconds
[2022-03-28 10:31:02,834] {processor.py:163} INFO - Started process (PID=53743) to work on /home/vengat/big_data/python/venv/aflow_env/lib/python3.9/site-packages/airflow/example_dags/example_sla_dag.py
[2022-03-28 10:31:02,837] {processor.py:642} INFO - Processing file /home/vengat/big_data/python/venv/aflow_env/lib/python3.9/site-packages/airflow/example_dags/example_sla_dag.py for tasks to queue
[2022-03-28 10:31:02,838] {logging_mixin.py:109} INFO - [2022-03-28 10:31:02,838] {dagbag.py:500} INFO - Filling up the DagBag from /home/vengat/big_data/python/venv/aflow_env/lib/python3.9/site-packages/airflow/example_dags/example_sla_dag.py
[2022-03-28 10:31:02,866] {processor.py:654} INFO - DAG(s) dict_keys(['example_sla_dag']) retrieved from /home/vengat/big_data/python/venv/aflow_env/lib/python3.9/site-packages/airflow/example_dags/example_sla_dag.py
[2022-03-28 10:31:02,874] {logging_mixin.py:109} INFO - [2022-03-28 10:31:02,874] {dag.py:2398} INFO - Sync 1 DAGs
[2022-03-28 10:31:02,889] {logging_mixin.py:109} INFO - [2022-03-28 10:31:02,889] {dag.py:2937} INFO - Setting next_dagrun for example_sla_dag to 2022-03-28T17:28:00+00:00
[2022-03-28 10:31:02,897] {processor.py:171} INFO - Processing /home/vengat/big_data/python/venv/aflow_env/lib/python3.9/site-packages/airflow/example_dags/example_sla_dag.py took 0.071 seconds
[2022-03-28 10:31:37,114] {processor.py:163} INFO - Started process (PID=53775) to work on /home/vengat/big_data/python/venv/aflow_env/lib/python3.9/site-packages/airflow/example_dags/example_sla_dag.py
[2022-03-28 10:31:37,116] {processor.py:642} INFO - Processing file /home/vengat/big_data/python/venv/aflow_env/lib/python3.9/site-packages/airflow/example_dags/example_sla_dag.py for tasks to queue
[2022-03-28 10:31:37,116] {logging_mixin.py:109} INFO - [2022-03-28 10:31:37,116] {dagbag.py:500} INFO - Filling up the DagBag from /home/vengat/big_data/python/venv/aflow_env/lib/python3.9/site-packages/airflow/example_dags/example_sla_dag.py
[2022-03-28 10:31:37,142] {processor.py:654} INFO - DAG(s) dict_keys(['example_sla_dag']) retrieved from /home/vengat/big_data/python/venv/aflow_env/lib/python3.9/site-packages/airflow/example_dags/example_sla_dag.py
[2022-03-28 10:31:37,150] {logging_mixin.py:109} INFO - [2022-03-28 10:31:37,150] {dag.py:2398} INFO - Sync 1 DAGs
[2022-03-28 10:31:37,164] {logging_mixin.py:109} INFO - [2022-03-28 10:31:37,164] {dag.py:2937} INFO - Setting next_dagrun for example_sla_dag to 2022-03-28T17:28:00+00:00
[2022-03-28 10:31:37,172] {processor.py:171} INFO - Processing /home/vengat/big_data/python/venv/aflow_env/lib/python3.9/site-packages/airflow/example_dags/example_sla_dag.py took 0.061 seconds
[2022-03-28 10:32:12,566] {processor.py:163} INFO - Started process (PID=53814) to work on /home/vengat/big_data/python/venv/aflow_env/lib/python3.9/site-packages/airflow/example_dags/example_sla_dag.py
[2022-03-28 10:32:12,567] {processor.py:642} INFO - Processing file /home/vengat/big_data/python/venv/aflow_env/lib/python3.9/site-packages/airflow/example_dags/example_sla_dag.py for tasks to queue
[2022-03-28 10:32:12,568] {logging_mixin.py:109} INFO - [2022-03-28 10:32:12,568] {dagbag.py:500} INFO - Filling up the DagBag from /home/vengat/big_data/python/venv/aflow_env/lib/python3.9/site-packages/airflow/example_dags/example_sla_dag.py
[2022-03-28 10:32:12,596] {processor.py:654} INFO - DAG(s) dict_keys(['example_sla_dag']) retrieved from /home/vengat/big_data/python/venv/aflow_env/lib/python3.9/site-packages/airflow/example_dags/example_sla_dag.py
[2022-03-28 10:32:12,604] {logging_mixin.py:109} INFO - [2022-03-28 10:32:12,603] {dag.py:2398} INFO - Sync 1 DAGs
[2022-03-28 10:32:12,618] {logging_mixin.py:109} INFO - [2022-03-28 10:32:12,618] {dag.py:2937} INFO - Setting next_dagrun for example_sla_dag to 2022-03-28T17:30:00+00:00
[2022-03-28 10:32:12,628] {processor.py:171} INFO - Processing /home/vengat/big_data/python/venv/aflow_env/lib/python3.9/site-packages/airflow/example_dags/example_sla_dag.py took 0.067 seconds
[2022-03-28 10:32:45,844] {processor.py:163} INFO - Started process (PID=53846) to work on /home/vengat/big_data/python/venv/aflow_env/lib/python3.9/site-packages/airflow/example_dags/example_sla_dag.py
[2022-03-28 10:32:45,845] {processor.py:642} INFO - Processing file /home/vengat/big_data/python/venv/aflow_env/lib/python3.9/site-packages/airflow/example_dags/example_sla_dag.py for tasks to queue
[2022-03-28 10:32:45,846] {logging_mixin.py:109} INFO - [2022-03-28 10:32:45,846] {dagbag.py:500} INFO - Filling up the DagBag from /home/vengat/big_data/python/venv/aflow_env/lib/python3.9/site-packages/airflow/example_dags/example_sla_dag.py
[2022-03-28 10:32:45,880] {processor.py:654} INFO - DAG(s) dict_keys(['example_sla_dag']) retrieved from /home/vengat/big_data/python/venv/aflow_env/lib/python3.9/site-packages/airflow/example_dags/example_sla_dag.py
[2022-03-28 10:32:45,891] {logging_mixin.py:109} INFO - [2022-03-28 10:32:45,891] {dag.py:2398} INFO - Sync 1 DAGs
[2022-03-28 10:32:45,908] {logging_mixin.py:109} INFO - [2022-03-28 10:32:45,908] {dag.py:2937} INFO - Setting next_dagrun for example_sla_dag to 2022-03-28T17:30:00+00:00
[2022-03-28 10:32:45,919] {processor.py:171} INFO - Processing /home/vengat/big_data/python/venv/aflow_env/lib/python3.9/site-packages/airflow/example_dags/example_sla_dag.py took 0.078 seconds
[2022-03-28 10:33:20,949] {processor.py:163} INFO - Started process (PID=53881) to work on /home/vengat/big_data/python/venv/aflow_env/lib/python3.9/site-packages/airflow/example_dags/example_sla_dag.py
[2022-03-28 10:33:20,951] {processor.py:642} INFO - Processing file /home/vengat/big_data/python/venv/aflow_env/lib/python3.9/site-packages/airflow/example_dags/example_sla_dag.py for tasks to queue
[2022-03-28 10:33:20,952] {logging_mixin.py:109} INFO - [2022-03-28 10:33:20,952] {dagbag.py:500} INFO - Filling up the DagBag from /home/vengat/big_data/python/venv/aflow_env/lib/python3.9/site-packages/airflow/example_dags/example_sla_dag.py
[2022-03-28 10:33:20,987] {processor.py:654} INFO - DAG(s) dict_keys(['example_sla_dag']) retrieved from /home/vengat/big_data/python/venv/aflow_env/lib/python3.9/site-packages/airflow/example_dags/example_sla_dag.py
[2022-03-28 10:33:20,997] {logging_mixin.py:109} INFO - [2022-03-28 10:33:20,997] {dag.py:2398} INFO - Sync 1 DAGs
[2022-03-28 10:33:21,013] {logging_mixin.py:109} INFO - [2022-03-28 10:33:21,013] {dag.py:2937} INFO - Setting next_dagrun for example_sla_dag to 2022-03-28T17:30:00+00:00
[2022-03-28 10:33:21,025] {processor.py:171} INFO - Processing /home/vengat/big_data/python/venv/aflow_env/lib/python3.9/site-packages/airflow/example_dags/example_sla_dag.py took 0.081 seconds
[2022-03-28 10:33:54,884] {processor.py:163} INFO - Started process (PID=53920) to work on /home/vengat/big_data/python/venv/aflow_env/lib/python3.9/site-packages/airflow/example_dags/example_sla_dag.py
[2022-03-28 10:33:54,887] {processor.py:642} INFO - Processing file /home/vengat/big_data/python/venv/aflow_env/lib/python3.9/site-packages/airflow/example_dags/example_sla_dag.py for tasks to queue
[2022-03-28 10:33:54,888] {logging_mixin.py:109} INFO - [2022-03-28 10:33:54,887] {dagbag.py:500} INFO - Filling up the DagBag from /home/vengat/big_data/python/venv/aflow_env/lib/python3.9/site-packages/airflow/example_dags/example_sla_dag.py
[2022-03-28 10:33:54,922] {processor.py:654} INFO - DAG(s) dict_keys(['example_sla_dag']) retrieved from /home/vengat/big_data/python/venv/aflow_env/lib/python3.9/site-packages/airflow/example_dags/example_sla_dag.py
[2022-03-28 10:33:54,932] {logging_mixin.py:109} INFO - [2022-03-28 10:33:54,932] {dag.py:2398} INFO - Sync 1 DAGs
[2022-03-28 10:33:54,948] {logging_mixin.py:109} INFO - [2022-03-28 10:33:54,948] {dag.py:2937} INFO - Setting next_dagrun for example_sla_dag to 2022-03-28T17:30:00+00:00
[2022-03-28 10:33:54,960] {processor.py:171} INFO - Processing /home/vengat/big_data/python/venv/aflow_env/lib/python3.9/site-packages/airflow/example_dags/example_sla_dag.py took 0.083 seconds
[2022-03-28 10:34:28,171] {processor.py:163} INFO - Started process (PID=53952) to work on /home/vengat/big_data/python/venv/aflow_env/lib/python3.9/site-packages/airflow/example_dags/example_sla_dag.py
[2022-03-28 10:34:28,172] {processor.py:642} INFO - Processing file /home/vengat/big_data/python/venv/aflow_env/lib/python3.9/site-packages/airflow/example_dags/example_sla_dag.py for tasks to queue
[2022-03-28 10:34:28,173] {logging_mixin.py:109} INFO - [2022-03-28 10:34:28,173] {dagbag.py:500} INFO - Filling up the DagBag from /home/vengat/big_data/python/venv/aflow_env/lib/python3.9/site-packages/airflow/example_dags/example_sla_dag.py
[2022-03-28 10:34:28,206] {processor.py:654} INFO - DAG(s) dict_keys(['example_sla_dag']) retrieved from /home/vengat/big_data/python/venv/aflow_env/lib/python3.9/site-packages/airflow/example_dags/example_sla_dag.py
[2022-03-28 10:34:28,216] {logging_mixin.py:109} INFO - [2022-03-28 10:34:28,215] {dag.py:2398} INFO - Sync 1 DAGs
[2022-03-28 10:34:28,234] {logging_mixin.py:109} INFO - [2022-03-28 10:34:28,234] {dag.py:2937} INFO - Setting next_dagrun for example_sla_dag to 2022-03-28T17:32:00+00:00
[2022-03-28 10:34:28,245] {processor.py:171} INFO - Processing /home/vengat/big_data/python/venv/aflow_env/lib/python3.9/site-packages/airflow/example_dags/example_sla_dag.py took 0.077 seconds
[2022-03-28 10:35:03,439] {processor.py:163} INFO - Started process (PID=53985) to work on /home/vengat/big_data/python/venv/aflow_env/lib/python3.9/site-packages/airflow/example_dags/example_sla_dag.py
[2022-03-28 10:35:03,441] {processor.py:642} INFO - Processing file /home/vengat/big_data/python/venv/aflow_env/lib/python3.9/site-packages/airflow/example_dags/example_sla_dag.py for tasks to queue
[2022-03-28 10:35:03,442] {logging_mixin.py:109} INFO - [2022-03-28 10:35:03,442] {dagbag.py:500} INFO - Filling up the DagBag from /home/vengat/big_data/python/venv/aflow_env/lib/python3.9/site-packages/airflow/example_dags/example_sla_dag.py
[2022-03-28 10:35:03,500] {processor.py:654} INFO - DAG(s) dict_keys(['example_sla_dag']) retrieved from /home/vengat/big_data/python/venv/aflow_env/lib/python3.9/site-packages/airflow/example_dags/example_sla_dag.py
[2022-03-28 10:35:03,513] {logging_mixin.py:109} INFO - [2022-03-28 10:35:03,513] {dag.py:2398} INFO - Sync 1 DAGs
[2022-03-28 10:35:03,531] {logging_mixin.py:109} INFO - [2022-03-28 10:35:03,531] {dag.py:2937} INFO - Setting next_dagrun for example_sla_dag to 2022-03-28T17:32:00+00:00
[2022-03-28 10:35:03,539] {processor.py:171} INFO - Processing /home/vengat/big_data/python/venv/aflow_env/lib/python3.9/site-packages/airflow/example_dags/example_sla_dag.py took 0.104 seconds
[2022-03-28 10:35:38,898] {processor.py:163} INFO - Started process (PID=54017) to work on /home/vengat/big_data/python/venv/aflow_env/lib/python3.9/site-packages/airflow/example_dags/example_sla_dag.py
[2022-03-28 10:35:38,900] {processor.py:642} INFO - Processing file /home/vengat/big_data/python/venv/aflow_env/lib/python3.9/site-packages/airflow/example_dags/example_sla_dag.py for tasks to queue
[2022-03-28 10:35:38,903] {logging_mixin.py:109} INFO - [2022-03-28 10:35:38,903] {dagbag.py:500} INFO - Filling up the DagBag from /home/vengat/big_data/python/venv/aflow_env/lib/python3.9/site-packages/airflow/example_dags/example_sla_dag.py
[2022-03-28 10:35:38,939] {processor.py:654} INFO - DAG(s) dict_keys(['example_sla_dag']) retrieved from /home/vengat/big_data/python/venv/aflow_env/lib/python3.9/site-packages/airflow/example_dags/example_sla_dag.py
[2022-03-28 10:35:38,952] {logging_mixin.py:109} INFO - [2022-03-28 10:35:38,952] {dag.py:2398} INFO - Sync 1 DAGs
[2022-03-28 10:35:38,974] {logging_mixin.py:109} INFO - [2022-03-28 10:35:38,974] {dag.py:2937} INFO - Setting next_dagrun for example_sla_dag to 2022-03-28T17:32:00+00:00
[2022-03-28 10:35:38,992] {processor.py:171} INFO - Processing /home/vengat/big_data/python/venv/aflow_env/lib/python3.9/site-packages/airflow/example_dags/example_sla_dag.py took 0.099 seconds
[2022-03-28 10:36:15,282] {processor.py:163} INFO - Started process (PID=54051) to work on /home/vengat/big_data/python/venv/aflow_env/lib/python3.9/site-packages/airflow/example_dags/example_sla_dag.py
[2022-03-28 10:36:15,283] {processor.py:642} INFO - Processing file /home/vengat/big_data/python/venv/aflow_env/lib/python3.9/site-packages/airflow/example_dags/example_sla_dag.py for tasks to queue
[2022-03-28 10:36:15,284] {logging_mixin.py:109} INFO - [2022-03-28 10:36:15,284] {dagbag.py:500} INFO - Filling up the DagBag from /home/vengat/big_data/python/venv/aflow_env/lib/python3.9/site-packages/airflow/example_dags/example_sla_dag.py
[2022-03-28 10:36:15,321] {processor.py:654} INFO - DAG(s) dict_keys(['example_sla_dag']) retrieved from /home/vengat/big_data/python/venv/aflow_env/lib/python3.9/site-packages/airflow/example_dags/example_sla_dag.py
[2022-03-28 10:36:15,334] {logging_mixin.py:109} INFO - [2022-03-28 10:36:15,334] {dag.py:2398} INFO - Sync 1 DAGs
[2022-03-28 10:36:15,362] {logging_mixin.py:109} INFO - [2022-03-28 10:36:15,362] {dag.py:2937} INFO - Setting next_dagrun for example_sla_dag to 2022-03-28T17:34:00+00:00
[2022-03-28 10:36:15,375] {processor.py:171} INFO - Processing /home/vengat/big_data/python/venv/aflow_env/lib/python3.9/site-packages/airflow/example_dags/example_sla_dag.py took 0.098 seconds
[2022-03-28 10:36:51,725] {processor.py:163} INFO - Started process (PID=54086) to work on /home/vengat/big_data/python/venv/aflow_env/lib/python3.9/site-packages/airflow/example_dags/example_sla_dag.py
[2022-03-28 10:36:51,726] {processor.py:642} INFO - Processing file /home/vengat/big_data/python/venv/aflow_env/lib/python3.9/site-packages/airflow/example_dags/example_sla_dag.py for tasks to queue
[2022-03-28 10:36:51,727] {logging_mixin.py:109} INFO - [2022-03-28 10:36:51,727] {dagbag.py:500} INFO - Filling up the DagBag from /home/vengat/big_data/python/venv/aflow_env/lib/python3.9/site-packages/airflow/example_dags/example_sla_dag.py
[2022-03-28 10:36:51,759] {processor.py:654} INFO - DAG(s) dict_keys(['example_sla_dag']) retrieved from /home/vengat/big_data/python/venv/aflow_env/lib/python3.9/site-packages/airflow/example_dags/example_sla_dag.py
[2022-03-28 10:36:51,768] {logging_mixin.py:109} INFO - [2022-03-28 10:36:51,768] {dag.py:2398} INFO - Sync 1 DAGs
[2022-03-28 10:36:51,786] {logging_mixin.py:109} INFO - [2022-03-28 10:36:51,786] {dag.py:2937} INFO - Setting next_dagrun for example_sla_dag to 2022-03-28T17:34:00+00:00
[2022-03-28 10:36:51,795] {processor.py:171} INFO - Processing /home/vengat/big_data/python/venv/aflow_env/lib/python3.9/site-packages/airflow/example_dags/example_sla_dag.py took 0.074 seconds
[2022-03-28 10:37:26,302] {processor.py:163} INFO - Started process (PID=54133) to work on /home/vengat/big_data/python/venv/aflow_env/lib/python3.9/site-packages/airflow/example_dags/example_sla_dag.py
[2022-03-28 10:37:26,304] {processor.py:642} INFO - Processing file /home/vengat/big_data/python/venv/aflow_env/lib/python3.9/site-packages/airflow/example_dags/example_sla_dag.py for tasks to queue
[2022-03-28 10:37:26,304] {logging_mixin.py:109} INFO - [2022-03-28 10:37:26,304] {dagbag.py:500} INFO - Filling up the DagBag from /home/vengat/big_data/python/venv/aflow_env/lib/python3.9/site-packages/airflow/example_dags/example_sla_dag.py
[2022-03-28 10:37:26,341] {processor.py:654} INFO - DAG(s) dict_keys(['example_sla_dag']) retrieved from /home/vengat/big_data/python/venv/aflow_env/lib/python3.9/site-packages/airflow/example_dags/example_sla_dag.py
[2022-03-28 10:37:26,350] {logging_mixin.py:109} INFO - [2022-03-28 10:37:26,350] {dag.py:2398} INFO - Sync 1 DAGs
[2022-03-28 10:37:26,380] {logging_mixin.py:109} INFO - [2022-03-28 10:37:26,380] {dag.py:2937} INFO - Setting next_dagrun for example_sla_dag to 2022-03-28T17:34:00+00:00
[2022-03-28 10:37:26,391] {processor.py:171} INFO - Processing /home/vengat/big_data/python/venv/aflow_env/lib/python3.9/site-packages/airflow/example_dags/example_sla_dag.py took 0.093 seconds
[2022-03-28 10:37:59,614] {processor.py:163} INFO - Started process (PID=54168) to work on /home/vengat/big_data/python/venv/aflow_env/lib/python3.9/site-packages/airflow/example_dags/example_sla_dag.py
[2022-03-28 10:37:59,616] {processor.py:642} INFO - Processing file /home/vengat/big_data/python/venv/aflow_env/lib/python3.9/site-packages/airflow/example_dags/example_sla_dag.py for tasks to queue
[2022-03-28 10:37:59,618] {logging_mixin.py:109} INFO - [2022-03-28 10:37:59,617] {dagbag.py:500} INFO - Filling up the DagBag from /home/vengat/big_data/python/venv/aflow_env/lib/python3.9/site-packages/airflow/example_dags/example_sla_dag.py
[2022-03-28 10:37:59,664] {processor.py:654} INFO - DAG(s) dict_keys(['example_sla_dag']) retrieved from /home/vengat/big_data/python/venv/aflow_env/lib/python3.9/site-packages/airflow/example_dags/example_sla_dag.py
[2022-03-28 10:37:59,678] {logging_mixin.py:109} INFO - [2022-03-28 10:37:59,678] {dag.py:2398} INFO - Sync 1 DAGs
[2022-03-28 10:37:59,695] {logging_mixin.py:109} INFO - [2022-03-28 10:37:59,695] {dag.py:2937} INFO - Setting next_dagrun for example_sla_dag to 2022-03-28T17:34:00+00:00
[2022-03-28 10:37:59,709] {processor.py:171} INFO - Processing /home/vengat/big_data/python/venv/aflow_env/lib/python3.9/site-packages/airflow/example_dags/example_sla_dag.py took 0.098 seconds
[2022-03-28 10:38:32,364] {processor.py:163} INFO - Started process (PID=54234) to work on /home/vengat/big_data/python/venv/aflow_env/lib/python3.9/site-packages/airflow/example_dags/example_sla_dag.py
[2022-03-28 10:38:32,366] {processor.py:642} INFO - Processing file /home/vengat/big_data/python/venv/aflow_env/lib/python3.9/site-packages/airflow/example_dags/example_sla_dag.py for tasks to queue
[2022-03-28 10:38:32,367] {logging_mixin.py:109} INFO - [2022-03-28 10:38:32,366] {dagbag.py:500} INFO - Filling up the DagBag from /home/vengat/big_data/python/venv/aflow_env/lib/python3.9/site-packages/airflow/example_dags/example_sla_dag.py
[2022-03-28 10:38:32,415] {processor.py:654} INFO - DAG(s) dict_keys(['example_sla_dag']) retrieved from /home/vengat/big_data/python/venv/aflow_env/lib/python3.9/site-packages/airflow/example_dags/example_sla_dag.py
[2022-03-28 10:38:32,425] {logging_mixin.py:109} INFO - [2022-03-28 10:38:32,424] {dag.py:2398} INFO - Sync 1 DAGs
[2022-03-28 10:38:32,443] {logging_mixin.py:109} INFO - [2022-03-28 10:38:32,443] {dag.py:2937} INFO - Setting next_dagrun for example_sla_dag to 2022-03-28T17:36:00+00:00
[2022-03-28 10:38:32,452] {processor.py:171} INFO - Processing /home/vengat/big_data/python/venv/aflow_env/lib/python3.9/site-packages/airflow/example_dags/example_sla_dag.py took 0.093 seconds
[2022-03-28 10:39:05,729] {processor.py:163} INFO - Started process (PID=54295) to work on /home/vengat/big_data/python/venv/aflow_env/lib/python3.9/site-packages/airflow/example_dags/example_sla_dag.py
[2022-03-28 10:39:05,731] {processor.py:642} INFO - Processing file /home/vengat/big_data/python/venv/aflow_env/lib/python3.9/site-packages/airflow/example_dags/example_sla_dag.py for tasks to queue
[2022-03-28 10:39:05,731] {logging_mixin.py:109} INFO - [2022-03-28 10:39:05,731] {dagbag.py:500} INFO - Filling up the DagBag from /home/vengat/big_data/python/venv/aflow_env/lib/python3.9/site-packages/airflow/example_dags/example_sla_dag.py
[2022-03-28 10:39:05,764] {processor.py:654} INFO - DAG(s) dict_keys(['example_sla_dag']) retrieved from /home/vengat/big_data/python/venv/aflow_env/lib/python3.9/site-packages/airflow/example_dags/example_sla_dag.py
[2022-03-28 10:39:05,776] {logging_mixin.py:109} INFO - [2022-03-28 10:39:05,776] {dag.py:2398} INFO - Sync 1 DAGs
[2022-03-28 10:39:05,797] {logging_mixin.py:109} INFO - [2022-03-28 10:39:05,796] {dag.py:2937} INFO - Setting next_dagrun for example_sla_dag to 2022-03-28T17:36:00+00:00
[2022-03-28 10:39:05,807] {processor.py:171} INFO - Processing /home/vengat/big_data/python/venv/aflow_env/lib/python3.9/site-packages/airflow/example_dags/example_sla_dag.py took 0.082 seconds
[2022-03-28 10:39:41,427] {processor.py:163} INFO - Started process (PID=54342) to work on /home/vengat/big_data/python/venv/aflow_env/lib/python3.9/site-packages/airflow/example_dags/example_sla_dag.py
[2022-03-28 10:39:41,430] {processor.py:642} INFO - Processing file /home/vengat/big_data/python/venv/aflow_env/lib/python3.9/site-packages/airflow/example_dags/example_sla_dag.py for tasks to queue
[2022-03-28 10:39:41,431] {logging_mixin.py:109} INFO - [2022-03-28 10:39:41,431] {dagbag.py:500} INFO - Filling up the DagBag from /home/vengat/big_data/python/venv/aflow_env/lib/python3.9/site-packages/airflow/example_dags/example_sla_dag.py
[2022-03-28 10:39:41,471] {processor.py:654} INFO - DAG(s) dict_keys(['example_sla_dag']) retrieved from /home/vengat/big_data/python/venv/aflow_env/lib/python3.9/site-packages/airflow/example_dags/example_sla_dag.py
[2022-03-28 10:39:41,479] {logging_mixin.py:109} INFO - [2022-03-28 10:39:41,478] {dag.py:2398} INFO - Sync 1 DAGs
[2022-03-28 10:39:41,492] {logging_mixin.py:109} INFO - [2022-03-28 10:39:41,492] {dag.py:2937} INFO - Setting next_dagrun for example_sla_dag to 2022-03-28T17:36:00+00:00
[2022-03-28 10:39:41,500] {processor.py:171} INFO - Processing /home/vengat/big_data/python/venv/aflow_env/lib/python3.9/site-packages/airflow/example_dags/example_sla_dag.py took 0.078 seconds
[2022-03-28 10:40:16,321] {processor.py:163} INFO - Started process (PID=54379) to work on /home/vengat/big_data/python/venv/aflow_env/lib/python3.9/site-packages/airflow/example_dags/example_sla_dag.py
[2022-03-28 10:40:16,322] {processor.py:642} INFO - Processing file /home/vengat/big_data/python/venv/aflow_env/lib/python3.9/site-packages/airflow/example_dags/example_sla_dag.py for tasks to queue
[2022-03-28 10:40:16,323] {logging_mixin.py:109} INFO - [2022-03-28 10:40:16,323] {dagbag.py:500} INFO - Filling up the DagBag from /home/vengat/big_data/python/venv/aflow_env/lib/python3.9/site-packages/airflow/example_dags/example_sla_dag.py
[2022-03-28 10:40:16,350] {processor.py:654} INFO - DAG(s) dict_keys(['example_sla_dag']) retrieved from /home/vengat/big_data/python/venv/aflow_env/lib/python3.9/site-packages/airflow/example_dags/example_sla_dag.py
[2022-03-28 10:40:16,359] {logging_mixin.py:109} INFO - [2022-03-28 10:40:16,359] {dag.py:2398} INFO - Sync 1 DAGs
[2022-03-28 10:40:16,373] {logging_mixin.py:109} INFO - [2022-03-28 10:40:16,373] {dag.py:2937} INFO - Setting next_dagrun for example_sla_dag to 2022-03-28T17:38:00+00:00
[2022-03-28 10:40:16,382] {processor.py:171} INFO - Processing /home/vengat/big_data/python/venv/aflow_env/lib/python3.9/site-packages/airflow/example_dags/example_sla_dag.py took 0.065 seconds
[2022-03-28 10:40:48,510] {processor.py:163} INFO - Started process (PID=54491) to work on /home/vengat/big_data/python/venv/aflow_env/lib/python3.9/site-packages/airflow/example_dags/example_sla_dag.py
[2022-03-28 10:40:48,512] {processor.py:642} INFO - Processing file /home/vengat/big_data/python/venv/aflow_env/lib/python3.9/site-packages/airflow/example_dags/example_sla_dag.py for tasks to queue
[2022-03-28 10:40:48,513] {logging_mixin.py:109} INFO - [2022-03-28 10:40:48,513] {dagbag.py:500} INFO - Filling up the DagBag from /home/vengat/big_data/python/venv/aflow_env/lib/python3.9/site-packages/airflow/example_dags/example_sla_dag.py
[2022-03-28 10:40:48,545] {processor.py:654} INFO - DAG(s) dict_keys(['example_sla_dag']) retrieved from /home/vengat/big_data/python/venv/aflow_env/lib/python3.9/site-packages/airflow/example_dags/example_sla_dag.py
[2022-03-28 10:40:48,554] {logging_mixin.py:109} INFO - [2022-03-28 10:40:48,554] {dag.py:2398} INFO - Sync 1 DAGs
[2022-03-28 10:40:48,571] {logging_mixin.py:109} INFO - [2022-03-28 10:40:48,571] {dag.py:2937} INFO - Setting next_dagrun for example_sla_dag to 2022-03-28T17:38:00+00:00
[2022-03-28 10:40:48,582] {processor.py:171} INFO - Processing /home/vengat/big_data/python/venv/aflow_env/lib/python3.9/site-packages/airflow/example_dags/example_sla_dag.py took 0.077 seconds
[2022-03-28 10:41:21,742] {processor.py:163} INFO - Started process (PID=54523) to work on /home/vengat/big_data/python/venv/aflow_env/lib/python3.9/site-packages/airflow/example_dags/example_sla_dag.py
[2022-03-28 10:41:21,743] {processor.py:642} INFO - Processing file /home/vengat/big_data/python/venv/aflow_env/lib/python3.9/site-packages/airflow/example_dags/example_sla_dag.py for tasks to queue
[2022-03-28 10:41:21,743] {logging_mixin.py:109} INFO - [2022-03-28 10:41:21,743] {dagbag.py:500} INFO - Filling up the DagBag from /home/vengat/big_data/python/venv/aflow_env/lib/python3.9/site-packages/airflow/example_dags/example_sla_dag.py
[2022-03-28 10:41:21,769] {processor.py:654} INFO - DAG(s) dict_keys(['example_sla_dag']) retrieved from /home/vengat/big_data/python/venv/aflow_env/lib/python3.9/site-packages/airflow/example_dags/example_sla_dag.py
[2022-03-28 10:41:21,776] {logging_mixin.py:109} INFO - [2022-03-28 10:41:21,776] {dag.py:2398} INFO - Sync 1 DAGs
[2022-03-28 10:41:21,789] {logging_mixin.py:109} INFO - [2022-03-28 10:41:21,789] {dag.py:2937} INFO - Setting next_dagrun for example_sla_dag to 2022-03-28T17:38:00+00:00
[2022-03-28 10:41:21,799] {processor.py:171} INFO - Processing /home/vengat/big_data/python/venv/aflow_env/lib/python3.9/site-packages/airflow/example_dags/example_sla_dag.py took 0.060 seconds
[2022-03-28 10:41:54,949] {processor.py:163} INFO - Started process (PID=54556) to work on /home/vengat/big_data/python/venv/aflow_env/lib/python3.9/site-packages/airflow/example_dags/example_sla_dag.py
[2022-03-28 10:41:54,951] {processor.py:642} INFO - Processing file /home/vengat/big_data/python/venv/aflow_env/lib/python3.9/site-packages/airflow/example_dags/example_sla_dag.py for tasks to queue
[2022-03-28 10:41:54,951] {logging_mixin.py:109} INFO - [2022-03-28 10:41:54,951] {dagbag.py:500} INFO - Filling up the DagBag from /home/vengat/big_data/python/venv/aflow_env/lib/python3.9/site-packages/airflow/example_dags/example_sla_dag.py
[2022-03-28 10:41:54,978] {processor.py:654} INFO - DAG(s) dict_keys(['example_sla_dag']) retrieved from /home/vengat/big_data/python/venv/aflow_env/lib/python3.9/site-packages/airflow/example_dags/example_sla_dag.py
[2022-03-28 10:41:54,986] {logging_mixin.py:109} INFO - [2022-03-28 10:41:54,985] {dag.py:2398} INFO - Sync 1 DAGs
[2022-03-28 10:41:55,000] {logging_mixin.py:109} INFO - [2022-03-28 10:41:55,000] {dag.py:2937} INFO - Setting next_dagrun for example_sla_dag to 2022-03-28T17:38:00+00:00
[2022-03-28 10:41:55,008] {processor.py:171} INFO - Processing /home/vengat/big_data/python/venv/aflow_env/lib/python3.9/site-packages/airflow/example_dags/example_sla_dag.py took 0.062 seconds
[2022-03-28 10:42:27,618] {processor.py:163} INFO - Started process (PID=54592) to work on /home/vengat/big_data/python/venv/aflow_env/lib/python3.9/site-packages/airflow/example_dags/example_sla_dag.py
[2022-03-28 10:42:27,623] {processor.py:642} INFO - Processing file /home/vengat/big_data/python/venv/aflow_env/lib/python3.9/site-packages/airflow/example_dags/example_sla_dag.py for tasks to queue
[2022-03-28 10:42:27,623] {logging_mixin.py:109} INFO - [2022-03-28 10:42:27,623] {dagbag.py:500} INFO - Filling up the DagBag from /home/vengat/big_data/python/venv/aflow_env/lib/python3.9/site-packages/airflow/example_dags/example_sla_dag.py
[2022-03-28 10:42:27,653] {processor.py:654} INFO - DAG(s) dict_keys(['example_sla_dag']) retrieved from /home/vengat/big_data/python/venv/aflow_env/lib/python3.9/site-packages/airflow/example_dags/example_sla_dag.py
[2022-03-28 10:42:27,664] {logging_mixin.py:109} INFO - [2022-03-28 10:42:27,663] {dag.py:2398} INFO - Sync 1 DAGs
[2022-03-28 10:42:27,678] {logging_mixin.py:109} INFO - [2022-03-28 10:42:27,678] {dag.py:2937} INFO - Setting next_dagrun for example_sla_dag to 2022-03-28T17:40:00+00:00
[2022-03-28 10:42:27,686] {processor.py:171} INFO - Processing /home/vengat/big_data/python/venv/aflow_env/lib/python3.9/site-packages/airflow/example_dags/example_sla_dag.py took 0.079 seconds
[2022-03-28 10:43:00,823] {processor.py:163} INFO - Started process (PID=54640) to work on /home/vengat/big_data/python/venv/aflow_env/lib/python3.9/site-packages/airflow/example_dags/example_sla_dag.py
[2022-03-28 10:43:00,824] {processor.py:642} INFO - Processing file /home/vengat/big_data/python/venv/aflow_env/lib/python3.9/site-packages/airflow/example_dags/example_sla_dag.py for tasks to queue
[2022-03-28 10:43:00,825] {logging_mixin.py:109} INFO - [2022-03-28 10:43:00,825] {dagbag.py:500} INFO - Filling up the DagBag from /home/vengat/big_data/python/venv/aflow_env/lib/python3.9/site-packages/airflow/example_dags/example_sla_dag.py
[2022-03-28 10:43:00,853] {processor.py:654} INFO - DAG(s) dict_keys(['example_sla_dag']) retrieved from /home/vengat/big_data/python/venv/aflow_env/lib/python3.9/site-packages/airflow/example_dags/example_sla_dag.py
[2022-03-28 10:43:00,863] {logging_mixin.py:109} INFO - [2022-03-28 10:43:00,863] {dag.py:2398} INFO - Sync 1 DAGs
[2022-03-28 10:43:00,881] {logging_mixin.py:109} INFO - [2022-03-28 10:43:00,881] {dag.py:2937} INFO - Setting next_dagrun for example_sla_dag to 2022-03-28T17:40:00+00:00
[2022-03-28 10:43:00,891] {processor.py:171} INFO - Processing /home/vengat/big_data/python/venv/aflow_env/lib/python3.9/site-packages/airflow/example_dags/example_sla_dag.py took 0.071 seconds
[2022-03-28 10:43:34,635] {processor.py:163} INFO - Started process (PID=54696) to work on /home/vengat/big_data/python/venv/aflow_env/lib/python3.9/site-packages/airflow/example_dags/example_sla_dag.py
[2022-03-28 10:43:34,638] {processor.py:642} INFO - Processing file /home/vengat/big_data/python/venv/aflow_env/lib/python3.9/site-packages/airflow/example_dags/example_sla_dag.py for tasks to queue
[2022-03-28 10:43:34,638] {logging_mixin.py:109} INFO - [2022-03-28 10:43:34,638] {dagbag.py:500} INFO - Filling up the DagBag from /home/vengat/big_data/python/venv/aflow_env/lib/python3.9/site-packages/airflow/example_dags/example_sla_dag.py
[2022-03-28 10:43:34,679] {processor.py:654} INFO - DAG(s) dict_keys(['example_sla_dag']) retrieved from /home/vengat/big_data/python/venv/aflow_env/lib/python3.9/site-packages/airflow/example_dags/example_sla_dag.py
[2022-03-28 10:43:34,692] {logging_mixin.py:109} INFO - [2022-03-28 10:43:34,691] {dag.py:2398} INFO - Sync 1 DAGs
[2022-03-28 10:43:34,722] {logging_mixin.py:109} INFO - [2022-03-28 10:43:34,722] {dag.py:2937} INFO - Setting next_dagrun for example_sla_dag to 2022-03-28T17:40:00+00:00
[2022-03-28 10:43:34,736] {processor.py:171} INFO - Processing /home/vengat/big_data/python/venv/aflow_env/lib/python3.9/site-packages/airflow/example_dags/example_sla_dag.py took 0.108 seconds
[2022-03-28 10:44:09,762] {processor.py:163} INFO - Started process (PID=54742) to work on /home/vengat/big_data/python/venv/aflow_env/lib/python3.9/site-packages/airflow/example_dags/example_sla_dag.py
[2022-03-28 10:44:09,764] {processor.py:642} INFO - Processing file /home/vengat/big_data/python/venv/aflow_env/lib/python3.9/site-packages/airflow/example_dags/example_sla_dag.py for tasks to queue
[2022-03-28 10:44:09,764] {logging_mixin.py:109} INFO - [2022-03-28 10:44:09,764] {dagbag.py:500} INFO - Filling up the DagBag from /home/vengat/big_data/python/venv/aflow_env/lib/python3.9/site-packages/airflow/example_dags/example_sla_dag.py
[2022-03-28 10:44:09,792] {processor.py:654} INFO - DAG(s) dict_keys(['example_sla_dag']) retrieved from /home/vengat/big_data/python/venv/aflow_env/lib/python3.9/site-packages/airflow/example_dags/example_sla_dag.py
[2022-03-28 10:44:09,800] {logging_mixin.py:109} INFO - [2022-03-28 10:44:09,799] {dag.py:2398} INFO - Sync 1 DAGs
[2022-03-28 10:44:09,815] {logging_mixin.py:109} INFO - [2022-03-28 10:44:09,815] {dag.py:2937} INFO - Setting next_dagrun for example_sla_dag to 2022-03-28T17:42:00+00:00
[2022-03-28 10:44:09,824] {processor.py:171} INFO - Processing /home/vengat/big_data/python/venv/aflow_env/lib/python3.9/site-packages/airflow/example_dags/example_sla_dag.py took 0.065 seconds
[2022-03-28 10:44:43,858] {processor.py:163} INFO - Started process (PID=54789) to work on /home/vengat/big_data/python/venv/aflow_env/lib/python3.9/site-packages/airflow/example_dags/example_sla_dag.py
[2022-03-28 10:44:43,860] {processor.py:642} INFO - Processing file /home/vengat/big_data/python/venv/aflow_env/lib/python3.9/site-packages/airflow/example_dags/example_sla_dag.py for tasks to queue
[2022-03-28 10:44:43,861] {logging_mixin.py:109} INFO - [2022-03-28 10:44:43,861] {dagbag.py:500} INFO - Filling up the DagBag from /home/vengat/big_data/python/venv/aflow_env/lib/python3.9/site-packages/airflow/example_dags/example_sla_dag.py
[2022-03-28 10:44:43,891] {processor.py:654} INFO - DAG(s) dict_keys(['example_sla_dag']) retrieved from /home/vengat/big_data/python/venv/aflow_env/lib/python3.9/site-packages/airflow/example_dags/example_sla_dag.py
[2022-03-28 10:44:43,898] {logging_mixin.py:109} INFO - [2022-03-28 10:44:43,898] {dag.py:2398} INFO - Sync 1 DAGs
[2022-03-28 10:44:43,912] {logging_mixin.py:109} INFO - [2022-03-28 10:44:43,912] {dag.py:2937} INFO - Setting next_dagrun for example_sla_dag to 2022-03-28T17:42:00+00:00
[2022-03-28 10:44:43,921] {processor.py:171} INFO - Processing /home/vengat/big_data/python/venv/aflow_env/lib/python3.9/site-packages/airflow/example_dags/example_sla_dag.py took 0.069 seconds
[2022-03-28 10:45:17,660] {processor.py:163} INFO - Started process (PID=54822) to work on /home/vengat/big_data/python/venv/aflow_env/lib/python3.9/site-packages/airflow/example_dags/example_sla_dag.py
[2022-03-28 10:45:17,662] {processor.py:642} INFO - Processing file /home/vengat/big_data/python/venv/aflow_env/lib/python3.9/site-packages/airflow/example_dags/example_sla_dag.py for tasks to queue
[2022-03-28 10:45:17,662] {logging_mixin.py:109} INFO - [2022-03-28 10:45:17,662] {dagbag.py:500} INFO - Filling up the DagBag from /home/vengat/big_data/python/venv/aflow_env/lib/python3.9/site-packages/airflow/example_dags/example_sla_dag.py
[2022-03-28 10:45:17,689] {processor.py:654} INFO - DAG(s) dict_keys(['example_sla_dag']) retrieved from /home/vengat/big_data/python/venv/aflow_env/lib/python3.9/site-packages/airflow/example_dags/example_sla_dag.py
[2022-03-28 10:45:17,696] {logging_mixin.py:109} INFO - [2022-03-28 10:45:17,696] {dag.py:2398} INFO - Sync 1 DAGs
[2022-03-28 10:45:17,710] {logging_mixin.py:109} INFO - [2022-03-28 10:45:17,710] {dag.py:2937} INFO - Setting next_dagrun for example_sla_dag to 2022-03-28T17:42:00+00:00
[2022-03-28 10:45:17,720] {processor.py:171} INFO - Processing /home/vengat/big_data/python/venv/aflow_env/lib/python3.9/site-packages/airflow/example_dags/example_sla_dag.py took 0.063 seconds
[2022-03-28 10:45:53,964] {processor.py:163} INFO - Started process (PID=54905) to work on /home/vengat/big_data/python/venv/aflow_env/lib/python3.9/site-packages/airflow/example_dags/example_sla_dag.py
[2022-03-28 10:45:53,966] {processor.py:642} INFO - Processing file /home/vengat/big_data/python/venv/aflow_env/lib/python3.9/site-packages/airflow/example_dags/example_sla_dag.py for tasks to queue
[2022-03-28 10:45:53,967] {logging_mixin.py:109} INFO - [2022-03-28 10:45:53,967] {dagbag.py:500} INFO - Filling up the DagBag from /home/vengat/big_data/python/venv/aflow_env/lib/python3.9/site-packages/airflow/example_dags/example_sla_dag.py
[2022-03-28 10:45:53,998] {processor.py:654} INFO - DAG(s) dict_keys(['example_sla_dag']) retrieved from /home/vengat/big_data/python/venv/aflow_env/lib/python3.9/site-packages/airflow/example_dags/example_sla_dag.py
[2022-03-28 10:45:54,006] {logging_mixin.py:109} INFO - [2022-03-28 10:45:54,006] {dag.py:2398} INFO - Sync 1 DAGs
[2022-03-28 10:45:54,021] {logging_mixin.py:109} INFO - [2022-03-28 10:45:54,021] {dag.py:2937} INFO - Setting next_dagrun for example_sla_dag to 2022-03-28T17:42:00+00:00
[2022-03-28 10:45:54,030] {processor.py:171} INFO - Processing /home/vengat/big_data/python/venv/aflow_env/lib/python3.9/site-packages/airflow/example_dags/example_sla_dag.py took 0.074 seconds
[2022-03-28 10:46:29,609] {processor.py:163} INFO - Started process (PID=54939) to work on /home/vengat/big_data/python/venv/aflow_env/lib/python3.9/site-packages/airflow/example_dags/example_sla_dag.py
[2022-03-28 10:46:29,612] {processor.py:642} INFO - Processing file /home/vengat/big_data/python/venv/aflow_env/lib/python3.9/site-packages/airflow/example_dags/example_sla_dag.py for tasks to queue
[2022-03-28 10:46:29,613] {logging_mixin.py:109} INFO - [2022-03-28 10:46:29,613] {dagbag.py:500} INFO - Filling up the DagBag from /home/vengat/big_data/python/venv/aflow_env/lib/python3.9/site-packages/airflow/example_dags/example_sla_dag.py
[2022-03-28 10:46:29,642] {processor.py:654} INFO - DAG(s) dict_keys(['example_sla_dag']) retrieved from /home/vengat/big_data/python/venv/aflow_env/lib/python3.9/site-packages/airflow/example_dags/example_sla_dag.py
[2022-03-28 10:46:29,650] {logging_mixin.py:109} INFO - [2022-03-28 10:46:29,650] {dag.py:2398} INFO - Sync 1 DAGs
[2022-03-28 10:46:29,664] {logging_mixin.py:109} INFO - [2022-03-28 10:46:29,664] {dag.py:2937} INFO - Setting next_dagrun for example_sla_dag to 2022-03-28T17:44:00+00:00
[2022-03-28 10:46:29,673] {processor.py:171} INFO - Processing /home/vengat/big_data/python/venv/aflow_env/lib/python3.9/site-packages/airflow/example_dags/example_sla_dag.py took 0.069 seconds
[2022-03-28 10:47:19,987] {processor.py:163} INFO - Started process (PID=54980) to work on /home/vengat/big_data/python/venv/aflow_env/lib/python3.9/site-packages/airflow/example_dags/example_sla_dag.py
[2022-03-28 10:47:19,989] {processor.py:642} INFO - Processing file /home/vengat/big_data/python/venv/aflow_env/lib/python3.9/site-packages/airflow/example_dags/example_sla_dag.py for tasks to queue
[2022-03-28 10:47:19,989] {logging_mixin.py:109} INFO - [2022-03-28 10:47:19,989] {dagbag.py:500} INFO - Filling up the DagBag from /home/vengat/big_data/python/venv/aflow_env/lib/python3.9/site-packages/airflow/example_dags/example_sla_dag.py
[2022-03-28 10:47:20,023] {processor.py:654} INFO - DAG(s) dict_keys(['example_sla_dag']) retrieved from /home/vengat/big_data/python/venv/aflow_env/lib/python3.9/site-packages/airflow/example_dags/example_sla_dag.py
[2022-03-28 10:47:20,032] {logging_mixin.py:109} INFO - [2022-03-28 10:47:20,032] {dag.py:2398} INFO - Sync 1 DAGs
[2022-03-28 10:47:20,047] {logging_mixin.py:109} INFO - [2022-03-28 10:47:20,047] {dag.py:2937} INFO - Setting next_dagrun for example_sla_dag to 2022-03-28T17:44:00+00:00
[2022-03-28 10:47:20,856] {processor.py:171} INFO - Processing /home/vengat/big_data/python/venv/aflow_env/lib/python3.9/site-packages/airflow/example_dags/example_sla_dag.py took 0.873 seconds
[2022-03-28 10:48:08,168] {processor.py:163} INFO - Started process (PID=55021) to work on /home/vengat/big_data/python/venv/aflow_env/lib/python3.9/site-packages/airflow/example_dags/example_sla_dag.py
[2022-03-28 10:48:08,170] {processor.py:642} INFO - Processing file /home/vengat/big_data/python/venv/aflow_env/lib/python3.9/site-packages/airflow/example_dags/example_sla_dag.py for tasks to queue
[2022-03-28 10:48:08,171] {logging_mixin.py:109} INFO - [2022-03-28 10:48:08,171] {dagbag.py:500} INFO - Filling up the DagBag from /home/vengat/big_data/python/venv/aflow_env/lib/python3.9/site-packages/airflow/example_dags/example_sla_dag.py
[2022-03-28 10:48:08,200] {processor.py:654} INFO - DAG(s) dict_keys(['example_sla_dag']) retrieved from /home/vengat/big_data/python/venv/aflow_env/lib/python3.9/site-packages/airflow/example_dags/example_sla_dag.py
[2022-03-28 10:48:08,208] {logging_mixin.py:109} INFO - [2022-03-28 10:48:08,208] {dag.py:2398} INFO - Sync 1 DAGs
[2022-03-28 10:48:08,223] {logging_mixin.py:109} INFO - [2022-03-28 10:48:08,223] {dag.py:2937} INFO - Setting next_dagrun for example_sla_dag to 2022-03-28T17:46:00+00:00
[2022-03-28 10:48:08,231] {processor.py:171} INFO - Processing /home/vengat/big_data/python/venv/aflow_env/lib/python3.9/site-packages/airflow/example_dags/example_sla_dag.py took 0.069 seconds
[2022-03-28 10:48:46,606] {processor.py:163} INFO - Started process (PID=55080) to work on /home/vengat/big_data/python/venv/aflow_env/lib/python3.9/site-packages/airflow/example_dags/example_sla_dag.py
[2022-03-28 10:48:46,609] {processor.py:642} INFO - Processing file /home/vengat/big_data/python/venv/aflow_env/lib/python3.9/site-packages/airflow/example_dags/example_sla_dag.py for tasks to queue
[2022-03-28 10:48:46,611] {logging_mixin.py:109} INFO - [2022-03-28 10:48:46,611] {dagbag.py:500} INFO - Filling up the DagBag from /home/vengat/big_data/python/venv/aflow_env/lib/python3.9/site-packages/airflow/example_dags/example_sla_dag.py
[2022-03-28 10:48:46,679] {processor.py:654} INFO - DAG(s) dict_keys(['example_sla_dag']) retrieved from /home/vengat/big_data/python/venv/aflow_env/lib/python3.9/site-packages/airflow/example_dags/example_sla_dag.py
[2022-03-28 10:48:46,690] {logging_mixin.py:109} INFO - [2022-03-28 10:48:46,690] {dag.py:2398} INFO - Sync 1 DAGs
[2022-03-28 10:48:46,712] {logging_mixin.py:109} INFO - [2022-03-28 10:48:46,712] {dag.py:2937} INFO - Setting next_dagrun for example_sla_dag to 2022-03-28T17:46:00+00:00
[2022-03-28 10:48:46,720] {processor.py:171} INFO - Processing /home/vengat/big_data/python/venv/aflow_env/lib/python3.9/site-packages/airflow/example_dags/example_sla_dag.py took 0.125 seconds
[2022-03-28 10:49:23,067] {processor.py:163} INFO - Started process (PID=55114) to work on /home/vengat/big_data/python/venv/aflow_env/lib/python3.9/site-packages/airflow/example_dags/example_sla_dag.py
[2022-03-28 10:49:23,069] {processor.py:642} INFO - Processing file /home/vengat/big_data/python/venv/aflow_env/lib/python3.9/site-packages/airflow/example_dags/example_sla_dag.py for tasks to queue
[2022-03-28 10:49:23,069] {logging_mixin.py:109} INFO - [2022-03-28 10:49:23,069] {dagbag.py:500} INFO - Filling up the DagBag from /home/vengat/big_data/python/venv/aflow_env/lib/python3.9/site-packages/airflow/example_dags/example_sla_dag.py
[2022-03-28 10:49:23,095] {processor.py:654} INFO - DAG(s) dict_keys(['example_sla_dag']) retrieved from /home/vengat/big_data/python/venv/aflow_env/lib/python3.9/site-packages/airflow/example_dags/example_sla_dag.py
[2022-03-28 10:49:23,102] {logging_mixin.py:109} INFO - [2022-03-28 10:49:23,102] {dag.py:2398} INFO - Sync 1 DAGs
[2022-03-28 10:49:23,118] {logging_mixin.py:109} INFO - [2022-03-28 10:49:23,118] {dag.py:2937} INFO - Setting next_dagrun for example_sla_dag to 2022-03-28T17:46:00+00:00
[2022-03-28 10:49:23,128] {processor.py:171} INFO - Processing /home/vengat/big_data/python/venv/aflow_env/lib/python3.9/site-packages/airflow/example_dags/example_sla_dag.py took 0.065 seconds
[2022-03-28 10:49:56,486] {processor.py:163} INFO - Started process (PID=55146) to work on /home/vengat/big_data/python/venv/aflow_env/lib/python3.9/site-packages/airflow/example_dags/example_sla_dag.py
[2022-03-28 10:49:56,489] {processor.py:642} INFO - Processing file /home/vengat/big_data/python/venv/aflow_env/lib/python3.9/site-packages/airflow/example_dags/example_sla_dag.py for tasks to queue
[2022-03-28 10:49:56,490] {logging_mixin.py:109} INFO - [2022-03-28 10:49:56,490] {dagbag.py:500} INFO - Filling up the DagBag from /home/vengat/big_data/python/venv/aflow_env/lib/python3.9/site-packages/airflow/example_dags/example_sla_dag.py
[2022-03-28 10:49:56,519] {processor.py:654} INFO - DAG(s) dict_keys(['example_sla_dag']) retrieved from /home/vengat/big_data/python/venv/aflow_env/lib/python3.9/site-packages/airflow/example_dags/example_sla_dag.py
[2022-03-28 10:49:56,527] {logging_mixin.py:109} INFO - [2022-03-28 10:49:56,527] {dag.py:2398} INFO - Sync 1 DAGs
[2022-03-28 10:49:56,540] {logging_mixin.py:109} INFO - [2022-03-28 10:49:56,540] {dag.py:2937} INFO - Setting next_dagrun for example_sla_dag to 2022-03-28T17:46:00+00:00
[2022-03-28 10:49:56,549] {processor.py:171} INFO - Processing /home/vengat/big_data/python/venv/aflow_env/lib/python3.9/site-packages/airflow/example_dags/example_sla_dag.py took 0.070 seconds
[2022-03-28 10:50:28,184] {processor.py:163} INFO - Started process (PID=55178) to work on /home/vengat/big_data/python/venv/aflow_env/lib/python3.9/site-packages/airflow/example_dags/example_sla_dag.py
[2022-03-28 10:50:28,186] {processor.py:642} INFO - Processing file /home/vengat/big_data/python/venv/aflow_env/lib/python3.9/site-packages/airflow/example_dags/example_sla_dag.py for tasks to queue
[2022-03-28 10:50:28,187] {logging_mixin.py:109} INFO - [2022-03-28 10:50:28,187] {dagbag.py:500} INFO - Filling up the DagBag from /home/vengat/big_data/python/venv/aflow_env/lib/python3.9/site-packages/airflow/example_dags/example_sla_dag.py
[2022-03-28 10:50:28,213] {processor.py:654} INFO - DAG(s) dict_keys(['example_sla_dag']) retrieved from /home/vengat/big_data/python/venv/aflow_env/lib/python3.9/site-packages/airflow/example_dags/example_sla_dag.py
[2022-03-28 10:50:28,221] {logging_mixin.py:109} INFO - [2022-03-28 10:50:28,221] {dag.py:2398} INFO - Sync 1 DAGs
[2022-03-28 10:50:28,235] {logging_mixin.py:109} INFO - [2022-03-28 10:50:28,235] {dag.py:2937} INFO - Setting next_dagrun for example_sla_dag to 2022-03-28T17:48:00+00:00
[2022-03-28 10:50:28,243] {processor.py:171} INFO - Processing /home/vengat/big_data/python/venv/aflow_env/lib/python3.9/site-packages/airflow/example_dags/example_sla_dag.py took 0.062 seconds
[2022-03-28 10:50:58,460] {processor.py:163} INFO - Started process (PID=55208) to work on /home/vengat/big_data/python/venv/aflow_env/lib/python3.9/site-packages/airflow/example_dags/example_sla_dag.py
[2022-03-28 10:50:58,461] {processor.py:642} INFO - Processing file /home/vengat/big_data/python/venv/aflow_env/lib/python3.9/site-packages/airflow/example_dags/example_sla_dag.py for tasks to queue
[2022-03-28 10:50:58,462] {logging_mixin.py:109} INFO - [2022-03-28 10:50:58,462] {dagbag.py:500} INFO - Filling up the DagBag from /home/vengat/big_data/python/venv/aflow_env/lib/python3.9/site-packages/airflow/example_dags/example_sla_dag.py
[2022-03-28 10:50:58,489] {processor.py:654} INFO - DAG(s) dict_keys(['example_sla_dag']) retrieved from /home/vengat/big_data/python/venv/aflow_env/lib/python3.9/site-packages/airflow/example_dags/example_sla_dag.py
[2022-03-28 10:50:58,496] {logging_mixin.py:109} INFO - [2022-03-28 10:50:58,496] {dag.py:2398} INFO - Sync 1 DAGs
[2022-03-28 10:50:58,510] {logging_mixin.py:109} INFO - [2022-03-28 10:50:58,510] {dag.py:2937} INFO - Setting next_dagrun for example_sla_dag to 2022-03-28T17:48:00+00:00
[2022-03-28 10:50:58,519] {processor.py:171} INFO - Processing /home/vengat/big_data/python/venv/aflow_env/lib/python3.9/site-packages/airflow/example_dags/example_sla_dag.py took 0.062 seconds
[2022-03-28 10:51:32,425] {processor.py:163} INFO - Started process (PID=55240) to work on /home/vengat/big_data/python/venv/aflow_env/lib/python3.9/site-packages/airflow/example_dags/example_sla_dag.py
[2022-03-28 10:51:32,428] {processor.py:642} INFO - Processing file /home/vengat/big_data/python/venv/aflow_env/lib/python3.9/site-packages/airflow/example_dags/example_sla_dag.py for tasks to queue
[2022-03-28 10:51:32,429] {logging_mixin.py:109} INFO - [2022-03-28 10:51:32,429] {dagbag.py:500} INFO - Filling up the DagBag from /home/vengat/big_data/python/venv/aflow_env/lib/python3.9/site-packages/airflow/example_dags/example_sla_dag.py
[2022-03-28 10:51:32,470] {processor.py:654} INFO - DAG(s) dict_keys(['example_sla_dag']) retrieved from /home/vengat/big_data/python/venv/aflow_env/lib/python3.9/site-packages/airflow/example_dags/example_sla_dag.py
[2022-03-28 10:51:32,478] {logging_mixin.py:109} INFO - [2022-03-28 10:51:32,478] {dag.py:2398} INFO - Sync 1 DAGs
[2022-03-28 10:51:32,492] {logging_mixin.py:109} INFO - [2022-03-28 10:51:32,492] {dag.py:2937} INFO - Setting next_dagrun for example_sla_dag to 2022-03-28T17:48:00+00:00
[2022-03-28 10:51:32,503] {processor.py:171} INFO - Processing /home/vengat/big_data/python/venv/aflow_env/lib/python3.9/site-packages/airflow/example_dags/example_sla_dag.py took 0.090 seconds
[2022-03-28 10:52:04,675] {processor.py:163} INFO - Started process (PID=55272) to work on /home/vengat/big_data/python/venv/aflow_env/lib/python3.9/site-packages/airflow/example_dags/example_sla_dag.py
[2022-03-28 10:52:04,677] {processor.py:642} INFO - Processing file /home/vengat/big_data/python/venv/aflow_env/lib/python3.9/site-packages/airflow/example_dags/example_sla_dag.py for tasks to queue
[2022-03-28 10:52:04,677] {logging_mixin.py:109} INFO - [2022-03-28 10:52:04,677] {dagbag.py:500} INFO - Filling up the DagBag from /home/vengat/big_data/python/venv/aflow_env/lib/python3.9/site-packages/airflow/example_dags/example_sla_dag.py
[2022-03-28 10:52:04,706] {processor.py:654} INFO - DAG(s) dict_keys(['example_sla_dag']) retrieved from /home/vengat/big_data/python/venv/aflow_env/lib/python3.9/site-packages/airflow/example_dags/example_sla_dag.py
[2022-03-28 10:52:04,713] {logging_mixin.py:109} INFO - [2022-03-28 10:52:04,713] {dag.py:2398} INFO - Sync 1 DAGs
[2022-03-28 10:52:04,727] {logging_mixin.py:109} INFO - [2022-03-28 10:52:04,727] {dag.py:2937} INFO - Setting next_dagrun for example_sla_dag to 2022-03-28T17:50:00+00:00
[2022-03-28 10:52:04,735] {processor.py:171} INFO - Processing /home/vengat/big_data/python/venv/aflow_env/lib/python3.9/site-packages/airflow/example_dags/example_sla_dag.py took 0.064 seconds
[2022-03-28 10:52:42,317] {processor.py:163} INFO - Started process (PID=55312) to work on /home/vengat/big_data/python/venv/aflow_env/lib/python3.9/site-packages/airflow/example_dags/example_sla_dag.py
[2022-03-28 10:52:42,319] {processor.py:642} INFO - Processing file /home/vengat/big_data/python/venv/aflow_env/lib/python3.9/site-packages/airflow/example_dags/example_sla_dag.py for tasks to queue
[2022-03-28 10:52:42,320] {logging_mixin.py:109} INFO - [2022-03-28 10:52:42,320] {dagbag.py:500} INFO - Filling up the DagBag from /home/vengat/big_data/python/venv/aflow_env/lib/python3.9/site-packages/airflow/example_dags/example_sla_dag.py
[2022-03-28 10:52:42,353] {processor.py:654} INFO - DAG(s) dict_keys(['example_sla_dag']) retrieved from /home/vengat/big_data/python/venv/aflow_env/lib/python3.9/site-packages/airflow/example_dags/example_sla_dag.py
[2022-03-28 10:52:42,364] {logging_mixin.py:109} INFO - [2022-03-28 10:52:42,364] {dag.py:2398} INFO - Sync 1 DAGs
[2022-03-28 10:52:42,380] {logging_mixin.py:109} INFO - [2022-03-28 10:52:42,380] {dag.py:2937} INFO - Setting next_dagrun for example_sla_dag to 2022-03-28T17:50:00+00:00
[2022-03-28 10:52:42,394] {processor.py:171} INFO - Processing /home/vengat/big_data/python/venv/aflow_env/lib/python3.9/site-packages/airflow/example_dags/example_sla_dag.py took 0.079 seconds
[2022-03-28 10:53:16,116] {processor.py:163} INFO - Started process (PID=55347) to work on /home/vengat/big_data/python/venv/aflow_env/lib/python3.9/site-packages/airflow/example_dags/example_sla_dag.py
[2022-03-28 10:53:16,117] {processor.py:642} INFO - Processing file /home/vengat/big_data/python/venv/aflow_env/lib/python3.9/site-packages/airflow/example_dags/example_sla_dag.py for tasks to queue
[2022-03-28 10:53:16,118] {logging_mixin.py:109} INFO - [2022-03-28 10:53:16,118] {dagbag.py:500} INFO - Filling up the DagBag from /home/vengat/big_data/python/venv/aflow_env/lib/python3.9/site-packages/airflow/example_dags/example_sla_dag.py
[2022-03-28 10:53:16,159] {processor.py:654} INFO - DAG(s) dict_keys(['example_sla_dag']) retrieved from /home/vengat/big_data/python/venv/aflow_env/lib/python3.9/site-packages/airflow/example_dags/example_sla_dag.py
[2022-03-28 10:53:16,167] {logging_mixin.py:109} INFO - [2022-03-28 10:53:16,167] {dag.py:2398} INFO - Sync 1 DAGs
[2022-03-28 10:53:16,196] {logging_mixin.py:109} INFO - [2022-03-28 10:53:16,195] {dag.py:2937} INFO - Setting next_dagrun for example_sla_dag to 2022-03-28T17:50:00+00:00
[2022-03-28 10:53:16,211] {processor.py:171} INFO - Processing /home/vengat/big_data/python/venv/aflow_env/lib/python3.9/site-packages/airflow/example_dags/example_sla_dag.py took 0.100 seconds
[2022-03-28 10:53:49,636] {processor.py:163} INFO - Started process (PID=55382) to work on /home/vengat/big_data/python/venv/aflow_env/lib/python3.9/site-packages/airflow/example_dags/example_sla_dag.py
[2022-03-28 10:53:49,639] {processor.py:642} INFO - Processing file /home/vengat/big_data/python/venv/aflow_env/lib/python3.9/site-packages/airflow/example_dags/example_sla_dag.py for tasks to queue
[2022-03-28 10:53:49,640] {logging_mixin.py:109} INFO - [2022-03-28 10:53:49,640] {dagbag.py:500} INFO - Filling up the DagBag from /home/vengat/big_data/python/venv/aflow_env/lib/python3.9/site-packages/airflow/example_dags/example_sla_dag.py
[2022-03-28 10:53:49,679] {processor.py:654} INFO - DAG(s) dict_keys(['example_sla_dag']) retrieved from /home/vengat/big_data/python/venv/aflow_env/lib/python3.9/site-packages/airflow/example_dags/example_sla_dag.py
[2022-03-28 10:53:49,687] {logging_mixin.py:109} INFO - [2022-03-28 10:53:49,687] {dag.py:2398} INFO - Sync 1 DAGs
[2022-03-28 10:53:49,701] {logging_mixin.py:109} INFO - [2022-03-28 10:53:49,701] {dag.py:2937} INFO - Setting next_dagrun for example_sla_dag to 2022-03-28T17:50:00+00:00
[2022-03-28 10:53:49,709] {processor.py:171} INFO - Processing /home/vengat/big_data/python/venv/aflow_env/lib/python3.9/site-packages/airflow/example_dags/example_sla_dag.py took 0.079 seconds
[2022-03-28 10:54:26,475] {processor.py:163} INFO - Started process (PID=55415) to work on /home/vengat/big_data/python/venv/aflow_env/lib/python3.9/site-packages/airflow/example_dags/example_sla_dag.py
[2022-03-28 10:54:26,476] {processor.py:642} INFO - Processing file /home/vengat/big_data/python/venv/aflow_env/lib/python3.9/site-packages/airflow/example_dags/example_sla_dag.py for tasks to queue
[2022-03-28 10:54:26,477] {logging_mixin.py:109} INFO - [2022-03-28 10:54:26,477] {dagbag.py:500} INFO - Filling up the DagBag from /home/vengat/big_data/python/venv/aflow_env/lib/python3.9/site-packages/airflow/example_dags/example_sla_dag.py
[2022-03-28 10:54:26,507] {processor.py:654} INFO - DAG(s) dict_keys(['example_sla_dag']) retrieved from /home/vengat/big_data/python/venv/aflow_env/lib/python3.9/site-packages/airflow/example_dags/example_sla_dag.py
[2022-03-28 10:54:26,515] {logging_mixin.py:109} INFO - [2022-03-28 10:54:26,515] {dag.py:2398} INFO - Sync 1 DAGs
[2022-03-28 10:54:26,529] {logging_mixin.py:109} INFO - [2022-03-28 10:54:26,529] {dag.py:2937} INFO - Setting next_dagrun for example_sla_dag to 2022-03-28T17:52:00+00:00
[2022-03-28 10:54:26,538] {processor.py:171} INFO - Processing /home/vengat/big_data/python/venv/aflow_env/lib/python3.9/site-packages/airflow/example_dags/example_sla_dag.py took 0.067 seconds
[2022-03-28 10:54:59,262] {processor.py:163} INFO - Started process (PID=55447) to work on /home/vengat/big_data/python/venv/aflow_env/lib/python3.9/site-packages/airflow/example_dags/example_sla_dag.py
[2022-03-28 10:54:59,265] {processor.py:642} INFO - Processing file /home/vengat/big_data/python/venv/aflow_env/lib/python3.9/site-packages/airflow/example_dags/example_sla_dag.py for tasks to queue
[2022-03-28 10:54:59,266] {logging_mixin.py:109} INFO - [2022-03-28 10:54:59,266] {dagbag.py:500} INFO - Filling up the DagBag from /home/vengat/big_data/python/venv/aflow_env/lib/python3.9/site-packages/airflow/example_dags/example_sla_dag.py
[2022-03-28 10:54:59,297] {processor.py:654} INFO - DAG(s) dict_keys(['example_sla_dag']) retrieved from /home/vengat/big_data/python/venv/aflow_env/lib/python3.9/site-packages/airflow/example_dags/example_sla_dag.py
[2022-03-28 10:54:59,305] {logging_mixin.py:109} INFO - [2022-03-28 10:54:59,305] {dag.py:2398} INFO - Sync 1 DAGs
[2022-03-28 10:54:59,319] {logging_mixin.py:109} INFO - [2022-03-28 10:54:59,319] {dag.py:2937} INFO - Setting next_dagrun for example_sla_dag to 2022-03-28T17:52:00+00:00
[2022-03-28 10:54:59,329] {processor.py:171} INFO - Processing /home/vengat/big_data/python/venv/aflow_env/lib/python3.9/site-packages/airflow/example_dags/example_sla_dag.py took 0.074 seconds
