[2022-03-28 10:13:55,060] {processor.py:163} INFO - Started process (PID=52747) to work on /home/vengat/big_data/python/venv/aflow_env/lib/python3.9/site-packages/airflow/example_dags/example_branch_labels.py
[2022-03-28 10:13:55,061] {processor.py:642} INFO - Processing file /home/vengat/big_data/python/venv/aflow_env/lib/python3.9/site-packages/airflow/example_dags/example_branch_labels.py for tasks to queue
[2022-03-28 10:13:55,062] {logging_mixin.py:109} INFO - [2022-03-28 10:13:55,062] {dagbag.py:500} INFO - Filling up the DagBag from /home/vengat/big_data/python/venv/aflow_env/lib/python3.9/site-packages/airflow/example_dags/example_branch_labels.py
[2022-03-28 10:13:55,088] {processor.py:654} INFO - DAG(s) dict_keys(['example_branch_labels']) retrieved from /home/vengat/big_data/python/venv/aflow_env/lib/python3.9/site-packages/airflow/example_dags/example_branch_labels.py
[2022-03-28 10:13:55,098] {logging_mixin.py:109} INFO - [2022-03-28 10:13:55,098] {dag.py:2398} INFO - Sync 1 DAGs
[2022-03-28 10:13:55,114] {logging_mixin.py:109} INFO - [2022-03-28 10:13:55,114] {dag.py:2937} INFO - Setting next_dagrun for example_branch_labels to 2022-03-27 00:00:00+00:00
[2022-03-28 10:13:55,123] {processor.py:171} INFO - Processing /home/vengat/big_data/python/venv/aflow_env/lib/python3.9/site-packages/airflow/example_dags/example_branch_labels.py took 0.067 seconds
[2022-03-28 10:14:29,877] {processor.py:163} INFO - Started process (PID=52779) to work on /home/vengat/big_data/python/venv/aflow_env/lib/python3.9/site-packages/airflow/example_dags/example_branch_labels.py
[2022-03-28 10:14:29,882] {processor.py:642} INFO - Processing file /home/vengat/big_data/python/venv/aflow_env/lib/python3.9/site-packages/airflow/example_dags/example_branch_labels.py for tasks to queue
[2022-03-28 10:14:29,883] {logging_mixin.py:109} INFO - [2022-03-28 10:14:29,883] {dagbag.py:500} INFO - Filling up the DagBag from /home/vengat/big_data/python/venv/aflow_env/lib/python3.9/site-packages/airflow/example_dags/example_branch_labels.py
[2022-03-28 10:14:29,911] {processor.py:654} INFO - DAG(s) dict_keys(['example_branch_labels']) retrieved from /home/vengat/big_data/python/venv/aflow_env/lib/python3.9/site-packages/airflow/example_dags/example_branch_labels.py
[2022-03-28 10:14:29,923] {logging_mixin.py:109} INFO - [2022-03-28 10:14:29,922] {dag.py:2398} INFO - Sync 1 DAGs
[2022-03-28 10:14:29,939] {logging_mixin.py:109} INFO - [2022-03-28 10:14:29,938] {dag.py:2937} INFO - Setting next_dagrun for example_branch_labels to 2022-03-27 00:00:00+00:00
[2022-03-28 10:14:29,948] {processor.py:171} INFO - Processing /home/vengat/big_data/python/venv/aflow_env/lib/python3.9/site-packages/airflow/example_dags/example_branch_labels.py took 0.075 seconds
[2022-03-28 10:15:03,935] {processor.py:163} INFO - Started process (PID=52812) to work on /home/vengat/big_data/python/venv/aflow_env/lib/python3.9/site-packages/airflow/example_dags/example_branch_labels.py
[2022-03-28 10:15:03,938] {processor.py:642} INFO - Processing file /home/vengat/big_data/python/venv/aflow_env/lib/python3.9/site-packages/airflow/example_dags/example_branch_labels.py for tasks to queue
[2022-03-28 10:15:03,938] {logging_mixin.py:109} INFO - [2022-03-28 10:15:03,938] {dagbag.py:500} INFO - Filling up the DagBag from /home/vengat/big_data/python/venv/aflow_env/lib/python3.9/site-packages/airflow/example_dags/example_branch_labels.py
[2022-03-28 10:15:03,974] {processor.py:654} INFO - DAG(s) dict_keys(['example_branch_labels']) retrieved from /home/vengat/big_data/python/venv/aflow_env/lib/python3.9/site-packages/airflow/example_dags/example_branch_labels.py
[2022-03-28 10:15:03,991] {logging_mixin.py:109} INFO - [2022-03-28 10:15:03,991] {dag.py:2398} INFO - Sync 1 DAGs
[2022-03-28 10:15:04,009] {logging_mixin.py:109} INFO - [2022-03-28 10:15:04,009] {dag.py:2937} INFO - Setting next_dagrun for example_branch_labels to 2022-03-27 00:00:00+00:00
[2022-03-28 10:15:04,021] {processor.py:171} INFO - Processing /home/vengat/big_data/python/venv/aflow_env/lib/python3.9/site-packages/airflow/example_dags/example_branch_labels.py took 0.090 seconds
[2022-03-28 10:15:42,430] {processor.py:163} INFO - Started process (PID=52846) to work on /home/vengat/big_data/python/venv/aflow_env/lib/python3.9/site-packages/airflow/example_dags/example_branch_labels.py
[2022-03-28 10:15:42,431] {processor.py:642} INFO - Processing file /home/vengat/big_data/python/venv/aflow_env/lib/python3.9/site-packages/airflow/example_dags/example_branch_labels.py for tasks to queue
[2022-03-28 10:15:42,432] {logging_mixin.py:109} INFO - [2022-03-28 10:15:42,432] {dagbag.py:500} INFO - Filling up the DagBag from /home/vengat/big_data/python/venv/aflow_env/lib/python3.9/site-packages/airflow/example_dags/example_branch_labels.py
[2022-03-28 10:15:42,454] {processor.py:654} INFO - DAG(s) dict_keys(['example_branch_labels']) retrieved from /home/vengat/big_data/python/venv/aflow_env/lib/python3.9/site-packages/airflow/example_dags/example_branch_labels.py
[2022-03-28 10:15:42,465] {logging_mixin.py:109} INFO - [2022-03-28 10:15:42,465] {dag.py:2398} INFO - Sync 1 DAGs
[2022-03-28 10:15:42,477] {logging_mixin.py:109} INFO - [2022-03-28 10:15:42,476] {dag.py:2937} INFO - Setting next_dagrun for example_branch_labels to 2022-03-27 00:00:00+00:00
[2022-03-28 10:15:42,485] {processor.py:171} INFO - Processing /home/vengat/big_data/python/venv/aflow_env/lib/python3.9/site-packages/airflow/example_dags/example_branch_labels.py took 0.061 seconds
[2022-03-28 10:16:15,335] {processor.py:163} INFO - Started process (PID=52878) to work on /home/vengat/big_data/python/venv/aflow_env/lib/python3.9/site-packages/airflow/example_dags/example_branch_labels.py
[2022-03-28 10:16:15,336] {processor.py:642} INFO - Processing file /home/vengat/big_data/python/venv/aflow_env/lib/python3.9/site-packages/airflow/example_dags/example_branch_labels.py for tasks to queue
[2022-03-28 10:16:15,337] {logging_mixin.py:109} INFO - [2022-03-28 10:16:15,337] {dagbag.py:500} INFO - Filling up the DagBag from /home/vengat/big_data/python/venv/aflow_env/lib/python3.9/site-packages/airflow/example_dags/example_branch_labels.py
[2022-03-28 10:16:15,376] {processor.py:654} INFO - DAG(s) dict_keys(['example_branch_labels']) retrieved from /home/vengat/big_data/python/venv/aflow_env/lib/python3.9/site-packages/airflow/example_dags/example_branch_labels.py
[2022-03-28 10:16:15,385] {logging_mixin.py:109} INFO - [2022-03-28 10:16:15,385] {dag.py:2398} INFO - Sync 1 DAGs
[2022-03-28 10:16:15,399] {logging_mixin.py:109} INFO - [2022-03-28 10:16:15,398] {dag.py:2937} INFO - Setting next_dagrun for example_branch_labels to 2022-03-27 00:00:00+00:00
[2022-03-28 10:16:15,407] {processor.py:171} INFO - Processing /home/vengat/big_data/python/venv/aflow_env/lib/python3.9/site-packages/airflow/example_dags/example_branch_labels.py took 0.075 seconds
[2022-03-28 10:16:51,309] {processor.py:163} INFO - Started process (PID=52911) to work on /home/vengat/big_data/python/venv/aflow_env/lib/python3.9/site-packages/airflow/example_dags/example_branch_labels.py
[2022-03-28 10:16:51,311] {processor.py:642} INFO - Processing file /home/vengat/big_data/python/venv/aflow_env/lib/python3.9/site-packages/airflow/example_dags/example_branch_labels.py for tasks to queue
[2022-03-28 10:16:51,312] {logging_mixin.py:109} INFO - [2022-03-28 10:16:51,312] {dagbag.py:500} INFO - Filling up the DagBag from /home/vengat/big_data/python/venv/aflow_env/lib/python3.9/site-packages/airflow/example_dags/example_branch_labels.py
[2022-03-28 10:16:51,341] {processor.py:654} INFO - DAG(s) dict_keys(['example_branch_labels']) retrieved from /home/vengat/big_data/python/venv/aflow_env/lib/python3.9/site-packages/airflow/example_dags/example_branch_labels.py
[2022-03-28 10:16:51,352] {logging_mixin.py:109} INFO - [2022-03-28 10:16:51,352] {dag.py:2398} INFO - Sync 1 DAGs
[2022-03-28 10:16:51,366] {logging_mixin.py:109} INFO - [2022-03-28 10:16:51,365] {dag.py:2937} INFO - Setting next_dagrun for example_branch_labels to 2022-03-27 00:00:00+00:00
[2022-03-28 10:16:51,384] {processor.py:171} INFO - Processing /home/vengat/big_data/python/venv/aflow_env/lib/python3.9/site-packages/airflow/example_dags/example_branch_labels.py took 0.080 seconds
[2022-03-28 10:17:26,687] {processor.py:163} INFO - Started process (PID=52947) to work on /home/vengat/big_data/python/venv/aflow_env/lib/python3.9/site-packages/airflow/example_dags/example_branch_labels.py
[2022-03-28 10:17:26,688] {processor.py:642} INFO - Processing file /home/vengat/big_data/python/venv/aflow_env/lib/python3.9/site-packages/airflow/example_dags/example_branch_labels.py for tasks to queue
[2022-03-28 10:17:26,689] {logging_mixin.py:109} INFO - [2022-03-28 10:17:26,689] {dagbag.py:500} INFO - Filling up the DagBag from /home/vengat/big_data/python/venv/aflow_env/lib/python3.9/site-packages/airflow/example_dags/example_branch_labels.py
[2022-03-28 10:17:26,714] {processor.py:654} INFO - DAG(s) dict_keys(['example_branch_labels']) retrieved from /home/vengat/big_data/python/venv/aflow_env/lib/python3.9/site-packages/airflow/example_dags/example_branch_labels.py
[2022-03-28 10:17:26,723] {logging_mixin.py:109} INFO - [2022-03-28 10:17:26,723] {dag.py:2398} INFO - Sync 1 DAGs
[2022-03-28 10:17:26,735] {logging_mixin.py:109} INFO - [2022-03-28 10:17:26,735] {dag.py:2937} INFO - Setting next_dagrun for example_branch_labels to 2022-03-27 00:00:00+00:00
[2022-03-28 10:17:26,743] {processor.py:171} INFO - Processing /home/vengat/big_data/python/venv/aflow_env/lib/python3.9/site-packages/airflow/example_dags/example_branch_labels.py took 0.059 seconds
[2022-03-28 10:18:00,083] {processor.py:163} INFO - Started process (PID=52982) to work on /home/vengat/big_data/python/venv/aflow_env/lib/python3.9/site-packages/airflow/example_dags/example_branch_labels.py
[2022-03-28 10:18:00,085] {processor.py:642} INFO - Processing file /home/vengat/big_data/python/venv/aflow_env/lib/python3.9/site-packages/airflow/example_dags/example_branch_labels.py for tasks to queue
[2022-03-28 10:18:00,085] {logging_mixin.py:109} INFO - [2022-03-28 10:18:00,085] {dagbag.py:500} INFO - Filling up the DagBag from /home/vengat/big_data/python/venv/aflow_env/lib/python3.9/site-packages/airflow/example_dags/example_branch_labels.py
[2022-03-28 10:18:00,111] {processor.py:654} INFO - DAG(s) dict_keys(['example_branch_labels']) retrieved from /home/vengat/big_data/python/venv/aflow_env/lib/python3.9/site-packages/airflow/example_dags/example_branch_labels.py
[2022-03-28 10:18:00,120] {logging_mixin.py:109} INFO - [2022-03-28 10:18:00,120] {dag.py:2398} INFO - Sync 1 DAGs
[2022-03-28 10:18:00,132] {logging_mixin.py:109} INFO - [2022-03-28 10:18:00,132] {dag.py:2937} INFO - Setting next_dagrun for example_branch_labels to 2022-03-27 00:00:00+00:00
[2022-03-28 10:18:00,141] {processor.py:171} INFO - Processing /home/vengat/big_data/python/venv/aflow_env/lib/python3.9/site-packages/airflow/example_dags/example_branch_labels.py took 0.061 seconds
[2022-03-28 10:18:35,201] {processor.py:163} INFO - Started process (PID=53017) to work on /home/vengat/big_data/python/venv/aflow_env/lib/python3.9/site-packages/airflow/example_dags/example_branch_labels.py
[2022-03-28 10:18:35,204] {processor.py:642} INFO - Processing file /home/vengat/big_data/python/venv/aflow_env/lib/python3.9/site-packages/airflow/example_dags/example_branch_labels.py for tasks to queue
[2022-03-28 10:18:35,204] {logging_mixin.py:109} INFO - [2022-03-28 10:18:35,204] {dagbag.py:500} INFO - Filling up the DagBag from /home/vengat/big_data/python/venv/aflow_env/lib/python3.9/site-packages/airflow/example_dags/example_branch_labels.py
[2022-03-28 10:18:35,232] {processor.py:654} INFO - DAG(s) dict_keys(['example_branch_labels']) retrieved from /home/vengat/big_data/python/venv/aflow_env/lib/python3.9/site-packages/airflow/example_dags/example_branch_labels.py
[2022-03-28 10:18:35,243] {logging_mixin.py:109} INFO - [2022-03-28 10:18:35,243] {dag.py:2398} INFO - Sync 1 DAGs
[2022-03-28 10:18:35,257] {logging_mixin.py:109} INFO - [2022-03-28 10:18:35,257] {dag.py:2937} INFO - Setting next_dagrun for example_branch_labels to 2022-03-27 00:00:00+00:00
[2022-03-28 10:18:35,270] {processor.py:171} INFO - Processing /home/vengat/big_data/python/venv/aflow_env/lib/python3.9/site-packages/airflow/example_dags/example_branch_labels.py took 0.072 seconds
[2022-03-28 10:19:10,986] {processor.py:163} INFO - Started process (PID=53053) to work on /home/vengat/big_data/python/venv/aflow_env/lib/python3.9/site-packages/airflow/example_dags/example_branch_labels.py
[2022-03-28 10:19:10,988] {processor.py:642} INFO - Processing file /home/vengat/big_data/python/venv/aflow_env/lib/python3.9/site-packages/airflow/example_dags/example_branch_labels.py for tasks to queue
[2022-03-28 10:19:10,988] {logging_mixin.py:109} INFO - [2022-03-28 10:19:10,988] {dagbag.py:500} INFO - Filling up the DagBag from /home/vengat/big_data/python/venv/aflow_env/lib/python3.9/site-packages/airflow/example_dags/example_branch_labels.py
[2022-03-28 10:19:11,021] {processor.py:654} INFO - DAG(s) dict_keys(['example_branch_labels']) retrieved from /home/vengat/big_data/python/venv/aflow_env/lib/python3.9/site-packages/airflow/example_dags/example_branch_labels.py
[2022-03-28 10:19:11,031] {logging_mixin.py:109} INFO - [2022-03-28 10:19:11,031] {dag.py:2398} INFO - Sync 1 DAGs
[2022-03-28 10:19:11,048] {logging_mixin.py:109} INFO - [2022-03-28 10:19:11,048] {dag.py:2937} INFO - Setting next_dagrun for example_branch_labels to 2022-03-27 00:00:00+00:00
[2022-03-28 10:19:11,058] {processor.py:171} INFO - Processing /home/vengat/big_data/python/venv/aflow_env/lib/python3.9/site-packages/airflow/example_dags/example_branch_labels.py took 0.075 seconds
[2022-03-28 10:19:44,594] {processor.py:163} INFO - Started process (PID=53085) to work on /home/vengat/big_data/python/venv/aflow_env/lib/python3.9/site-packages/airflow/example_dags/example_branch_labels.py
[2022-03-28 10:19:44,598] {processor.py:642} INFO - Processing file /home/vengat/big_data/python/venv/aflow_env/lib/python3.9/site-packages/airflow/example_dags/example_branch_labels.py for tasks to queue
[2022-03-28 10:19:44,599] {logging_mixin.py:109} INFO - [2022-03-28 10:19:44,598] {dagbag.py:500} INFO - Filling up the DagBag from /home/vengat/big_data/python/venv/aflow_env/lib/python3.9/site-packages/airflow/example_dags/example_branch_labels.py
[2022-03-28 10:19:44,626] {processor.py:654} INFO - DAG(s) dict_keys(['example_branch_labels']) retrieved from /home/vengat/big_data/python/venv/aflow_env/lib/python3.9/site-packages/airflow/example_dags/example_branch_labels.py
[2022-03-28 10:19:44,640] {logging_mixin.py:109} INFO - [2022-03-28 10:19:44,640] {dag.py:2398} INFO - Sync 1 DAGs
[2022-03-28 10:19:44,655] {logging_mixin.py:109} INFO - [2022-03-28 10:19:44,655] {dag.py:2937} INFO - Setting next_dagrun for example_branch_labels to 2022-03-27 00:00:00+00:00
[2022-03-28 10:19:44,665] {processor.py:171} INFO - Processing /home/vengat/big_data/python/venv/aflow_env/lib/python3.9/site-packages/airflow/example_dags/example_branch_labels.py took 0.075 seconds
[2022-03-28 10:20:18,423] {processor.py:163} INFO - Started process (PID=53117) to work on /home/vengat/big_data/python/venv/aflow_env/lib/python3.9/site-packages/airflow/example_dags/example_branch_labels.py
[2022-03-28 10:20:18,425] {processor.py:642} INFO - Processing file /home/vengat/big_data/python/venv/aflow_env/lib/python3.9/site-packages/airflow/example_dags/example_branch_labels.py for tasks to queue
[2022-03-28 10:20:18,426] {logging_mixin.py:109} INFO - [2022-03-28 10:20:18,426] {dagbag.py:500} INFO - Filling up the DagBag from /home/vengat/big_data/python/venv/aflow_env/lib/python3.9/site-packages/airflow/example_dags/example_branch_labels.py
[2022-03-28 10:20:18,461] {processor.py:654} INFO - DAG(s) dict_keys(['example_branch_labels']) retrieved from /home/vengat/big_data/python/venv/aflow_env/lib/python3.9/site-packages/airflow/example_dags/example_branch_labels.py
[2022-03-28 10:20:18,473] {logging_mixin.py:109} INFO - [2022-03-28 10:20:18,473] {dag.py:2398} INFO - Sync 1 DAGs
[2022-03-28 10:20:18,489] {logging_mixin.py:109} INFO - [2022-03-28 10:20:18,489] {dag.py:2937} INFO - Setting next_dagrun for example_branch_labels to 2022-03-27 00:00:00+00:00
[2022-03-28 10:20:18,501] {processor.py:171} INFO - Processing /home/vengat/big_data/python/venv/aflow_env/lib/python3.9/site-packages/airflow/example_dags/example_branch_labels.py took 0.083 seconds
[2022-03-28 10:20:53,309] {processor.py:163} INFO - Started process (PID=53149) to work on /home/vengat/big_data/python/venv/aflow_env/lib/python3.9/site-packages/airflow/example_dags/example_branch_labels.py
[2022-03-28 10:20:53,315] {processor.py:642} INFO - Processing file /home/vengat/big_data/python/venv/aflow_env/lib/python3.9/site-packages/airflow/example_dags/example_branch_labels.py for tasks to queue
[2022-03-28 10:20:53,319] {logging_mixin.py:109} INFO - [2022-03-28 10:20:53,319] {dagbag.py:500} INFO - Filling up the DagBag from /home/vengat/big_data/python/venv/aflow_env/lib/python3.9/site-packages/airflow/example_dags/example_branch_labels.py
[2022-03-28 10:20:53,373] {processor.py:654} INFO - DAG(s) dict_keys(['example_branch_labels']) retrieved from /home/vengat/big_data/python/venv/aflow_env/lib/python3.9/site-packages/airflow/example_dags/example_branch_labels.py
[2022-03-28 10:20:53,383] {logging_mixin.py:109} INFO - [2022-03-28 10:20:53,383] {dag.py:2398} INFO - Sync 1 DAGs
[2022-03-28 10:20:53,397] {logging_mixin.py:109} INFO - [2022-03-28 10:20:53,397] {dag.py:2937} INFO - Setting next_dagrun for example_branch_labels to 2022-03-27 00:00:00+00:00
[2022-03-28 10:20:53,409] {processor.py:171} INFO - Processing /home/vengat/big_data/python/venv/aflow_env/lib/python3.9/site-packages/airflow/example_dags/example_branch_labels.py took 0.116 seconds
[2022-03-28 10:21:31,138] {processor.py:163} INFO - Started process (PID=53185) to work on /home/vengat/big_data/python/venv/aflow_env/lib/python3.9/site-packages/airflow/example_dags/example_branch_labels.py
[2022-03-28 10:21:31,139] {processor.py:642} INFO - Processing file /home/vengat/big_data/python/venv/aflow_env/lib/python3.9/site-packages/airflow/example_dags/example_branch_labels.py for tasks to queue
[2022-03-28 10:21:31,140] {logging_mixin.py:109} INFO - [2022-03-28 10:21:31,140] {dagbag.py:500} INFO - Filling up the DagBag from /home/vengat/big_data/python/venv/aflow_env/lib/python3.9/site-packages/airflow/example_dags/example_branch_labels.py
[2022-03-28 10:21:31,170] {processor.py:654} INFO - DAG(s) dict_keys(['example_branch_labels']) retrieved from /home/vengat/big_data/python/venv/aflow_env/lib/python3.9/site-packages/airflow/example_dags/example_branch_labels.py
[2022-03-28 10:21:31,180] {logging_mixin.py:109} INFO - [2022-03-28 10:21:31,180] {dag.py:2398} INFO - Sync 1 DAGs
[2022-03-28 10:21:31,193] {logging_mixin.py:109} INFO - [2022-03-28 10:21:31,193] {dag.py:2937} INFO - Setting next_dagrun for example_branch_labels to 2022-03-27 00:00:00+00:00
[2022-03-28 10:21:31,205] {processor.py:171} INFO - Processing /home/vengat/big_data/python/venv/aflow_env/lib/python3.9/site-packages/airflow/example_dags/example_branch_labels.py took 0.071 seconds
[2022-03-28 10:22:03,841] {processor.py:163} INFO - Started process (PID=53218) to work on /home/vengat/big_data/python/venv/aflow_env/lib/python3.9/site-packages/airflow/example_dags/example_branch_labels.py
[2022-03-28 10:22:03,842] {processor.py:642} INFO - Processing file /home/vengat/big_data/python/venv/aflow_env/lib/python3.9/site-packages/airflow/example_dags/example_branch_labels.py for tasks to queue
[2022-03-28 10:22:03,843] {logging_mixin.py:109} INFO - [2022-03-28 10:22:03,843] {dagbag.py:500} INFO - Filling up the DagBag from /home/vengat/big_data/python/venv/aflow_env/lib/python3.9/site-packages/airflow/example_dags/example_branch_labels.py
[2022-03-28 10:22:03,872] {processor.py:654} INFO - DAG(s) dict_keys(['example_branch_labels']) retrieved from /home/vengat/big_data/python/venv/aflow_env/lib/python3.9/site-packages/airflow/example_dags/example_branch_labels.py
[2022-03-28 10:22:03,881] {logging_mixin.py:109} INFO - [2022-03-28 10:22:03,880] {dag.py:2398} INFO - Sync 1 DAGs
[2022-03-28 10:22:03,896] {logging_mixin.py:109} INFO - [2022-03-28 10:22:03,896] {dag.py:2937} INFO - Setting next_dagrun for example_branch_labels to 2022-03-27 00:00:00+00:00
[2022-03-28 10:22:03,906] {processor.py:171} INFO - Processing /home/vengat/big_data/python/venv/aflow_env/lib/python3.9/site-packages/airflow/example_dags/example_branch_labels.py took 0.068 seconds
[2022-03-28 10:22:39,973] {processor.py:163} INFO - Started process (PID=53252) to work on /home/vengat/big_data/python/venv/aflow_env/lib/python3.9/site-packages/airflow/example_dags/example_branch_labels.py
[2022-03-28 10:22:39,976] {processor.py:642} INFO - Processing file /home/vengat/big_data/python/venv/aflow_env/lib/python3.9/site-packages/airflow/example_dags/example_branch_labels.py for tasks to queue
[2022-03-28 10:22:39,977] {logging_mixin.py:109} INFO - [2022-03-28 10:22:39,976] {dagbag.py:500} INFO - Filling up the DagBag from /home/vengat/big_data/python/venv/aflow_env/lib/python3.9/site-packages/airflow/example_dags/example_branch_labels.py
[2022-03-28 10:22:40,007] {processor.py:654} INFO - DAG(s) dict_keys(['example_branch_labels']) retrieved from /home/vengat/big_data/python/venv/aflow_env/lib/python3.9/site-packages/airflow/example_dags/example_branch_labels.py
[2022-03-28 10:22:40,017] {logging_mixin.py:109} INFO - [2022-03-28 10:22:40,017] {dag.py:2398} INFO - Sync 1 DAGs
[2022-03-28 10:22:40,034] {logging_mixin.py:109} INFO - [2022-03-28 10:22:40,034] {dag.py:2937} INFO - Setting next_dagrun for example_branch_labels to 2022-03-27 00:00:00+00:00
[2022-03-28 10:22:40,043] {processor.py:171} INFO - Processing /home/vengat/big_data/python/venv/aflow_env/lib/python3.9/site-packages/airflow/example_dags/example_branch_labels.py took 0.075 seconds
[2022-03-28 10:23:12,603] {processor.py:163} INFO - Started process (PID=53284) to work on /home/vengat/big_data/python/venv/aflow_env/lib/python3.9/site-packages/airflow/example_dags/example_branch_labels.py
[2022-03-28 10:23:12,605] {processor.py:642} INFO - Processing file /home/vengat/big_data/python/venv/aflow_env/lib/python3.9/site-packages/airflow/example_dags/example_branch_labels.py for tasks to queue
[2022-03-28 10:23:12,605] {logging_mixin.py:109} INFO - [2022-03-28 10:23:12,605] {dagbag.py:500} INFO - Filling up the DagBag from /home/vengat/big_data/python/venv/aflow_env/lib/python3.9/site-packages/airflow/example_dags/example_branch_labels.py
[2022-03-28 10:23:12,631] {processor.py:654} INFO - DAG(s) dict_keys(['example_branch_labels']) retrieved from /home/vengat/big_data/python/venv/aflow_env/lib/python3.9/site-packages/airflow/example_dags/example_branch_labels.py
[2022-03-28 10:23:12,645] {logging_mixin.py:109} INFO - [2022-03-28 10:23:12,645] {dag.py:2398} INFO - Sync 1 DAGs
[2022-03-28 10:23:12,659] {logging_mixin.py:109} INFO - [2022-03-28 10:23:12,659] {dag.py:2937} INFO - Setting next_dagrun for example_branch_labels to 2022-03-27 00:00:00+00:00
[2022-03-28 10:23:12,669] {processor.py:171} INFO - Processing /home/vengat/big_data/python/venv/aflow_env/lib/python3.9/site-packages/airflow/example_dags/example_branch_labels.py took 0.070 seconds
[2022-03-28 10:23:46,437] {processor.py:163} INFO - Started process (PID=53319) to work on /home/vengat/big_data/python/venv/aflow_env/lib/python3.9/site-packages/airflow/example_dags/example_branch_labels.py
[2022-03-28 10:23:46,438] {processor.py:642} INFO - Processing file /home/vengat/big_data/python/venv/aflow_env/lib/python3.9/site-packages/airflow/example_dags/example_branch_labels.py for tasks to queue
[2022-03-28 10:23:46,439] {logging_mixin.py:109} INFO - [2022-03-28 10:23:46,439] {dagbag.py:500} INFO - Filling up the DagBag from /home/vengat/big_data/python/venv/aflow_env/lib/python3.9/site-packages/airflow/example_dags/example_branch_labels.py
[2022-03-28 10:23:46,467] {processor.py:654} INFO - DAG(s) dict_keys(['example_branch_labels']) retrieved from /home/vengat/big_data/python/venv/aflow_env/lib/python3.9/site-packages/airflow/example_dags/example_branch_labels.py
[2022-03-28 10:23:46,477] {logging_mixin.py:109} INFO - [2022-03-28 10:23:46,477] {dag.py:2398} INFO - Sync 1 DAGs
[2022-03-28 10:23:46,491] {logging_mixin.py:109} INFO - [2022-03-28 10:23:46,491] {dag.py:2937} INFO - Setting next_dagrun for example_branch_labels to 2022-03-27 00:00:00+00:00
[2022-03-28 10:23:46,501] {processor.py:171} INFO - Processing /home/vengat/big_data/python/venv/aflow_env/lib/python3.9/site-packages/airflow/example_dags/example_branch_labels.py took 0.071 seconds
[2022-03-28 10:24:21,882] {processor.py:163} INFO - Started process (PID=53352) to work on /home/vengat/big_data/python/venv/aflow_env/lib/python3.9/site-packages/airflow/example_dags/example_branch_labels.py
[2022-03-28 10:24:21,887] {processor.py:642} INFO - Processing file /home/vengat/big_data/python/venv/aflow_env/lib/python3.9/site-packages/airflow/example_dags/example_branch_labels.py for tasks to queue
[2022-03-28 10:24:21,888] {logging_mixin.py:109} INFO - [2022-03-28 10:24:21,887] {dagbag.py:500} INFO - Filling up the DagBag from /home/vengat/big_data/python/venv/aflow_env/lib/python3.9/site-packages/airflow/example_dags/example_branch_labels.py
[2022-03-28 10:24:21,919] {processor.py:654} INFO - DAG(s) dict_keys(['example_branch_labels']) retrieved from /home/vengat/big_data/python/venv/aflow_env/lib/python3.9/site-packages/airflow/example_dags/example_branch_labels.py
[2022-03-28 10:24:21,928] {logging_mixin.py:109} INFO - [2022-03-28 10:24:21,928] {dag.py:2398} INFO - Sync 1 DAGs
[2022-03-28 10:24:21,948] {logging_mixin.py:109} INFO - [2022-03-28 10:24:21,948] {dag.py:2937} INFO - Setting next_dagrun for example_branch_labels to 2022-03-27 00:00:00+00:00
[2022-03-28 10:24:21,957] {processor.py:171} INFO - Processing /home/vengat/big_data/python/venv/aflow_env/lib/python3.9/site-packages/airflow/example_dags/example_branch_labels.py took 0.080 seconds
[2022-03-28 10:24:58,113] {processor.py:163} INFO - Started process (PID=53386) to work on /home/vengat/big_data/python/venv/aflow_env/lib/python3.9/site-packages/airflow/example_dags/example_branch_labels.py
[2022-03-28 10:24:58,115] {processor.py:642} INFO - Processing file /home/vengat/big_data/python/venv/aflow_env/lib/python3.9/site-packages/airflow/example_dags/example_branch_labels.py for tasks to queue
[2022-03-28 10:24:58,115] {logging_mixin.py:109} INFO - [2022-03-28 10:24:58,115] {dagbag.py:500} INFO - Filling up the DagBag from /home/vengat/big_data/python/venv/aflow_env/lib/python3.9/site-packages/airflow/example_dags/example_branch_labels.py
[2022-03-28 10:24:58,144] {processor.py:654} INFO - DAG(s) dict_keys(['example_branch_labels']) retrieved from /home/vengat/big_data/python/venv/aflow_env/lib/python3.9/site-packages/airflow/example_dags/example_branch_labels.py
[2022-03-28 10:24:58,154] {logging_mixin.py:109} INFO - [2022-03-28 10:24:58,154] {dag.py:2398} INFO - Sync 1 DAGs
[2022-03-28 10:24:58,172] {logging_mixin.py:109} INFO - [2022-03-28 10:24:58,171] {dag.py:2937} INFO - Setting next_dagrun for example_branch_labels to 2022-03-27 00:00:00+00:00
[2022-03-28 10:24:58,187] {processor.py:171} INFO - Processing /home/vengat/big_data/python/venv/aflow_env/lib/python3.9/site-packages/airflow/example_dags/example_branch_labels.py took 0.077 seconds
[2022-03-28 10:25:33,509] {processor.py:163} INFO - Started process (PID=53419) to work on /home/vengat/big_data/python/venv/aflow_env/lib/python3.9/site-packages/airflow/example_dags/example_branch_labels.py
[2022-03-28 10:25:33,511] {processor.py:642} INFO - Processing file /home/vengat/big_data/python/venv/aflow_env/lib/python3.9/site-packages/airflow/example_dags/example_branch_labels.py for tasks to queue
[2022-03-28 10:25:33,512] {logging_mixin.py:109} INFO - [2022-03-28 10:25:33,512] {dagbag.py:500} INFO - Filling up the DagBag from /home/vengat/big_data/python/venv/aflow_env/lib/python3.9/site-packages/airflow/example_dags/example_branch_labels.py
[2022-03-28 10:25:33,540] {processor.py:654} INFO - DAG(s) dict_keys(['example_branch_labels']) retrieved from /home/vengat/big_data/python/venv/aflow_env/lib/python3.9/site-packages/airflow/example_dags/example_branch_labels.py
[2022-03-28 10:25:33,549] {logging_mixin.py:109} INFO - [2022-03-28 10:25:33,549] {dag.py:2398} INFO - Sync 1 DAGs
[2022-03-28 10:25:33,563] {logging_mixin.py:109} INFO - [2022-03-28 10:25:33,563] {dag.py:2937} INFO - Setting next_dagrun for example_branch_labels to 2022-03-27 00:00:00+00:00
[2022-03-28 10:25:33,575] {processor.py:171} INFO - Processing /home/vengat/big_data/python/venv/aflow_env/lib/python3.9/site-packages/airflow/example_dags/example_branch_labels.py took 0.069 seconds
[2022-03-28 10:26:07,141] {processor.py:163} INFO - Started process (PID=53452) to work on /home/vengat/big_data/python/venv/aflow_env/lib/python3.9/site-packages/airflow/example_dags/example_branch_labels.py
[2022-03-28 10:26:07,142] {processor.py:642} INFO - Processing file /home/vengat/big_data/python/venv/aflow_env/lib/python3.9/site-packages/airflow/example_dags/example_branch_labels.py for tasks to queue
[2022-03-28 10:26:07,143] {logging_mixin.py:109} INFO - [2022-03-28 10:26:07,143] {dagbag.py:500} INFO - Filling up the DagBag from /home/vengat/big_data/python/venv/aflow_env/lib/python3.9/site-packages/airflow/example_dags/example_branch_labels.py
[2022-03-28 10:26:07,171] {processor.py:654} INFO - DAG(s) dict_keys(['example_branch_labels']) retrieved from /home/vengat/big_data/python/venv/aflow_env/lib/python3.9/site-packages/airflow/example_dags/example_branch_labels.py
[2022-03-28 10:26:07,181] {logging_mixin.py:109} INFO - [2022-03-28 10:26:07,181] {dag.py:2398} INFO - Sync 1 DAGs
[2022-03-28 10:26:07,199] {logging_mixin.py:109} INFO - [2022-03-28 10:26:07,199] {dag.py:2937} INFO - Setting next_dagrun for example_branch_labels to 2022-03-27 00:00:00+00:00
[2022-03-28 10:26:07,215] {processor.py:171} INFO - Processing /home/vengat/big_data/python/venv/aflow_env/lib/python3.9/site-packages/airflow/example_dags/example_branch_labels.py took 0.078 seconds
[2022-03-28 10:26:41,385] {processor.py:163} INFO - Started process (PID=53484) to work on /home/vengat/big_data/python/venv/aflow_env/lib/python3.9/site-packages/airflow/example_dags/example_branch_labels.py
[2022-03-28 10:26:41,386] {processor.py:642} INFO - Processing file /home/vengat/big_data/python/venv/aflow_env/lib/python3.9/site-packages/airflow/example_dags/example_branch_labels.py for tasks to queue
[2022-03-28 10:26:41,387] {logging_mixin.py:109} INFO - [2022-03-28 10:26:41,386] {dagbag.py:500} INFO - Filling up the DagBag from /home/vengat/big_data/python/venv/aflow_env/lib/python3.9/site-packages/airflow/example_dags/example_branch_labels.py
[2022-03-28 10:26:41,416] {processor.py:654} INFO - DAG(s) dict_keys(['example_branch_labels']) retrieved from /home/vengat/big_data/python/venv/aflow_env/lib/python3.9/site-packages/airflow/example_dags/example_branch_labels.py
[2022-03-28 10:26:41,425] {logging_mixin.py:109} INFO - [2022-03-28 10:26:41,425] {dag.py:2398} INFO - Sync 1 DAGs
[2022-03-28 10:26:41,442] {logging_mixin.py:109} INFO - [2022-03-28 10:26:41,442] {dag.py:2937} INFO - Setting next_dagrun for example_branch_labels to 2022-03-27 00:00:00+00:00
[2022-03-28 10:26:41,450] {processor.py:171} INFO - Processing /home/vengat/big_data/python/venv/aflow_env/lib/python3.9/site-packages/airflow/example_dags/example_branch_labels.py took 0.069 seconds
[2022-03-28 10:27:17,690] {processor.py:163} INFO - Started process (PID=53518) to work on /home/vengat/big_data/python/venv/aflow_env/lib/python3.9/site-packages/airflow/example_dags/example_branch_labels.py
[2022-03-28 10:27:17,692] {processor.py:642} INFO - Processing file /home/vengat/big_data/python/venv/aflow_env/lib/python3.9/site-packages/airflow/example_dags/example_branch_labels.py for tasks to queue
[2022-03-28 10:27:17,693] {logging_mixin.py:109} INFO - [2022-03-28 10:27:17,693] {dagbag.py:500} INFO - Filling up the DagBag from /home/vengat/big_data/python/venv/aflow_env/lib/python3.9/site-packages/airflow/example_dags/example_branch_labels.py
[2022-03-28 10:27:17,721] {processor.py:654} INFO - DAG(s) dict_keys(['example_branch_labels']) retrieved from /home/vengat/big_data/python/venv/aflow_env/lib/python3.9/site-packages/airflow/example_dags/example_branch_labels.py
[2022-03-28 10:27:17,731] {logging_mixin.py:109} INFO - [2022-03-28 10:27:17,731] {dag.py:2398} INFO - Sync 1 DAGs
[2022-03-28 10:27:17,760] {logging_mixin.py:109} INFO - [2022-03-28 10:27:17,760] {dag.py:2937} INFO - Setting next_dagrun for example_branch_labels to 2022-03-27 00:00:00+00:00
[2022-03-28 10:27:17,768] {processor.py:171} INFO - Processing /home/vengat/big_data/python/venv/aflow_env/lib/python3.9/site-packages/airflow/example_dags/example_branch_labels.py took 0.083 seconds
[2022-03-28 10:27:51,513] {processor.py:163} INFO - Started process (PID=53550) to work on /home/vengat/big_data/python/venv/aflow_env/lib/python3.9/site-packages/airflow/example_dags/example_branch_labels.py
[2022-03-28 10:27:51,515] {processor.py:642} INFO - Processing file /home/vengat/big_data/python/venv/aflow_env/lib/python3.9/site-packages/airflow/example_dags/example_branch_labels.py for tasks to queue
[2022-03-28 10:27:51,515] {logging_mixin.py:109} INFO - [2022-03-28 10:27:51,515] {dagbag.py:500} INFO - Filling up the DagBag from /home/vengat/big_data/python/venv/aflow_env/lib/python3.9/site-packages/airflow/example_dags/example_branch_labels.py
[2022-03-28 10:27:51,544] {processor.py:654} INFO - DAG(s) dict_keys(['example_branch_labels']) retrieved from /home/vengat/big_data/python/venv/aflow_env/lib/python3.9/site-packages/airflow/example_dags/example_branch_labels.py
[2022-03-28 10:27:51,558] {logging_mixin.py:109} INFO - [2022-03-28 10:27:51,558] {dag.py:2398} INFO - Sync 1 DAGs
[2022-03-28 10:27:51,571] {logging_mixin.py:109} INFO - [2022-03-28 10:27:51,571] {dag.py:2937} INFO - Setting next_dagrun for example_branch_labels to 2022-03-27 00:00:00+00:00
[2022-03-28 10:27:51,582] {processor.py:171} INFO - Processing /home/vengat/big_data/python/venv/aflow_env/lib/python3.9/site-packages/airflow/example_dags/example_branch_labels.py took 0.072 seconds
[2022-03-28 10:28:26,604] {processor.py:163} INFO - Started process (PID=53582) to work on /home/vengat/big_data/python/venv/aflow_env/lib/python3.9/site-packages/airflow/example_dags/example_branch_labels.py
[2022-03-28 10:28:26,608] {processor.py:642} INFO - Processing file /home/vengat/big_data/python/venv/aflow_env/lib/python3.9/site-packages/airflow/example_dags/example_branch_labels.py for tasks to queue
[2022-03-28 10:28:26,609] {logging_mixin.py:109} INFO - [2022-03-28 10:28:26,609] {dagbag.py:500} INFO - Filling up the DagBag from /home/vengat/big_data/python/venv/aflow_env/lib/python3.9/site-packages/airflow/example_dags/example_branch_labels.py
[2022-03-28 10:28:26,644] {processor.py:654} INFO - DAG(s) dict_keys(['example_branch_labels']) retrieved from /home/vengat/big_data/python/venv/aflow_env/lib/python3.9/site-packages/airflow/example_dags/example_branch_labels.py
[2022-03-28 10:28:26,653] {logging_mixin.py:109} INFO - [2022-03-28 10:28:26,653] {dag.py:2398} INFO - Sync 1 DAGs
[2022-03-28 10:28:26,670] {logging_mixin.py:109} INFO - [2022-03-28 10:28:26,670] {dag.py:2937} INFO - Setting next_dagrun for example_branch_labels to 2022-03-27 00:00:00+00:00
[2022-03-28 10:28:26,681] {processor.py:171} INFO - Processing /home/vengat/big_data/python/venv/aflow_env/lib/python3.9/site-packages/airflow/example_dags/example_branch_labels.py took 0.080 seconds
[2022-03-28 10:29:01,869] {processor.py:163} INFO - Started process (PID=53619) to work on /home/vengat/big_data/python/venv/aflow_env/lib/python3.9/site-packages/airflow/example_dags/example_branch_labels.py
[2022-03-28 10:29:01,871] {processor.py:642} INFO - Processing file /home/vengat/big_data/python/venv/aflow_env/lib/python3.9/site-packages/airflow/example_dags/example_branch_labels.py for tasks to queue
[2022-03-28 10:29:01,872] {logging_mixin.py:109} INFO - [2022-03-28 10:29:01,872] {dagbag.py:500} INFO - Filling up the DagBag from /home/vengat/big_data/python/venv/aflow_env/lib/python3.9/site-packages/airflow/example_dags/example_branch_labels.py
[2022-03-28 10:29:01,895] {processor.py:654} INFO - DAG(s) dict_keys(['example_branch_labels']) retrieved from /home/vengat/big_data/python/venv/aflow_env/lib/python3.9/site-packages/airflow/example_dags/example_branch_labels.py
[2022-03-28 10:29:01,904] {logging_mixin.py:109} INFO - [2022-03-28 10:29:01,904] {dag.py:2398} INFO - Sync 1 DAGs
[2022-03-28 10:29:01,916] {logging_mixin.py:109} INFO - [2022-03-28 10:29:01,916] {dag.py:2937} INFO - Setting next_dagrun for example_branch_labels to 2022-03-27 00:00:00+00:00
[2022-03-28 10:29:01,924] {processor.py:171} INFO - Processing /home/vengat/big_data/python/venv/aflow_env/lib/python3.9/site-packages/airflow/example_dags/example_branch_labels.py took 0.063 seconds
[2022-03-28 10:29:36,753] {processor.py:163} INFO - Started process (PID=53657) to work on /home/vengat/big_data/python/venv/aflow_env/lib/python3.9/site-packages/airflow/example_dags/example_branch_labels.py
[2022-03-28 10:29:36,756] {processor.py:642} INFO - Processing file /home/vengat/big_data/python/venv/aflow_env/lib/python3.9/site-packages/airflow/example_dags/example_branch_labels.py for tasks to queue
[2022-03-28 10:29:36,756] {logging_mixin.py:109} INFO - [2022-03-28 10:29:36,756] {dagbag.py:500} INFO - Filling up the DagBag from /home/vengat/big_data/python/venv/aflow_env/lib/python3.9/site-packages/airflow/example_dags/example_branch_labels.py
[2022-03-28 10:29:36,779] {processor.py:654} INFO - DAG(s) dict_keys(['example_branch_labels']) retrieved from /home/vengat/big_data/python/venv/aflow_env/lib/python3.9/site-packages/airflow/example_dags/example_branch_labels.py
[2022-03-28 10:29:36,787] {logging_mixin.py:109} INFO - [2022-03-28 10:29:36,787] {dag.py:2398} INFO - Sync 1 DAGs
[2022-03-28 10:29:36,800] {logging_mixin.py:109} INFO - [2022-03-28 10:29:36,800] {dag.py:2937} INFO - Setting next_dagrun for example_branch_labels to 2022-03-27 00:00:00+00:00
[2022-03-28 10:29:36,812] {processor.py:171} INFO - Processing /home/vengat/big_data/python/venv/aflow_env/lib/python3.9/site-packages/airflow/example_dags/example_branch_labels.py took 0.062 seconds
[2022-03-28 10:30:10,596] {processor.py:163} INFO - Started process (PID=53692) to work on /home/vengat/big_data/python/venv/aflow_env/lib/python3.9/site-packages/airflow/example_dags/example_branch_labels.py
[2022-03-28 10:30:10,598] {processor.py:642} INFO - Processing file /home/vengat/big_data/python/venv/aflow_env/lib/python3.9/site-packages/airflow/example_dags/example_branch_labels.py for tasks to queue
[2022-03-28 10:30:10,599] {logging_mixin.py:109} INFO - [2022-03-28 10:30:10,599] {dagbag.py:500} INFO - Filling up the DagBag from /home/vengat/big_data/python/venv/aflow_env/lib/python3.9/site-packages/airflow/example_dags/example_branch_labels.py
[2022-03-28 10:30:10,624] {processor.py:654} INFO - DAG(s) dict_keys(['example_branch_labels']) retrieved from /home/vengat/big_data/python/venv/aflow_env/lib/python3.9/site-packages/airflow/example_dags/example_branch_labels.py
[2022-03-28 10:30:10,633] {logging_mixin.py:109} INFO - [2022-03-28 10:30:10,633] {dag.py:2398} INFO - Sync 1 DAGs
[2022-03-28 10:30:10,647] {logging_mixin.py:109} INFO - [2022-03-28 10:30:10,647] {dag.py:2937} INFO - Setting next_dagrun for example_branch_labels to 2022-03-27 00:00:00+00:00
[2022-03-28 10:30:10,655] {processor.py:171} INFO - Processing /home/vengat/big_data/python/venv/aflow_env/lib/python3.9/site-packages/airflow/example_dags/example_branch_labels.py took 0.066 seconds
[2022-03-28 10:30:44,284] {processor.py:163} INFO - Started process (PID=53725) to work on /home/vengat/big_data/python/venv/aflow_env/lib/python3.9/site-packages/airflow/example_dags/example_branch_labels.py
[2022-03-28 10:30:44,286] {processor.py:642} INFO - Processing file /home/vengat/big_data/python/venv/aflow_env/lib/python3.9/site-packages/airflow/example_dags/example_branch_labels.py for tasks to queue
[2022-03-28 10:30:44,287] {logging_mixin.py:109} INFO - [2022-03-28 10:30:44,286] {dagbag.py:500} INFO - Filling up the DagBag from /home/vengat/big_data/python/venv/aflow_env/lib/python3.9/site-packages/airflow/example_dags/example_branch_labels.py
[2022-03-28 10:30:44,310] {processor.py:654} INFO - DAG(s) dict_keys(['example_branch_labels']) retrieved from /home/vengat/big_data/python/venv/aflow_env/lib/python3.9/site-packages/airflow/example_dags/example_branch_labels.py
[2022-03-28 10:30:44,318] {logging_mixin.py:109} INFO - [2022-03-28 10:30:44,318] {dag.py:2398} INFO - Sync 1 DAGs
[2022-03-28 10:30:44,331] {logging_mixin.py:109} INFO - [2022-03-28 10:30:44,331] {dag.py:2937} INFO - Setting next_dagrun for example_branch_labels to 2022-03-27 00:00:00+00:00
[2022-03-28 10:30:44,340] {processor.py:171} INFO - Processing /home/vengat/big_data/python/venv/aflow_env/lib/python3.9/site-packages/airflow/example_dags/example_branch_labels.py took 0.061 seconds
[2022-03-28 10:31:21,772] {processor.py:163} INFO - Started process (PID=53760) to work on /home/vengat/big_data/python/venv/aflow_env/lib/python3.9/site-packages/airflow/example_dags/example_branch_labels.py
[2022-03-28 10:31:21,774] {processor.py:642} INFO - Processing file /home/vengat/big_data/python/venv/aflow_env/lib/python3.9/site-packages/airflow/example_dags/example_branch_labels.py for tasks to queue
[2022-03-28 10:31:21,775] {logging_mixin.py:109} INFO - [2022-03-28 10:31:21,775] {dagbag.py:500} INFO - Filling up the DagBag from /home/vengat/big_data/python/venv/aflow_env/lib/python3.9/site-packages/airflow/example_dags/example_branch_labels.py
[2022-03-28 10:31:21,798] {processor.py:654} INFO - DAG(s) dict_keys(['example_branch_labels']) retrieved from /home/vengat/big_data/python/venv/aflow_env/lib/python3.9/site-packages/airflow/example_dags/example_branch_labels.py
[2022-03-28 10:31:21,805] {logging_mixin.py:109} INFO - [2022-03-28 10:31:21,805] {dag.py:2398} INFO - Sync 1 DAGs
[2022-03-28 10:31:21,817] {logging_mixin.py:109} INFO - [2022-03-28 10:31:21,817] {dag.py:2937} INFO - Setting next_dagrun for example_branch_labels to 2022-03-27 00:00:00+00:00
[2022-03-28 10:31:21,825] {processor.py:171} INFO - Processing /home/vengat/big_data/python/venv/aflow_env/lib/python3.9/site-packages/airflow/example_dags/example_branch_labels.py took 0.058 seconds
[2022-03-28 10:31:55,575] {processor.py:163} INFO - Started process (PID=53797) to work on /home/vengat/big_data/python/venv/aflow_env/lib/python3.9/site-packages/airflow/example_dags/example_branch_labels.py
[2022-03-28 10:31:55,578] {processor.py:642} INFO - Processing file /home/vengat/big_data/python/venv/aflow_env/lib/python3.9/site-packages/airflow/example_dags/example_branch_labels.py for tasks to queue
[2022-03-28 10:31:55,579] {logging_mixin.py:109} INFO - [2022-03-28 10:31:55,579] {dagbag.py:500} INFO - Filling up the DagBag from /home/vengat/big_data/python/venv/aflow_env/lib/python3.9/site-packages/airflow/example_dags/example_branch_labels.py
[2022-03-28 10:31:55,606] {processor.py:654} INFO - DAG(s) dict_keys(['example_branch_labels']) retrieved from /home/vengat/big_data/python/venv/aflow_env/lib/python3.9/site-packages/airflow/example_dags/example_branch_labels.py
[2022-03-28 10:31:55,614] {logging_mixin.py:109} INFO - [2022-03-28 10:31:55,614] {dag.py:2398} INFO - Sync 1 DAGs
[2022-03-28 10:31:55,626] {logging_mixin.py:109} INFO - [2022-03-28 10:31:55,626] {dag.py:2937} INFO - Setting next_dagrun for example_branch_labels to 2022-03-27 00:00:00+00:00
[2022-03-28 10:31:55,635] {processor.py:171} INFO - Processing /home/vengat/big_data/python/venv/aflow_env/lib/python3.9/site-packages/airflow/example_dags/example_branch_labels.py took 0.067 seconds
[2022-03-28 10:32:31,467] {processor.py:163} INFO - Started process (PID=53833) to work on /home/vengat/big_data/python/venv/aflow_env/lib/python3.9/site-packages/airflow/example_dags/example_branch_labels.py
[2022-03-28 10:32:31,468] {processor.py:642} INFO - Processing file /home/vengat/big_data/python/venv/aflow_env/lib/python3.9/site-packages/airflow/example_dags/example_branch_labels.py for tasks to queue
[2022-03-28 10:32:31,469] {logging_mixin.py:109} INFO - [2022-03-28 10:32:31,469] {dagbag.py:500} INFO - Filling up the DagBag from /home/vengat/big_data/python/venv/aflow_env/lib/python3.9/site-packages/airflow/example_dags/example_branch_labels.py
[2022-03-28 10:32:31,495] {processor.py:654} INFO - DAG(s) dict_keys(['example_branch_labels']) retrieved from /home/vengat/big_data/python/venv/aflow_env/lib/python3.9/site-packages/airflow/example_dags/example_branch_labels.py
[2022-03-28 10:32:31,506] {logging_mixin.py:109} INFO - [2022-03-28 10:32:31,506] {dag.py:2398} INFO - Sync 1 DAGs
[2022-03-28 10:32:31,530] {logging_mixin.py:109} INFO - [2022-03-28 10:32:31,529] {dag.py:2937} INFO - Setting next_dagrun for example_branch_labels to 2022-03-27 00:00:00+00:00
[2022-03-28 10:32:31,539] {processor.py:171} INFO - Processing /home/vengat/big_data/python/venv/aflow_env/lib/python3.9/site-packages/airflow/example_dags/example_branch_labels.py took 0.076 seconds
[2022-03-28 10:33:06,175] {processor.py:163} INFO - Started process (PID=53867) to work on /home/vengat/big_data/python/venv/aflow_env/lib/python3.9/site-packages/airflow/example_dags/example_branch_labels.py
[2022-03-28 10:33:06,177] {processor.py:642} INFO - Processing file /home/vengat/big_data/python/venv/aflow_env/lib/python3.9/site-packages/airflow/example_dags/example_branch_labels.py for tasks to queue
[2022-03-28 10:33:06,177] {logging_mixin.py:109} INFO - [2022-03-28 10:33:06,177] {dagbag.py:500} INFO - Filling up the DagBag from /home/vengat/big_data/python/venv/aflow_env/lib/python3.9/site-packages/airflow/example_dags/example_branch_labels.py
[2022-03-28 10:33:06,205] {processor.py:654} INFO - DAG(s) dict_keys(['example_branch_labels']) retrieved from /home/vengat/big_data/python/venv/aflow_env/lib/python3.9/site-packages/airflow/example_dags/example_branch_labels.py
[2022-03-28 10:33:06,215] {logging_mixin.py:109} INFO - [2022-03-28 10:33:06,215] {dag.py:2398} INFO - Sync 1 DAGs
[2022-03-28 10:33:06,229] {logging_mixin.py:109} INFO - [2022-03-28 10:33:06,229] {dag.py:2937} INFO - Setting next_dagrun for example_branch_labels to 2022-03-27 00:00:00+00:00
[2022-03-28 10:33:06,237] {processor.py:171} INFO - Processing /home/vengat/big_data/python/venv/aflow_env/lib/python3.9/site-packages/airflow/example_dags/example_branch_labels.py took 0.067 seconds
[2022-03-28 10:33:41,487] {processor.py:163} INFO - Started process (PID=53907) to work on /home/vengat/big_data/python/venv/aflow_env/lib/python3.9/site-packages/airflow/example_dags/example_branch_labels.py
[2022-03-28 10:33:41,488] {processor.py:642} INFO - Processing file /home/vengat/big_data/python/venv/aflow_env/lib/python3.9/site-packages/airflow/example_dags/example_branch_labels.py for tasks to queue
[2022-03-28 10:33:41,489] {logging_mixin.py:109} INFO - [2022-03-28 10:33:41,488] {dagbag.py:500} INFO - Filling up the DagBag from /home/vengat/big_data/python/venv/aflow_env/lib/python3.9/site-packages/airflow/example_dags/example_branch_labels.py
[2022-03-28 10:33:41,516] {processor.py:654} INFO - DAG(s) dict_keys(['example_branch_labels']) retrieved from /home/vengat/big_data/python/venv/aflow_env/lib/python3.9/site-packages/airflow/example_dags/example_branch_labels.py
[2022-03-28 10:33:41,527] {logging_mixin.py:109} INFO - [2022-03-28 10:33:41,527] {dag.py:2398} INFO - Sync 1 DAGs
[2022-03-28 10:33:41,541] {logging_mixin.py:109} INFO - [2022-03-28 10:33:41,541] {dag.py:2937} INFO - Setting next_dagrun for example_branch_labels to 2022-03-27 00:00:00+00:00
[2022-03-28 10:33:41,550] {processor.py:171} INFO - Processing /home/vengat/big_data/python/venv/aflow_env/lib/python3.9/site-packages/airflow/example_dags/example_branch_labels.py took 0.067 seconds
[2022-03-28 10:34:15,575] {processor.py:163} INFO - Started process (PID=53940) to work on /home/vengat/big_data/python/venv/aflow_env/lib/python3.9/site-packages/airflow/example_dags/example_branch_labels.py
[2022-03-28 10:34:15,578] {processor.py:642} INFO - Processing file /home/vengat/big_data/python/venv/aflow_env/lib/python3.9/site-packages/airflow/example_dags/example_branch_labels.py for tasks to queue
[2022-03-28 10:34:15,579] {logging_mixin.py:109} INFO - [2022-03-28 10:34:15,579] {dagbag.py:500} INFO - Filling up the DagBag from /home/vengat/big_data/python/venv/aflow_env/lib/python3.9/site-packages/airflow/example_dags/example_branch_labels.py
[2022-03-28 10:34:15,606] {processor.py:654} INFO - DAG(s) dict_keys(['example_branch_labels']) retrieved from /home/vengat/big_data/python/venv/aflow_env/lib/python3.9/site-packages/airflow/example_dags/example_branch_labels.py
[2022-03-28 10:34:15,617] {logging_mixin.py:109} INFO - [2022-03-28 10:34:15,617] {dag.py:2398} INFO - Sync 1 DAGs
[2022-03-28 10:34:15,633] {logging_mixin.py:109} INFO - [2022-03-28 10:34:15,632] {dag.py:2937} INFO - Setting next_dagrun for example_branch_labels to 2022-03-27 00:00:00+00:00
[2022-03-28 10:34:15,643] {processor.py:171} INFO - Processing /home/vengat/big_data/python/venv/aflow_env/lib/python3.9/site-packages/airflow/example_dags/example_branch_labels.py took 0.072 seconds
[2022-03-28 10:34:50,335] {processor.py:163} INFO - Started process (PID=53973) to work on /home/vengat/big_data/python/venv/aflow_env/lib/python3.9/site-packages/airflow/example_dags/example_branch_labels.py
[2022-03-28 10:34:50,337] {processor.py:642} INFO - Processing file /home/vengat/big_data/python/venv/aflow_env/lib/python3.9/site-packages/airflow/example_dags/example_branch_labels.py for tasks to queue
[2022-03-28 10:34:50,338] {logging_mixin.py:109} INFO - [2022-03-28 10:34:50,338] {dagbag.py:500} INFO - Filling up the DagBag from /home/vengat/big_data/python/venv/aflow_env/lib/python3.9/site-packages/airflow/example_dags/example_branch_labels.py
[2022-03-28 10:34:50,375] {processor.py:654} INFO - DAG(s) dict_keys(['example_branch_labels']) retrieved from /home/vengat/big_data/python/venv/aflow_env/lib/python3.9/site-packages/airflow/example_dags/example_branch_labels.py
[2022-03-28 10:34:50,393] {logging_mixin.py:109} INFO - [2022-03-28 10:34:50,392] {dag.py:2398} INFO - Sync 1 DAGs
[2022-03-28 10:34:50,409] {logging_mixin.py:109} INFO - [2022-03-28 10:34:50,408] {dag.py:2937} INFO - Setting next_dagrun for example_branch_labels to 2022-03-27 00:00:00+00:00
[2022-03-28 10:34:50,419] {processor.py:171} INFO - Processing /home/vengat/big_data/python/venv/aflow_env/lib/python3.9/site-packages/airflow/example_dags/example_branch_labels.py took 0.090 seconds
[2022-03-28 10:35:27,259] {processor.py:163} INFO - Started process (PID=54006) to work on /home/vengat/big_data/python/venv/aflow_env/lib/python3.9/site-packages/airflow/example_dags/example_branch_labels.py
[2022-03-28 10:35:27,260] {processor.py:642} INFO - Processing file /home/vengat/big_data/python/venv/aflow_env/lib/python3.9/site-packages/airflow/example_dags/example_branch_labels.py for tasks to queue
[2022-03-28 10:35:27,261] {logging_mixin.py:109} INFO - [2022-03-28 10:35:27,261] {dagbag.py:500} INFO - Filling up the DagBag from /home/vengat/big_data/python/venv/aflow_env/lib/python3.9/site-packages/airflow/example_dags/example_branch_labels.py
[2022-03-28 10:35:27,307] {processor.py:654} INFO - DAG(s) dict_keys(['example_branch_labels']) retrieved from /home/vengat/big_data/python/venv/aflow_env/lib/python3.9/site-packages/airflow/example_dags/example_branch_labels.py
[2022-03-28 10:35:27,334] {logging_mixin.py:109} INFO - [2022-03-28 10:35:27,333] {dag.py:2398} INFO - Sync 1 DAGs
[2022-03-28 10:35:27,348] {logging_mixin.py:109} INFO - [2022-03-28 10:35:27,348] {dag.py:2937} INFO - Setting next_dagrun for example_branch_labels to 2022-03-27 00:00:00+00:00
[2022-03-28 10:35:27,356] {processor.py:171} INFO - Processing /home/vengat/big_data/python/venv/aflow_env/lib/python3.9/site-packages/airflow/example_dags/example_branch_labels.py took 0.101 seconds
[2022-03-28 10:36:03,117] {processor.py:163} INFO - Started process (PID=54039) to work on /home/vengat/big_data/python/venv/aflow_env/lib/python3.9/site-packages/airflow/example_dags/example_branch_labels.py
[2022-03-28 10:36:03,119] {processor.py:642} INFO - Processing file /home/vengat/big_data/python/venv/aflow_env/lib/python3.9/site-packages/airflow/example_dags/example_branch_labels.py for tasks to queue
[2022-03-28 10:36:03,119] {logging_mixin.py:109} INFO - [2022-03-28 10:36:03,119] {dagbag.py:500} INFO - Filling up the DagBag from /home/vengat/big_data/python/venv/aflow_env/lib/python3.9/site-packages/airflow/example_dags/example_branch_labels.py
[2022-03-28 10:36:03,146] {processor.py:654} INFO - DAG(s) dict_keys(['example_branch_labels']) retrieved from /home/vengat/big_data/python/venv/aflow_env/lib/python3.9/site-packages/airflow/example_dags/example_branch_labels.py
[2022-03-28 10:36:03,155] {logging_mixin.py:109} INFO - [2022-03-28 10:36:03,155] {dag.py:2398} INFO - Sync 1 DAGs
[2022-03-28 10:36:03,170] {logging_mixin.py:109} INFO - [2022-03-28 10:36:03,170] {dag.py:2937} INFO - Setting next_dagrun for example_branch_labels to 2022-03-27 00:00:00+00:00
[2022-03-28 10:36:03,179] {processor.py:171} INFO - Processing /home/vengat/big_data/python/venv/aflow_env/lib/python3.9/site-packages/airflow/example_dags/example_branch_labels.py took 0.065 seconds
[2022-03-28 10:36:37,105] {processor.py:163} INFO - Started process (PID=54072) to work on /home/vengat/big_data/python/venv/aflow_env/lib/python3.9/site-packages/airflow/example_dags/example_branch_labels.py
[2022-03-28 10:36:37,107] {processor.py:642} INFO - Processing file /home/vengat/big_data/python/venv/aflow_env/lib/python3.9/site-packages/airflow/example_dags/example_branch_labels.py for tasks to queue
[2022-03-28 10:36:37,107] {logging_mixin.py:109} INFO - [2022-03-28 10:36:37,107] {dagbag.py:500} INFO - Filling up the DagBag from /home/vengat/big_data/python/venv/aflow_env/lib/python3.9/site-packages/airflow/example_dags/example_branch_labels.py
[2022-03-28 10:36:37,143] {processor.py:654} INFO - DAG(s) dict_keys(['example_branch_labels']) retrieved from /home/vengat/big_data/python/venv/aflow_env/lib/python3.9/site-packages/airflow/example_dags/example_branch_labels.py
[2022-03-28 10:36:37,156] {logging_mixin.py:109} INFO - [2022-03-28 10:36:37,156] {dag.py:2398} INFO - Sync 1 DAGs
[2022-03-28 10:36:37,174] {logging_mixin.py:109} INFO - [2022-03-28 10:36:37,174] {dag.py:2937} INFO - Setting next_dagrun for example_branch_labels to 2022-03-27 00:00:00+00:00
[2022-03-28 10:36:37,185] {processor.py:171} INFO - Processing /home/vengat/big_data/python/venv/aflow_env/lib/python3.9/site-packages/airflow/example_dags/example_branch_labels.py took 0.085 seconds
[2022-03-28 10:37:14,862] {processor.py:163} INFO - Started process (PID=54107) to work on /home/vengat/big_data/python/venv/aflow_env/lib/python3.9/site-packages/airflow/example_dags/example_branch_labels.py
[2022-03-28 10:37:14,870] {processor.py:642} INFO - Processing file /home/vengat/big_data/python/venv/aflow_env/lib/python3.9/site-packages/airflow/example_dags/example_branch_labels.py for tasks to queue
[2022-03-28 10:37:14,874] {logging_mixin.py:109} INFO - [2022-03-28 10:37:14,872] {dagbag.py:500} INFO - Filling up the DagBag from /home/vengat/big_data/python/venv/aflow_env/lib/python3.9/site-packages/airflow/example_dags/example_branch_labels.py
[2022-03-28 10:37:14,937] {processor.py:654} INFO - DAG(s) dict_keys(['example_branch_labels']) retrieved from /home/vengat/big_data/python/venv/aflow_env/lib/python3.9/site-packages/airflow/example_dags/example_branch_labels.py
[2022-03-28 10:37:14,959] {logging_mixin.py:109} INFO - [2022-03-28 10:37:14,958] {dag.py:2398} INFO - Sync 1 DAGs
[2022-03-28 10:37:14,973] {logging_mixin.py:109} INFO - [2022-03-28 10:37:14,973] {dag.py:2937} INFO - Setting next_dagrun for example_branch_labels to 2022-03-27 00:00:00+00:00
[2022-03-28 10:37:14,981] {processor.py:171} INFO - Processing /home/vengat/big_data/python/venv/aflow_env/lib/python3.9/site-packages/airflow/example_dags/example_branch_labels.py took 0.134 seconds
[2022-03-28 10:37:48,134] {processor.py:163} INFO - Started process (PID=54155) to work on /home/vengat/big_data/python/venv/aflow_env/lib/python3.9/site-packages/airflow/example_dags/example_branch_labels.py
[2022-03-28 10:37:48,135] {processor.py:642} INFO - Processing file /home/vengat/big_data/python/venv/aflow_env/lib/python3.9/site-packages/airflow/example_dags/example_branch_labels.py for tasks to queue
[2022-03-28 10:37:48,137] {logging_mixin.py:109} INFO - [2022-03-28 10:37:48,137] {dagbag.py:500} INFO - Filling up the DagBag from /home/vengat/big_data/python/venv/aflow_env/lib/python3.9/site-packages/airflow/example_dags/example_branch_labels.py
[2022-03-28 10:37:48,166] {processor.py:654} INFO - DAG(s) dict_keys(['example_branch_labels']) retrieved from /home/vengat/big_data/python/venv/aflow_env/lib/python3.9/site-packages/airflow/example_dags/example_branch_labels.py
[2022-03-28 10:37:48,175] {logging_mixin.py:109} INFO - [2022-03-28 10:37:48,175] {dag.py:2398} INFO - Sync 1 DAGs
[2022-03-28 10:37:48,191] {logging_mixin.py:109} INFO - [2022-03-28 10:37:48,191] {dag.py:2937} INFO - Setting next_dagrun for example_branch_labels to 2022-03-27 00:00:00+00:00
[2022-03-28 10:37:48,201] {processor.py:171} INFO - Processing /home/vengat/big_data/python/venv/aflow_env/lib/python3.9/site-packages/airflow/example_dags/example_branch_labels.py took 0.070 seconds
[2022-03-28 10:38:21,607] {processor.py:163} INFO - Started process (PID=54189) to work on /home/vengat/big_data/python/venv/aflow_env/lib/python3.9/site-packages/airflow/example_dags/example_branch_labels.py
[2022-03-28 10:38:21,608] {processor.py:642} INFO - Processing file /home/vengat/big_data/python/venv/aflow_env/lib/python3.9/site-packages/airflow/example_dags/example_branch_labels.py for tasks to queue
[2022-03-28 10:38:21,609] {logging_mixin.py:109} INFO - [2022-03-28 10:38:21,609] {dagbag.py:500} INFO - Filling up the DagBag from /home/vengat/big_data/python/venv/aflow_env/lib/python3.9/site-packages/airflow/example_dags/example_branch_labels.py
[2022-03-28 10:38:21,631] {processor.py:654} INFO - DAG(s) dict_keys(['example_branch_labels']) retrieved from /home/vengat/big_data/python/venv/aflow_env/lib/python3.9/site-packages/airflow/example_dags/example_branch_labels.py
[2022-03-28 10:38:21,640] {logging_mixin.py:109} INFO - [2022-03-28 10:38:21,640] {dag.py:2398} INFO - Sync 1 DAGs
[2022-03-28 10:38:21,663] {logging_mixin.py:109} INFO - [2022-03-28 10:38:21,663] {dag.py:2937} INFO - Setting next_dagrun for example_branch_labels to 2022-03-27 00:00:00+00:00
[2022-03-28 10:38:21,672] {processor.py:171} INFO - Processing /home/vengat/big_data/python/venv/aflow_env/lib/python3.9/site-packages/airflow/example_dags/example_branch_labels.py took 0.070 seconds
[2022-03-28 10:38:55,006] {processor.py:163} INFO - Started process (PID=54262) to work on /home/vengat/big_data/python/venv/aflow_env/lib/python3.9/site-packages/airflow/example_dags/example_branch_labels.py
[2022-03-28 10:38:55,008] {processor.py:642} INFO - Processing file /home/vengat/big_data/python/venv/aflow_env/lib/python3.9/site-packages/airflow/example_dags/example_branch_labels.py for tasks to queue
[2022-03-28 10:38:55,009] {logging_mixin.py:109} INFO - [2022-03-28 10:38:55,008] {dagbag.py:500} INFO - Filling up the DagBag from /home/vengat/big_data/python/venv/aflow_env/lib/python3.9/site-packages/airflow/example_dags/example_branch_labels.py
[2022-03-28 10:38:55,049] {processor.py:654} INFO - DAG(s) dict_keys(['example_branch_labels']) retrieved from /home/vengat/big_data/python/venv/aflow_env/lib/python3.9/site-packages/airflow/example_dags/example_branch_labels.py
[2022-03-28 10:38:55,066] {logging_mixin.py:109} INFO - [2022-03-28 10:38:55,066] {dag.py:2398} INFO - Sync 1 DAGs
[2022-03-28 10:38:55,082] {logging_mixin.py:109} INFO - [2022-03-28 10:38:55,081] {dag.py:2937} INFO - Setting next_dagrun for example_branch_labels to 2022-03-27 00:00:00+00:00
[2022-03-28 10:38:55,092] {processor.py:171} INFO - Processing /home/vengat/big_data/python/venv/aflow_env/lib/python3.9/site-packages/airflow/example_dags/example_branch_labels.py took 0.092 seconds
[2022-03-28 10:39:31,325] {processor.py:163} INFO - Started process (PID=54323) to work on /home/vengat/big_data/python/venv/aflow_env/lib/python3.9/site-packages/airflow/example_dags/example_branch_labels.py
[2022-03-28 10:39:31,339] {processor.py:642} INFO - Processing file /home/vengat/big_data/python/venv/aflow_env/lib/python3.9/site-packages/airflow/example_dags/example_branch_labels.py for tasks to queue
[2022-03-28 10:39:31,339] {logging_mixin.py:109} INFO - [2022-03-28 10:39:31,339] {dagbag.py:500} INFO - Filling up the DagBag from /home/vengat/big_data/python/venv/aflow_env/lib/python3.9/site-packages/airflow/example_dags/example_branch_labels.py
[2022-03-28 10:39:31,372] {processor.py:654} INFO - DAG(s) dict_keys(['example_branch_labels']) retrieved from /home/vengat/big_data/python/venv/aflow_env/lib/python3.9/site-packages/airflow/example_dags/example_branch_labels.py
[2022-03-28 10:39:31,383] {logging_mixin.py:109} INFO - [2022-03-28 10:39:31,383] {dag.py:2398} INFO - Sync 1 DAGs
[2022-03-28 10:39:31,398] {logging_mixin.py:109} INFO - [2022-03-28 10:39:31,398] {dag.py:2937} INFO - Setting next_dagrun for example_branch_labels to 2022-03-27 00:00:00+00:00
[2022-03-28 10:39:31,407] {processor.py:171} INFO - Processing /home/vengat/big_data/python/venv/aflow_env/lib/python3.9/site-packages/airflow/example_dags/example_branch_labels.py took 0.087 seconds
[2022-03-28 10:40:06,674] {processor.py:163} INFO - Started process (PID=54370) to work on /home/vengat/big_data/python/venv/aflow_env/lib/python3.9/site-packages/airflow/example_dags/example_branch_labels.py
[2022-03-28 10:40:06,675] {processor.py:642} INFO - Processing file /home/vengat/big_data/python/venv/aflow_env/lib/python3.9/site-packages/airflow/example_dags/example_branch_labels.py for tasks to queue
[2022-03-28 10:40:06,676] {logging_mixin.py:109} INFO - [2022-03-28 10:40:06,676] {dagbag.py:500} INFO - Filling up the DagBag from /home/vengat/big_data/python/venv/aflow_env/lib/python3.9/site-packages/airflow/example_dags/example_branch_labels.py
[2022-03-28 10:40:06,703] {processor.py:654} INFO - DAG(s) dict_keys(['example_branch_labels']) retrieved from /home/vengat/big_data/python/venv/aflow_env/lib/python3.9/site-packages/airflow/example_dags/example_branch_labels.py
[2022-03-28 10:40:06,727] {logging_mixin.py:109} INFO - [2022-03-28 10:40:06,727] {dag.py:2398} INFO - Sync 1 DAGs
[2022-03-28 10:40:06,764] {logging_mixin.py:109} INFO - [2022-03-28 10:40:06,763] {dag.py:2937} INFO - Setting next_dagrun for example_branch_labels to 2022-03-27 00:00:00+00:00
[2022-03-28 10:40:06,773] {processor.py:171} INFO - Processing /home/vengat/big_data/python/venv/aflow_env/lib/python3.9/site-packages/airflow/example_dags/example_branch_labels.py took 0.103 seconds
[2022-03-28 10:40:40,533] {processor.py:163} INFO - Started process (PID=54425) to work on /home/vengat/big_data/python/venv/aflow_env/lib/python3.9/site-packages/airflow/example_dags/example_branch_labels.py
[2022-03-28 10:40:40,535] {processor.py:642} INFO - Processing file /home/vengat/big_data/python/venv/aflow_env/lib/python3.9/site-packages/airflow/example_dags/example_branch_labels.py for tasks to queue
[2022-03-28 10:40:40,536] {logging_mixin.py:109} INFO - [2022-03-28 10:40:40,536] {dagbag.py:500} INFO - Filling up the DagBag from /home/vengat/big_data/python/venv/aflow_env/lib/python3.9/site-packages/airflow/example_dags/example_branch_labels.py
[2022-03-28 10:40:40,571] {processor.py:654} INFO - DAG(s) dict_keys(['example_branch_labels']) retrieved from /home/vengat/big_data/python/venv/aflow_env/lib/python3.9/site-packages/airflow/example_dags/example_branch_labels.py
[2022-03-28 10:40:40,585] {logging_mixin.py:109} INFO - [2022-03-28 10:40:40,584] {dag.py:2398} INFO - Sync 1 DAGs
[2022-03-28 10:40:40,612] {logging_mixin.py:109} INFO - [2022-03-28 10:40:40,611] {dag.py:2937} INFO - Setting next_dagrun for example_branch_labels to 2022-03-27 00:00:00+00:00
[2022-03-28 10:40:40,624] {processor.py:171} INFO - Processing /home/vengat/big_data/python/venv/aflow_env/lib/python3.9/site-packages/airflow/example_dags/example_branch_labels.py took 0.110 seconds
[2022-03-28 10:41:15,434] {processor.py:163} INFO - Started process (PID=54517) to work on /home/vengat/big_data/python/venv/aflow_env/lib/python3.9/site-packages/airflow/example_dags/example_branch_labels.py
[2022-03-28 10:41:15,436] {processor.py:642} INFO - Processing file /home/vengat/big_data/python/venv/aflow_env/lib/python3.9/site-packages/airflow/example_dags/example_branch_labels.py for tasks to queue
[2022-03-28 10:41:15,437] {logging_mixin.py:109} INFO - [2022-03-28 10:41:15,437] {dagbag.py:500} INFO - Filling up the DagBag from /home/vengat/big_data/python/venv/aflow_env/lib/python3.9/site-packages/airflow/example_dags/example_branch_labels.py
[2022-03-28 10:41:15,459] {processor.py:654} INFO - DAG(s) dict_keys(['example_branch_labels']) retrieved from /home/vengat/big_data/python/venv/aflow_env/lib/python3.9/site-packages/airflow/example_dags/example_branch_labels.py
[2022-03-28 10:41:15,467] {logging_mixin.py:109} INFO - [2022-03-28 10:41:15,467] {dag.py:2398} INFO - Sync 1 DAGs
[2022-03-28 10:41:15,480] {logging_mixin.py:109} INFO - [2022-03-28 10:41:15,480] {dag.py:2937} INFO - Setting next_dagrun for example_branch_labels to 2022-03-27 00:00:00+00:00
[2022-03-28 10:41:15,488] {processor.py:171} INFO - Processing /home/vengat/big_data/python/venv/aflow_env/lib/python3.9/site-packages/airflow/example_dags/example_branch_labels.py took 0.057 seconds
[2022-03-28 10:41:48,630] {processor.py:163} INFO - Started process (PID=54549) to work on /home/vengat/big_data/python/venv/aflow_env/lib/python3.9/site-packages/airflow/example_dags/example_branch_labels.py
[2022-03-28 10:41:48,631] {processor.py:642} INFO - Processing file /home/vengat/big_data/python/venv/aflow_env/lib/python3.9/site-packages/airflow/example_dags/example_branch_labels.py for tasks to queue
[2022-03-28 10:41:48,632] {logging_mixin.py:109} INFO - [2022-03-28 10:41:48,632] {dagbag.py:500} INFO - Filling up the DagBag from /home/vengat/big_data/python/venv/aflow_env/lib/python3.9/site-packages/airflow/example_dags/example_branch_labels.py
[2022-03-28 10:41:48,654] {processor.py:654} INFO - DAG(s) dict_keys(['example_branch_labels']) retrieved from /home/vengat/big_data/python/venv/aflow_env/lib/python3.9/site-packages/airflow/example_dags/example_branch_labels.py
[2022-03-28 10:41:48,663] {logging_mixin.py:109} INFO - [2022-03-28 10:41:48,662] {dag.py:2398} INFO - Sync 1 DAGs
[2022-03-28 10:41:48,674] {logging_mixin.py:109} INFO - [2022-03-28 10:41:48,674] {dag.py:2937} INFO - Setting next_dagrun for example_branch_labels to 2022-03-27 00:00:00+00:00
[2022-03-28 10:41:48,682] {processor.py:171} INFO - Processing /home/vengat/big_data/python/venv/aflow_env/lib/python3.9/site-packages/airflow/example_dags/example_branch_labels.py took 0.055 seconds
[2022-03-28 10:42:22,443] {processor.py:163} INFO - Started process (PID=54585) to work on /home/vengat/big_data/python/venv/aflow_env/lib/python3.9/site-packages/airflow/example_dags/example_branch_labels.py
[2022-03-28 10:42:22,445] {processor.py:642} INFO - Processing file /home/vengat/big_data/python/venv/aflow_env/lib/python3.9/site-packages/airflow/example_dags/example_branch_labels.py for tasks to queue
[2022-03-28 10:42:22,446] {logging_mixin.py:109} INFO - [2022-03-28 10:42:22,446] {dagbag.py:500} INFO - Filling up the DagBag from /home/vengat/big_data/python/venv/aflow_env/lib/python3.9/site-packages/airflow/example_dags/example_branch_labels.py
[2022-03-28 10:42:22,471] {processor.py:654} INFO - DAG(s) dict_keys(['example_branch_labels']) retrieved from /home/vengat/big_data/python/venv/aflow_env/lib/python3.9/site-packages/airflow/example_dags/example_branch_labels.py
[2022-03-28 10:42:22,482] {logging_mixin.py:109} INFO - [2022-03-28 10:42:22,482] {dag.py:2398} INFO - Sync 1 DAGs
[2022-03-28 10:42:22,496] {logging_mixin.py:109} INFO - [2022-03-28 10:42:22,495] {dag.py:2937} INFO - Setting next_dagrun for example_branch_labels to 2022-03-27 00:00:00+00:00
[2022-03-28 10:42:22,505] {processor.py:171} INFO - Processing /home/vengat/big_data/python/venv/aflow_env/lib/python3.9/site-packages/airflow/example_dags/example_branch_labels.py took 0.065 seconds
[2022-03-28 10:42:55,678] {processor.py:163} INFO - Started process (PID=54635) to work on /home/vengat/big_data/python/venv/aflow_env/lib/python3.9/site-packages/airflow/example_dags/example_branch_labels.py
[2022-03-28 10:42:55,680] {processor.py:642} INFO - Processing file /home/vengat/big_data/python/venv/aflow_env/lib/python3.9/site-packages/airflow/example_dags/example_branch_labels.py for tasks to queue
[2022-03-28 10:42:55,681] {logging_mixin.py:109} INFO - [2022-03-28 10:42:55,681] {dagbag.py:500} INFO - Filling up the DagBag from /home/vengat/big_data/python/venv/aflow_env/lib/python3.9/site-packages/airflow/example_dags/example_branch_labels.py
[2022-03-28 10:42:55,709] {processor.py:654} INFO - DAG(s) dict_keys(['example_branch_labels']) retrieved from /home/vengat/big_data/python/venv/aflow_env/lib/python3.9/site-packages/airflow/example_dags/example_branch_labels.py
[2022-03-28 10:42:55,717] {logging_mixin.py:109} INFO - [2022-03-28 10:42:55,717] {dag.py:2398} INFO - Sync 1 DAGs
[2022-03-28 10:42:55,729] {logging_mixin.py:109} INFO - [2022-03-28 10:42:55,729] {dag.py:2937} INFO - Setting next_dagrun for example_branch_labels to 2022-03-27 00:00:00+00:00
[2022-03-28 10:42:55,738] {processor.py:171} INFO - Processing /home/vengat/big_data/python/venv/aflow_env/lib/python3.9/site-packages/airflow/example_dags/example_branch_labels.py took 0.066 seconds
[2022-03-28 10:43:29,462] {processor.py:163} INFO - Started process (PID=54681) to work on /home/vengat/big_data/python/venv/aflow_env/lib/python3.9/site-packages/airflow/example_dags/example_branch_labels.py
[2022-03-28 10:43:29,464] {processor.py:642} INFO - Processing file /home/vengat/big_data/python/venv/aflow_env/lib/python3.9/site-packages/airflow/example_dags/example_branch_labels.py for tasks to queue
[2022-03-28 10:43:29,465] {logging_mixin.py:109} INFO - [2022-03-28 10:43:29,465] {dagbag.py:500} INFO - Filling up the DagBag from /home/vengat/big_data/python/venv/aflow_env/lib/python3.9/site-packages/airflow/example_dags/example_branch_labels.py
[2022-03-28 10:43:29,498] {processor.py:654} INFO - DAG(s) dict_keys(['example_branch_labels']) retrieved from /home/vengat/big_data/python/venv/aflow_env/lib/python3.9/site-packages/airflow/example_dags/example_branch_labels.py
[2022-03-28 10:43:29,508] {logging_mixin.py:109} INFO - [2022-03-28 10:43:29,508] {dag.py:2398} INFO - Sync 1 DAGs
[2022-03-28 10:43:29,523] {logging_mixin.py:109} INFO - [2022-03-28 10:43:29,522] {dag.py:2937} INFO - Setting next_dagrun for example_branch_labels to 2022-03-27 00:00:00+00:00
[2022-03-28 10:43:29,531] {processor.py:171} INFO - Processing /home/vengat/big_data/python/venv/aflow_env/lib/python3.9/site-packages/airflow/example_dags/example_branch_labels.py took 0.072 seconds
[2022-03-28 10:44:04,637] {processor.py:163} INFO - Started process (PID=54735) to work on /home/vengat/big_data/python/venv/aflow_env/lib/python3.9/site-packages/airflow/example_dags/example_branch_labels.py
[2022-03-28 10:44:04,639] {processor.py:642} INFO - Processing file /home/vengat/big_data/python/venv/aflow_env/lib/python3.9/site-packages/airflow/example_dags/example_branch_labels.py for tasks to queue
[2022-03-28 10:44:04,640] {logging_mixin.py:109} INFO - [2022-03-28 10:44:04,640] {dagbag.py:500} INFO - Filling up the DagBag from /home/vengat/big_data/python/venv/aflow_env/lib/python3.9/site-packages/airflow/example_dags/example_branch_labels.py
[2022-03-28 10:44:04,665] {processor.py:654} INFO - DAG(s) dict_keys(['example_branch_labels']) retrieved from /home/vengat/big_data/python/venv/aflow_env/lib/python3.9/site-packages/airflow/example_dags/example_branch_labels.py
[2022-03-28 10:44:04,673] {logging_mixin.py:109} INFO - [2022-03-28 10:44:04,673] {dag.py:2398} INFO - Sync 1 DAGs
[2022-03-28 10:44:04,685] {logging_mixin.py:109} INFO - [2022-03-28 10:44:04,685] {dag.py:2937} INFO - Setting next_dagrun for example_branch_labels to 2022-03-27 00:00:00+00:00
[2022-03-28 10:44:04,694] {processor.py:171} INFO - Processing /home/vengat/big_data/python/venv/aflow_env/lib/python3.9/site-packages/airflow/example_dags/example_branch_labels.py took 0.065 seconds
[2022-03-28 10:44:38,690] {processor.py:163} INFO - Started process (PID=54784) to work on /home/vengat/big_data/python/venv/aflow_env/lib/python3.9/site-packages/airflow/example_dags/example_branch_labels.py
[2022-03-28 10:44:38,692] {processor.py:642} INFO - Processing file /home/vengat/big_data/python/venv/aflow_env/lib/python3.9/site-packages/airflow/example_dags/example_branch_labels.py for tasks to queue
[2022-03-28 10:44:38,693] {logging_mixin.py:109} INFO - [2022-03-28 10:44:38,692] {dagbag.py:500} INFO - Filling up the DagBag from /home/vengat/big_data/python/venv/aflow_env/lib/python3.9/site-packages/airflow/example_dags/example_branch_labels.py
[2022-03-28 10:44:38,718] {processor.py:654} INFO - DAG(s) dict_keys(['example_branch_labels']) retrieved from /home/vengat/big_data/python/venv/aflow_env/lib/python3.9/site-packages/airflow/example_dags/example_branch_labels.py
[2022-03-28 10:44:38,727] {logging_mixin.py:109} INFO - [2022-03-28 10:44:38,727] {dag.py:2398} INFO - Sync 1 DAGs
[2022-03-28 10:44:38,740] {logging_mixin.py:109} INFO - [2022-03-28 10:44:38,740] {dag.py:2937} INFO - Setting next_dagrun for example_branch_labels to 2022-03-27 00:00:00+00:00
[2022-03-28 10:44:38,748] {processor.py:171} INFO - Processing /home/vengat/big_data/python/venv/aflow_env/lib/python3.9/site-packages/airflow/example_dags/example_branch_labels.py took 0.069 seconds
[2022-03-28 10:45:12,334] {processor.py:163} INFO - Started process (PID=54816) to work on /home/vengat/big_data/python/venv/aflow_env/lib/python3.9/site-packages/airflow/example_dags/example_branch_labels.py
[2022-03-28 10:45:12,337] {processor.py:642} INFO - Processing file /home/vengat/big_data/python/venv/aflow_env/lib/python3.9/site-packages/airflow/example_dags/example_branch_labels.py for tasks to queue
[2022-03-28 10:45:12,338] {logging_mixin.py:109} INFO - [2022-03-28 10:45:12,337] {dagbag.py:500} INFO - Filling up the DagBag from /home/vengat/big_data/python/venv/aflow_env/lib/python3.9/site-packages/airflow/example_dags/example_branch_labels.py
[2022-03-28 10:45:12,364] {processor.py:654} INFO - DAG(s) dict_keys(['example_branch_labels']) retrieved from /home/vengat/big_data/python/venv/aflow_env/lib/python3.9/site-packages/airflow/example_dags/example_branch_labels.py
[2022-03-28 10:45:12,373] {logging_mixin.py:109} INFO - [2022-03-28 10:45:12,373] {dag.py:2398} INFO - Sync 1 DAGs
[2022-03-28 10:45:12,388] {logging_mixin.py:109} INFO - [2022-03-28 10:45:12,388] {dag.py:2937} INFO - Setting next_dagrun for example_branch_labels to 2022-03-27 00:00:00+00:00
[2022-03-28 10:45:12,397] {processor.py:171} INFO - Processing /home/vengat/big_data/python/venv/aflow_env/lib/python3.9/site-packages/airflow/example_dags/example_branch_labels.py took 0.070 seconds
[2022-03-28 10:45:48,981] {processor.py:163} INFO - Started process (PID=54887) to work on /home/vengat/big_data/python/venv/aflow_env/lib/python3.9/site-packages/airflow/example_dags/example_branch_labels.py
[2022-03-28 10:45:48,984] {processor.py:642} INFO - Processing file /home/vengat/big_data/python/venv/aflow_env/lib/python3.9/site-packages/airflow/example_dags/example_branch_labels.py for tasks to queue
[2022-03-28 10:45:48,985] {logging_mixin.py:109} INFO - [2022-03-28 10:45:48,985] {dagbag.py:500} INFO - Filling up the DagBag from /home/vengat/big_data/python/venv/aflow_env/lib/python3.9/site-packages/airflow/example_dags/example_branch_labels.py
[2022-03-28 10:45:49,014] {processor.py:654} INFO - DAG(s) dict_keys(['example_branch_labels']) retrieved from /home/vengat/big_data/python/venv/aflow_env/lib/python3.9/site-packages/airflow/example_dags/example_branch_labels.py
[2022-03-28 10:45:49,021] {logging_mixin.py:109} INFO - [2022-03-28 10:45:49,021] {dag.py:2398} INFO - Sync 1 DAGs
[2022-03-28 10:45:49,036] {logging_mixin.py:109} INFO - [2022-03-28 10:45:49,035] {dag.py:2937} INFO - Setting next_dagrun for example_branch_labels to 2022-03-27 00:00:00+00:00
[2022-03-28 10:45:49,044] {processor.py:171} INFO - Processing /home/vengat/big_data/python/venv/aflow_env/lib/python3.9/site-packages/airflow/example_dags/example_branch_labels.py took 0.069 seconds
[2022-03-28 10:46:24,237] {processor.py:163} INFO - Started process (PID=54934) to work on /home/vengat/big_data/python/venv/aflow_env/lib/python3.9/site-packages/airflow/example_dags/example_branch_labels.py
[2022-03-28 10:46:24,240] {processor.py:642} INFO - Processing file /home/vengat/big_data/python/venv/aflow_env/lib/python3.9/site-packages/airflow/example_dags/example_branch_labels.py for tasks to queue
[2022-03-28 10:46:24,241] {logging_mixin.py:109} INFO - [2022-03-28 10:46:24,240] {dagbag.py:500} INFO - Filling up the DagBag from /home/vengat/big_data/python/venv/aflow_env/lib/python3.9/site-packages/airflow/example_dags/example_branch_labels.py
[2022-03-28 10:46:24,267] {processor.py:654} INFO - DAG(s) dict_keys(['example_branch_labels']) retrieved from /home/vengat/big_data/python/venv/aflow_env/lib/python3.9/site-packages/airflow/example_dags/example_branch_labels.py
[2022-03-28 10:46:24,280] {logging_mixin.py:109} INFO - [2022-03-28 10:46:24,280] {dag.py:2398} INFO - Sync 1 DAGs
[2022-03-28 10:46:24,295] {logging_mixin.py:109} INFO - [2022-03-28 10:46:24,295] {dag.py:2937} INFO - Setting next_dagrun for example_branch_labels to 2022-03-27 00:00:00+00:00
[2022-03-28 10:46:24,309] {processor.py:171} INFO - Processing /home/vengat/big_data/python/venv/aflow_env/lib/python3.9/site-packages/airflow/example_dags/example_branch_labels.py took 0.075 seconds
[2022-03-28 10:47:22,027] {processor.py:163} INFO - Started process (PID=54985) to work on /home/vengat/big_data/python/venv/aflow_env/lib/python3.9/site-packages/airflow/example_dags/example_branch_labels.py
[2022-03-28 10:47:22,029] {processor.py:642} INFO - Processing file /home/vengat/big_data/python/venv/aflow_env/lib/python3.9/site-packages/airflow/example_dags/example_branch_labels.py for tasks to queue
[2022-03-28 10:47:22,030] {logging_mixin.py:109} INFO - [2022-03-28 10:47:22,030] {dagbag.py:500} INFO - Filling up the DagBag from /home/vengat/big_data/python/venv/aflow_env/lib/python3.9/site-packages/airflow/example_dags/example_branch_labels.py
[2022-03-28 10:47:22,088] {processor.py:654} INFO - DAG(s) dict_keys(['example_branch_labels']) retrieved from /home/vengat/big_data/python/venv/aflow_env/lib/python3.9/site-packages/airflow/example_dags/example_branch_labels.py
[2022-03-28 10:47:22,113] {logging_mixin.py:109} INFO - [2022-03-28 10:47:22,113] {dag.py:2398} INFO - Sync 1 DAGs
[2022-03-28 10:47:22,141] {logging_mixin.py:109} INFO - [2022-03-28 10:47:22,141] {dag.py:2937} INFO - Setting next_dagrun for example_branch_labels to 2022-03-27 00:00:00+00:00
[2022-03-28 10:47:22,524] {processor.py:171} INFO - Processing /home/vengat/big_data/python/venv/aflow_env/lib/python3.9/site-packages/airflow/example_dags/example_branch_labels.py took 0.501 seconds
[2022-03-28 10:48:09,299] {processor.py:163} INFO - Started process (PID=55022) to work on /home/vengat/big_data/python/venv/aflow_env/lib/python3.9/site-packages/airflow/example_dags/example_branch_labels.py
[2022-03-28 10:48:09,301] {processor.py:642} INFO - Processing file /home/vengat/big_data/python/venv/aflow_env/lib/python3.9/site-packages/airflow/example_dags/example_branch_labels.py for tasks to queue
[2022-03-28 10:48:09,302] {logging_mixin.py:109} INFO - [2022-03-28 10:48:09,302] {dagbag.py:500} INFO - Filling up the DagBag from /home/vengat/big_data/python/venv/aflow_env/lib/python3.9/site-packages/airflow/example_dags/example_branch_labels.py
[2022-03-28 10:48:09,336] {processor.py:654} INFO - DAG(s) dict_keys(['example_branch_labels']) retrieved from /home/vengat/big_data/python/venv/aflow_env/lib/python3.9/site-packages/airflow/example_dags/example_branch_labels.py
[2022-03-28 10:48:09,345] {logging_mixin.py:109} INFO - [2022-03-28 10:48:09,345] {dag.py:2398} INFO - Sync 1 DAGs
[2022-03-28 10:48:09,363] {logging_mixin.py:109} INFO - [2022-03-28 10:48:09,363] {dag.py:2937} INFO - Setting next_dagrun for example_branch_labels to 2022-03-27 00:00:00+00:00
[2022-03-28 10:48:09,375] {processor.py:171} INFO - Processing /home/vengat/big_data/python/venv/aflow_env/lib/python3.9/site-packages/airflow/example_dags/example_branch_labels.py took 0.079 seconds
[2022-03-28 10:48:47,857] {processor.py:163} INFO - Started process (PID=55081) to work on /home/vengat/big_data/python/venv/aflow_env/lib/python3.9/site-packages/airflow/example_dags/example_branch_labels.py
[2022-03-28 10:48:47,859] {processor.py:642} INFO - Processing file /home/vengat/big_data/python/venv/aflow_env/lib/python3.9/site-packages/airflow/example_dags/example_branch_labels.py for tasks to queue
[2022-03-28 10:48:47,860] {logging_mixin.py:109} INFO - [2022-03-28 10:48:47,860] {dagbag.py:500} INFO - Filling up the DagBag from /home/vengat/big_data/python/venv/aflow_env/lib/python3.9/site-packages/airflow/example_dags/example_branch_labels.py
[2022-03-28 10:48:47,903] {processor.py:654} INFO - DAG(s) dict_keys(['example_branch_labels']) retrieved from /home/vengat/big_data/python/venv/aflow_env/lib/python3.9/site-packages/airflow/example_dags/example_branch_labels.py
[2022-03-28 10:48:47,917] {logging_mixin.py:109} INFO - [2022-03-28 10:48:47,917] {dag.py:2398} INFO - Sync 1 DAGs
[2022-03-28 10:48:47,941] {logging_mixin.py:109} INFO - [2022-03-28 10:48:47,941] {dag.py:2937} INFO - Setting next_dagrun for example_branch_labels to 2022-03-27 00:00:00+00:00
[2022-03-28 10:48:47,964] {processor.py:171} INFO - Processing /home/vengat/big_data/python/venv/aflow_env/lib/python3.9/site-packages/airflow/example_dags/example_branch_labels.py took 0.113 seconds
[2022-03-28 10:49:24,203] {processor.py:163} INFO - Started process (PID=55115) to work on /home/vengat/big_data/python/venv/aflow_env/lib/python3.9/site-packages/airflow/example_dags/example_branch_labels.py
[2022-03-28 10:49:24,205] {processor.py:642} INFO - Processing file /home/vengat/big_data/python/venv/aflow_env/lib/python3.9/site-packages/airflow/example_dags/example_branch_labels.py for tasks to queue
[2022-03-28 10:49:24,205] {logging_mixin.py:109} INFO - [2022-03-28 10:49:24,205] {dagbag.py:500} INFO - Filling up the DagBag from /home/vengat/big_data/python/venv/aflow_env/lib/python3.9/site-packages/airflow/example_dags/example_branch_labels.py
[2022-03-28 10:49:24,232] {processor.py:654} INFO - DAG(s) dict_keys(['example_branch_labels']) retrieved from /home/vengat/big_data/python/venv/aflow_env/lib/python3.9/site-packages/airflow/example_dags/example_branch_labels.py
[2022-03-28 10:49:24,241] {logging_mixin.py:109} INFO - [2022-03-28 10:49:24,241] {dag.py:2398} INFO - Sync 1 DAGs
[2022-03-28 10:49:24,255] {logging_mixin.py:109} INFO - [2022-03-28 10:49:24,255] {dag.py:2937} INFO - Setting next_dagrun for example_branch_labels to 2022-03-27 00:00:00+00:00
[2022-03-28 10:49:24,266] {processor.py:171} INFO - Processing /home/vengat/big_data/python/venv/aflow_env/lib/python3.9/site-packages/airflow/example_dags/example_branch_labels.py took 0.066 seconds
[2022-03-28 10:49:57,615] {processor.py:163} INFO - Started process (PID=55147) to work on /home/vengat/big_data/python/venv/aflow_env/lib/python3.9/site-packages/airflow/example_dags/example_branch_labels.py
[2022-03-28 10:49:57,616] {processor.py:642} INFO - Processing file /home/vengat/big_data/python/venv/aflow_env/lib/python3.9/site-packages/airflow/example_dags/example_branch_labels.py for tasks to queue
[2022-03-28 10:49:57,617] {logging_mixin.py:109} INFO - [2022-03-28 10:49:57,617] {dagbag.py:500} INFO - Filling up the DagBag from /home/vengat/big_data/python/venv/aflow_env/lib/python3.9/site-packages/airflow/example_dags/example_branch_labels.py
[2022-03-28 10:49:57,640] {processor.py:654} INFO - DAG(s) dict_keys(['example_branch_labels']) retrieved from /home/vengat/big_data/python/venv/aflow_env/lib/python3.9/site-packages/airflow/example_dags/example_branch_labels.py
[2022-03-28 10:49:57,649] {logging_mixin.py:109} INFO - [2022-03-28 10:49:57,649] {dag.py:2398} INFO - Sync 1 DAGs
[2022-03-28 10:49:57,661] {logging_mixin.py:109} INFO - [2022-03-28 10:49:57,661] {dag.py:2937} INFO - Setting next_dagrun for example_branch_labels to 2022-03-27 00:00:00+00:00
[2022-03-28 10:49:57,670] {processor.py:171} INFO - Processing /home/vengat/big_data/python/venv/aflow_env/lib/python3.9/site-packages/airflow/example_dags/example_branch_labels.py took 0.059 seconds
[2022-03-28 10:50:29,322] {processor.py:163} INFO - Started process (PID=55179) to work on /home/vengat/big_data/python/venv/aflow_env/lib/python3.9/site-packages/airflow/example_dags/example_branch_labels.py
[2022-03-28 10:50:29,324] {processor.py:642} INFO - Processing file /home/vengat/big_data/python/venv/aflow_env/lib/python3.9/site-packages/airflow/example_dags/example_branch_labels.py for tasks to queue
[2022-03-28 10:50:29,324] {logging_mixin.py:109} INFO - [2022-03-28 10:50:29,324] {dagbag.py:500} INFO - Filling up the DagBag from /home/vengat/big_data/python/venv/aflow_env/lib/python3.9/site-packages/airflow/example_dags/example_branch_labels.py
[2022-03-28 10:50:29,347] {processor.py:654} INFO - DAG(s) dict_keys(['example_branch_labels']) retrieved from /home/vengat/big_data/python/venv/aflow_env/lib/python3.9/site-packages/airflow/example_dags/example_branch_labels.py
[2022-03-28 10:50:29,356] {logging_mixin.py:109} INFO - [2022-03-28 10:50:29,355] {dag.py:2398} INFO - Sync 1 DAGs
[2022-03-28 10:50:29,368] {logging_mixin.py:109} INFO - [2022-03-28 10:50:29,367] {dag.py:2937} INFO - Setting next_dagrun for example_branch_labels to 2022-03-27 00:00:00+00:00
[2022-03-28 10:50:29,376] {processor.py:171} INFO - Processing /home/vengat/big_data/python/venv/aflow_env/lib/python3.9/site-packages/airflow/example_dags/example_branch_labels.py took 0.056 seconds
[2022-03-28 10:51:03,034] {processor.py:163} INFO - Started process (PID=55212) to work on /home/vengat/big_data/python/venv/aflow_env/lib/python3.9/site-packages/airflow/example_dags/example_branch_labels.py
[2022-03-28 10:51:03,036] {processor.py:642} INFO - Processing file /home/vengat/big_data/python/venv/aflow_env/lib/python3.9/site-packages/airflow/example_dags/example_branch_labels.py for tasks to queue
[2022-03-28 10:51:03,036] {logging_mixin.py:109} INFO - [2022-03-28 10:51:03,036] {dagbag.py:500} INFO - Filling up the DagBag from /home/vengat/big_data/python/venv/aflow_env/lib/python3.9/site-packages/airflow/example_dags/example_branch_labels.py
[2022-03-28 10:51:03,058] {processor.py:654} INFO - DAG(s) dict_keys(['example_branch_labels']) retrieved from /home/vengat/big_data/python/venv/aflow_env/lib/python3.9/site-packages/airflow/example_dags/example_branch_labels.py
[2022-03-28 10:51:03,067] {logging_mixin.py:109} INFO - [2022-03-28 10:51:03,067] {dag.py:2398} INFO - Sync 1 DAGs
[2022-03-28 10:51:03,078] {logging_mixin.py:109} INFO - [2022-03-28 10:51:03,078] {dag.py:2937} INFO - Setting next_dagrun for example_branch_labels to 2022-03-27 00:00:00+00:00
[2022-03-28 10:51:03,088] {processor.py:171} INFO - Processing /home/vengat/big_data/python/venv/aflow_env/lib/python3.9/site-packages/airflow/example_dags/example_branch_labels.py took 0.056 seconds
[2022-03-28 10:51:37,557] {processor.py:163} INFO - Started process (PID=55245) to work on /home/vengat/big_data/python/venv/aflow_env/lib/python3.9/site-packages/airflow/example_dags/example_branch_labels.py
[2022-03-28 10:51:37,558] {processor.py:642} INFO - Processing file /home/vengat/big_data/python/venv/aflow_env/lib/python3.9/site-packages/airflow/example_dags/example_branch_labels.py for tasks to queue
[2022-03-28 10:51:37,559] {logging_mixin.py:109} INFO - [2022-03-28 10:51:37,559] {dagbag.py:500} INFO - Filling up the DagBag from /home/vengat/big_data/python/venv/aflow_env/lib/python3.9/site-packages/airflow/example_dags/example_branch_labels.py
[2022-03-28 10:51:37,584] {processor.py:654} INFO - DAG(s) dict_keys(['example_branch_labels']) retrieved from /home/vengat/big_data/python/venv/aflow_env/lib/python3.9/site-packages/airflow/example_dags/example_branch_labels.py
[2022-03-28 10:51:37,594] {logging_mixin.py:109} INFO - [2022-03-28 10:51:37,594] {dag.py:2398} INFO - Sync 1 DAGs
[2022-03-28 10:51:37,607] {logging_mixin.py:109} INFO - [2022-03-28 10:51:37,607] {dag.py:2937} INFO - Setting next_dagrun for example_branch_labels to 2022-03-27 00:00:00+00:00
[2022-03-28 10:51:37,616] {processor.py:171} INFO - Processing /home/vengat/big_data/python/venv/aflow_env/lib/python3.9/site-packages/airflow/example_dags/example_branch_labels.py took 0.062 seconds
[2022-03-28 10:52:12,113] {processor.py:163} INFO - Started process (PID=55279) to work on /home/vengat/big_data/python/venv/aflow_env/lib/python3.9/site-packages/airflow/example_dags/example_branch_labels.py
[2022-03-28 10:52:12,114] {processor.py:642} INFO - Processing file /home/vengat/big_data/python/venv/aflow_env/lib/python3.9/site-packages/airflow/example_dags/example_branch_labels.py for tasks to queue
[2022-03-28 10:52:12,115] {logging_mixin.py:109} INFO - [2022-03-28 10:52:12,115] {dagbag.py:500} INFO - Filling up the DagBag from /home/vengat/big_data/python/venv/aflow_env/lib/python3.9/site-packages/airflow/example_dags/example_branch_labels.py
[2022-03-28 10:52:12,139] {processor.py:654} INFO - DAG(s) dict_keys(['example_branch_labels']) retrieved from /home/vengat/big_data/python/venv/aflow_env/lib/python3.9/site-packages/airflow/example_dags/example_branch_labels.py
[2022-03-28 10:52:12,147] {logging_mixin.py:109} INFO - [2022-03-28 10:52:12,147] {dag.py:2398} INFO - Sync 1 DAGs
[2022-03-28 10:52:12,160] {logging_mixin.py:109} INFO - [2022-03-28 10:52:12,160] {dag.py:2937} INFO - Setting next_dagrun for example_branch_labels to 2022-03-27 00:00:00+00:00
[2022-03-28 10:52:12,170] {processor.py:171} INFO - Processing /home/vengat/big_data/python/venv/aflow_env/lib/python3.9/site-packages/airflow/example_dags/example_branch_labels.py took 0.061 seconds
[2022-03-28 10:52:44,461] {processor.py:163} INFO - Started process (PID=55315) to work on /home/vengat/big_data/python/venv/aflow_env/lib/python3.9/site-packages/airflow/example_dags/example_branch_labels.py
[2022-03-28 10:52:44,462] {processor.py:642} INFO - Processing file /home/vengat/big_data/python/venv/aflow_env/lib/python3.9/site-packages/airflow/example_dags/example_branch_labels.py for tasks to queue
[2022-03-28 10:52:44,462] {logging_mixin.py:109} INFO - [2022-03-28 10:52:44,462] {dagbag.py:500} INFO - Filling up the DagBag from /home/vengat/big_data/python/venv/aflow_env/lib/python3.9/site-packages/airflow/example_dags/example_branch_labels.py
[2022-03-28 10:52:44,487] {processor.py:654} INFO - DAG(s) dict_keys(['example_branch_labels']) retrieved from /home/vengat/big_data/python/venv/aflow_env/lib/python3.9/site-packages/airflow/example_dags/example_branch_labels.py
[2022-03-28 10:52:44,496] {logging_mixin.py:109} INFO - [2022-03-28 10:52:44,496] {dag.py:2398} INFO - Sync 1 DAGs
[2022-03-28 10:52:44,512] {logging_mixin.py:109} INFO - [2022-03-28 10:52:44,512] {dag.py:2937} INFO - Setting next_dagrun for example_branch_labels to 2022-03-27 00:00:00+00:00
[2022-03-28 10:52:44,520] {processor.py:171} INFO - Processing /home/vengat/big_data/python/venv/aflow_env/lib/python3.9/site-packages/airflow/example_dags/example_branch_labels.py took 0.063 seconds
[2022-03-28 10:53:19,658] {processor.py:163} INFO - Started process (PID=55350) to work on /home/vengat/big_data/python/venv/aflow_env/lib/python3.9/site-packages/airflow/example_dags/example_branch_labels.py
[2022-03-28 10:53:19,661] {processor.py:642} INFO - Processing file /home/vengat/big_data/python/venv/aflow_env/lib/python3.9/site-packages/airflow/example_dags/example_branch_labels.py for tasks to queue
[2022-03-28 10:53:19,662] {logging_mixin.py:109} INFO - [2022-03-28 10:53:19,662] {dagbag.py:500} INFO - Filling up the DagBag from /home/vengat/big_data/python/venv/aflow_env/lib/python3.9/site-packages/airflow/example_dags/example_branch_labels.py
[2022-03-28 10:53:19,692] {processor.py:654} INFO - DAG(s) dict_keys(['example_branch_labels']) retrieved from /home/vengat/big_data/python/venv/aflow_env/lib/python3.9/site-packages/airflow/example_dags/example_branch_labels.py
[2022-03-28 10:53:19,700] {logging_mixin.py:109} INFO - [2022-03-28 10:53:19,700] {dag.py:2398} INFO - Sync 1 DAGs
[2022-03-28 10:53:19,715] {logging_mixin.py:109} INFO - [2022-03-28 10:53:19,715] {dag.py:2937} INFO - Setting next_dagrun for example_branch_labels to 2022-03-27 00:00:00+00:00
[2022-03-28 10:53:19,725] {processor.py:171} INFO - Processing /home/vengat/big_data/python/venv/aflow_env/lib/python3.9/site-packages/airflow/example_dags/example_branch_labels.py took 0.076 seconds
[2022-03-28 10:53:53,783] {processor.py:163} INFO - Started process (PID=55386) to work on /home/vengat/big_data/python/venv/aflow_env/lib/python3.9/site-packages/airflow/example_dags/example_branch_labels.py
[2022-03-28 10:53:53,785] {processor.py:642} INFO - Processing file /home/vengat/big_data/python/venv/aflow_env/lib/python3.9/site-packages/airflow/example_dags/example_branch_labels.py for tasks to queue
[2022-03-28 10:53:53,785] {logging_mixin.py:109} INFO - [2022-03-28 10:53:53,785] {dagbag.py:500} INFO - Filling up the DagBag from /home/vengat/big_data/python/venv/aflow_env/lib/python3.9/site-packages/airflow/example_dags/example_branch_labels.py
[2022-03-28 10:53:53,820] {processor.py:654} INFO - DAG(s) dict_keys(['example_branch_labels']) retrieved from /home/vengat/big_data/python/venv/aflow_env/lib/python3.9/site-packages/airflow/example_dags/example_branch_labels.py
[2022-03-28 10:53:53,830] {logging_mixin.py:109} INFO - [2022-03-28 10:53:53,830] {dag.py:2398} INFO - Sync 1 DAGs
[2022-03-28 10:53:53,847] {logging_mixin.py:109} INFO - [2022-03-28 10:53:53,847] {dag.py:2937} INFO - Setting next_dagrun for example_branch_labels to 2022-03-27 00:00:00+00:00
[2022-03-28 10:53:53,859] {processor.py:171} INFO - Processing /home/vengat/big_data/python/venv/aflow_env/lib/python3.9/site-packages/airflow/example_dags/example_branch_labels.py took 0.087 seconds
[2022-03-28 10:54:29,310] {processor.py:163} INFO - Started process (PID=55418) to work on /home/vengat/big_data/python/venv/aflow_env/lib/python3.9/site-packages/airflow/example_dags/example_branch_labels.py
[2022-03-28 10:54:29,311] {processor.py:642} INFO - Processing file /home/vengat/big_data/python/venv/aflow_env/lib/python3.9/site-packages/airflow/example_dags/example_branch_labels.py for tasks to queue
[2022-03-28 10:54:29,312] {logging_mixin.py:109} INFO - [2022-03-28 10:54:29,312] {dagbag.py:500} INFO - Filling up the DagBag from /home/vengat/big_data/python/venv/aflow_env/lib/python3.9/site-packages/airflow/example_dags/example_branch_labels.py
[2022-03-28 10:54:29,341] {processor.py:654} INFO - DAG(s) dict_keys(['example_branch_labels']) retrieved from /home/vengat/big_data/python/venv/aflow_env/lib/python3.9/site-packages/airflow/example_dags/example_branch_labels.py
[2022-03-28 10:54:29,349] {logging_mixin.py:109} INFO - [2022-03-28 10:54:29,349] {dag.py:2398} INFO - Sync 1 DAGs
[2022-03-28 10:54:29,364] {logging_mixin.py:109} INFO - [2022-03-28 10:54:29,364] {dag.py:2937} INFO - Setting next_dagrun for example_branch_labels to 2022-03-27 00:00:00+00:00
[2022-03-28 10:54:29,374] {processor.py:171} INFO - Processing /home/vengat/big_data/python/venv/aflow_env/lib/python3.9/site-packages/airflow/example_dags/example_branch_labels.py took 0.068 seconds
[2022-03-28 10:55:02,208] {processor.py:163} INFO - Started process (PID=55450) to work on /home/vengat/big_data/python/venv/aflow_env/lib/python3.9/site-packages/airflow/example_dags/example_branch_labels.py
[2022-03-28 10:55:02,210] {processor.py:642} INFO - Processing file /home/vengat/big_data/python/venv/aflow_env/lib/python3.9/site-packages/airflow/example_dags/example_branch_labels.py for tasks to queue
[2022-03-28 10:55:02,211] {logging_mixin.py:109} INFO - [2022-03-28 10:55:02,211] {dagbag.py:500} INFO - Filling up the DagBag from /home/vengat/big_data/python/venv/aflow_env/lib/python3.9/site-packages/airflow/example_dags/example_branch_labels.py
[2022-03-28 10:55:02,236] {processor.py:654} INFO - DAG(s) dict_keys(['example_branch_labels']) retrieved from /home/vengat/big_data/python/venv/aflow_env/lib/python3.9/site-packages/airflow/example_dags/example_branch_labels.py
[2022-03-28 10:55:02,245] {logging_mixin.py:109} INFO - [2022-03-28 10:55:02,245] {dag.py:2398} INFO - Sync 1 DAGs
[2022-03-28 10:55:02,257] {logging_mixin.py:109} INFO - [2022-03-28 10:55:02,257] {dag.py:2937} INFO - Setting next_dagrun for example_branch_labels to 2022-03-27 00:00:00+00:00
[2022-03-28 10:55:02,266] {processor.py:171} INFO - Processing /home/vengat/big_data/python/venv/aflow_env/lib/python3.9/site-packages/airflow/example_dags/example_branch_labels.py took 0.063 seconds
