[2022-03-28 10:13:58,509] {processor.py:163} INFO - Started process (PID=52750) to work on /home/vengat/big_data/python/venv/aflow_env/lib/python3.9/site-packages/airflow/example_dags/example_branch_operator.py
[2022-03-28 10:13:58,510] {processor.py:642} INFO - Processing file /home/vengat/big_data/python/venv/aflow_env/lib/python3.9/site-packages/airflow/example_dags/example_branch_operator.py for tasks to queue
[2022-03-28 10:13:58,512] {logging_mixin.py:109} INFO - [2022-03-28 10:13:58,512] {dagbag.py:500} INFO - Filling up the DagBag from /home/vengat/big_data/python/venv/aflow_env/lib/python3.9/site-packages/airflow/example_dags/example_branch_operator.py
[2022-03-28 10:13:58,540] {processor.py:654} INFO - DAG(s) dict_keys(['example_branch_operator']) retrieved from /home/vengat/big_data/python/venv/aflow_env/lib/python3.9/site-packages/airflow/example_dags/example_branch_operator.py
[2022-03-28 10:13:58,549] {logging_mixin.py:109} INFO - [2022-03-28 10:13:58,549] {dag.py:2398} INFO - Sync 1 DAGs
[2022-03-28 10:13:58,564] {logging_mixin.py:109} INFO - [2022-03-28 10:13:58,564] {dag.py:2937} INFO - Setting next_dagrun for example_branch_operator to 2022-03-27 00:00:00+00:00
[2022-03-28 10:13:58,572] {processor.py:171} INFO - Processing /home/vengat/big_data/python/venv/aflow_env/lib/python3.9/site-packages/airflow/example_dags/example_branch_operator.py took 0.067 seconds
[2022-03-28 10:14:32,593] {processor.py:163} INFO - Started process (PID=52782) to work on /home/vengat/big_data/python/venv/aflow_env/lib/python3.9/site-packages/airflow/example_dags/example_branch_operator.py
[2022-03-28 10:14:32,594] {processor.py:642} INFO - Processing file /home/vengat/big_data/python/venv/aflow_env/lib/python3.9/site-packages/airflow/example_dags/example_branch_operator.py for tasks to queue
[2022-03-28 10:14:32,594] {logging_mixin.py:109} INFO - [2022-03-28 10:14:32,594] {dagbag.py:500} INFO - Filling up the DagBag from /home/vengat/big_data/python/venv/aflow_env/lib/python3.9/site-packages/airflow/example_dags/example_branch_operator.py
[2022-03-28 10:14:32,619] {processor.py:654} INFO - DAG(s) dict_keys(['example_branch_operator']) retrieved from /home/vengat/big_data/python/venv/aflow_env/lib/python3.9/site-packages/airflow/example_dags/example_branch_operator.py
[2022-03-28 10:14:32,631] {logging_mixin.py:109} INFO - [2022-03-28 10:14:32,631] {dag.py:2398} INFO - Sync 1 DAGs
[2022-03-28 10:14:32,642] {logging_mixin.py:109} INFO - [2022-03-28 10:14:32,642] {dag.py:2937} INFO - Setting next_dagrun for example_branch_operator to 2022-03-27 00:00:00+00:00
[2022-03-28 10:14:32,651] {processor.py:171} INFO - Processing /home/vengat/big_data/python/venv/aflow_env/lib/python3.9/site-packages/airflow/example_dags/example_branch_operator.py took 0.062 seconds
[2022-03-28 10:15:09,108] {processor.py:163} INFO - Started process (PID=52817) to work on /home/vengat/big_data/python/venv/aflow_env/lib/python3.9/site-packages/airflow/example_dags/example_branch_operator.py
[2022-03-28 10:15:09,110] {processor.py:642} INFO - Processing file /home/vengat/big_data/python/venv/aflow_env/lib/python3.9/site-packages/airflow/example_dags/example_branch_operator.py for tasks to queue
[2022-03-28 10:15:09,111] {logging_mixin.py:109} INFO - [2022-03-28 10:15:09,111] {dagbag.py:500} INFO - Filling up the DagBag from /home/vengat/big_data/python/venv/aflow_env/lib/python3.9/site-packages/airflow/example_dags/example_branch_operator.py
[2022-03-28 10:15:09,145] {processor.py:654} INFO - DAG(s) dict_keys(['example_branch_operator']) retrieved from /home/vengat/big_data/python/venv/aflow_env/lib/python3.9/site-packages/airflow/example_dags/example_branch_operator.py
[2022-03-28 10:15:09,155] {logging_mixin.py:109} INFO - [2022-03-28 10:15:09,155] {dag.py:2398} INFO - Sync 1 DAGs
[2022-03-28 10:15:09,167] {logging_mixin.py:109} INFO - [2022-03-28 10:15:09,167] {dag.py:2937} INFO - Setting next_dagrun for example_branch_operator to 2022-03-27 00:00:00+00:00
[2022-03-28 10:15:09,176] {processor.py:171} INFO - Processing /home/vengat/big_data/python/venv/aflow_env/lib/python3.9/site-packages/airflow/example_dags/example_branch_operator.py took 0.073 seconds
[2022-03-28 10:15:45,296] {processor.py:163} INFO - Started process (PID=52849) to work on /home/vengat/big_data/python/venv/aflow_env/lib/python3.9/site-packages/airflow/example_dags/example_branch_operator.py
[2022-03-28 10:15:45,298] {processor.py:642} INFO - Processing file /home/vengat/big_data/python/venv/aflow_env/lib/python3.9/site-packages/airflow/example_dags/example_branch_operator.py for tasks to queue
[2022-03-28 10:15:45,300] {logging_mixin.py:109} INFO - [2022-03-28 10:15:45,299] {dagbag.py:500} INFO - Filling up the DagBag from /home/vengat/big_data/python/venv/aflow_env/lib/python3.9/site-packages/airflow/example_dags/example_branch_operator.py
[2022-03-28 10:15:45,340] {processor.py:654} INFO - DAG(s) dict_keys(['example_branch_operator']) retrieved from /home/vengat/big_data/python/venv/aflow_env/lib/python3.9/site-packages/airflow/example_dags/example_branch_operator.py
[2022-03-28 10:15:45,350] {logging_mixin.py:109} INFO - [2022-03-28 10:15:45,350] {dag.py:2398} INFO - Sync 1 DAGs
[2022-03-28 10:15:45,364] {logging_mixin.py:109} INFO - [2022-03-28 10:15:45,364] {dag.py:2937} INFO - Setting next_dagrun for example_branch_operator to 2022-03-27 00:00:00+00:00
[2022-03-28 10:15:45,373] {processor.py:171} INFO - Processing /home/vengat/big_data/python/venv/aflow_env/lib/python3.9/site-packages/airflow/example_dags/example_branch_operator.py took 0.082 seconds
[2022-03-28 10:16:19,881] {processor.py:163} INFO - Started process (PID=52882) to work on /home/vengat/big_data/python/venv/aflow_env/lib/python3.9/site-packages/airflow/example_dags/example_branch_operator.py
[2022-03-28 10:16:19,882] {processor.py:642} INFO - Processing file /home/vengat/big_data/python/venv/aflow_env/lib/python3.9/site-packages/airflow/example_dags/example_branch_operator.py for tasks to queue
[2022-03-28 10:16:19,883] {logging_mixin.py:109} INFO - [2022-03-28 10:16:19,883] {dagbag.py:500} INFO - Filling up the DagBag from /home/vengat/big_data/python/venv/aflow_env/lib/python3.9/site-packages/airflow/example_dags/example_branch_operator.py
[2022-03-28 10:16:19,954] {processor.py:654} INFO - DAG(s) dict_keys(['example_branch_operator']) retrieved from /home/vengat/big_data/python/venv/aflow_env/lib/python3.9/site-packages/airflow/example_dags/example_branch_operator.py
[2022-03-28 10:16:19,982] {logging_mixin.py:109} INFO - [2022-03-28 10:16:19,982] {dag.py:2398} INFO - Sync 1 DAGs
[2022-03-28 10:16:19,998] {logging_mixin.py:109} INFO - [2022-03-28 10:16:19,998] {dag.py:2937} INFO - Setting next_dagrun for example_branch_operator to 2022-03-27 00:00:00+00:00
[2022-03-28 10:16:20,008] {processor.py:171} INFO - Processing /home/vengat/big_data/python/venv/aflow_env/lib/python3.9/site-packages/airflow/example_dags/example_branch_operator.py took 0.137 seconds
[2022-03-28 10:16:55,827] {processor.py:163} INFO - Started process (PID=52915) to work on /home/vengat/big_data/python/venv/aflow_env/lib/python3.9/site-packages/airflow/example_dags/example_branch_operator.py
[2022-03-28 10:16:55,831] {processor.py:642} INFO - Processing file /home/vengat/big_data/python/venv/aflow_env/lib/python3.9/site-packages/airflow/example_dags/example_branch_operator.py for tasks to queue
[2022-03-28 10:16:55,833] {logging_mixin.py:109} INFO - [2022-03-28 10:16:55,833] {dagbag.py:500} INFO - Filling up the DagBag from /home/vengat/big_data/python/venv/aflow_env/lib/python3.9/site-packages/airflow/example_dags/example_branch_operator.py
[2022-03-28 10:16:55,886] {processor.py:654} INFO - DAG(s) dict_keys(['example_branch_operator']) retrieved from /home/vengat/big_data/python/venv/aflow_env/lib/python3.9/site-packages/airflow/example_dags/example_branch_operator.py
[2022-03-28 10:16:55,897] {logging_mixin.py:109} INFO - [2022-03-28 10:16:55,897] {dag.py:2398} INFO - Sync 1 DAGs
[2022-03-28 10:16:55,912] {logging_mixin.py:109} INFO - [2022-03-28 10:16:55,912] {dag.py:2937} INFO - Setting next_dagrun for example_branch_operator to 2022-03-27 00:00:00+00:00
[2022-03-28 10:16:55,920] {processor.py:171} INFO - Processing /home/vengat/big_data/python/venv/aflow_env/lib/python3.9/site-packages/airflow/example_dags/example_branch_operator.py took 0.102 seconds
[2022-03-28 10:17:30,675] {processor.py:163} INFO - Started process (PID=52951) to work on /home/vengat/big_data/python/venv/aflow_env/lib/python3.9/site-packages/airflow/example_dags/example_branch_operator.py
[2022-03-28 10:17:30,678] {processor.py:642} INFO - Processing file /home/vengat/big_data/python/venv/aflow_env/lib/python3.9/site-packages/airflow/example_dags/example_branch_operator.py for tasks to queue
[2022-03-28 10:17:30,678] {logging_mixin.py:109} INFO - [2022-03-28 10:17:30,678] {dagbag.py:500} INFO - Filling up the DagBag from /home/vengat/big_data/python/venv/aflow_env/lib/python3.9/site-packages/airflow/example_dags/example_branch_operator.py
[2022-03-28 10:17:30,711] {processor.py:654} INFO - DAG(s) dict_keys(['example_branch_operator']) retrieved from /home/vengat/big_data/python/venv/aflow_env/lib/python3.9/site-packages/airflow/example_dags/example_branch_operator.py
[2022-03-28 10:17:30,728] {logging_mixin.py:109} INFO - [2022-03-28 10:17:30,728] {dag.py:2398} INFO - Sync 1 DAGs
[2022-03-28 10:17:30,740] {logging_mixin.py:109} INFO - [2022-03-28 10:17:30,740] {dag.py:2937} INFO - Setting next_dagrun for example_branch_operator to 2022-03-27 00:00:00+00:00
[2022-03-28 10:17:30,751] {processor.py:171} INFO - Processing /home/vengat/big_data/python/venv/aflow_env/lib/python3.9/site-packages/airflow/example_dags/example_branch_operator.py took 0.079 seconds
[2022-03-28 10:18:04,083] {processor.py:163} INFO - Started process (PID=52986) to work on /home/vengat/big_data/python/venv/aflow_env/lib/python3.9/site-packages/airflow/example_dags/example_branch_operator.py
[2022-03-28 10:18:04,084] {processor.py:642} INFO - Processing file /home/vengat/big_data/python/venv/aflow_env/lib/python3.9/site-packages/airflow/example_dags/example_branch_operator.py for tasks to queue
[2022-03-28 10:18:04,085] {logging_mixin.py:109} INFO - [2022-03-28 10:18:04,085] {dagbag.py:500} INFO - Filling up the DagBag from /home/vengat/big_data/python/venv/aflow_env/lib/python3.9/site-packages/airflow/example_dags/example_branch_operator.py
[2022-03-28 10:18:04,113] {processor.py:654} INFO - DAG(s) dict_keys(['example_branch_operator']) retrieved from /home/vengat/big_data/python/venv/aflow_env/lib/python3.9/site-packages/airflow/example_dags/example_branch_operator.py
[2022-03-28 10:18:04,123] {logging_mixin.py:109} INFO - [2022-03-28 10:18:04,123] {dag.py:2398} INFO - Sync 1 DAGs
[2022-03-28 10:18:04,138] {logging_mixin.py:109} INFO - [2022-03-28 10:18:04,138] {dag.py:2937} INFO - Setting next_dagrun for example_branch_operator to 2022-03-27 00:00:00+00:00
[2022-03-28 10:18:04,148] {processor.py:171} INFO - Processing /home/vengat/big_data/python/venv/aflow_env/lib/python3.9/site-packages/airflow/example_dags/example_branch_operator.py took 0.068 seconds
[2022-03-28 10:18:40,248] {processor.py:163} INFO - Started process (PID=53024) to work on /home/vengat/big_data/python/venv/aflow_env/lib/python3.9/site-packages/airflow/example_dags/example_branch_operator.py
[2022-03-28 10:18:40,250] {processor.py:642} INFO - Processing file /home/vengat/big_data/python/venv/aflow_env/lib/python3.9/site-packages/airflow/example_dags/example_branch_operator.py for tasks to queue
[2022-03-28 10:18:40,250] {logging_mixin.py:109} INFO - [2022-03-28 10:18:40,250] {dagbag.py:500} INFO - Filling up the DagBag from /home/vengat/big_data/python/venv/aflow_env/lib/python3.9/site-packages/airflow/example_dags/example_branch_operator.py
[2022-03-28 10:18:40,277] {processor.py:654} INFO - DAG(s) dict_keys(['example_branch_operator']) retrieved from /home/vengat/big_data/python/venv/aflow_env/lib/python3.9/site-packages/airflow/example_dags/example_branch_operator.py
[2022-03-28 10:18:40,285] {logging_mixin.py:109} INFO - [2022-03-28 10:18:40,285] {dag.py:2398} INFO - Sync 1 DAGs
[2022-03-28 10:18:40,299] {logging_mixin.py:109} INFO - [2022-03-28 10:18:40,299] {dag.py:2937} INFO - Setting next_dagrun for example_branch_operator to 2022-03-27 00:00:00+00:00
[2022-03-28 10:18:40,307] {processor.py:171} INFO - Processing /home/vengat/big_data/python/venv/aflow_env/lib/python3.9/site-packages/airflow/example_dags/example_branch_operator.py took 0.062 seconds
[2022-03-28 10:19:14,587] {processor.py:163} INFO - Started process (PID=53057) to work on /home/vengat/big_data/python/venv/aflow_env/lib/python3.9/site-packages/airflow/example_dags/example_branch_operator.py
[2022-03-28 10:19:14,588] {processor.py:642} INFO - Processing file /home/vengat/big_data/python/venv/aflow_env/lib/python3.9/site-packages/airflow/example_dags/example_branch_operator.py for tasks to queue
[2022-03-28 10:19:14,589] {logging_mixin.py:109} INFO - [2022-03-28 10:19:14,589] {dagbag.py:500} INFO - Filling up the DagBag from /home/vengat/big_data/python/venv/aflow_env/lib/python3.9/site-packages/airflow/example_dags/example_branch_operator.py
[2022-03-28 10:19:14,620] {processor.py:654} INFO - DAG(s) dict_keys(['example_branch_operator']) retrieved from /home/vengat/big_data/python/venv/aflow_env/lib/python3.9/site-packages/airflow/example_dags/example_branch_operator.py
[2022-03-28 10:19:14,630] {logging_mixin.py:109} INFO - [2022-03-28 10:19:14,630] {dag.py:2398} INFO - Sync 1 DAGs
[2022-03-28 10:19:14,643] {logging_mixin.py:109} INFO - [2022-03-28 10:19:14,642] {dag.py:2937} INFO - Setting next_dagrun for example_branch_operator to 2022-03-27 00:00:00+00:00
[2022-03-28 10:19:14,655] {processor.py:171} INFO - Processing /home/vengat/big_data/python/venv/aflow_env/lib/python3.9/site-packages/airflow/example_dags/example_branch_operator.py took 0.072 seconds
[2022-03-28 10:19:50,995] {processor.py:163} INFO - Started process (PID=53091) to work on /home/vengat/big_data/python/venv/aflow_env/lib/python3.9/site-packages/airflow/example_dags/example_branch_operator.py
[2022-03-28 10:19:50,997] {processor.py:642} INFO - Processing file /home/vengat/big_data/python/venv/aflow_env/lib/python3.9/site-packages/airflow/example_dags/example_branch_operator.py for tasks to queue
[2022-03-28 10:19:50,997] {logging_mixin.py:109} INFO - [2022-03-28 10:19:50,997] {dagbag.py:500} INFO - Filling up the DagBag from /home/vengat/big_data/python/venv/aflow_env/lib/python3.9/site-packages/airflow/example_dags/example_branch_operator.py
[2022-03-28 10:19:51,032] {processor.py:654} INFO - DAG(s) dict_keys(['example_branch_operator']) retrieved from /home/vengat/big_data/python/venv/aflow_env/lib/python3.9/site-packages/airflow/example_dags/example_branch_operator.py
[2022-03-28 10:19:51,047] {logging_mixin.py:109} INFO - [2022-03-28 10:19:51,047] {dag.py:2398} INFO - Sync 1 DAGs
[2022-03-28 10:19:51,063] {logging_mixin.py:109} INFO - [2022-03-28 10:19:51,063] {dag.py:2937} INFO - Setting next_dagrun for example_branch_operator to 2022-03-27 00:00:00+00:00
[2022-03-28 10:19:51,073] {processor.py:171} INFO - Processing /home/vengat/big_data/python/venv/aflow_env/lib/python3.9/site-packages/airflow/example_dags/example_branch_operator.py took 0.083 seconds
[2022-03-28 10:20:27,045] {processor.py:163} INFO - Started process (PID=53125) to work on /home/vengat/big_data/python/venv/aflow_env/lib/python3.9/site-packages/airflow/example_dags/example_branch_operator.py
[2022-03-28 10:20:27,047] {processor.py:642} INFO - Processing file /home/vengat/big_data/python/venv/aflow_env/lib/python3.9/site-packages/airflow/example_dags/example_branch_operator.py for tasks to queue
[2022-03-28 10:20:27,048] {logging_mixin.py:109} INFO - [2022-03-28 10:20:27,048] {dagbag.py:500} INFO - Filling up the DagBag from /home/vengat/big_data/python/venv/aflow_env/lib/python3.9/site-packages/airflow/example_dags/example_branch_operator.py
[2022-03-28 10:20:27,091] {processor.py:654} INFO - DAG(s) dict_keys(['example_branch_operator']) retrieved from /home/vengat/big_data/python/venv/aflow_env/lib/python3.9/site-packages/airflow/example_dags/example_branch_operator.py
[2022-03-28 10:20:27,106] {logging_mixin.py:109} INFO - [2022-03-28 10:20:27,106] {dag.py:2398} INFO - Sync 1 DAGs
[2022-03-28 10:20:27,122] {logging_mixin.py:109} INFO - [2022-03-28 10:20:27,122] {dag.py:2937} INFO - Setting next_dagrun for example_branch_operator to 2022-03-27 00:00:00+00:00
[2022-03-28 10:20:27,133] {processor.py:171} INFO - Processing /home/vengat/big_data/python/venv/aflow_env/lib/python3.9/site-packages/airflow/example_dags/example_branch_operator.py took 0.094 seconds
[2022-03-28 10:21:03,331] {processor.py:163} INFO - Started process (PID=53158) to work on /home/vengat/big_data/python/venv/aflow_env/lib/python3.9/site-packages/airflow/example_dags/example_branch_operator.py
[2022-03-28 10:21:03,333] {processor.py:642} INFO - Processing file /home/vengat/big_data/python/venv/aflow_env/lib/python3.9/site-packages/airflow/example_dags/example_branch_operator.py for tasks to queue
[2022-03-28 10:21:03,333] {logging_mixin.py:109} INFO - [2022-03-28 10:21:03,333] {dagbag.py:500} INFO - Filling up the DagBag from /home/vengat/big_data/python/venv/aflow_env/lib/python3.9/site-packages/airflow/example_dags/example_branch_operator.py
[2022-03-28 10:21:03,367] {processor.py:654} INFO - DAG(s) dict_keys(['example_branch_operator']) retrieved from /home/vengat/big_data/python/venv/aflow_env/lib/python3.9/site-packages/airflow/example_dags/example_branch_operator.py
[2022-03-28 10:21:03,380] {logging_mixin.py:109} INFO - [2022-03-28 10:21:03,379] {dag.py:2398} INFO - Sync 1 DAGs
[2022-03-28 10:21:03,394] {logging_mixin.py:109} INFO - [2022-03-28 10:21:03,394] {dag.py:2937} INFO - Setting next_dagrun for example_branch_operator to 2022-03-27 00:00:00+00:00
[2022-03-28 10:21:03,407] {processor.py:171} INFO - Processing /home/vengat/big_data/python/venv/aflow_env/lib/python3.9/site-packages/airflow/example_dags/example_branch_operator.py took 0.079 seconds
[2022-03-28 10:21:36,285] {processor.py:163} INFO - Started process (PID=53191) to work on /home/vengat/big_data/python/venv/aflow_env/lib/python3.9/site-packages/airflow/example_dags/example_branch_operator.py
[2022-03-28 10:21:36,287] {processor.py:642} INFO - Processing file /home/vengat/big_data/python/venv/aflow_env/lib/python3.9/site-packages/airflow/example_dags/example_branch_operator.py for tasks to queue
[2022-03-28 10:21:36,287] {logging_mixin.py:109} INFO - [2022-03-28 10:21:36,287] {dagbag.py:500} INFO - Filling up the DagBag from /home/vengat/big_data/python/venv/aflow_env/lib/python3.9/site-packages/airflow/example_dags/example_branch_operator.py
[2022-03-28 10:21:36,318] {processor.py:654} INFO - DAG(s) dict_keys(['example_branch_operator']) retrieved from /home/vengat/big_data/python/venv/aflow_env/lib/python3.9/site-packages/airflow/example_dags/example_branch_operator.py
[2022-03-28 10:21:36,330] {logging_mixin.py:109} INFO - [2022-03-28 10:21:36,330] {dag.py:2398} INFO - Sync 1 DAGs
[2022-03-28 10:21:36,356] {logging_mixin.py:109} INFO - [2022-03-28 10:21:36,356] {dag.py:2937} INFO - Setting next_dagrun for example_branch_operator to 2022-03-27 00:00:00+00:00
[2022-03-28 10:21:36,370] {processor.py:171} INFO - Processing /home/vengat/big_data/python/venv/aflow_env/lib/python3.9/site-packages/airflow/example_dags/example_branch_operator.py took 0.088 seconds
[2022-03-28 10:22:11,170] {processor.py:163} INFO - Started process (PID=53225) to work on /home/vengat/big_data/python/venv/aflow_env/lib/python3.9/site-packages/airflow/example_dags/example_branch_operator.py
[2022-03-28 10:22:11,172] {processor.py:642} INFO - Processing file /home/vengat/big_data/python/venv/aflow_env/lib/python3.9/site-packages/airflow/example_dags/example_branch_operator.py for tasks to queue
[2022-03-28 10:22:11,172] {logging_mixin.py:109} INFO - [2022-03-28 10:22:11,172] {dagbag.py:500} INFO - Filling up the DagBag from /home/vengat/big_data/python/venv/aflow_env/lib/python3.9/site-packages/airflow/example_dags/example_branch_operator.py
[2022-03-28 10:22:11,213] {processor.py:654} INFO - DAG(s) dict_keys(['example_branch_operator']) retrieved from /home/vengat/big_data/python/venv/aflow_env/lib/python3.9/site-packages/airflow/example_dags/example_branch_operator.py
[2022-03-28 10:22:11,223] {logging_mixin.py:109} INFO - [2022-03-28 10:22:11,223] {dag.py:2398} INFO - Sync 1 DAGs
[2022-03-28 10:22:11,239] {logging_mixin.py:109} INFO - [2022-03-28 10:22:11,239] {dag.py:2937} INFO - Setting next_dagrun for example_branch_operator to 2022-03-27 00:00:00+00:00
[2022-03-28 10:22:11,249] {processor.py:171} INFO - Processing /home/vengat/big_data/python/venv/aflow_env/lib/python3.9/site-packages/airflow/example_dags/example_branch_operator.py took 0.082 seconds
[2022-03-28 10:22:47,413] {processor.py:163} INFO - Started process (PID=53259) to work on /home/vengat/big_data/python/venv/aflow_env/lib/python3.9/site-packages/airflow/example_dags/example_branch_operator.py
[2022-03-28 10:22:47,415] {processor.py:642} INFO - Processing file /home/vengat/big_data/python/venv/aflow_env/lib/python3.9/site-packages/airflow/example_dags/example_branch_operator.py for tasks to queue
[2022-03-28 10:22:47,415] {logging_mixin.py:109} INFO - [2022-03-28 10:22:47,415] {dagbag.py:500} INFO - Filling up the DagBag from /home/vengat/big_data/python/venv/aflow_env/lib/python3.9/site-packages/airflow/example_dags/example_branch_operator.py
[2022-03-28 10:22:47,447] {processor.py:654} INFO - DAG(s) dict_keys(['example_branch_operator']) retrieved from /home/vengat/big_data/python/venv/aflow_env/lib/python3.9/site-packages/airflow/example_dags/example_branch_operator.py
[2022-03-28 10:22:47,455] {logging_mixin.py:109} INFO - [2022-03-28 10:22:47,455] {dag.py:2398} INFO - Sync 1 DAGs
[2022-03-28 10:22:47,472] {logging_mixin.py:109} INFO - [2022-03-28 10:22:47,472] {dag.py:2937} INFO - Setting next_dagrun for example_branch_operator to 2022-03-27 00:00:00+00:00
[2022-03-28 10:22:47,482] {processor.py:171} INFO - Processing /home/vengat/big_data/python/venv/aflow_env/lib/python3.9/site-packages/airflow/example_dags/example_branch_operator.py took 0.074 seconds
[2022-03-28 10:23:20,610] {processor.py:163} INFO - Started process (PID=53292) to work on /home/vengat/big_data/python/venv/aflow_env/lib/python3.9/site-packages/airflow/example_dags/example_branch_operator.py
[2022-03-28 10:23:20,612] {processor.py:642} INFO - Processing file /home/vengat/big_data/python/venv/aflow_env/lib/python3.9/site-packages/airflow/example_dags/example_branch_operator.py for tasks to queue
[2022-03-28 10:23:20,612] {logging_mixin.py:109} INFO - [2022-03-28 10:23:20,612] {dagbag.py:500} INFO - Filling up the DagBag from /home/vengat/big_data/python/venv/aflow_env/lib/python3.9/site-packages/airflow/example_dags/example_branch_operator.py
[2022-03-28 10:23:20,644] {processor.py:654} INFO - DAG(s) dict_keys(['example_branch_operator']) retrieved from /home/vengat/big_data/python/venv/aflow_env/lib/python3.9/site-packages/airflow/example_dags/example_branch_operator.py
[2022-03-28 10:23:20,654] {logging_mixin.py:109} INFO - [2022-03-28 10:23:20,654] {dag.py:2398} INFO - Sync 1 DAGs
[2022-03-28 10:23:20,671] {logging_mixin.py:109} INFO - [2022-03-28 10:23:20,670] {dag.py:2937} INFO - Setting next_dagrun for example_branch_operator to 2022-03-27 00:00:00+00:00
[2022-03-28 10:23:20,682] {processor.py:171} INFO - Processing /home/vengat/big_data/python/venv/aflow_env/lib/python3.9/site-packages/airflow/example_dags/example_branch_operator.py took 0.076 seconds
[2022-03-28 10:23:54,441] {processor.py:163} INFO - Started process (PID=53327) to work on /home/vengat/big_data/python/venv/aflow_env/lib/python3.9/site-packages/airflow/example_dags/example_branch_operator.py
[2022-03-28 10:23:54,443] {processor.py:642} INFO - Processing file /home/vengat/big_data/python/venv/aflow_env/lib/python3.9/site-packages/airflow/example_dags/example_branch_operator.py for tasks to queue
[2022-03-28 10:23:54,443] {logging_mixin.py:109} INFO - [2022-03-28 10:23:54,443] {dagbag.py:500} INFO - Filling up the DagBag from /home/vengat/big_data/python/venv/aflow_env/lib/python3.9/site-packages/airflow/example_dags/example_branch_operator.py
[2022-03-28 10:23:54,474] {processor.py:654} INFO - DAG(s) dict_keys(['example_branch_operator']) retrieved from /home/vengat/big_data/python/venv/aflow_env/lib/python3.9/site-packages/airflow/example_dags/example_branch_operator.py
[2022-03-28 10:23:54,486] {logging_mixin.py:109} INFO - [2022-03-28 10:23:54,486] {dag.py:2398} INFO - Sync 1 DAGs
[2022-03-28 10:23:54,502] {logging_mixin.py:109} INFO - [2022-03-28 10:23:54,502] {dag.py:2937} INFO - Setting next_dagrun for example_branch_operator to 2022-03-27 00:00:00+00:00
[2022-03-28 10:23:54,511] {processor.py:171} INFO - Processing /home/vengat/big_data/python/venv/aflow_env/lib/python3.9/site-packages/airflow/example_dags/example_branch_operator.py took 0.075 seconds
[2022-03-28 10:24:31,167] {processor.py:163} INFO - Started process (PID=53361) to work on /home/vengat/big_data/python/venv/aflow_env/lib/python3.9/site-packages/airflow/example_dags/example_branch_operator.py
[2022-03-28 10:24:31,169] {processor.py:642} INFO - Processing file /home/vengat/big_data/python/venv/aflow_env/lib/python3.9/site-packages/airflow/example_dags/example_branch_operator.py for tasks to queue
[2022-03-28 10:24:31,170] {logging_mixin.py:109} INFO - [2022-03-28 10:24:31,170] {dagbag.py:500} INFO - Filling up the DagBag from /home/vengat/big_data/python/venv/aflow_env/lib/python3.9/site-packages/airflow/example_dags/example_branch_operator.py
[2022-03-28 10:24:31,208] {processor.py:654} INFO - DAG(s) dict_keys(['example_branch_operator']) retrieved from /home/vengat/big_data/python/venv/aflow_env/lib/python3.9/site-packages/airflow/example_dags/example_branch_operator.py
[2022-03-28 10:24:31,219] {logging_mixin.py:109} INFO - [2022-03-28 10:24:31,219] {dag.py:2398} INFO - Sync 1 DAGs
[2022-03-28 10:24:31,235] {logging_mixin.py:109} INFO - [2022-03-28 10:24:31,235] {dag.py:2937} INFO - Setting next_dagrun for example_branch_operator to 2022-03-27 00:00:00+00:00
[2022-03-28 10:24:31,245] {processor.py:171} INFO - Processing /home/vengat/big_data/python/venv/aflow_env/lib/python3.9/site-packages/airflow/example_dags/example_branch_operator.py took 0.084 seconds
[2022-03-28 10:25:07,501] {processor.py:163} INFO - Started process (PID=53395) to work on /home/vengat/big_data/python/venv/aflow_env/lib/python3.9/site-packages/airflow/example_dags/example_branch_operator.py
[2022-03-28 10:25:07,503] {processor.py:642} INFO - Processing file /home/vengat/big_data/python/venv/aflow_env/lib/python3.9/site-packages/airflow/example_dags/example_branch_operator.py for tasks to queue
[2022-03-28 10:25:07,504] {logging_mixin.py:109} INFO - [2022-03-28 10:25:07,504] {dagbag.py:500} INFO - Filling up the DagBag from /home/vengat/big_data/python/venv/aflow_env/lib/python3.9/site-packages/airflow/example_dags/example_branch_operator.py
[2022-03-28 10:25:07,536] {processor.py:654} INFO - DAG(s) dict_keys(['example_branch_operator']) retrieved from /home/vengat/big_data/python/venv/aflow_env/lib/python3.9/site-packages/airflow/example_dags/example_branch_operator.py
[2022-03-28 10:25:07,550] {logging_mixin.py:109} INFO - [2022-03-28 10:25:07,550] {dag.py:2398} INFO - Sync 1 DAGs
[2022-03-28 10:25:07,568] {logging_mixin.py:109} INFO - [2022-03-28 10:25:07,568] {dag.py:2937} INFO - Setting next_dagrun for example_branch_operator to 2022-03-27 00:00:00+00:00
[2022-03-28 10:25:07,582] {processor.py:171} INFO - Processing /home/vengat/big_data/python/venv/aflow_env/lib/python3.9/site-packages/airflow/example_dags/example_branch_operator.py took 0.085 seconds
[2022-03-28 10:25:41,522] {processor.py:163} INFO - Started process (PID=53427) to work on /home/vengat/big_data/python/venv/aflow_env/lib/python3.9/site-packages/airflow/example_dags/example_branch_operator.py
[2022-03-28 10:25:41,523] {processor.py:642} INFO - Processing file /home/vengat/big_data/python/venv/aflow_env/lib/python3.9/site-packages/airflow/example_dags/example_branch_operator.py for tasks to queue
[2022-03-28 10:25:41,524] {logging_mixin.py:109} INFO - [2022-03-28 10:25:41,524] {dagbag.py:500} INFO - Filling up the DagBag from /home/vengat/big_data/python/venv/aflow_env/lib/python3.9/site-packages/airflow/example_dags/example_branch_operator.py
[2022-03-28 10:25:41,558] {processor.py:654} INFO - DAG(s) dict_keys(['example_branch_operator']) retrieved from /home/vengat/big_data/python/venv/aflow_env/lib/python3.9/site-packages/airflow/example_dags/example_branch_operator.py
[2022-03-28 10:25:41,574] {logging_mixin.py:109} INFO - [2022-03-28 10:25:41,574] {dag.py:2398} INFO - Sync 1 DAGs
[2022-03-28 10:25:41,592] {logging_mixin.py:109} INFO - [2022-03-28 10:25:41,592] {dag.py:2937} INFO - Setting next_dagrun for example_branch_operator to 2022-03-27 00:00:00+00:00
[2022-03-28 10:25:41,604] {processor.py:171} INFO - Processing /home/vengat/big_data/python/venv/aflow_env/lib/python3.9/site-packages/airflow/example_dags/example_branch_operator.py took 0.086 seconds
[2022-03-28 10:26:14,597] {processor.py:163} INFO - Started process (PID=53459) to work on /home/vengat/big_data/python/venv/aflow_env/lib/python3.9/site-packages/airflow/example_dags/example_branch_operator.py
[2022-03-28 10:26:14,599] {processor.py:642} INFO - Processing file /home/vengat/big_data/python/venv/aflow_env/lib/python3.9/site-packages/airflow/example_dags/example_branch_operator.py for tasks to queue
[2022-03-28 10:26:14,601] {logging_mixin.py:109} INFO - [2022-03-28 10:26:14,601] {dagbag.py:500} INFO - Filling up the DagBag from /home/vengat/big_data/python/venv/aflow_env/lib/python3.9/site-packages/airflow/example_dags/example_branch_operator.py
[2022-03-28 10:26:14,638] {processor.py:654} INFO - DAG(s) dict_keys(['example_branch_operator']) retrieved from /home/vengat/big_data/python/venv/aflow_env/lib/python3.9/site-packages/airflow/example_dags/example_branch_operator.py
[2022-03-28 10:26:14,649] {logging_mixin.py:109} INFO - [2022-03-28 10:26:14,649] {dag.py:2398} INFO - Sync 1 DAGs
[2022-03-28 10:26:14,675] {logging_mixin.py:109} INFO - [2022-03-28 10:26:14,675] {dag.py:2937} INFO - Setting next_dagrun for example_branch_operator to 2022-03-27 00:00:00+00:00
[2022-03-28 10:26:14,688] {processor.py:171} INFO - Processing /home/vengat/big_data/python/venv/aflow_env/lib/python3.9/site-packages/airflow/example_dags/example_branch_operator.py took 0.095 seconds
[2022-03-28 10:26:52,135] {processor.py:163} INFO - Started process (PID=53494) to work on /home/vengat/big_data/python/venv/aflow_env/lib/python3.9/site-packages/airflow/example_dags/example_branch_operator.py
[2022-03-28 10:26:52,137] {processor.py:642} INFO - Processing file /home/vengat/big_data/python/venv/aflow_env/lib/python3.9/site-packages/airflow/example_dags/example_branch_operator.py for tasks to queue
[2022-03-28 10:26:52,138] {logging_mixin.py:109} INFO - [2022-03-28 10:26:52,138] {dagbag.py:500} INFO - Filling up the DagBag from /home/vengat/big_data/python/venv/aflow_env/lib/python3.9/site-packages/airflow/example_dags/example_branch_operator.py
[2022-03-28 10:26:52,175] {processor.py:654} INFO - DAG(s) dict_keys(['example_branch_operator']) retrieved from /home/vengat/big_data/python/venv/aflow_env/lib/python3.9/site-packages/airflow/example_dags/example_branch_operator.py
[2022-03-28 10:26:52,188] {logging_mixin.py:109} INFO - [2022-03-28 10:26:52,188] {dag.py:2398} INFO - Sync 1 DAGs
[2022-03-28 10:26:52,203] {logging_mixin.py:109} INFO - [2022-03-28 10:26:52,203] {dag.py:2937} INFO - Setting next_dagrun for example_branch_operator to 2022-03-27 00:00:00+00:00
[2022-03-28 10:26:52,213] {processor.py:171} INFO - Processing /home/vengat/big_data/python/venv/aflow_env/lib/python3.9/site-packages/airflow/example_dags/example_branch_operator.py took 0.085 seconds
[2022-03-28 10:27:27,304] {processor.py:163} INFO - Started process (PID=53528) to work on /home/vengat/big_data/python/venv/aflow_env/lib/python3.9/site-packages/airflow/example_dags/example_branch_operator.py
[2022-03-28 10:27:27,306] {processor.py:642} INFO - Processing file /home/vengat/big_data/python/venv/aflow_env/lib/python3.9/site-packages/airflow/example_dags/example_branch_operator.py for tasks to queue
[2022-03-28 10:27:27,306] {logging_mixin.py:109} INFO - [2022-03-28 10:27:27,306] {dagbag.py:500} INFO - Filling up the DagBag from /home/vengat/big_data/python/venv/aflow_env/lib/python3.9/site-packages/airflow/example_dags/example_branch_operator.py
[2022-03-28 10:27:27,340] {processor.py:654} INFO - DAG(s) dict_keys(['example_branch_operator']) retrieved from /home/vengat/big_data/python/venv/aflow_env/lib/python3.9/site-packages/airflow/example_dags/example_branch_operator.py
[2022-03-28 10:27:27,354] {logging_mixin.py:109} INFO - [2022-03-28 10:27:27,354] {dag.py:2398} INFO - Sync 1 DAGs
[2022-03-28 10:27:27,370] {logging_mixin.py:109} INFO - [2022-03-28 10:27:27,370] {dag.py:2937} INFO - Setting next_dagrun for example_branch_operator to 2022-03-27 00:00:00+00:00
[2022-03-28 10:27:27,379] {processor.py:171} INFO - Processing /home/vengat/big_data/python/venv/aflow_env/lib/python3.9/site-packages/airflow/example_dags/example_branch_operator.py took 0.080 seconds
[2022-03-28 10:28:04,133] {processor.py:163} INFO - Started process (PID=53562) to work on /home/vengat/big_data/python/venv/aflow_env/lib/python3.9/site-packages/airflow/example_dags/example_branch_operator.py
[2022-03-28 10:28:04,135] {processor.py:642} INFO - Processing file /home/vengat/big_data/python/venv/aflow_env/lib/python3.9/site-packages/airflow/example_dags/example_branch_operator.py for tasks to queue
[2022-03-28 10:28:04,136] {logging_mixin.py:109} INFO - [2022-03-28 10:28:04,136] {dagbag.py:500} INFO - Filling up the DagBag from /home/vengat/big_data/python/venv/aflow_env/lib/python3.9/site-packages/airflow/example_dags/example_branch_operator.py
[2022-03-28 10:28:04,168] {processor.py:654} INFO - DAG(s) dict_keys(['example_branch_operator']) retrieved from /home/vengat/big_data/python/venv/aflow_env/lib/python3.9/site-packages/airflow/example_dags/example_branch_operator.py
[2022-03-28 10:28:04,179] {logging_mixin.py:109} INFO - [2022-03-28 10:28:04,178] {dag.py:2398} INFO - Sync 1 DAGs
[2022-03-28 10:28:04,196] {logging_mixin.py:109} INFO - [2022-03-28 10:28:04,196] {dag.py:2937} INFO - Setting next_dagrun for example_branch_operator to 2022-03-27 00:00:00+00:00
[2022-03-28 10:28:04,208] {processor.py:171} INFO - Processing /home/vengat/big_data/python/venv/aflow_env/lib/python3.9/site-packages/airflow/example_dags/example_branch_operator.py took 0.078 seconds
[2022-03-28 10:28:39,634] {processor.py:163} INFO - Started process (PID=53598) to work on /home/vengat/big_data/python/venv/aflow_env/lib/python3.9/site-packages/airflow/example_dags/example_branch_operator.py
[2022-03-28 10:28:39,639] {processor.py:642} INFO - Processing file /home/vengat/big_data/python/venv/aflow_env/lib/python3.9/site-packages/airflow/example_dags/example_branch_operator.py for tasks to queue
[2022-03-28 10:28:39,641] {logging_mixin.py:109} INFO - [2022-03-28 10:28:39,641] {dagbag.py:500} INFO - Filling up the DagBag from /home/vengat/big_data/python/venv/aflow_env/lib/python3.9/site-packages/airflow/example_dags/example_branch_operator.py
[2022-03-28 10:28:39,691] {processor.py:654} INFO - DAG(s) dict_keys(['example_branch_operator']) retrieved from /home/vengat/big_data/python/venv/aflow_env/lib/python3.9/site-packages/airflow/example_dags/example_branch_operator.py
[2022-03-28 10:28:39,702] {logging_mixin.py:109} INFO - [2022-03-28 10:28:39,702] {dag.py:2398} INFO - Sync 1 DAGs
[2022-03-28 10:28:39,723] {logging_mixin.py:109} INFO - [2022-03-28 10:28:39,723] {dag.py:2937} INFO - Setting next_dagrun for example_branch_operator to 2022-03-27 00:00:00+00:00
[2022-03-28 10:28:39,731] {processor.py:171} INFO - Processing /home/vengat/big_data/python/venv/aflow_env/lib/python3.9/site-packages/airflow/example_dags/example_branch_operator.py took 0.108 seconds
[2022-03-28 10:29:13,674] {processor.py:163} INFO - Started process (PID=53631) to work on /home/vengat/big_data/python/venv/aflow_env/lib/python3.9/site-packages/airflow/example_dags/example_branch_operator.py
[2022-03-28 10:29:13,675] {processor.py:642} INFO - Processing file /home/vengat/big_data/python/venv/aflow_env/lib/python3.9/site-packages/airflow/example_dags/example_branch_operator.py for tasks to queue
[2022-03-28 10:29:13,676] {logging_mixin.py:109} INFO - [2022-03-28 10:29:13,676] {dagbag.py:500} INFO - Filling up the DagBag from /home/vengat/big_data/python/venv/aflow_env/lib/python3.9/site-packages/airflow/example_dags/example_branch_operator.py
[2022-03-28 10:29:13,705] {processor.py:654} INFO - DAG(s) dict_keys(['example_branch_operator']) retrieved from /home/vengat/big_data/python/venv/aflow_env/lib/python3.9/site-packages/airflow/example_dags/example_branch_operator.py
[2022-03-28 10:29:13,713] {logging_mixin.py:109} INFO - [2022-03-28 10:29:13,713] {dag.py:2398} INFO - Sync 1 DAGs
[2022-03-28 10:29:13,726] {logging_mixin.py:109} INFO - [2022-03-28 10:29:13,726] {dag.py:2937} INFO - Setting next_dagrun for example_branch_operator to 2022-03-27 00:00:00+00:00
[2022-03-28 10:29:13,734] {processor.py:171} INFO - Processing /home/vengat/big_data/python/venv/aflow_env/lib/python3.9/site-packages/airflow/example_dags/example_branch_operator.py took 0.063 seconds
[2022-03-28 10:29:45,911] {processor.py:163} INFO - Started process (PID=53667) to work on /home/vengat/big_data/python/venv/aflow_env/lib/python3.9/site-packages/airflow/example_dags/example_branch_operator.py
[2022-03-28 10:29:45,912] {processor.py:642} INFO - Processing file /home/vengat/big_data/python/venv/aflow_env/lib/python3.9/site-packages/airflow/example_dags/example_branch_operator.py for tasks to queue
[2022-03-28 10:29:45,913] {logging_mixin.py:109} INFO - [2022-03-28 10:29:45,912] {dagbag.py:500} INFO - Filling up the DagBag from /home/vengat/big_data/python/venv/aflow_env/lib/python3.9/site-packages/airflow/example_dags/example_branch_operator.py
[2022-03-28 10:29:45,938] {processor.py:654} INFO - DAG(s) dict_keys(['example_branch_operator']) retrieved from /home/vengat/big_data/python/venv/aflow_env/lib/python3.9/site-packages/airflow/example_dags/example_branch_operator.py
[2022-03-28 10:29:45,946] {logging_mixin.py:109} INFO - [2022-03-28 10:29:45,946] {dag.py:2398} INFO - Sync 1 DAGs
[2022-03-28 10:29:45,958] {logging_mixin.py:109} INFO - [2022-03-28 10:29:45,958] {dag.py:2937} INFO - Setting next_dagrun for example_branch_operator to 2022-03-27 00:00:00+00:00
[2022-03-28 10:29:45,966] {processor.py:171} INFO - Processing /home/vengat/big_data/python/venv/aflow_env/lib/python3.9/site-packages/airflow/example_dags/example_branch_operator.py took 0.058 seconds
[2022-03-28 10:30:22,075] {processor.py:163} INFO - Started process (PID=53703) to work on /home/vengat/big_data/python/venv/aflow_env/lib/python3.9/site-packages/airflow/example_dags/example_branch_operator.py
[2022-03-28 10:30:22,076] {processor.py:642} INFO - Processing file /home/vengat/big_data/python/venv/aflow_env/lib/python3.9/site-packages/airflow/example_dags/example_branch_operator.py for tasks to queue
[2022-03-28 10:30:22,077] {logging_mixin.py:109} INFO - [2022-03-28 10:30:22,077] {dagbag.py:500} INFO - Filling up the DagBag from /home/vengat/big_data/python/venv/aflow_env/lib/python3.9/site-packages/airflow/example_dags/example_branch_operator.py
[2022-03-28 10:30:22,114] {processor.py:654} INFO - DAG(s) dict_keys(['example_branch_operator']) retrieved from /home/vengat/big_data/python/venv/aflow_env/lib/python3.9/site-packages/airflow/example_dags/example_branch_operator.py
[2022-03-28 10:30:22,124] {logging_mixin.py:109} INFO - [2022-03-28 10:30:22,124] {dag.py:2398} INFO - Sync 1 DAGs
[2022-03-28 10:30:22,139] {logging_mixin.py:109} INFO - [2022-03-28 10:30:22,138] {dag.py:2937} INFO - Setting next_dagrun for example_branch_operator to 2022-03-27 00:00:00+00:00
[2022-03-28 10:30:22,149] {processor.py:171} INFO - Processing /home/vengat/big_data/python/venv/aflow_env/lib/python3.9/site-packages/airflow/example_dags/example_branch_operator.py took 0.078 seconds
[2022-03-28 10:30:54,606] {processor.py:163} INFO - Started process (PID=53735) to work on /home/vengat/big_data/python/venv/aflow_env/lib/python3.9/site-packages/airflow/example_dags/example_branch_operator.py
[2022-03-28 10:30:54,610] {processor.py:642} INFO - Processing file /home/vengat/big_data/python/venv/aflow_env/lib/python3.9/site-packages/airflow/example_dags/example_branch_operator.py for tasks to queue
[2022-03-28 10:30:54,611] {logging_mixin.py:109} INFO - [2022-03-28 10:30:54,611] {dagbag.py:500} INFO - Filling up the DagBag from /home/vengat/big_data/python/venv/aflow_env/lib/python3.9/site-packages/airflow/example_dags/example_branch_operator.py
[2022-03-28 10:30:54,647] {processor.py:654} INFO - DAG(s) dict_keys(['example_branch_operator']) retrieved from /home/vengat/big_data/python/venv/aflow_env/lib/python3.9/site-packages/airflow/example_dags/example_branch_operator.py
[2022-03-28 10:30:54,654] {logging_mixin.py:109} INFO - [2022-03-28 10:30:54,654] {dag.py:2398} INFO - Sync 1 DAGs
[2022-03-28 10:30:54,666] {logging_mixin.py:109} INFO - [2022-03-28 10:30:54,666] {dag.py:2937} INFO - Setting next_dagrun for example_branch_operator to 2022-03-27 00:00:00+00:00
[2022-03-28 10:30:54,675] {processor.py:171} INFO - Processing /home/vengat/big_data/python/venv/aflow_env/lib/python3.9/site-packages/airflow/example_dags/example_branch_operator.py took 0.076 seconds
[2022-03-28 10:31:28,280] {processor.py:163} INFO - Started process (PID=53767) to work on /home/vengat/big_data/python/venv/aflow_env/lib/python3.9/site-packages/airflow/example_dags/example_branch_operator.py
[2022-03-28 10:31:28,281] {processor.py:642} INFO - Processing file /home/vengat/big_data/python/venv/aflow_env/lib/python3.9/site-packages/airflow/example_dags/example_branch_operator.py for tasks to queue
[2022-03-28 10:31:28,282] {logging_mixin.py:109} INFO - [2022-03-28 10:31:28,282] {dagbag.py:500} INFO - Filling up the DagBag from /home/vengat/big_data/python/venv/aflow_env/lib/python3.9/site-packages/airflow/example_dags/example_branch_operator.py
[2022-03-28 10:31:28,306] {processor.py:654} INFO - DAG(s) dict_keys(['example_branch_operator']) retrieved from /home/vengat/big_data/python/venv/aflow_env/lib/python3.9/site-packages/airflow/example_dags/example_branch_operator.py
[2022-03-28 10:31:28,315] {logging_mixin.py:109} INFO - [2022-03-28 10:31:28,315] {dag.py:2398} INFO - Sync 1 DAGs
[2022-03-28 10:31:28,327] {logging_mixin.py:109} INFO - [2022-03-28 10:31:28,326] {dag.py:2937} INFO - Setting next_dagrun for example_branch_operator to 2022-03-27 00:00:00+00:00
[2022-03-28 10:31:28,335] {processor.py:171} INFO - Processing /home/vengat/big_data/python/venv/aflow_env/lib/python3.9/site-packages/airflow/example_dags/example_branch_operator.py took 0.058 seconds
[2022-03-28 10:32:02,994] {processor.py:163} INFO - Started process (PID=53804) to work on /home/vengat/big_data/python/venv/aflow_env/lib/python3.9/site-packages/airflow/example_dags/example_branch_operator.py
[2022-03-28 10:32:02,995] {processor.py:642} INFO - Processing file /home/vengat/big_data/python/venv/aflow_env/lib/python3.9/site-packages/airflow/example_dags/example_branch_operator.py for tasks to queue
[2022-03-28 10:32:02,996] {logging_mixin.py:109} INFO - [2022-03-28 10:32:02,996] {dagbag.py:500} INFO - Filling up the DagBag from /home/vengat/big_data/python/venv/aflow_env/lib/python3.9/site-packages/airflow/example_dags/example_branch_operator.py
[2022-03-28 10:32:03,025] {processor.py:654} INFO - DAG(s) dict_keys(['example_branch_operator']) retrieved from /home/vengat/big_data/python/venv/aflow_env/lib/python3.9/site-packages/airflow/example_dags/example_branch_operator.py
[2022-03-28 10:32:03,034] {logging_mixin.py:109} INFO - [2022-03-28 10:32:03,034] {dag.py:2398} INFO - Sync 1 DAGs
[2022-03-28 10:32:03,048] {logging_mixin.py:109} INFO - [2022-03-28 10:32:03,048] {dag.py:2937} INFO - Setting next_dagrun for example_branch_operator to 2022-03-27 00:00:00+00:00
[2022-03-28 10:32:03,058] {processor.py:171} INFO - Processing /home/vengat/big_data/python/venv/aflow_env/lib/python3.9/site-packages/airflow/example_dags/example_branch_operator.py took 0.070 seconds
[2022-03-28 10:32:35,461] {processor.py:163} INFO - Started process (PID=53837) to work on /home/vengat/big_data/python/venv/aflow_env/lib/python3.9/site-packages/airflow/example_dags/example_branch_operator.py
[2022-03-28 10:32:35,465] {processor.py:642} INFO - Processing file /home/vengat/big_data/python/venv/aflow_env/lib/python3.9/site-packages/airflow/example_dags/example_branch_operator.py for tasks to queue
[2022-03-28 10:32:35,467] {logging_mixin.py:109} INFO - [2022-03-28 10:32:35,467] {dagbag.py:500} INFO - Filling up the DagBag from /home/vengat/big_data/python/venv/aflow_env/lib/python3.9/site-packages/airflow/example_dags/example_branch_operator.py
[2022-03-28 10:32:35,520] {processor.py:654} INFO - DAG(s) dict_keys(['example_branch_operator']) retrieved from /home/vengat/big_data/python/venv/aflow_env/lib/python3.9/site-packages/airflow/example_dags/example_branch_operator.py
[2022-03-28 10:32:35,531] {logging_mixin.py:109} INFO - [2022-03-28 10:32:35,531] {dag.py:2398} INFO - Sync 1 DAGs
[2022-03-28 10:32:35,545] {logging_mixin.py:109} INFO - [2022-03-28 10:32:35,545] {dag.py:2937} INFO - Setting next_dagrun for example_branch_operator to 2022-03-27 00:00:00+00:00
[2022-03-28 10:32:35,554] {processor.py:171} INFO - Processing /home/vengat/big_data/python/venv/aflow_env/lib/python3.9/site-packages/airflow/example_dags/example_branch_operator.py took 0.113 seconds
[2022-03-28 10:33:10,455] {processor.py:163} INFO - Started process (PID=53871) to work on /home/vengat/big_data/python/venv/aflow_env/lib/python3.9/site-packages/airflow/example_dags/example_branch_operator.py
[2022-03-28 10:33:10,457] {processor.py:642} INFO - Processing file /home/vengat/big_data/python/venv/aflow_env/lib/python3.9/site-packages/airflow/example_dags/example_branch_operator.py for tasks to queue
[2022-03-28 10:33:10,457] {logging_mixin.py:109} INFO - [2022-03-28 10:33:10,457] {dagbag.py:500} INFO - Filling up the DagBag from /home/vengat/big_data/python/venv/aflow_env/lib/python3.9/site-packages/airflow/example_dags/example_branch_operator.py
[2022-03-28 10:33:10,489] {processor.py:654} INFO - DAG(s) dict_keys(['example_branch_operator']) retrieved from /home/vengat/big_data/python/venv/aflow_env/lib/python3.9/site-packages/airflow/example_dags/example_branch_operator.py
[2022-03-28 10:33:10,499] {logging_mixin.py:109} INFO - [2022-03-28 10:33:10,499] {dag.py:2398} INFO - Sync 1 DAGs
[2022-03-28 10:33:10,519] {logging_mixin.py:109} INFO - [2022-03-28 10:33:10,518] {dag.py:2937} INFO - Setting next_dagrun for example_branch_operator to 2022-03-27 00:00:00+00:00
[2022-03-28 10:33:10,528] {processor.py:171} INFO - Processing /home/vengat/big_data/python/venv/aflow_env/lib/python3.9/site-packages/airflow/example_dags/example_branch_operator.py took 0.077 seconds
[2022-03-28 10:33:46,962] {processor.py:163} INFO - Started process (PID=53912) to work on /home/vengat/big_data/python/venv/aflow_env/lib/python3.9/site-packages/airflow/example_dags/example_branch_operator.py
[2022-03-28 10:33:46,964] {processor.py:642} INFO - Processing file /home/vengat/big_data/python/venv/aflow_env/lib/python3.9/site-packages/airflow/example_dags/example_branch_operator.py for tasks to queue
[2022-03-28 10:33:46,964] {logging_mixin.py:109} INFO - [2022-03-28 10:33:46,964] {dagbag.py:500} INFO - Filling up the DagBag from /home/vengat/big_data/python/venv/aflow_env/lib/python3.9/site-packages/airflow/example_dags/example_branch_operator.py
[2022-03-28 10:33:46,997] {processor.py:654} INFO - DAG(s) dict_keys(['example_branch_operator']) retrieved from /home/vengat/big_data/python/venv/aflow_env/lib/python3.9/site-packages/airflow/example_dags/example_branch_operator.py
[2022-03-28 10:33:47,008] {logging_mixin.py:109} INFO - [2022-03-28 10:33:47,007] {dag.py:2398} INFO - Sync 1 DAGs
[2022-03-28 10:33:47,025] {logging_mixin.py:109} INFO - [2022-03-28 10:33:47,025] {dag.py:2937} INFO - Setting next_dagrun for example_branch_operator to 2022-03-27 00:00:00+00:00
[2022-03-28 10:33:47,035] {processor.py:171} INFO - Processing /home/vengat/big_data/python/venv/aflow_env/lib/python3.9/site-packages/airflow/example_dags/example_branch_operator.py took 0.077 seconds
[2022-03-28 10:34:21,871] {processor.py:163} INFO - Started process (PID=53946) to work on /home/vengat/big_data/python/venv/aflow_env/lib/python3.9/site-packages/airflow/example_dags/example_branch_operator.py
[2022-03-28 10:34:21,873] {processor.py:642} INFO - Processing file /home/vengat/big_data/python/venv/aflow_env/lib/python3.9/site-packages/airflow/example_dags/example_branch_operator.py for tasks to queue
[2022-03-28 10:34:21,873] {logging_mixin.py:109} INFO - [2022-03-28 10:34:21,873] {dagbag.py:500} INFO - Filling up the DagBag from /home/vengat/big_data/python/venv/aflow_env/lib/python3.9/site-packages/airflow/example_dags/example_branch_operator.py
[2022-03-28 10:34:21,930] {processor.py:654} INFO - DAG(s) dict_keys(['example_branch_operator']) retrieved from /home/vengat/big_data/python/venv/aflow_env/lib/python3.9/site-packages/airflow/example_dags/example_branch_operator.py
[2022-03-28 10:34:21,943] {logging_mixin.py:109} INFO - [2022-03-28 10:34:21,943] {dag.py:2398} INFO - Sync 1 DAGs
[2022-03-28 10:34:21,963] {logging_mixin.py:109} INFO - [2022-03-28 10:34:21,963] {dag.py:2937} INFO - Setting next_dagrun for example_branch_operator to 2022-03-27 00:00:00+00:00
[2022-03-28 10:34:21,974] {processor.py:171} INFO - Processing /home/vengat/big_data/python/venv/aflow_env/lib/python3.9/site-packages/airflow/example_dags/example_branch_operator.py took 0.106 seconds
[2022-03-28 10:34:57,047] {processor.py:163} INFO - Started process (PID=53979) to work on /home/vengat/big_data/python/venv/aflow_env/lib/python3.9/site-packages/airflow/example_dags/example_branch_operator.py
[2022-03-28 10:34:57,050] {processor.py:642} INFO - Processing file /home/vengat/big_data/python/venv/aflow_env/lib/python3.9/site-packages/airflow/example_dags/example_branch_operator.py for tasks to queue
[2022-03-28 10:34:57,052] {logging_mixin.py:109} INFO - [2022-03-28 10:34:57,052] {dagbag.py:500} INFO - Filling up the DagBag from /home/vengat/big_data/python/venv/aflow_env/lib/python3.9/site-packages/airflow/example_dags/example_branch_operator.py
[2022-03-28 10:34:57,109] {processor.py:654} INFO - DAG(s) dict_keys(['example_branch_operator']) retrieved from /home/vengat/big_data/python/venv/aflow_env/lib/python3.9/site-packages/airflow/example_dags/example_branch_operator.py
[2022-03-28 10:34:57,131] {logging_mixin.py:109} INFO - [2022-03-28 10:34:57,131] {dag.py:2398} INFO - Sync 1 DAGs
[2022-03-28 10:34:57,175] {logging_mixin.py:109} INFO - [2022-03-28 10:34:57,175] {dag.py:2937} INFO - Setting next_dagrun for example_branch_operator to 2022-03-27 00:00:00+00:00
[2022-03-28 10:34:57,189] {processor.py:171} INFO - Processing /home/vengat/big_data/python/venv/aflow_env/lib/python3.9/site-packages/airflow/example_dags/example_branch_operator.py took 0.149 seconds
[2022-03-28 10:35:33,701] {processor.py:163} INFO - Started process (PID=54012) to work on /home/vengat/big_data/python/venv/aflow_env/lib/python3.9/site-packages/airflow/example_dags/example_branch_operator.py
[2022-03-28 10:35:33,703] {processor.py:642} INFO - Processing file /home/vengat/big_data/python/venv/aflow_env/lib/python3.9/site-packages/airflow/example_dags/example_branch_operator.py for tasks to queue
[2022-03-28 10:35:33,703] {logging_mixin.py:109} INFO - [2022-03-28 10:35:33,703] {dagbag.py:500} INFO - Filling up the DagBag from /home/vengat/big_data/python/venv/aflow_env/lib/python3.9/site-packages/airflow/example_dags/example_branch_operator.py
[2022-03-28 10:35:33,746] {processor.py:654} INFO - DAG(s) dict_keys(['example_branch_operator']) retrieved from /home/vengat/big_data/python/venv/aflow_env/lib/python3.9/site-packages/airflow/example_dags/example_branch_operator.py
[2022-03-28 10:35:33,755] {logging_mixin.py:109} INFO - [2022-03-28 10:35:33,755] {dag.py:2398} INFO - Sync 1 DAGs
[2022-03-28 10:35:33,771] {logging_mixin.py:109} INFO - [2022-03-28 10:35:33,771] {dag.py:2937} INFO - Setting next_dagrun for example_branch_operator to 2022-03-27 00:00:00+00:00
[2022-03-28 10:35:33,779] {processor.py:171} INFO - Processing /home/vengat/big_data/python/venv/aflow_env/lib/python3.9/site-packages/airflow/example_dags/example_branch_operator.py took 0.088 seconds
[2022-03-28 10:36:11,283] {processor.py:163} INFO - Started process (PID=54047) to work on /home/vengat/big_data/python/venv/aflow_env/lib/python3.9/site-packages/airflow/example_dags/example_branch_operator.py
[2022-03-28 10:36:11,285] {processor.py:642} INFO - Processing file /home/vengat/big_data/python/venv/aflow_env/lib/python3.9/site-packages/airflow/example_dags/example_branch_operator.py for tasks to queue
[2022-03-28 10:36:11,286] {logging_mixin.py:109} INFO - [2022-03-28 10:36:11,285] {dagbag.py:500} INFO - Filling up the DagBag from /home/vengat/big_data/python/venv/aflow_env/lib/python3.9/site-packages/airflow/example_dags/example_branch_operator.py
[2022-03-28 10:36:11,318] {processor.py:654} INFO - DAG(s) dict_keys(['example_branch_operator']) retrieved from /home/vengat/big_data/python/venv/aflow_env/lib/python3.9/site-packages/airflow/example_dags/example_branch_operator.py
[2022-03-28 10:36:11,327] {logging_mixin.py:109} INFO - [2022-03-28 10:36:11,327] {dag.py:2398} INFO - Sync 1 DAGs
[2022-03-28 10:36:11,358] {logging_mixin.py:109} INFO - [2022-03-28 10:36:11,358] {dag.py:2937} INFO - Setting next_dagrun for example_branch_operator to 2022-03-27 00:00:00+00:00
[2022-03-28 10:36:11,370] {processor.py:171} INFO - Processing /home/vengat/big_data/python/venv/aflow_env/lib/python3.9/site-packages/airflow/example_dags/example_branch_operator.py took 0.092 seconds
[2022-03-28 10:36:46,144] {processor.py:163} INFO - Started process (PID=54081) to work on /home/vengat/big_data/python/venv/aflow_env/lib/python3.9/site-packages/airflow/example_dags/example_branch_operator.py
[2022-03-28 10:36:46,146] {processor.py:642} INFO - Processing file /home/vengat/big_data/python/venv/aflow_env/lib/python3.9/site-packages/airflow/example_dags/example_branch_operator.py for tasks to queue
[2022-03-28 10:36:46,147] {logging_mixin.py:109} INFO - [2022-03-28 10:36:46,147] {dagbag.py:500} INFO - Filling up the DagBag from /home/vengat/big_data/python/venv/aflow_env/lib/python3.9/site-packages/airflow/example_dags/example_branch_operator.py
[2022-03-28 10:36:46,180] {processor.py:654} INFO - DAG(s) dict_keys(['example_branch_operator']) retrieved from /home/vengat/big_data/python/venv/aflow_env/lib/python3.9/site-packages/airflow/example_dags/example_branch_operator.py
[2022-03-28 10:36:46,192] {logging_mixin.py:109} INFO - [2022-03-28 10:36:46,192] {dag.py:2398} INFO - Sync 1 DAGs
[2022-03-28 10:36:46,207] {logging_mixin.py:109} INFO - [2022-03-28 10:36:46,207] {dag.py:2937} INFO - Setting next_dagrun for example_branch_operator to 2022-03-27 00:00:00+00:00
[2022-03-28 10:36:46,217] {processor.py:171} INFO - Processing /home/vengat/big_data/python/venv/aflow_env/lib/python3.9/site-packages/airflow/example_dags/example_branch_operator.py took 0.077 seconds
[2022-03-28 10:37:21,277] {processor.py:163} INFO - Started process (PID=54113) to work on /home/vengat/big_data/python/venv/aflow_env/lib/python3.9/site-packages/airflow/example_dags/example_branch_operator.py
[2022-03-28 10:37:21,279] {processor.py:642} INFO - Processing file /home/vengat/big_data/python/venv/aflow_env/lib/python3.9/site-packages/airflow/example_dags/example_branch_operator.py for tasks to queue
[2022-03-28 10:37:21,280] {logging_mixin.py:109} INFO - [2022-03-28 10:37:21,280] {dagbag.py:500} INFO - Filling up the DagBag from /home/vengat/big_data/python/venv/aflow_env/lib/python3.9/site-packages/airflow/example_dags/example_branch_operator.py
[2022-03-28 10:37:21,310] {processor.py:654} INFO - DAG(s) dict_keys(['example_branch_operator']) retrieved from /home/vengat/big_data/python/venv/aflow_env/lib/python3.9/site-packages/airflow/example_dags/example_branch_operator.py
[2022-03-28 10:37:21,323] {logging_mixin.py:109} INFO - [2022-03-28 10:37:21,323] {dag.py:2398} INFO - Sync 1 DAGs
[2022-03-28 10:37:21,340] {logging_mixin.py:109} INFO - [2022-03-28 10:37:21,340] {dag.py:2937} INFO - Setting next_dagrun for example_branch_operator to 2022-03-27 00:00:00+00:00
[2022-03-28 10:37:21,352] {processor.py:171} INFO - Processing /home/vengat/big_data/python/venv/aflow_env/lib/python3.9/site-packages/airflow/example_dags/example_branch_operator.py took 0.079 seconds
[2022-03-28 10:37:54,474] {processor.py:163} INFO - Started process (PID=54163) to work on /home/vengat/big_data/python/venv/aflow_env/lib/python3.9/site-packages/airflow/example_dags/example_branch_operator.py
[2022-03-28 10:37:54,476] {processor.py:642} INFO - Processing file /home/vengat/big_data/python/venv/aflow_env/lib/python3.9/site-packages/airflow/example_dags/example_branch_operator.py for tasks to queue
[2022-03-28 10:37:54,477] {logging_mixin.py:109} INFO - [2022-03-28 10:37:54,477] {dagbag.py:500} INFO - Filling up the DagBag from /home/vengat/big_data/python/venv/aflow_env/lib/python3.9/site-packages/airflow/example_dags/example_branch_operator.py
[2022-03-28 10:37:54,515] {processor.py:654} INFO - DAG(s) dict_keys(['example_branch_operator']) retrieved from /home/vengat/big_data/python/venv/aflow_env/lib/python3.9/site-packages/airflow/example_dags/example_branch_operator.py
[2022-03-28 10:37:54,531] {logging_mixin.py:109} INFO - [2022-03-28 10:37:54,531] {dag.py:2398} INFO - Sync 1 DAGs
[2022-03-28 10:37:54,549] {logging_mixin.py:109} INFO - [2022-03-28 10:37:54,549] {dag.py:2937} INFO - Setting next_dagrun for example_branch_operator to 2022-03-27 00:00:00+00:00
[2022-03-28 10:37:54,566] {processor.py:171} INFO - Processing /home/vengat/big_data/python/venv/aflow_env/lib/python3.9/site-packages/airflow/example_dags/example_branch_operator.py took 0.101 seconds
[2022-03-28 10:38:29,013] {processor.py:163} INFO - Started process (PID=54227) to work on /home/vengat/big_data/python/venv/aflow_env/lib/python3.9/site-packages/airflow/example_dags/example_branch_operator.py
[2022-03-28 10:38:29,015] {processor.py:642} INFO - Processing file /home/vengat/big_data/python/venv/aflow_env/lib/python3.9/site-packages/airflow/example_dags/example_branch_operator.py for tasks to queue
[2022-03-28 10:38:29,016] {logging_mixin.py:109} INFO - [2022-03-28 10:38:29,015] {dagbag.py:500} INFO - Filling up the DagBag from /home/vengat/big_data/python/venv/aflow_env/lib/python3.9/site-packages/airflow/example_dags/example_branch_operator.py
[2022-03-28 10:38:29,045] {processor.py:654} INFO - DAG(s) dict_keys(['example_branch_operator']) retrieved from /home/vengat/big_data/python/venv/aflow_env/lib/python3.9/site-packages/airflow/example_dags/example_branch_operator.py
[2022-03-28 10:38:29,055] {logging_mixin.py:109} INFO - [2022-03-28 10:38:29,055] {dag.py:2398} INFO - Sync 1 DAGs
[2022-03-28 10:38:29,069] {logging_mixin.py:109} INFO - [2022-03-28 10:38:29,069] {dag.py:2937} INFO - Setting next_dagrun for example_branch_operator to 2022-03-27 00:00:00+00:00
[2022-03-28 10:38:29,079] {processor.py:171} INFO - Processing /home/vengat/big_data/python/venv/aflow_env/lib/python3.9/site-packages/airflow/example_dags/example_branch_operator.py took 0.069 seconds
[2022-03-28 10:39:01,719] {processor.py:163} INFO - Started process (PID=54272) to work on /home/vengat/big_data/python/venv/aflow_env/lib/python3.9/site-packages/airflow/example_dags/example_branch_operator.py
[2022-03-28 10:39:01,722] {processor.py:642} INFO - Processing file /home/vengat/big_data/python/venv/aflow_env/lib/python3.9/site-packages/airflow/example_dags/example_branch_operator.py for tasks to queue
[2022-03-28 10:39:01,723] {logging_mixin.py:109} INFO - [2022-03-28 10:39:01,723] {dagbag.py:500} INFO - Filling up the DagBag from /home/vengat/big_data/python/venv/aflow_env/lib/python3.9/site-packages/airflow/example_dags/example_branch_operator.py
[2022-03-28 10:39:01,765] {processor.py:654} INFO - DAG(s) dict_keys(['example_branch_operator']) retrieved from /home/vengat/big_data/python/venv/aflow_env/lib/python3.9/site-packages/airflow/example_dags/example_branch_operator.py
[2022-03-28 10:39:01,777] {logging_mixin.py:109} INFO - [2022-03-28 10:39:01,776] {dag.py:2398} INFO - Sync 1 DAGs
[2022-03-28 10:39:01,792] {logging_mixin.py:109} INFO - [2022-03-28 10:39:01,792] {dag.py:2937} INFO - Setting next_dagrun for example_branch_operator to 2022-03-27 00:00:00+00:00
[2022-03-28 10:39:01,805] {processor.py:171} INFO - Processing /home/vengat/big_data/python/venv/aflow_env/lib/python3.9/site-packages/airflow/example_dags/example_branch_operator.py took 0.089 seconds
[2022-03-28 10:39:36,585] {processor.py:163} INFO - Started process (PID=54336) to work on /home/vengat/big_data/python/venv/aflow_env/lib/python3.9/site-packages/airflow/example_dags/example_branch_operator.py
[2022-03-28 10:39:36,587] {processor.py:642} INFO - Processing file /home/vengat/big_data/python/venv/aflow_env/lib/python3.9/site-packages/airflow/example_dags/example_branch_operator.py for tasks to queue
[2022-03-28 10:39:36,588] {logging_mixin.py:109} INFO - [2022-03-28 10:39:36,588] {dagbag.py:500} INFO - Filling up the DagBag from /home/vengat/big_data/python/venv/aflow_env/lib/python3.9/site-packages/airflow/example_dags/example_branch_operator.py
[2022-03-28 10:39:36,625] {processor.py:654} INFO - DAG(s) dict_keys(['example_branch_operator']) retrieved from /home/vengat/big_data/python/venv/aflow_env/lib/python3.9/site-packages/airflow/example_dags/example_branch_operator.py
[2022-03-28 10:39:36,638] {logging_mixin.py:109} INFO - [2022-03-28 10:39:36,637] {dag.py:2398} INFO - Sync 1 DAGs
[2022-03-28 10:39:36,660] {logging_mixin.py:109} INFO - [2022-03-28 10:39:36,660] {dag.py:2937} INFO - Setting next_dagrun for example_branch_operator to 2022-03-27 00:00:00+00:00
[2022-03-28 10:39:36,671] {processor.py:171} INFO - Processing /home/vengat/big_data/python/venv/aflow_env/lib/python3.9/site-packages/airflow/example_dags/example_branch_operator.py took 0.091 seconds
[2022-03-28 10:40:12,864] {processor.py:163} INFO - Started process (PID=54376) to work on /home/vengat/big_data/python/venv/aflow_env/lib/python3.9/site-packages/airflow/example_dags/example_branch_operator.py
[2022-03-28 10:40:12,865] {processor.py:642} INFO - Processing file /home/vengat/big_data/python/venv/aflow_env/lib/python3.9/site-packages/airflow/example_dags/example_branch_operator.py for tasks to queue
[2022-03-28 10:40:12,866] {logging_mixin.py:109} INFO - [2022-03-28 10:40:12,866] {dagbag.py:500} INFO - Filling up the DagBag from /home/vengat/big_data/python/venv/aflow_env/lib/python3.9/site-packages/airflow/example_dags/example_branch_operator.py
[2022-03-28 10:40:12,900] {processor.py:654} INFO - DAG(s) dict_keys(['example_branch_operator']) retrieved from /home/vengat/big_data/python/venv/aflow_env/lib/python3.9/site-packages/airflow/example_dags/example_branch_operator.py
[2022-03-28 10:40:12,909] {logging_mixin.py:109} INFO - [2022-03-28 10:40:12,909] {dag.py:2398} INFO - Sync 1 DAGs
[2022-03-28 10:40:12,923] {logging_mixin.py:109} INFO - [2022-03-28 10:40:12,923] {dag.py:2937} INFO - Setting next_dagrun for example_branch_operator to 2022-03-27 00:00:00+00:00
[2022-03-28 10:40:12,932] {processor.py:171} INFO - Processing /home/vengat/big_data/python/venv/aflow_env/lib/python3.9/site-packages/airflow/example_dags/example_branch_operator.py took 0.072 seconds
[2022-03-28 10:40:50,528] {processor.py:163} INFO - Started process (PID=54493) to work on /home/vengat/big_data/python/venv/aflow_env/lib/python3.9/site-packages/airflow/example_dags/example_branch_operator.py
[2022-03-28 10:40:50,530] {processor.py:642} INFO - Processing file /home/vengat/big_data/python/venv/aflow_env/lib/python3.9/site-packages/airflow/example_dags/example_branch_operator.py for tasks to queue
[2022-03-28 10:40:50,530] {logging_mixin.py:109} INFO - [2022-03-28 10:40:50,530] {dagbag.py:500} INFO - Filling up the DagBag from /home/vengat/big_data/python/venv/aflow_env/lib/python3.9/site-packages/airflow/example_dags/example_branch_operator.py
[2022-03-28 10:40:50,557] {processor.py:654} INFO - DAG(s) dict_keys(['example_branch_operator']) retrieved from /home/vengat/big_data/python/venv/aflow_env/lib/python3.9/site-packages/airflow/example_dags/example_branch_operator.py
[2022-03-28 10:40:50,566] {logging_mixin.py:109} INFO - [2022-03-28 10:40:50,566] {dag.py:2398} INFO - Sync 1 DAGs
[2022-03-28 10:40:50,578] {logging_mixin.py:109} INFO - [2022-03-28 10:40:50,578] {dag.py:2937} INFO - Setting next_dagrun for example_branch_operator to 2022-03-27 00:00:00+00:00
[2022-03-28 10:40:50,588] {processor.py:171} INFO - Processing /home/vengat/big_data/python/venv/aflow_env/lib/python3.9/site-packages/airflow/example_dags/example_branch_operator.py took 0.064 seconds
[2022-03-28 10:41:25,746] {processor.py:163} INFO - Started process (PID=54527) to work on /home/vengat/big_data/python/venv/aflow_env/lib/python3.9/site-packages/airflow/example_dags/example_branch_operator.py
[2022-03-28 10:41:25,748] {processor.py:642} INFO - Processing file /home/vengat/big_data/python/venv/aflow_env/lib/python3.9/site-packages/airflow/example_dags/example_branch_operator.py for tasks to queue
[2022-03-28 10:41:25,748] {logging_mixin.py:109} INFO - [2022-03-28 10:41:25,748] {dagbag.py:500} INFO - Filling up the DagBag from /home/vengat/big_data/python/venv/aflow_env/lib/python3.9/site-packages/airflow/example_dags/example_branch_operator.py
[2022-03-28 10:41:25,774] {processor.py:654} INFO - DAG(s) dict_keys(['example_branch_operator']) retrieved from /home/vengat/big_data/python/venv/aflow_env/lib/python3.9/site-packages/airflow/example_dags/example_branch_operator.py
[2022-03-28 10:41:25,784] {logging_mixin.py:109} INFO - [2022-03-28 10:41:25,783] {dag.py:2398} INFO - Sync 1 DAGs
[2022-03-28 10:41:25,795] {logging_mixin.py:109} INFO - [2022-03-28 10:41:25,795] {dag.py:2937} INFO - Setting next_dagrun for example_branch_operator to 2022-03-27 00:00:00+00:00
[2022-03-28 10:41:25,805] {processor.py:171} INFO - Processing /home/vengat/big_data/python/venv/aflow_env/lib/python3.9/site-packages/airflow/example_dags/example_branch_operator.py took 0.063 seconds
[2022-03-28 10:41:58,950] {processor.py:163} INFO - Started process (PID=54560) to work on /home/vengat/big_data/python/venv/aflow_env/lib/python3.9/site-packages/airflow/example_dags/example_branch_operator.py
[2022-03-28 10:41:58,952] {processor.py:642} INFO - Processing file /home/vengat/big_data/python/venv/aflow_env/lib/python3.9/site-packages/airflow/example_dags/example_branch_operator.py for tasks to queue
[2022-03-28 10:41:58,953] {logging_mixin.py:109} INFO - [2022-03-28 10:41:58,953] {dagbag.py:500} INFO - Filling up the DagBag from /home/vengat/big_data/python/venv/aflow_env/lib/python3.9/site-packages/airflow/example_dags/example_branch_operator.py
[2022-03-28 10:41:58,979] {processor.py:654} INFO - DAG(s) dict_keys(['example_branch_operator']) retrieved from /home/vengat/big_data/python/venv/aflow_env/lib/python3.9/site-packages/airflow/example_dags/example_branch_operator.py
[2022-03-28 10:41:58,988] {logging_mixin.py:109} INFO - [2022-03-28 10:41:58,987] {dag.py:2398} INFO - Sync 1 DAGs
[2022-03-28 10:41:59,000] {logging_mixin.py:109} INFO - [2022-03-28 10:41:58,999] {dag.py:2937} INFO - Setting next_dagrun for example_branch_operator to 2022-03-27 00:00:00+00:00
[2022-03-28 10:41:59,008] {processor.py:171} INFO - Processing /home/vengat/big_data/python/venv/aflow_env/lib/python3.9/site-packages/airflow/example_dags/example_branch_operator.py took 0.061 seconds
[2022-03-28 10:42:33,924] {processor.py:163} INFO - Started process (PID=54612) to work on /home/vengat/big_data/python/venv/aflow_env/lib/python3.9/site-packages/airflow/example_dags/example_branch_operator.py
[2022-03-28 10:42:33,925] {processor.py:642} INFO - Processing file /home/vengat/big_data/python/venv/aflow_env/lib/python3.9/site-packages/airflow/example_dags/example_branch_operator.py for tasks to queue
[2022-03-28 10:42:33,926] {logging_mixin.py:109} INFO - [2022-03-28 10:42:33,926] {dagbag.py:500} INFO - Filling up the DagBag from /home/vengat/big_data/python/venv/aflow_env/lib/python3.9/site-packages/airflow/example_dags/example_branch_operator.py
[2022-03-28 10:42:33,951] {processor.py:654} INFO - DAG(s) dict_keys(['example_branch_operator']) retrieved from /home/vengat/big_data/python/venv/aflow_env/lib/python3.9/site-packages/airflow/example_dags/example_branch_operator.py
[2022-03-28 10:42:33,959] {logging_mixin.py:109} INFO - [2022-03-28 10:42:33,959] {dag.py:2398} INFO - Sync 1 DAGs
[2022-03-28 10:42:33,971] {logging_mixin.py:109} INFO - [2022-03-28 10:42:33,971] {dag.py:2937} INFO - Setting next_dagrun for example_branch_operator to 2022-03-27 00:00:00+00:00
[2022-03-28 10:42:33,980] {processor.py:171} INFO - Processing /home/vengat/big_data/python/venv/aflow_env/lib/python3.9/site-packages/airflow/example_dags/example_branch_operator.py took 0.066 seconds
[2022-03-28 10:43:06,328] {processor.py:163} INFO - Started process (PID=54648) to work on /home/vengat/big_data/python/venv/aflow_env/lib/python3.9/site-packages/airflow/example_dags/example_branch_operator.py
[2022-03-28 10:43:06,330] {processor.py:642} INFO - Processing file /home/vengat/big_data/python/venv/aflow_env/lib/python3.9/site-packages/airflow/example_dags/example_branch_operator.py for tasks to queue
[2022-03-28 10:43:06,330] {logging_mixin.py:109} INFO - [2022-03-28 10:43:06,330] {dagbag.py:500} INFO - Filling up the DagBag from /home/vengat/big_data/python/venv/aflow_env/lib/python3.9/site-packages/airflow/example_dags/example_branch_operator.py
[2022-03-28 10:43:06,355] {processor.py:654} INFO - DAG(s) dict_keys(['example_branch_operator']) retrieved from /home/vengat/big_data/python/venv/aflow_env/lib/python3.9/site-packages/airflow/example_dags/example_branch_operator.py
[2022-03-28 10:43:06,363] {logging_mixin.py:109} INFO - [2022-03-28 10:43:06,363] {dag.py:2398} INFO - Sync 1 DAGs
[2022-03-28 10:43:06,376] {logging_mixin.py:109} INFO - [2022-03-28 10:43:06,376] {dag.py:2937} INFO - Setting next_dagrun for example_branch_operator to 2022-03-27 00:00:00+00:00
[2022-03-28 10:43:06,385] {processor.py:171} INFO - Processing /home/vengat/big_data/python/venv/aflow_env/lib/python3.9/site-packages/airflow/example_dags/example_branch_operator.py took 0.060 seconds
[2022-03-28 10:43:42,198] {processor.py:163} INFO - Started process (PID=54710) to work on /home/vengat/big_data/python/venv/aflow_env/lib/python3.9/site-packages/airflow/example_dags/example_branch_operator.py
[2022-03-28 10:43:42,200] {processor.py:642} INFO - Processing file /home/vengat/big_data/python/venv/aflow_env/lib/python3.9/site-packages/airflow/example_dags/example_branch_operator.py for tasks to queue
[2022-03-28 10:43:42,201] {logging_mixin.py:109} INFO - [2022-03-28 10:43:42,201] {dagbag.py:500} INFO - Filling up the DagBag from /home/vengat/big_data/python/venv/aflow_env/lib/python3.9/site-packages/airflow/example_dags/example_branch_operator.py
[2022-03-28 10:43:42,233] {processor.py:654} INFO - DAG(s) dict_keys(['example_branch_operator']) retrieved from /home/vengat/big_data/python/venv/aflow_env/lib/python3.9/site-packages/airflow/example_dags/example_branch_operator.py
[2022-03-28 10:43:42,241] {logging_mixin.py:109} INFO - [2022-03-28 10:43:42,240] {dag.py:2398} INFO - Sync 1 DAGs
[2022-03-28 10:43:42,258] {logging_mixin.py:109} INFO - [2022-03-28 10:43:42,258] {dag.py:2937} INFO - Setting next_dagrun for example_branch_operator to 2022-03-27 00:00:00+00:00
[2022-03-28 10:43:42,267] {processor.py:171} INFO - Processing /home/vengat/big_data/python/venv/aflow_env/lib/python3.9/site-packages/airflow/example_dags/example_branch_operator.py took 0.075 seconds
[2022-03-28 10:44:20,310] {processor.py:163} INFO - Started process (PID=54767) to work on /home/vengat/big_data/python/venv/aflow_env/lib/python3.9/site-packages/airflow/example_dags/example_branch_operator.py
[2022-03-28 10:44:20,311] {processor.py:642} INFO - Processing file /home/vengat/big_data/python/venv/aflow_env/lib/python3.9/site-packages/airflow/example_dags/example_branch_operator.py for tasks to queue
[2022-03-28 10:44:20,312] {logging_mixin.py:109} INFO - [2022-03-28 10:44:20,312] {dagbag.py:500} INFO - Filling up the DagBag from /home/vengat/big_data/python/venv/aflow_env/lib/python3.9/site-packages/airflow/example_dags/example_branch_operator.py
[2022-03-28 10:44:20,340] {processor.py:654} INFO - DAG(s) dict_keys(['example_branch_operator']) retrieved from /home/vengat/big_data/python/venv/aflow_env/lib/python3.9/site-packages/airflow/example_dags/example_branch_operator.py
[2022-03-28 10:44:20,351] {logging_mixin.py:109} INFO - [2022-03-28 10:44:20,351] {dag.py:2398} INFO - Sync 1 DAGs
[2022-03-28 10:44:20,365] {logging_mixin.py:109} INFO - [2022-03-28 10:44:20,364] {dag.py:2937} INFO - Setting next_dagrun for example_branch_operator to 2022-03-27 00:00:00+00:00
[2022-03-28 10:44:20,374] {processor.py:171} INFO - Processing /home/vengat/big_data/python/venv/aflow_env/lib/python3.9/site-packages/airflow/example_dags/example_branch_operator.py took 0.068 seconds
[2022-03-28 10:44:55,404] {processor.py:163} INFO - Started process (PID=54800) to work on /home/vengat/big_data/python/venv/aflow_env/lib/python3.9/site-packages/airflow/example_dags/example_branch_operator.py
[2022-03-28 10:44:55,407] {processor.py:642} INFO - Processing file /home/vengat/big_data/python/venv/aflow_env/lib/python3.9/site-packages/airflow/example_dags/example_branch_operator.py for tasks to queue
[2022-03-28 10:44:55,408] {logging_mixin.py:109} INFO - [2022-03-28 10:44:55,408] {dagbag.py:500} INFO - Filling up the DagBag from /home/vengat/big_data/python/venv/aflow_env/lib/python3.9/site-packages/airflow/example_dags/example_branch_operator.py
[2022-03-28 10:44:55,437] {processor.py:654} INFO - DAG(s) dict_keys(['example_branch_operator']) retrieved from /home/vengat/big_data/python/venv/aflow_env/lib/python3.9/site-packages/airflow/example_dags/example_branch_operator.py
[2022-03-28 10:44:55,447] {logging_mixin.py:109} INFO - [2022-03-28 10:44:55,447] {dag.py:2398} INFO - Sync 1 DAGs
[2022-03-28 10:44:55,460] {logging_mixin.py:109} INFO - [2022-03-28 10:44:55,460] {dag.py:2937} INFO - Setting next_dagrun for example_branch_operator to 2022-03-27 00:00:00+00:00
[2022-03-28 10:44:55,469] {processor.py:171} INFO - Processing /home/vengat/big_data/python/venv/aflow_env/lib/python3.9/site-packages/airflow/example_dags/example_branch_operator.py took 0.070 seconds
[2022-03-28 10:45:29,860] {processor.py:163} INFO - Started process (PID=54834) to work on /home/vengat/big_data/python/venv/aflow_env/lib/python3.9/site-packages/airflow/example_dags/example_branch_operator.py
[2022-03-28 10:45:29,862] {processor.py:642} INFO - Processing file /home/vengat/big_data/python/venv/aflow_env/lib/python3.9/site-packages/airflow/example_dags/example_branch_operator.py for tasks to queue
[2022-03-28 10:45:29,863] {logging_mixin.py:109} INFO - [2022-03-28 10:45:29,863] {dagbag.py:500} INFO - Filling up the DagBag from /home/vengat/big_data/python/venv/aflow_env/lib/python3.9/site-packages/airflow/example_dags/example_branch_operator.py
[2022-03-28 10:45:29,889] {processor.py:654} INFO - DAG(s) dict_keys(['example_branch_operator']) retrieved from /home/vengat/big_data/python/venv/aflow_env/lib/python3.9/site-packages/airflow/example_dags/example_branch_operator.py
[2022-03-28 10:45:29,898] {logging_mixin.py:109} INFO - [2022-03-28 10:45:29,898] {dag.py:2398} INFO - Sync 1 DAGs
[2022-03-28 10:45:29,913] {logging_mixin.py:109} INFO - [2022-03-28 10:45:29,913] {dag.py:2937} INFO - Setting next_dagrun for example_branch_operator to 2022-03-27 00:00:00+00:00
[2022-03-28 10:45:29,924] {processor.py:171} INFO - Processing /home/vengat/big_data/python/venv/aflow_env/lib/python3.9/site-packages/airflow/example_dags/example_branch_operator.py took 0.066 seconds
[2022-03-28 10:46:03,397] {processor.py:163} INFO - Started process (PID=54914) to work on /home/vengat/big_data/python/venv/aflow_env/lib/python3.9/site-packages/airflow/example_dags/example_branch_operator.py
[2022-03-28 10:46:03,400] {processor.py:642} INFO - Processing file /home/vengat/big_data/python/venv/aflow_env/lib/python3.9/site-packages/airflow/example_dags/example_branch_operator.py for tasks to queue
[2022-03-28 10:46:03,401] {logging_mixin.py:109} INFO - [2022-03-28 10:46:03,401] {dagbag.py:500} INFO - Filling up the DagBag from /home/vengat/big_data/python/venv/aflow_env/lib/python3.9/site-packages/airflow/example_dags/example_branch_operator.py
[2022-03-28 10:46:03,437] {processor.py:654} INFO - DAG(s) dict_keys(['example_branch_operator']) retrieved from /home/vengat/big_data/python/venv/aflow_env/lib/python3.9/site-packages/airflow/example_dags/example_branch_operator.py
[2022-03-28 10:46:03,446] {logging_mixin.py:109} INFO - [2022-03-28 10:46:03,446] {dag.py:2398} INFO - Sync 1 DAGs
[2022-03-28 10:46:03,459] {logging_mixin.py:109} INFO - [2022-03-28 10:46:03,459] {dag.py:2937} INFO - Setting next_dagrun for example_branch_operator to 2022-03-27 00:00:00+00:00
[2022-03-28 10:46:03,468] {processor.py:171} INFO - Processing /home/vengat/big_data/python/venv/aflow_env/lib/python3.9/site-packages/airflow/example_dags/example_branch_operator.py took 0.079 seconds
[2022-03-28 10:46:37,699] {processor.py:163} INFO - Started process (PID=54949) to work on /home/vengat/big_data/python/venv/aflow_env/lib/python3.9/site-packages/airflow/example_dags/example_branch_operator.py
[2022-03-28 10:46:37,701] {processor.py:642} INFO - Processing file /home/vengat/big_data/python/venv/aflow_env/lib/python3.9/site-packages/airflow/example_dags/example_branch_operator.py for tasks to queue
[2022-03-28 10:46:37,701] {logging_mixin.py:109} INFO - [2022-03-28 10:46:37,701] {dagbag.py:500} INFO - Filling up the DagBag from /home/vengat/big_data/python/venv/aflow_env/lib/python3.9/site-packages/airflow/example_dags/example_branch_operator.py
[2022-03-28 10:46:37,745] {processor.py:654} INFO - DAG(s) dict_keys(['example_branch_operator']) retrieved from /home/vengat/big_data/python/venv/aflow_env/lib/python3.9/site-packages/airflow/example_dags/example_branch_operator.py
[2022-03-28 10:46:37,758] {logging_mixin.py:109} INFO - [2022-03-28 10:46:37,758] {dag.py:2398} INFO - Sync 1 DAGs
[2022-03-28 10:46:37,775] {logging_mixin.py:109} INFO - [2022-03-28 10:46:37,775] {dag.py:2937} INFO - Setting next_dagrun for example_branch_operator to 2022-03-27 00:00:00+00:00
[2022-03-28 10:46:37,785] {processor.py:171} INFO - Processing /home/vengat/big_data/python/venv/aflow_env/lib/python3.9/site-packages/airflow/example_dags/example_branch_operator.py took 0.098 seconds
[2022-03-28 10:47:40,014] {processor.py:163} INFO - Started process (PID=55000) to work on /home/vengat/big_data/python/venv/aflow_env/lib/python3.9/site-packages/airflow/example_dags/example_branch_operator.py
[2022-03-28 10:47:40,017] {processor.py:642} INFO - Processing file /home/vengat/big_data/python/venv/aflow_env/lib/python3.9/site-packages/airflow/example_dags/example_branch_operator.py for tasks to queue
[2022-03-28 10:47:40,018] {logging_mixin.py:109} INFO - [2022-03-28 10:47:40,018] {dagbag.py:500} INFO - Filling up the DagBag from /home/vengat/big_data/python/venv/aflow_env/lib/python3.9/site-packages/airflow/example_dags/example_branch_operator.py
[2022-03-28 10:47:40,052] {processor.py:654} INFO - DAG(s) dict_keys(['example_branch_operator']) retrieved from /home/vengat/big_data/python/venv/aflow_env/lib/python3.9/site-packages/airflow/example_dags/example_branch_operator.py
[2022-03-28 10:47:40,062] {logging_mixin.py:109} INFO - [2022-03-28 10:47:40,062] {dag.py:2398} INFO - Sync 1 DAGs
[2022-03-28 10:47:40,076] {logging_mixin.py:109} INFO - [2022-03-28 10:47:40,076] {dag.py:2937} INFO - Setting next_dagrun for example_branch_operator to 2022-03-27 00:00:00+00:00
[2022-03-28 10:47:40,119] {processor.py:171} INFO - Processing /home/vengat/big_data/python/venv/aflow_env/lib/python3.9/site-packages/airflow/example_dags/example_branch_operator.py took 0.108 seconds
[2022-03-28 10:48:23,441] {processor.py:163} INFO - Started process (PID=55046) to work on /home/vengat/big_data/python/venv/aflow_env/lib/python3.9/site-packages/airflow/example_dags/example_branch_operator.py
[2022-03-28 10:48:23,443] {processor.py:642} INFO - Processing file /home/vengat/big_data/python/venv/aflow_env/lib/python3.9/site-packages/airflow/example_dags/example_branch_operator.py for tasks to queue
[2022-03-28 10:48:23,444] {logging_mixin.py:109} INFO - [2022-03-28 10:48:23,444] {dagbag.py:500} INFO - Filling up the DagBag from /home/vengat/big_data/python/venv/aflow_env/lib/python3.9/site-packages/airflow/example_dags/example_branch_operator.py
[2022-03-28 10:48:23,487] {processor.py:654} INFO - DAG(s) dict_keys(['example_branch_operator']) retrieved from /home/vengat/big_data/python/venv/aflow_env/lib/python3.9/site-packages/airflow/example_dags/example_branch_operator.py
[2022-03-28 10:48:23,500] {logging_mixin.py:109} INFO - [2022-03-28 10:48:23,499] {dag.py:2398} INFO - Sync 1 DAGs
[2022-03-28 10:48:23,515] {logging_mixin.py:109} INFO - [2022-03-28 10:48:23,515] {dag.py:2937} INFO - Setting next_dagrun for example_branch_operator to 2022-03-27 00:00:00+00:00
[2022-03-28 10:48:23,524] {processor.py:171} INFO - Processing /home/vengat/big_data/python/venv/aflow_env/lib/python3.9/site-packages/airflow/example_dags/example_branch_operator.py took 0.086 seconds
[2022-03-28 10:48:59,666] {processor.py:163} INFO - Started process (PID=55091) to work on /home/vengat/big_data/python/venv/aflow_env/lib/python3.9/site-packages/airflow/example_dags/example_branch_operator.py
[2022-03-28 10:48:59,668] {processor.py:642} INFO - Processing file /home/vengat/big_data/python/venv/aflow_env/lib/python3.9/site-packages/airflow/example_dags/example_branch_operator.py for tasks to queue
[2022-03-28 10:48:59,678] {logging_mixin.py:109} INFO - [2022-03-28 10:48:59,678] {dagbag.py:500} INFO - Filling up the DagBag from /home/vengat/big_data/python/venv/aflow_env/lib/python3.9/site-packages/airflow/example_dags/example_branch_operator.py
[2022-03-28 10:48:59,747] {processor.py:654} INFO - DAG(s) dict_keys(['example_branch_operator']) retrieved from /home/vengat/big_data/python/venv/aflow_env/lib/python3.9/site-packages/airflow/example_dags/example_branch_operator.py
[2022-03-28 10:48:59,767] {logging_mixin.py:109} INFO - [2022-03-28 10:48:59,767] {dag.py:2398} INFO - Sync 1 DAGs
[2022-03-28 10:48:59,808] {logging_mixin.py:109} INFO - [2022-03-28 10:48:59,807] {dag.py:2937} INFO - Setting next_dagrun for example_branch_operator to 2022-03-27 00:00:00+00:00
[2022-03-28 10:48:59,825] {processor.py:171} INFO - Processing /home/vengat/big_data/python/venv/aflow_env/lib/python3.9/site-packages/airflow/example_dags/example_branch_operator.py took 0.167 seconds
[2022-03-28 10:49:33,375] {processor.py:163} INFO - Started process (PID=55124) to work on /home/vengat/big_data/python/venv/aflow_env/lib/python3.9/site-packages/airflow/example_dags/example_branch_operator.py
[2022-03-28 10:49:33,377] {processor.py:642} INFO - Processing file /home/vengat/big_data/python/venv/aflow_env/lib/python3.9/site-packages/airflow/example_dags/example_branch_operator.py for tasks to queue
[2022-03-28 10:49:33,377] {logging_mixin.py:109} INFO - [2022-03-28 10:49:33,377] {dagbag.py:500} INFO - Filling up the DagBag from /home/vengat/big_data/python/venv/aflow_env/lib/python3.9/site-packages/airflow/example_dags/example_branch_operator.py
[2022-03-28 10:49:33,412] {processor.py:654} INFO - DAG(s) dict_keys(['example_branch_operator']) retrieved from /home/vengat/big_data/python/venv/aflow_env/lib/python3.9/site-packages/airflow/example_dags/example_branch_operator.py
[2022-03-28 10:49:33,422] {logging_mixin.py:109} INFO - [2022-03-28 10:49:33,421] {dag.py:2398} INFO - Sync 1 DAGs
[2022-03-28 10:49:33,434] {logging_mixin.py:109} INFO - [2022-03-28 10:49:33,434] {dag.py:2937} INFO - Setting next_dagrun for example_branch_operator to 2022-03-27 00:00:00+00:00
[2022-03-28 10:49:33,442] {processor.py:171} INFO - Processing /home/vengat/big_data/python/venv/aflow_env/lib/python3.9/site-packages/airflow/example_dags/example_branch_operator.py took 0.071 seconds
[2022-03-28 10:50:05,840] {processor.py:163} INFO - Started process (PID=55156) to work on /home/vengat/big_data/python/venv/aflow_env/lib/python3.9/site-packages/airflow/example_dags/example_branch_operator.py
[2022-03-28 10:50:05,842] {processor.py:642} INFO - Processing file /home/vengat/big_data/python/venv/aflow_env/lib/python3.9/site-packages/airflow/example_dags/example_branch_operator.py for tasks to queue
[2022-03-28 10:50:05,843] {logging_mixin.py:109} INFO - [2022-03-28 10:50:05,843] {dagbag.py:500} INFO - Filling up the DagBag from /home/vengat/big_data/python/venv/aflow_env/lib/python3.9/site-packages/airflow/example_dags/example_branch_operator.py
[2022-03-28 10:50:05,879] {processor.py:654} INFO - DAG(s) dict_keys(['example_branch_operator']) retrieved from /home/vengat/big_data/python/venv/aflow_env/lib/python3.9/site-packages/airflow/example_dags/example_branch_operator.py
[2022-03-28 10:50:05,889] {logging_mixin.py:109} INFO - [2022-03-28 10:50:05,889] {dag.py:2398} INFO - Sync 1 DAGs
[2022-03-28 10:50:05,905] {logging_mixin.py:109} INFO - [2022-03-28 10:50:05,905] {dag.py:2937} INFO - Setting next_dagrun for example_branch_operator to 2022-03-27 00:00:00+00:00
[2022-03-28 10:50:05,914] {processor.py:171} INFO - Processing /home/vengat/big_data/python/venv/aflow_env/lib/python3.9/site-packages/airflow/example_dags/example_branch_operator.py took 0.080 seconds
[2022-03-28 10:50:38,541] {processor.py:163} INFO - Started process (PID=55188) to work on /home/vengat/big_data/python/venv/aflow_env/lib/python3.9/site-packages/airflow/example_dags/example_branch_operator.py
[2022-03-28 10:50:38,545] {processor.py:642} INFO - Processing file /home/vengat/big_data/python/venv/aflow_env/lib/python3.9/site-packages/airflow/example_dags/example_branch_operator.py for tasks to queue
[2022-03-28 10:50:38,546] {logging_mixin.py:109} INFO - [2022-03-28 10:50:38,546] {dagbag.py:500} INFO - Filling up the DagBag from /home/vengat/big_data/python/venv/aflow_env/lib/python3.9/site-packages/airflow/example_dags/example_branch_operator.py
[2022-03-28 10:50:38,572] {processor.py:654} INFO - DAG(s) dict_keys(['example_branch_operator']) retrieved from /home/vengat/big_data/python/venv/aflow_env/lib/python3.9/site-packages/airflow/example_dags/example_branch_operator.py
[2022-03-28 10:50:38,582] {logging_mixin.py:109} INFO - [2022-03-28 10:50:38,582] {dag.py:2398} INFO - Sync 1 DAGs
[2022-03-28 10:50:38,594] {logging_mixin.py:109} INFO - [2022-03-28 10:50:38,594] {dag.py:2937} INFO - Setting next_dagrun for example_branch_operator to 2022-03-27 00:00:00+00:00
[2022-03-28 10:50:38,603] {processor.py:171} INFO - Processing /home/vengat/big_data/python/venv/aflow_env/lib/python3.9/site-packages/airflow/example_dags/example_branch_operator.py took 0.066 seconds
[2022-03-28 10:51:12,075] {processor.py:163} INFO - Started process (PID=55220) to work on /home/vengat/big_data/python/venv/aflow_env/lib/python3.9/site-packages/airflow/example_dags/example_branch_operator.py
[2022-03-28 10:51:12,078] {processor.py:642} INFO - Processing file /home/vengat/big_data/python/venv/aflow_env/lib/python3.9/site-packages/airflow/example_dags/example_branch_operator.py for tasks to queue
[2022-03-28 10:51:12,079] {logging_mixin.py:109} INFO - [2022-03-28 10:51:12,079] {dagbag.py:500} INFO - Filling up the DagBag from /home/vengat/big_data/python/venv/aflow_env/lib/python3.9/site-packages/airflow/example_dags/example_branch_operator.py
[2022-03-28 10:51:12,108] {processor.py:654} INFO - DAG(s) dict_keys(['example_branch_operator']) retrieved from /home/vengat/big_data/python/venv/aflow_env/lib/python3.9/site-packages/airflow/example_dags/example_branch_operator.py
[2022-03-28 10:51:12,120] {logging_mixin.py:109} INFO - [2022-03-28 10:51:12,120] {dag.py:2398} INFO - Sync 1 DAGs
[2022-03-28 10:51:12,134] {logging_mixin.py:109} INFO - [2022-03-28 10:51:12,134] {dag.py:2937} INFO - Setting next_dagrun for example_branch_operator to 2022-03-27 00:00:00+00:00
[2022-03-28 10:51:12,144] {processor.py:171} INFO - Processing /home/vengat/big_data/python/venv/aflow_env/lib/python3.9/site-packages/airflow/example_dags/example_branch_operator.py took 0.075 seconds
[2022-03-28 10:51:45,052] {processor.py:163} INFO - Started process (PID=55252) to work on /home/vengat/big_data/python/venv/aflow_env/lib/python3.9/site-packages/airflow/example_dags/example_branch_operator.py
[2022-03-28 10:51:45,053] {processor.py:642} INFO - Processing file /home/vengat/big_data/python/venv/aflow_env/lib/python3.9/site-packages/airflow/example_dags/example_branch_operator.py for tasks to queue
[2022-03-28 10:51:45,054] {logging_mixin.py:109} INFO - [2022-03-28 10:51:45,054] {dagbag.py:500} INFO - Filling up the DagBag from /home/vengat/big_data/python/venv/aflow_env/lib/python3.9/site-packages/airflow/example_dags/example_branch_operator.py
[2022-03-28 10:51:45,088] {processor.py:654} INFO - DAG(s) dict_keys(['example_branch_operator']) retrieved from /home/vengat/big_data/python/venv/aflow_env/lib/python3.9/site-packages/airflow/example_dags/example_branch_operator.py
[2022-03-28 10:51:45,098] {logging_mixin.py:109} INFO - [2022-03-28 10:51:45,098] {dag.py:2398} INFO - Sync 1 DAGs
[2022-03-28 10:51:45,110] {logging_mixin.py:109} INFO - [2022-03-28 10:51:45,110] {dag.py:2937} INFO - Setting next_dagrun for example_branch_operator to 2022-03-27 00:00:00+00:00
[2022-03-28 10:51:45,122] {processor.py:171} INFO - Processing /home/vengat/big_data/python/venv/aflow_env/lib/python3.9/site-packages/airflow/example_dags/example_branch_operator.py took 0.073 seconds
[2022-03-28 10:52:21,180] {processor.py:163} INFO - Started process (PID=55287) to work on /home/vengat/big_data/python/venv/aflow_env/lib/python3.9/site-packages/airflow/example_dags/example_branch_operator.py
[2022-03-28 10:52:21,182] {processor.py:642} INFO - Processing file /home/vengat/big_data/python/venv/aflow_env/lib/python3.9/site-packages/airflow/example_dags/example_branch_operator.py for tasks to queue
[2022-03-28 10:52:21,182] {logging_mixin.py:109} INFO - [2022-03-28 10:52:21,182] {dagbag.py:500} INFO - Filling up the DagBag from /home/vengat/big_data/python/venv/aflow_env/lib/python3.9/site-packages/airflow/example_dags/example_branch_operator.py
[2022-03-28 10:52:21,210] {processor.py:654} INFO - DAG(s) dict_keys(['example_branch_operator']) retrieved from /home/vengat/big_data/python/venv/aflow_env/lib/python3.9/site-packages/airflow/example_dags/example_branch_operator.py
[2022-03-28 10:52:21,220] {logging_mixin.py:109} INFO - [2022-03-28 10:52:21,220] {dag.py:2398} INFO - Sync 1 DAGs
[2022-03-28 10:52:21,233] {logging_mixin.py:109} INFO - [2022-03-28 10:52:21,233] {dag.py:2937} INFO - Setting next_dagrun for example_branch_operator to 2022-03-27 00:00:00+00:00
[2022-03-28 10:52:21,241] {processor.py:171} INFO - Processing /home/vengat/big_data/python/venv/aflow_env/lib/python3.9/site-packages/airflow/example_dags/example_branch_operator.py took 0.067 seconds
[2022-03-28 10:52:57,750] {processor.py:163} INFO - Started process (PID=55327) to work on /home/vengat/big_data/python/venv/aflow_env/lib/python3.9/site-packages/airflow/example_dags/example_branch_operator.py
[2022-03-28 10:52:57,755] {processor.py:642} INFO - Processing file /home/vengat/big_data/python/venv/aflow_env/lib/python3.9/site-packages/airflow/example_dags/example_branch_operator.py for tasks to queue
[2022-03-28 10:52:57,756] {logging_mixin.py:109} INFO - [2022-03-28 10:52:57,756] {dagbag.py:500} INFO - Filling up the DagBag from /home/vengat/big_data/python/venv/aflow_env/lib/python3.9/site-packages/airflow/example_dags/example_branch_operator.py
[2022-03-28 10:52:57,811] {processor.py:654} INFO - DAG(s) dict_keys(['example_branch_operator']) retrieved from /home/vengat/big_data/python/venv/aflow_env/lib/python3.9/site-packages/airflow/example_dags/example_branch_operator.py
[2022-03-28 10:52:57,823] {logging_mixin.py:109} INFO - [2022-03-28 10:52:57,823] {dag.py:2398} INFO - Sync 1 DAGs
[2022-03-28 10:52:57,840] {logging_mixin.py:109} INFO - [2022-03-28 10:52:57,840] {dag.py:2937} INFO - Setting next_dagrun for example_branch_operator to 2022-03-27 00:00:00+00:00
[2022-03-28 10:52:57,862] {processor.py:171} INFO - Processing /home/vengat/big_data/python/venv/aflow_env/lib/python3.9/site-packages/airflow/example_dags/example_branch_operator.py took 0.120 seconds
[2022-03-28 10:53:32,942] {processor.py:163} INFO - Started process (PID=55363) to work on /home/vengat/big_data/python/venv/aflow_env/lib/python3.9/site-packages/airflow/example_dags/example_branch_operator.py
[2022-03-28 10:53:32,944] {processor.py:642} INFO - Processing file /home/vengat/big_data/python/venv/aflow_env/lib/python3.9/site-packages/airflow/example_dags/example_branch_operator.py for tasks to queue
[2022-03-28 10:53:32,944] {logging_mixin.py:109} INFO - [2022-03-28 10:53:32,944] {dagbag.py:500} INFO - Filling up the DagBag from /home/vengat/big_data/python/venv/aflow_env/lib/python3.9/site-packages/airflow/example_dags/example_branch_operator.py
[2022-03-28 10:53:32,973] {processor.py:654} INFO - DAG(s) dict_keys(['example_branch_operator']) retrieved from /home/vengat/big_data/python/venv/aflow_env/lib/python3.9/site-packages/airflow/example_dags/example_branch_operator.py
[2022-03-28 10:53:32,982] {logging_mixin.py:109} INFO - [2022-03-28 10:53:32,982] {dag.py:2398} INFO - Sync 1 DAGs
[2022-03-28 10:53:32,996] {logging_mixin.py:109} INFO - [2022-03-28 10:53:32,996] {dag.py:2937} INFO - Setting next_dagrun for example_branch_operator to 2022-03-27 00:00:00+00:00
[2022-03-28 10:53:33,005] {processor.py:171} INFO - Processing /home/vengat/big_data/python/venv/aflow_env/lib/python3.9/site-packages/airflow/example_dags/example_branch_operator.py took 0.070 seconds
[2022-03-28 10:54:09,783] {processor.py:163} INFO - Started process (PID=55399) to work on /home/vengat/big_data/python/venv/aflow_env/lib/python3.9/site-packages/airflow/example_dags/example_branch_operator.py
[2022-03-28 10:54:09,784] {processor.py:642} INFO - Processing file /home/vengat/big_data/python/venv/aflow_env/lib/python3.9/site-packages/airflow/example_dags/example_branch_operator.py for tasks to queue
[2022-03-28 10:54:09,785] {logging_mixin.py:109} INFO - [2022-03-28 10:54:09,785] {dagbag.py:500} INFO - Filling up the DagBag from /home/vengat/big_data/python/venv/aflow_env/lib/python3.9/site-packages/airflow/example_dags/example_branch_operator.py
[2022-03-28 10:54:09,812] {processor.py:654} INFO - DAG(s) dict_keys(['example_branch_operator']) retrieved from /home/vengat/big_data/python/venv/aflow_env/lib/python3.9/site-packages/airflow/example_dags/example_branch_operator.py
[2022-03-28 10:54:09,821] {logging_mixin.py:109} INFO - [2022-03-28 10:54:09,821] {dag.py:2398} INFO - Sync 1 DAGs
[2022-03-28 10:54:09,835] {logging_mixin.py:109} INFO - [2022-03-28 10:54:09,835] {dag.py:2937} INFO - Setting next_dagrun for example_branch_operator to 2022-03-27 00:00:00+00:00
[2022-03-28 10:54:09,844] {processor.py:171} INFO - Processing /home/vengat/big_data/python/venv/aflow_env/lib/python3.9/site-packages/airflow/example_dags/example_branch_operator.py took 0.067 seconds
[2022-03-28 10:54:43,813] {processor.py:163} INFO - Started process (PID=55432) to work on /home/vengat/big_data/python/venv/aflow_env/lib/python3.9/site-packages/airflow/example_dags/example_branch_operator.py
[2022-03-28 10:54:43,815] {processor.py:642} INFO - Processing file /home/vengat/big_data/python/venv/aflow_env/lib/python3.9/site-packages/airflow/example_dags/example_branch_operator.py for tasks to queue
[2022-03-28 10:54:43,816] {logging_mixin.py:109} INFO - [2022-03-28 10:54:43,816] {dagbag.py:500} INFO - Filling up the DagBag from /home/vengat/big_data/python/venv/aflow_env/lib/python3.9/site-packages/airflow/example_dags/example_branch_operator.py
[2022-03-28 10:54:43,843] {processor.py:654} INFO - DAG(s) dict_keys(['example_branch_operator']) retrieved from /home/vengat/big_data/python/venv/aflow_env/lib/python3.9/site-packages/airflow/example_dags/example_branch_operator.py
[2022-03-28 10:54:43,852] {logging_mixin.py:109} INFO - [2022-03-28 10:54:43,852] {dag.py:2398} INFO - Sync 1 DAGs
[2022-03-28 10:54:43,865] {logging_mixin.py:109} INFO - [2022-03-28 10:54:43,865] {dag.py:2937} INFO - Setting next_dagrun for example_branch_operator to 2022-03-27 00:00:00+00:00
[2022-03-28 10:54:43,874] {processor.py:171} INFO - Processing /home/vengat/big_data/python/venv/aflow_env/lib/python3.9/site-packages/airflow/example_dags/example_branch_operator.py took 0.064 seconds
