[2022-03-28 10:13:39,585] {processor.py:163} INFO - Started process (PID=52729) to work on /home/vengat/big_data/python/venv/aflow_env/lib/python3.9/site-packages/airflow/example_dags/tutorial.py
[2022-03-28 10:13:39,587] {processor.py:642} INFO - Processing file /home/vengat/big_data/python/venv/aflow_env/lib/python3.9/site-packages/airflow/example_dags/tutorial.py for tasks to queue
[2022-03-28 10:13:39,587] {logging_mixin.py:109} INFO - [2022-03-28 10:13:39,587] {dagbag.py:500} INFO - Filling up the DagBag from /home/vengat/big_data/python/venv/aflow_env/lib/python3.9/site-packages/airflow/example_dags/tutorial.py
[2022-03-28 10:13:39,615] {processor.py:654} INFO - DAG(s) dict_keys(['tutorial']) retrieved from /home/vengat/big_data/python/venv/aflow_env/lib/python3.9/site-packages/airflow/example_dags/tutorial.py
[2022-03-28 10:13:39,625] {logging_mixin.py:109} INFO - [2022-03-28 10:13:39,625] {dag.py:2398} INFO - Sync 1 DAGs
[2022-03-28 10:13:39,638] {logging_mixin.py:109} INFO - [2022-03-28 10:13:39,638] {dag.py:2937} INFO - Setting next_dagrun for tutorial to 2022-03-27T17:13:39.637946+00:00
[2022-03-28 10:13:39,647] {processor.py:171} INFO - Processing /home/vengat/big_data/python/venv/aflow_env/lib/python3.9/site-packages/airflow/example_dags/tutorial.py took 0.066 seconds
[2022-03-28 10:14:12,985] {processor.py:163} INFO - Started process (PID=52763) to work on /home/vengat/big_data/python/venv/aflow_env/lib/python3.9/site-packages/airflow/example_dags/tutorial.py
[2022-03-28 10:14:12,987] {processor.py:642} INFO - Processing file /home/vengat/big_data/python/venv/aflow_env/lib/python3.9/site-packages/airflow/example_dags/tutorial.py for tasks to queue
[2022-03-28 10:14:12,988] {logging_mixin.py:109} INFO - [2022-03-28 10:14:12,988] {dagbag.py:500} INFO - Filling up the DagBag from /home/vengat/big_data/python/venv/aflow_env/lib/python3.9/site-packages/airflow/example_dags/tutorial.py
[2022-03-28 10:14:13,015] {processor.py:654} INFO - DAG(s) dict_keys(['tutorial']) retrieved from /home/vengat/big_data/python/venv/aflow_env/lib/python3.9/site-packages/airflow/example_dags/tutorial.py
[2022-03-28 10:14:13,026] {logging_mixin.py:109} INFO - [2022-03-28 10:14:13,025] {dag.py:2398} INFO - Sync 1 DAGs
[2022-03-28 10:14:13,040] {logging_mixin.py:109} INFO - [2022-03-28 10:14:13,039] {dag.py:2937} INFO - Setting next_dagrun for tutorial to 2022-03-27T17:14:13.039531+00:00
[2022-03-28 10:14:13,048] {processor.py:171} INFO - Processing /home/vengat/big_data/python/venv/aflow_env/lib/python3.9/site-packages/airflow/example_dags/tutorial.py took 0.066 seconds
[2022-03-28 10:14:47,187] {processor.py:163} INFO - Started process (PID=52796) to work on /home/vengat/big_data/python/venv/aflow_env/lib/python3.9/site-packages/airflow/example_dags/tutorial.py
[2022-03-28 10:14:47,189] {processor.py:642} INFO - Processing file /home/vengat/big_data/python/venv/aflow_env/lib/python3.9/site-packages/airflow/example_dags/tutorial.py for tasks to queue
[2022-03-28 10:14:47,190] {logging_mixin.py:109} INFO - [2022-03-28 10:14:47,190] {dagbag.py:500} INFO - Filling up the DagBag from /home/vengat/big_data/python/venv/aflow_env/lib/python3.9/site-packages/airflow/example_dags/tutorial.py
[2022-03-28 10:14:47,222] {processor.py:654} INFO - DAG(s) dict_keys(['tutorial']) retrieved from /home/vengat/big_data/python/venv/aflow_env/lib/python3.9/site-packages/airflow/example_dags/tutorial.py
[2022-03-28 10:14:47,234] {logging_mixin.py:109} INFO - [2022-03-28 10:14:47,234] {dag.py:2398} INFO - Sync 1 DAGs
[2022-03-28 10:14:47,247] {logging_mixin.py:109} INFO - [2022-03-28 10:14:47,247] {dag.py:2937} INFO - Setting next_dagrun for tutorial to 2022-03-27T17:14:47.247224+00:00
[2022-03-28 10:14:47,258] {processor.py:171} INFO - Processing /home/vengat/big_data/python/venv/aflow_env/lib/python3.9/site-packages/airflow/example_dags/tutorial.py took 0.075 seconds
[2022-03-28 10:15:22,283] {processor.py:163} INFO - Started process (PID=52828) to work on /home/vengat/big_data/python/venv/aflow_env/lib/python3.9/site-packages/airflow/example_dags/tutorial.py
[2022-03-28 10:15:22,287] {processor.py:642} INFO - Processing file /home/vengat/big_data/python/venv/aflow_env/lib/python3.9/site-packages/airflow/example_dags/tutorial.py for tasks to queue
[2022-03-28 10:15:22,289] {logging_mixin.py:109} INFO - [2022-03-28 10:15:22,289] {dagbag.py:500} INFO - Filling up the DagBag from /home/vengat/big_data/python/venv/aflow_env/lib/python3.9/site-packages/airflow/example_dags/tutorial.py
[2022-03-28 10:15:22,322] {processor.py:654} INFO - DAG(s) dict_keys(['tutorial']) retrieved from /home/vengat/big_data/python/venv/aflow_env/lib/python3.9/site-packages/airflow/example_dags/tutorial.py
[2022-03-28 10:15:22,335] {logging_mixin.py:109} INFO - [2022-03-28 10:15:22,335] {dag.py:2398} INFO - Sync 1 DAGs
[2022-03-28 10:15:22,348] {logging_mixin.py:109} INFO - [2022-03-28 10:15:22,347] {dag.py:2937} INFO - Setting next_dagrun for tutorial to 2022-03-27T17:15:22.347590+00:00
[2022-03-28 10:15:22,359] {processor.py:171} INFO - Processing /home/vengat/big_data/python/venv/aflow_env/lib/python3.9/site-packages/airflow/example_dags/tutorial.py took 0.087 seconds
[2022-03-28 10:15:55,628] {processor.py:163} INFO - Started process (PID=52859) to work on /home/vengat/big_data/python/venv/aflow_env/lib/python3.9/site-packages/airflow/example_dags/tutorial.py
[2022-03-28 10:15:55,630] {processor.py:642} INFO - Processing file /home/vengat/big_data/python/venv/aflow_env/lib/python3.9/site-packages/airflow/example_dags/tutorial.py for tasks to queue
[2022-03-28 10:15:55,630] {logging_mixin.py:109} INFO - [2022-03-28 10:15:55,630] {dagbag.py:500} INFO - Filling up the DagBag from /home/vengat/big_data/python/venv/aflow_env/lib/python3.9/site-packages/airflow/example_dags/tutorial.py
[2022-03-28 10:15:55,666] {processor.py:654} INFO - DAG(s) dict_keys(['tutorial']) retrieved from /home/vengat/big_data/python/venv/aflow_env/lib/python3.9/site-packages/airflow/example_dags/tutorial.py
[2022-03-28 10:15:55,678] {logging_mixin.py:109} INFO - [2022-03-28 10:15:55,678] {dag.py:2398} INFO - Sync 1 DAGs
[2022-03-28 10:15:55,692] {logging_mixin.py:109} INFO - [2022-03-28 10:15:55,692] {dag.py:2937} INFO - Setting next_dagrun for tutorial to 2022-03-27T17:15:55.691945+00:00
[2022-03-28 10:15:55,699] {processor.py:171} INFO - Processing /home/vengat/big_data/python/venv/aflow_env/lib/python3.9/site-packages/airflow/example_dags/tutorial.py took 0.079 seconds
[2022-03-28 10:16:29,537] {processor.py:163} INFO - Started process (PID=52891) to work on /home/vengat/big_data/python/venv/aflow_env/lib/python3.9/site-packages/airflow/example_dags/tutorial.py
[2022-03-28 10:16:29,544] {processor.py:642} INFO - Processing file /home/vengat/big_data/python/venv/aflow_env/lib/python3.9/site-packages/airflow/example_dags/tutorial.py for tasks to queue
[2022-03-28 10:16:29,545] {logging_mixin.py:109} INFO - [2022-03-28 10:16:29,545] {dagbag.py:500} INFO - Filling up the DagBag from /home/vengat/big_data/python/venv/aflow_env/lib/python3.9/site-packages/airflow/example_dags/tutorial.py
[2022-03-28 10:16:29,583] {processor.py:654} INFO - DAG(s) dict_keys(['tutorial']) retrieved from /home/vengat/big_data/python/venv/aflow_env/lib/python3.9/site-packages/airflow/example_dags/tutorial.py
[2022-03-28 10:16:29,594] {logging_mixin.py:109} INFO - [2022-03-28 10:16:29,594] {dag.py:2398} INFO - Sync 1 DAGs
[2022-03-28 10:16:29,615] {logging_mixin.py:109} INFO - [2022-03-28 10:16:29,615] {dag.py:2937} INFO - Setting next_dagrun for tutorial to 2022-03-27T17:16:29.614917+00:00
[2022-03-28 10:16:29,628] {processor.py:171} INFO - Processing /home/vengat/big_data/python/venv/aflow_env/lib/python3.9/site-packages/airflow/example_dags/tutorial.py took 0.096 seconds
[2022-03-28 10:17:04,510] {processor.py:163} INFO - Started process (PID=52926) to work on /home/vengat/big_data/python/venv/aflow_env/lib/python3.9/site-packages/airflow/example_dags/tutorial.py
[2022-03-28 10:17:04,512] {processor.py:642} INFO - Processing file /home/vengat/big_data/python/venv/aflow_env/lib/python3.9/site-packages/airflow/example_dags/tutorial.py for tasks to queue
[2022-03-28 10:17:04,513] {logging_mixin.py:109} INFO - [2022-03-28 10:17:04,513] {dagbag.py:500} INFO - Filling up the DagBag from /home/vengat/big_data/python/venv/aflow_env/lib/python3.9/site-packages/airflow/example_dags/tutorial.py
[2022-03-28 10:17:04,546] {processor.py:654} INFO - DAG(s) dict_keys(['tutorial']) retrieved from /home/vengat/big_data/python/venv/aflow_env/lib/python3.9/site-packages/airflow/example_dags/tutorial.py
[2022-03-28 10:17:04,553] {logging_mixin.py:109} INFO - [2022-03-28 10:17:04,553] {dag.py:2398} INFO - Sync 1 DAGs
[2022-03-28 10:17:04,566] {logging_mixin.py:109} INFO - [2022-03-28 10:17:04,566] {dag.py:2937} INFO - Setting next_dagrun for tutorial to 2022-03-27T17:17:04.566098+00:00
[2022-03-28 10:17:04,576] {processor.py:171} INFO - Processing /home/vengat/big_data/python/venv/aflow_env/lib/python3.9/site-packages/airflow/example_dags/tutorial.py took 0.070 seconds
[2022-03-28 10:17:36,752] {processor.py:163} INFO - Started process (PID=52959) to work on /home/vengat/big_data/python/venv/aflow_env/lib/python3.9/site-packages/airflow/example_dags/tutorial.py
[2022-03-28 10:17:36,753] {processor.py:642} INFO - Processing file /home/vengat/big_data/python/venv/aflow_env/lib/python3.9/site-packages/airflow/example_dags/tutorial.py for tasks to queue
[2022-03-28 10:17:36,753] {logging_mixin.py:109} INFO - [2022-03-28 10:17:36,753] {dagbag.py:500} INFO - Filling up the DagBag from /home/vengat/big_data/python/venv/aflow_env/lib/python3.9/site-packages/airflow/example_dags/tutorial.py
[2022-03-28 10:17:36,782] {processor.py:654} INFO - DAG(s) dict_keys(['tutorial']) retrieved from /home/vengat/big_data/python/venv/aflow_env/lib/python3.9/site-packages/airflow/example_dags/tutorial.py
[2022-03-28 10:17:36,791] {logging_mixin.py:109} INFO - [2022-03-28 10:17:36,791] {dag.py:2398} INFO - Sync 1 DAGs
[2022-03-28 10:17:36,802] {logging_mixin.py:109} INFO - [2022-03-28 10:17:36,802] {dag.py:2937} INFO - Setting next_dagrun for tutorial to 2022-03-27T17:17:36.802601+00:00
[2022-03-28 10:17:36,813] {processor.py:171} INFO - Processing /home/vengat/big_data/python/venv/aflow_env/lib/python3.9/site-packages/airflow/example_dags/tutorial.py took 0.064 seconds
[2022-03-28 10:18:09,049] {processor.py:163} INFO - Started process (PID=52991) to work on /home/vengat/big_data/python/venv/aflow_env/lib/python3.9/site-packages/airflow/example_dags/tutorial.py
[2022-03-28 10:18:09,051] {processor.py:642} INFO - Processing file /home/vengat/big_data/python/venv/aflow_env/lib/python3.9/site-packages/airflow/example_dags/tutorial.py for tasks to queue
[2022-03-28 10:18:09,051] {logging_mixin.py:109} INFO - [2022-03-28 10:18:09,051] {dagbag.py:500} INFO - Filling up the DagBag from /home/vengat/big_data/python/venv/aflow_env/lib/python3.9/site-packages/airflow/example_dags/tutorial.py
[2022-03-28 10:18:09,078] {processor.py:654} INFO - DAG(s) dict_keys(['tutorial']) retrieved from /home/vengat/big_data/python/venv/aflow_env/lib/python3.9/site-packages/airflow/example_dags/tutorial.py
[2022-03-28 10:18:09,086] {logging_mixin.py:109} INFO - [2022-03-28 10:18:09,086] {dag.py:2398} INFO - Sync 1 DAGs
[2022-03-28 10:18:09,098] {logging_mixin.py:109} INFO - [2022-03-28 10:18:09,098] {dag.py:2937} INFO - Setting next_dagrun for tutorial to 2022-03-27T17:18:09.098381+00:00
[2022-03-28 10:18:09,107] {processor.py:171} INFO - Processing /home/vengat/big_data/python/venv/aflow_env/lib/python3.9/site-packages/airflow/example_dags/tutorial.py took 0.062 seconds
[2022-03-28 10:18:43,692] {processor.py:163} INFO - Started process (PID=53027) to work on /home/vengat/big_data/python/venv/aflow_env/lib/python3.9/site-packages/airflow/example_dags/tutorial.py
[2022-03-28 10:18:43,694] {processor.py:642} INFO - Processing file /home/vengat/big_data/python/venv/aflow_env/lib/python3.9/site-packages/airflow/example_dags/tutorial.py for tasks to queue
[2022-03-28 10:18:43,695] {logging_mixin.py:109} INFO - [2022-03-28 10:18:43,695] {dagbag.py:500} INFO - Filling up the DagBag from /home/vengat/big_data/python/venv/aflow_env/lib/python3.9/site-packages/airflow/example_dags/tutorial.py
[2022-03-28 10:18:43,722] {processor.py:654} INFO - DAG(s) dict_keys(['tutorial']) retrieved from /home/vengat/big_data/python/venv/aflow_env/lib/python3.9/site-packages/airflow/example_dags/tutorial.py
[2022-03-28 10:18:43,736] {logging_mixin.py:109} INFO - [2022-03-28 10:18:43,736] {dag.py:2398} INFO - Sync 1 DAGs
[2022-03-28 10:18:43,749] {logging_mixin.py:109} INFO - [2022-03-28 10:18:43,749] {dag.py:2937} INFO - Setting next_dagrun for tutorial to 2022-03-27T17:18:43.748804+00:00
[2022-03-28 10:18:43,757] {processor.py:171} INFO - Processing /home/vengat/big_data/python/venv/aflow_env/lib/python3.9/site-packages/airflow/example_dags/tutorial.py took 0.069 seconds
[2022-03-28 10:19:16,294] {processor.py:163} INFO - Started process (PID=53059) to work on /home/vengat/big_data/python/venv/aflow_env/lib/python3.9/site-packages/airflow/example_dags/tutorial.py
[2022-03-28 10:19:16,296] {processor.py:642} INFO - Processing file /home/vengat/big_data/python/venv/aflow_env/lib/python3.9/site-packages/airflow/example_dags/tutorial.py for tasks to queue
[2022-03-28 10:19:16,296] {logging_mixin.py:109} INFO - [2022-03-28 10:19:16,296] {dagbag.py:500} INFO - Filling up the DagBag from /home/vengat/big_data/python/venv/aflow_env/lib/python3.9/site-packages/airflow/example_dags/tutorial.py
[2022-03-28 10:19:16,321] {processor.py:654} INFO - DAG(s) dict_keys(['tutorial']) retrieved from /home/vengat/big_data/python/venv/aflow_env/lib/python3.9/site-packages/airflow/example_dags/tutorial.py
[2022-03-28 10:19:16,335] {logging_mixin.py:109} INFO - [2022-03-28 10:19:16,335] {dag.py:2398} INFO - Sync 1 DAGs
[2022-03-28 10:19:16,347] {logging_mixin.py:109} INFO - [2022-03-28 10:19:16,347] {dag.py:2937} INFO - Setting next_dagrun for tutorial to 2022-03-27T17:19:16.346817+00:00
[2022-03-28 10:19:16,355] {processor.py:171} INFO - Processing /home/vengat/big_data/python/venv/aflow_env/lib/python3.9/site-packages/airflow/example_dags/tutorial.py took 0.066 seconds
[2022-03-28 10:19:48,712] {processor.py:163} INFO - Started process (PID=53089) to work on /home/vengat/big_data/python/venv/aflow_env/lib/python3.9/site-packages/airflow/example_dags/tutorial.py
[2022-03-28 10:19:48,714] {processor.py:642} INFO - Processing file /home/vengat/big_data/python/venv/aflow_env/lib/python3.9/site-packages/airflow/example_dags/tutorial.py for tasks to queue
[2022-03-28 10:19:48,714] {logging_mixin.py:109} INFO - [2022-03-28 10:19:48,714] {dagbag.py:500} INFO - Filling up the DagBag from /home/vengat/big_data/python/venv/aflow_env/lib/python3.9/site-packages/airflow/example_dags/tutorial.py
[2022-03-28 10:19:48,748] {processor.py:654} INFO - DAG(s) dict_keys(['tutorial']) retrieved from /home/vengat/big_data/python/venv/aflow_env/lib/python3.9/site-packages/airflow/example_dags/tutorial.py
[2022-03-28 10:19:48,759] {logging_mixin.py:109} INFO - [2022-03-28 10:19:48,759] {dag.py:2398} INFO - Sync 1 DAGs
[2022-03-28 10:19:48,775] {logging_mixin.py:109} INFO - [2022-03-28 10:19:48,775] {dag.py:2937} INFO - Setting next_dagrun for tutorial to 2022-03-27T17:19:48.774783+00:00
[2022-03-28 10:19:48,785] {processor.py:171} INFO - Processing /home/vengat/big_data/python/venv/aflow_env/lib/python3.9/site-packages/airflow/example_dags/tutorial.py took 0.078 seconds
[2022-03-28 10:20:21,526] {processor.py:163} INFO - Started process (PID=53120) to work on /home/vengat/big_data/python/venv/aflow_env/lib/python3.9/site-packages/airflow/example_dags/tutorial.py
[2022-03-28 10:20:21,528] {processor.py:642} INFO - Processing file /home/vengat/big_data/python/venv/aflow_env/lib/python3.9/site-packages/airflow/example_dags/tutorial.py for tasks to queue
[2022-03-28 10:20:21,529] {logging_mixin.py:109} INFO - [2022-03-28 10:20:21,529] {dagbag.py:500} INFO - Filling up the DagBag from /home/vengat/big_data/python/venv/aflow_env/lib/python3.9/site-packages/airflow/example_dags/tutorial.py
[2022-03-28 10:20:21,560] {processor.py:654} INFO - DAG(s) dict_keys(['tutorial']) retrieved from /home/vengat/big_data/python/venv/aflow_env/lib/python3.9/site-packages/airflow/example_dags/tutorial.py
[2022-03-28 10:20:21,572] {logging_mixin.py:109} INFO - [2022-03-28 10:20:21,572] {dag.py:2398} INFO - Sync 1 DAGs
[2022-03-28 10:20:21,585] {logging_mixin.py:109} INFO - [2022-03-28 10:20:21,585] {dag.py:2937} INFO - Setting next_dagrun for tutorial to 2022-03-27T17:20:21.585564+00:00
[2022-03-28 10:20:21,594] {processor.py:171} INFO - Processing /home/vengat/big_data/python/venv/aflow_env/lib/python3.9/site-packages/airflow/example_dags/tutorial.py took 0.073 seconds
[2022-03-28 10:20:55,693] {processor.py:163} INFO - Started process (PID=53151) to work on /home/vengat/big_data/python/venv/aflow_env/lib/python3.9/site-packages/airflow/example_dags/tutorial.py
[2022-03-28 10:20:55,695] {processor.py:642} INFO - Processing file /home/vengat/big_data/python/venv/aflow_env/lib/python3.9/site-packages/airflow/example_dags/tutorial.py for tasks to queue
[2022-03-28 10:20:55,698] {logging_mixin.py:109} INFO - [2022-03-28 10:20:55,698] {dagbag.py:500} INFO - Filling up the DagBag from /home/vengat/big_data/python/venv/aflow_env/lib/python3.9/site-packages/airflow/example_dags/tutorial.py
[2022-03-28 10:20:55,726] {processor.py:654} INFO - DAG(s) dict_keys(['tutorial']) retrieved from /home/vengat/big_data/python/venv/aflow_env/lib/python3.9/site-packages/airflow/example_dags/tutorial.py
[2022-03-28 10:20:55,740] {logging_mixin.py:109} INFO - [2022-03-28 10:20:55,740] {dag.py:2398} INFO - Sync 1 DAGs
[2022-03-28 10:20:55,754] {logging_mixin.py:109} INFO - [2022-03-28 10:20:55,754] {dag.py:2937} INFO - Setting next_dagrun for tutorial to 2022-03-27T17:20:55.754526+00:00
[2022-03-28 10:20:55,768] {processor.py:171} INFO - Processing /home/vengat/big_data/python/venv/aflow_env/lib/python3.9/site-packages/airflow/example_dags/tutorial.py took 0.078 seconds
[2022-03-28 10:21:29,426] {processor.py:163} INFO - Started process (PID=53182) to work on /home/vengat/big_data/python/venv/aflow_env/lib/python3.9/site-packages/airflow/example_dags/tutorial.py
[2022-03-28 10:21:29,427] {processor.py:642} INFO - Processing file /home/vengat/big_data/python/venv/aflow_env/lib/python3.9/site-packages/airflow/example_dags/tutorial.py for tasks to queue
[2022-03-28 10:21:29,428] {logging_mixin.py:109} INFO - [2022-03-28 10:21:29,428] {dagbag.py:500} INFO - Filling up the DagBag from /home/vengat/big_data/python/venv/aflow_env/lib/python3.9/site-packages/airflow/example_dags/tutorial.py
[2022-03-28 10:21:29,457] {processor.py:654} INFO - DAG(s) dict_keys(['tutorial']) retrieved from /home/vengat/big_data/python/venv/aflow_env/lib/python3.9/site-packages/airflow/example_dags/tutorial.py
[2022-03-28 10:21:29,469] {logging_mixin.py:109} INFO - [2022-03-28 10:21:29,469] {dag.py:2398} INFO - Sync 1 DAGs
[2022-03-28 10:21:29,484] {logging_mixin.py:109} INFO - [2022-03-28 10:21:29,484] {dag.py:2937} INFO - Setting next_dagrun for tutorial to 2022-03-27T17:21:29.483987+00:00
[2022-03-28 10:21:29,492] {processor.py:171} INFO - Processing /home/vengat/big_data/python/venv/aflow_env/lib/python3.9/site-packages/airflow/example_dags/tutorial.py took 0.072 seconds
[2022-03-28 10:22:02,323] {processor.py:163} INFO - Started process (PID=53216) to work on /home/vengat/big_data/python/venv/aflow_env/lib/python3.9/site-packages/airflow/example_dags/tutorial.py
[2022-03-28 10:22:02,326] {processor.py:642} INFO - Processing file /home/vengat/big_data/python/venv/aflow_env/lib/python3.9/site-packages/airflow/example_dags/tutorial.py for tasks to queue
[2022-03-28 10:22:02,326] {logging_mixin.py:109} INFO - [2022-03-28 10:22:02,326] {dagbag.py:500} INFO - Filling up the DagBag from /home/vengat/big_data/python/venv/aflow_env/lib/python3.9/site-packages/airflow/example_dags/tutorial.py
[2022-03-28 10:22:02,361] {processor.py:654} INFO - DAG(s) dict_keys(['tutorial']) retrieved from /home/vengat/big_data/python/venv/aflow_env/lib/python3.9/site-packages/airflow/example_dags/tutorial.py
[2022-03-28 10:22:02,374] {logging_mixin.py:109} INFO - [2022-03-28 10:22:02,374] {dag.py:2398} INFO - Sync 1 DAGs
[2022-03-28 10:22:02,392] {logging_mixin.py:109} INFO - [2022-03-28 10:22:02,392] {dag.py:2937} INFO - Setting next_dagrun for tutorial to 2022-03-27T17:22:02.392177+00:00
[2022-03-28 10:22:02,405] {processor.py:171} INFO - Processing /home/vengat/big_data/python/venv/aflow_env/lib/python3.9/site-packages/airflow/example_dags/tutorial.py took 0.088 seconds
[2022-03-28 10:22:37,047] {processor.py:163} INFO - Started process (PID=53249) to work on /home/vengat/big_data/python/venv/aflow_env/lib/python3.9/site-packages/airflow/example_dags/tutorial.py
[2022-03-28 10:22:37,049] {processor.py:642} INFO - Processing file /home/vengat/big_data/python/venv/aflow_env/lib/python3.9/site-packages/airflow/example_dags/tutorial.py for tasks to queue
[2022-03-28 10:22:37,050] {logging_mixin.py:109} INFO - [2022-03-28 10:22:37,050] {dagbag.py:500} INFO - Filling up the DagBag from /home/vengat/big_data/python/venv/aflow_env/lib/python3.9/site-packages/airflow/example_dags/tutorial.py
[2022-03-28 10:22:37,080] {processor.py:654} INFO - DAG(s) dict_keys(['tutorial']) retrieved from /home/vengat/big_data/python/venv/aflow_env/lib/python3.9/site-packages/airflow/example_dags/tutorial.py
[2022-03-28 10:22:37,090] {logging_mixin.py:109} INFO - [2022-03-28 10:22:37,090] {dag.py:2398} INFO - Sync 1 DAGs
[2022-03-28 10:22:37,104] {logging_mixin.py:109} INFO - [2022-03-28 10:22:37,104] {dag.py:2937} INFO - Setting next_dagrun for tutorial to 2022-03-27T17:22:37.104402+00:00
[2022-03-28 10:22:37,114] {processor.py:171} INFO - Processing /home/vengat/big_data/python/venv/aflow_env/lib/python3.9/site-packages/airflow/example_dags/tutorial.py took 0.072 seconds
[2022-03-28 10:23:08,722] {processor.py:163} INFO - Started process (PID=53280) to work on /home/vengat/big_data/python/venv/aflow_env/lib/python3.9/site-packages/airflow/example_dags/tutorial.py
[2022-03-28 10:23:08,724] {processor.py:642} INFO - Processing file /home/vengat/big_data/python/venv/aflow_env/lib/python3.9/site-packages/airflow/example_dags/tutorial.py for tasks to queue
[2022-03-28 10:23:08,725] {logging_mixin.py:109} INFO - [2022-03-28 10:23:08,725] {dagbag.py:500} INFO - Filling up the DagBag from /home/vengat/big_data/python/venv/aflow_env/lib/python3.9/site-packages/airflow/example_dags/tutorial.py
[2022-03-28 10:23:08,758] {processor.py:654} INFO - DAG(s) dict_keys(['tutorial']) retrieved from /home/vengat/big_data/python/venv/aflow_env/lib/python3.9/site-packages/airflow/example_dags/tutorial.py
[2022-03-28 10:23:08,770] {logging_mixin.py:109} INFO - [2022-03-28 10:23:08,770] {dag.py:2398} INFO - Sync 1 DAGs
[2022-03-28 10:23:08,782] {logging_mixin.py:109} INFO - [2022-03-28 10:23:08,782] {dag.py:2937} INFO - Setting next_dagrun for tutorial to 2022-03-27T17:23:08.782298+00:00
[2022-03-28 10:23:08,792] {processor.py:171} INFO - Processing /home/vengat/big_data/python/venv/aflow_env/lib/python3.9/site-packages/airflow/example_dags/tutorial.py took 0.077 seconds
[2022-03-28 10:23:40,424] {processor.py:163} INFO - Started process (PID=53314) to work on /home/vengat/big_data/python/venv/aflow_env/lib/python3.9/site-packages/airflow/example_dags/tutorial.py
[2022-03-28 10:23:40,426] {processor.py:642} INFO - Processing file /home/vengat/big_data/python/venv/aflow_env/lib/python3.9/site-packages/airflow/example_dags/tutorial.py for tasks to queue
[2022-03-28 10:23:40,427] {logging_mixin.py:109} INFO - [2022-03-28 10:23:40,427] {dagbag.py:500} INFO - Filling up the DagBag from /home/vengat/big_data/python/venv/aflow_env/lib/python3.9/site-packages/airflow/example_dags/tutorial.py
[2022-03-28 10:23:40,459] {processor.py:654} INFO - DAG(s) dict_keys(['tutorial']) retrieved from /home/vengat/big_data/python/venv/aflow_env/lib/python3.9/site-packages/airflow/example_dags/tutorial.py
[2022-03-28 10:23:40,469] {logging_mixin.py:109} INFO - [2022-03-28 10:23:40,468] {dag.py:2398} INFO - Sync 1 DAGs
[2022-03-28 10:23:40,485] {logging_mixin.py:109} INFO - [2022-03-28 10:23:40,484] {dag.py:2937} INFO - Setting next_dagrun for tutorial to 2022-03-27T17:23:40.484434+00:00
[2022-03-28 10:23:40,498] {processor.py:171} INFO - Processing /home/vengat/big_data/python/venv/aflow_env/lib/python3.9/site-packages/airflow/example_dags/tutorial.py took 0.079 seconds
[2022-03-28 10:24:13,115] {processor.py:163} INFO - Started process (PID=53345) to work on /home/vengat/big_data/python/venv/aflow_env/lib/python3.9/site-packages/airflow/example_dags/tutorial.py
[2022-03-28 10:24:13,116] {processor.py:642} INFO - Processing file /home/vengat/big_data/python/venv/aflow_env/lib/python3.9/site-packages/airflow/example_dags/tutorial.py for tasks to queue
[2022-03-28 10:24:13,116] {logging_mixin.py:109} INFO - [2022-03-28 10:24:13,116] {dagbag.py:500} INFO - Filling up the DagBag from /home/vengat/big_data/python/venv/aflow_env/lib/python3.9/site-packages/airflow/example_dags/tutorial.py
[2022-03-28 10:24:13,147] {processor.py:654} INFO - DAG(s) dict_keys(['tutorial']) retrieved from /home/vengat/big_data/python/venv/aflow_env/lib/python3.9/site-packages/airflow/example_dags/tutorial.py
[2022-03-28 10:24:13,159] {logging_mixin.py:109} INFO - [2022-03-28 10:24:13,159] {dag.py:2398} INFO - Sync 1 DAGs
[2022-03-28 10:24:13,184] {logging_mixin.py:109} INFO - [2022-03-28 10:24:13,184] {dag.py:2937} INFO - Setting next_dagrun for tutorial to 2022-03-27T17:24:13.183889+00:00
[2022-03-28 10:24:13,194] {processor.py:171} INFO - Processing /home/vengat/big_data/python/venv/aflow_env/lib/python3.9/site-packages/airflow/example_dags/tutorial.py took 0.083 seconds
[2022-03-28 10:24:44,323] {processor.py:163} INFO - Started process (PID=53374) to work on /home/vengat/big_data/python/venv/aflow_env/lib/python3.9/site-packages/airflow/example_dags/tutorial.py
[2022-03-28 10:24:44,325] {processor.py:642} INFO - Processing file /home/vengat/big_data/python/venv/aflow_env/lib/python3.9/site-packages/airflow/example_dags/tutorial.py for tasks to queue
[2022-03-28 10:24:44,326] {logging_mixin.py:109} INFO - [2022-03-28 10:24:44,326] {dagbag.py:500} INFO - Filling up the DagBag from /home/vengat/big_data/python/venv/aflow_env/lib/python3.9/site-packages/airflow/example_dags/tutorial.py
[2022-03-28 10:24:44,356] {processor.py:654} INFO - DAG(s) dict_keys(['tutorial']) retrieved from /home/vengat/big_data/python/venv/aflow_env/lib/python3.9/site-packages/airflow/example_dags/tutorial.py
[2022-03-28 10:24:44,371] {logging_mixin.py:109} INFO - [2022-03-28 10:24:44,371] {dag.py:2398} INFO - Sync 1 DAGs
[2022-03-28 10:24:44,387] {logging_mixin.py:109} INFO - [2022-03-28 10:24:44,387] {dag.py:2937} INFO - Setting next_dagrun for tutorial to 2022-03-27T17:24:44.387554+00:00
[2022-03-28 10:24:44,402] {processor.py:171} INFO - Processing /home/vengat/big_data/python/venv/aflow_env/lib/python3.9/site-packages/airflow/example_dags/tutorial.py took 0.082 seconds
[2022-03-28 10:25:15,549] {processor.py:163} INFO - Started process (PID=53403) to work on /home/vengat/big_data/python/venv/aflow_env/lib/python3.9/site-packages/airflow/example_dags/tutorial.py
[2022-03-28 10:25:15,551] {processor.py:642} INFO - Processing file /home/vengat/big_data/python/venv/aflow_env/lib/python3.9/site-packages/airflow/example_dags/tutorial.py for tasks to queue
[2022-03-28 10:25:15,552] {logging_mixin.py:109} INFO - [2022-03-28 10:25:15,552] {dagbag.py:500} INFO - Filling up the DagBag from /home/vengat/big_data/python/venv/aflow_env/lib/python3.9/site-packages/airflow/example_dags/tutorial.py
[2022-03-28 10:25:15,588] {processor.py:654} INFO - DAG(s) dict_keys(['tutorial']) retrieved from /home/vengat/big_data/python/venv/aflow_env/lib/python3.9/site-packages/airflow/example_dags/tutorial.py
[2022-03-28 10:25:15,600] {logging_mixin.py:109} INFO - [2022-03-28 10:25:15,600] {dag.py:2398} INFO - Sync 1 DAGs
[2022-03-28 10:25:15,616] {logging_mixin.py:109} INFO - [2022-03-28 10:25:15,616] {dag.py:2937} INFO - Setting next_dagrun for tutorial to 2022-03-27T17:25:15.615754+00:00
[2022-03-28 10:25:15,624] {processor.py:171} INFO - Processing /home/vengat/big_data/python/venv/aflow_env/lib/python3.9/site-packages/airflow/example_dags/tutorial.py took 0.080 seconds
[2022-03-28 10:25:48,841] {processor.py:163} INFO - Started process (PID=53433) to work on /home/vengat/big_data/python/venv/aflow_env/lib/python3.9/site-packages/airflow/example_dags/tutorial.py
[2022-03-28 10:25:48,843] {processor.py:642} INFO - Processing file /home/vengat/big_data/python/venv/aflow_env/lib/python3.9/site-packages/airflow/example_dags/tutorial.py for tasks to queue
[2022-03-28 10:25:48,843] {logging_mixin.py:109} INFO - [2022-03-28 10:25:48,843] {dagbag.py:500} INFO - Filling up the DagBag from /home/vengat/big_data/python/venv/aflow_env/lib/python3.9/site-packages/airflow/example_dags/tutorial.py
[2022-03-28 10:25:48,872] {processor.py:654} INFO - DAG(s) dict_keys(['tutorial']) retrieved from /home/vengat/big_data/python/venv/aflow_env/lib/python3.9/site-packages/airflow/example_dags/tutorial.py
[2022-03-28 10:25:48,884] {logging_mixin.py:109} INFO - [2022-03-28 10:25:48,884] {dag.py:2398} INFO - Sync 1 DAGs
[2022-03-28 10:25:48,899] {logging_mixin.py:109} INFO - [2022-03-28 10:25:48,899] {dag.py:2937} INFO - Setting next_dagrun for tutorial to 2022-03-27T17:25:48.899245+00:00
[2022-03-28 10:25:48,909] {processor.py:171} INFO - Processing /home/vengat/big_data/python/venv/aflow_env/lib/python3.9/site-packages/airflow/example_dags/tutorial.py took 0.073 seconds
[2022-03-28 10:26:20,896] {processor.py:163} INFO - Started process (PID=53465) to work on /home/vengat/big_data/python/venv/aflow_env/lib/python3.9/site-packages/airflow/example_dags/tutorial.py
[2022-03-28 10:26:20,899] {processor.py:642} INFO - Processing file /home/vengat/big_data/python/venv/aflow_env/lib/python3.9/site-packages/airflow/example_dags/tutorial.py for tasks to queue
[2022-03-28 10:26:20,900] {logging_mixin.py:109} INFO - [2022-03-28 10:26:20,899] {dagbag.py:500} INFO - Filling up the DagBag from /home/vengat/big_data/python/venv/aflow_env/lib/python3.9/site-packages/airflow/example_dags/tutorial.py
[2022-03-28 10:26:20,939] {processor.py:654} INFO - DAG(s) dict_keys(['tutorial']) retrieved from /home/vengat/big_data/python/venv/aflow_env/lib/python3.9/site-packages/airflow/example_dags/tutorial.py
[2022-03-28 10:26:20,953] {logging_mixin.py:109} INFO - [2022-03-28 10:26:20,953] {dag.py:2398} INFO - Sync 1 DAGs
[2022-03-28 10:26:20,970] {logging_mixin.py:109} INFO - [2022-03-28 10:26:20,970] {dag.py:2937} INFO - Setting next_dagrun for tutorial to 2022-03-27T17:26:20.970087+00:00
[2022-03-28 10:26:20,979] {processor.py:171} INFO - Processing /home/vengat/big_data/python/venv/aflow_env/lib/python3.9/site-packages/airflow/example_dags/tutorial.py took 0.087 seconds
[2022-03-28 10:26:53,584] {processor.py:163} INFO - Started process (PID=53496) to work on /home/vengat/big_data/python/venv/aflow_env/lib/python3.9/site-packages/airflow/example_dags/tutorial.py
[2022-03-28 10:26:53,587] {processor.py:642} INFO - Processing file /home/vengat/big_data/python/venv/aflow_env/lib/python3.9/site-packages/airflow/example_dags/tutorial.py for tasks to queue
[2022-03-28 10:26:53,587] {logging_mixin.py:109} INFO - [2022-03-28 10:26:53,587] {dagbag.py:500} INFO - Filling up the DagBag from /home/vengat/big_data/python/venv/aflow_env/lib/python3.9/site-packages/airflow/example_dags/tutorial.py
[2022-03-28 10:26:53,612] {processor.py:654} INFO - DAG(s) dict_keys(['tutorial']) retrieved from /home/vengat/big_data/python/venv/aflow_env/lib/python3.9/site-packages/airflow/example_dags/tutorial.py
[2022-03-28 10:26:53,625] {logging_mixin.py:109} INFO - [2022-03-28 10:26:53,625] {dag.py:2398} INFO - Sync 1 DAGs
[2022-03-28 10:26:53,638] {logging_mixin.py:109} INFO - [2022-03-28 10:26:53,638] {dag.py:2937} INFO - Setting next_dagrun for tutorial to 2022-03-27T17:26:53.638555+00:00
[2022-03-28 10:26:53,648] {processor.py:171} INFO - Processing /home/vengat/big_data/python/venv/aflow_env/lib/python3.9/site-packages/airflow/example_dags/tutorial.py took 0.068 seconds
[2022-03-28 10:27:24,655] {processor.py:163} INFO - Started process (PID=53525) to work on /home/vengat/big_data/python/venv/aflow_env/lib/python3.9/site-packages/airflow/example_dags/tutorial.py
[2022-03-28 10:27:24,657] {processor.py:642} INFO - Processing file /home/vengat/big_data/python/venv/aflow_env/lib/python3.9/site-packages/airflow/example_dags/tutorial.py for tasks to queue
[2022-03-28 10:27:24,658] {logging_mixin.py:109} INFO - [2022-03-28 10:27:24,658] {dagbag.py:500} INFO - Filling up the DagBag from /home/vengat/big_data/python/venv/aflow_env/lib/python3.9/site-packages/airflow/example_dags/tutorial.py
[2022-03-28 10:27:24,695] {processor.py:654} INFO - DAG(s) dict_keys(['tutorial']) retrieved from /home/vengat/big_data/python/venv/aflow_env/lib/python3.9/site-packages/airflow/example_dags/tutorial.py
[2022-03-28 10:27:24,707] {logging_mixin.py:109} INFO - [2022-03-28 10:27:24,707] {dag.py:2398} INFO - Sync 1 DAGs
[2022-03-28 10:27:24,723] {logging_mixin.py:109} INFO - [2022-03-28 10:27:24,723] {dag.py:2937} INFO - Setting next_dagrun for tutorial to 2022-03-27T17:27:24.723025+00:00
[2022-03-28 10:27:24,734] {processor.py:171} INFO - Processing /home/vengat/big_data/python/venv/aflow_env/lib/python3.9/site-packages/airflow/example_dags/tutorial.py took 0.089 seconds
[2022-03-28 10:27:57,822] {processor.py:163} INFO - Started process (PID=53556) to work on /home/vengat/big_data/python/venv/aflow_env/lib/python3.9/site-packages/airflow/example_dags/tutorial.py
[2022-03-28 10:27:57,825] {processor.py:642} INFO - Processing file /home/vengat/big_data/python/venv/aflow_env/lib/python3.9/site-packages/airflow/example_dags/tutorial.py for tasks to queue
[2022-03-28 10:27:57,826] {logging_mixin.py:109} INFO - [2022-03-28 10:27:57,826] {dagbag.py:500} INFO - Filling up the DagBag from /home/vengat/big_data/python/venv/aflow_env/lib/python3.9/site-packages/airflow/example_dags/tutorial.py
[2022-03-28 10:27:57,859] {processor.py:654} INFO - DAG(s) dict_keys(['tutorial']) retrieved from /home/vengat/big_data/python/venv/aflow_env/lib/python3.9/site-packages/airflow/example_dags/tutorial.py
[2022-03-28 10:27:57,867] {logging_mixin.py:109} INFO - [2022-03-28 10:27:57,867] {dag.py:2398} INFO - Sync 1 DAGs
[2022-03-28 10:27:57,882] {logging_mixin.py:109} INFO - [2022-03-28 10:27:57,882] {dag.py:2937} INFO - Setting next_dagrun for tutorial to 2022-03-27T17:27:57.882075+00:00
[2022-03-28 10:27:57,892] {processor.py:171} INFO - Processing /home/vengat/big_data/python/venv/aflow_env/lib/python3.9/site-packages/airflow/example_dags/tutorial.py took 0.077 seconds
[2022-03-28 10:28:32,005] {processor.py:163} INFO - Started process (PID=53588) to work on /home/vengat/big_data/python/venv/aflow_env/lib/python3.9/site-packages/airflow/example_dags/tutorial.py
[2022-03-28 10:28:32,007] {processor.py:642} INFO - Processing file /home/vengat/big_data/python/venv/aflow_env/lib/python3.9/site-packages/airflow/example_dags/tutorial.py for tasks to queue
[2022-03-28 10:28:32,007] {logging_mixin.py:109} INFO - [2022-03-28 10:28:32,007] {dagbag.py:500} INFO - Filling up the DagBag from /home/vengat/big_data/python/venv/aflow_env/lib/python3.9/site-packages/airflow/example_dags/tutorial.py
[2022-03-28 10:28:32,039] {processor.py:654} INFO - DAG(s) dict_keys(['tutorial']) retrieved from /home/vengat/big_data/python/venv/aflow_env/lib/python3.9/site-packages/airflow/example_dags/tutorial.py
[2022-03-28 10:28:32,050] {logging_mixin.py:109} INFO - [2022-03-28 10:28:32,050] {dag.py:2398} INFO - Sync 1 DAGs
[2022-03-28 10:28:32,063] {logging_mixin.py:109} INFO - [2022-03-28 10:28:32,063] {dag.py:2937} INFO - Setting next_dagrun for tutorial to 2022-03-27T17:28:32.063036+00:00
[2022-03-28 10:28:32,072] {processor.py:171} INFO - Processing /home/vengat/big_data/python/venv/aflow_env/lib/python3.9/site-packages/airflow/example_dags/tutorial.py took 0.073 seconds
[2022-03-28 10:29:03,355] {processor.py:163} INFO - Started process (PID=53621) to work on /home/vengat/big_data/python/venv/aflow_env/lib/python3.9/site-packages/airflow/example_dags/tutorial.py
[2022-03-28 10:29:03,356] {processor.py:642} INFO - Processing file /home/vengat/big_data/python/venv/aflow_env/lib/python3.9/site-packages/airflow/example_dags/tutorial.py for tasks to queue
[2022-03-28 10:29:03,356] {logging_mixin.py:109} INFO - [2022-03-28 10:29:03,356] {dagbag.py:500} INFO - Filling up the DagBag from /home/vengat/big_data/python/venv/aflow_env/lib/python3.9/site-packages/airflow/example_dags/tutorial.py
[2022-03-28 10:29:03,379] {processor.py:654} INFO - DAG(s) dict_keys(['tutorial']) retrieved from /home/vengat/big_data/python/venv/aflow_env/lib/python3.9/site-packages/airflow/example_dags/tutorial.py
[2022-03-28 10:29:03,387] {logging_mixin.py:109} INFO - [2022-03-28 10:29:03,387] {dag.py:2398} INFO - Sync 1 DAGs
[2022-03-28 10:29:03,398] {logging_mixin.py:109} INFO - [2022-03-28 10:29:03,398] {dag.py:2937} INFO - Setting next_dagrun for tutorial to 2022-03-27T17:29:03.398029+00:00
[2022-03-28 10:29:03,409] {processor.py:171} INFO - Processing /home/vengat/big_data/python/venv/aflow_env/lib/python3.9/site-packages/airflow/example_dags/tutorial.py took 0.057 seconds
[2022-03-28 10:29:35,615] {processor.py:163} INFO - Started process (PID=53656) to work on /home/vengat/big_data/python/venv/aflow_env/lib/python3.9/site-packages/airflow/example_dags/tutorial.py
[2022-03-28 10:29:35,616] {processor.py:642} INFO - Processing file /home/vengat/big_data/python/venv/aflow_env/lib/python3.9/site-packages/airflow/example_dags/tutorial.py for tasks to queue
[2022-03-28 10:29:35,617] {logging_mixin.py:109} INFO - [2022-03-28 10:29:35,617] {dagbag.py:500} INFO - Filling up the DagBag from /home/vengat/big_data/python/venv/aflow_env/lib/python3.9/site-packages/airflow/example_dags/tutorial.py
[2022-03-28 10:29:35,641] {processor.py:654} INFO - DAG(s) dict_keys(['tutorial']) retrieved from /home/vengat/big_data/python/venv/aflow_env/lib/python3.9/site-packages/airflow/example_dags/tutorial.py
[2022-03-28 10:29:35,650] {logging_mixin.py:109} INFO - [2022-03-28 10:29:35,650] {dag.py:2398} INFO - Sync 1 DAGs
[2022-03-28 10:29:35,661] {logging_mixin.py:109} INFO - [2022-03-28 10:29:35,661] {dag.py:2937} INFO - Setting next_dagrun for tutorial to 2022-03-27T17:29:35.661090+00:00
[2022-03-28 10:29:35,669] {processor.py:171} INFO - Processing /home/vengat/big_data/python/venv/aflow_env/lib/python3.9/site-packages/airflow/example_dags/tutorial.py took 0.058 seconds
[2022-03-28 10:30:08,857] {processor.py:163} INFO - Started process (PID=53690) to work on /home/vengat/big_data/python/venv/aflow_env/lib/python3.9/site-packages/airflow/example_dags/tutorial.py
[2022-03-28 10:30:08,859] {processor.py:642} INFO - Processing file /home/vengat/big_data/python/venv/aflow_env/lib/python3.9/site-packages/airflow/example_dags/tutorial.py for tasks to queue
[2022-03-28 10:30:08,859] {logging_mixin.py:109} INFO - [2022-03-28 10:30:08,859] {dagbag.py:500} INFO - Filling up the DagBag from /home/vengat/big_data/python/venv/aflow_env/lib/python3.9/site-packages/airflow/example_dags/tutorial.py
[2022-03-28 10:30:08,883] {processor.py:654} INFO - DAG(s) dict_keys(['tutorial']) retrieved from /home/vengat/big_data/python/venv/aflow_env/lib/python3.9/site-packages/airflow/example_dags/tutorial.py
[2022-03-28 10:30:08,890] {logging_mixin.py:109} INFO - [2022-03-28 10:30:08,890] {dag.py:2398} INFO - Sync 1 DAGs
[2022-03-28 10:30:08,900] {logging_mixin.py:109} INFO - [2022-03-28 10:30:08,900] {dag.py:2937} INFO - Setting next_dagrun for tutorial to 2022-03-27T17:30:08.900412+00:00
[2022-03-28 10:30:08,908] {processor.py:171} INFO - Processing /home/vengat/big_data/python/venv/aflow_env/lib/python3.9/site-packages/airflow/example_dags/tutorial.py took 0.055 seconds
[2022-03-28 10:30:40,495] {processor.py:163} INFO - Started process (PID=53721) to work on /home/vengat/big_data/python/venv/aflow_env/lib/python3.9/site-packages/airflow/example_dags/tutorial.py
[2022-03-28 10:30:40,497] {processor.py:642} INFO - Processing file /home/vengat/big_data/python/venv/aflow_env/lib/python3.9/site-packages/airflow/example_dags/tutorial.py for tasks to queue
[2022-03-28 10:30:40,498] {logging_mixin.py:109} INFO - [2022-03-28 10:30:40,498] {dagbag.py:500} INFO - Filling up the DagBag from /home/vengat/big_data/python/venv/aflow_env/lib/python3.9/site-packages/airflow/example_dags/tutorial.py
[2022-03-28 10:30:40,533] {processor.py:654} INFO - DAG(s) dict_keys(['tutorial']) retrieved from /home/vengat/big_data/python/venv/aflow_env/lib/python3.9/site-packages/airflow/example_dags/tutorial.py
[2022-03-28 10:30:40,541] {logging_mixin.py:109} INFO - [2022-03-28 10:30:40,541] {dag.py:2398} INFO - Sync 1 DAGs
[2022-03-28 10:30:40,552] {logging_mixin.py:109} INFO - [2022-03-28 10:30:40,552] {dag.py:2937} INFO - Setting next_dagrun for tutorial to 2022-03-27T17:30:40.551876+00:00
[2022-03-28 10:30:40,560] {processor.py:171} INFO - Processing /home/vengat/big_data/python/venv/aflow_env/lib/python3.9/site-packages/airflow/example_dags/tutorial.py took 0.072 seconds
[2022-03-28 10:31:15,412] {processor.py:163} INFO - Started process (PID=53754) to work on /home/vengat/big_data/python/venv/aflow_env/lib/python3.9/site-packages/airflow/example_dags/tutorial.py
[2022-03-28 10:31:15,413] {processor.py:642} INFO - Processing file /home/vengat/big_data/python/venv/aflow_env/lib/python3.9/site-packages/airflow/example_dags/tutorial.py for tasks to queue
[2022-03-28 10:31:15,414] {logging_mixin.py:109} INFO - [2022-03-28 10:31:15,414] {dagbag.py:500} INFO - Filling up the DagBag from /home/vengat/big_data/python/venv/aflow_env/lib/python3.9/site-packages/airflow/example_dags/tutorial.py
[2022-03-28 10:31:15,436] {processor.py:654} INFO - DAG(s) dict_keys(['tutorial']) retrieved from /home/vengat/big_data/python/venv/aflow_env/lib/python3.9/site-packages/airflow/example_dags/tutorial.py
[2022-03-28 10:31:15,444] {logging_mixin.py:109} INFO - [2022-03-28 10:31:15,444] {dag.py:2398} INFO - Sync 1 DAGs
[2022-03-28 10:31:15,456] {logging_mixin.py:109} INFO - [2022-03-28 10:31:15,456] {dag.py:2937} INFO - Setting next_dagrun for tutorial to 2022-03-27T17:31:15.455747+00:00
[2022-03-28 10:31:15,465] {processor.py:171} INFO - Processing /home/vengat/big_data/python/venv/aflow_env/lib/python3.9/site-packages/airflow/example_dags/tutorial.py took 0.057 seconds
[2022-03-28 10:31:49,263] {processor.py:163} INFO - Started process (PID=53786) to work on /home/vengat/big_data/python/venv/aflow_env/lib/python3.9/site-packages/airflow/example_dags/tutorial.py
[2022-03-28 10:31:49,264] {processor.py:642} INFO - Processing file /home/vengat/big_data/python/venv/aflow_env/lib/python3.9/site-packages/airflow/example_dags/tutorial.py for tasks to queue
[2022-03-28 10:31:49,265] {logging_mixin.py:109} INFO - [2022-03-28 10:31:49,265] {dagbag.py:500} INFO - Filling up the DagBag from /home/vengat/big_data/python/venv/aflow_env/lib/python3.9/site-packages/airflow/example_dags/tutorial.py
[2022-03-28 10:31:49,287] {processor.py:654} INFO - DAG(s) dict_keys(['tutorial']) retrieved from /home/vengat/big_data/python/venv/aflow_env/lib/python3.9/site-packages/airflow/example_dags/tutorial.py
[2022-03-28 10:31:49,295] {logging_mixin.py:109} INFO - [2022-03-28 10:31:49,295] {dag.py:2398} INFO - Sync 1 DAGs
[2022-03-28 10:31:49,305] {logging_mixin.py:109} INFO - [2022-03-28 10:31:49,305] {dag.py:2937} INFO - Setting next_dagrun for tutorial to 2022-03-27T17:31:49.305279+00:00
[2022-03-28 10:31:49,313] {processor.py:171} INFO - Processing /home/vengat/big_data/python/venv/aflow_env/lib/python3.9/site-packages/airflow/example_dags/tutorial.py took 0.054 seconds
[2022-03-28 10:32:22,287] {processor.py:163} INFO - Started process (PID=53823) to work on /home/vengat/big_data/python/venv/aflow_env/lib/python3.9/site-packages/airflow/example_dags/tutorial.py
[2022-03-28 10:32:22,289] {processor.py:642} INFO - Processing file /home/vengat/big_data/python/venv/aflow_env/lib/python3.9/site-packages/airflow/example_dags/tutorial.py for tasks to queue
[2022-03-28 10:32:22,289] {logging_mixin.py:109} INFO - [2022-03-28 10:32:22,289] {dagbag.py:500} INFO - Filling up the DagBag from /home/vengat/big_data/python/venv/aflow_env/lib/python3.9/site-packages/airflow/example_dags/tutorial.py
[2022-03-28 10:32:22,313] {processor.py:654} INFO - DAG(s) dict_keys(['tutorial']) retrieved from /home/vengat/big_data/python/venv/aflow_env/lib/python3.9/site-packages/airflow/example_dags/tutorial.py
[2022-03-28 10:32:22,321] {logging_mixin.py:109} INFO - [2022-03-28 10:32:22,321] {dag.py:2398} INFO - Sync 1 DAGs
[2022-03-28 10:32:22,331] {logging_mixin.py:109} INFO - [2022-03-28 10:32:22,331] {dag.py:2937} INFO - Setting next_dagrun for tutorial to 2022-03-27T17:32:22.331622+00:00
[2022-03-28 10:32:22,340] {processor.py:171} INFO - Processing /home/vengat/big_data/python/venv/aflow_env/lib/python3.9/site-packages/airflow/example_dags/tutorial.py took 0.056 seconds
[2022-03-28 10:32:56,013] {processor.py:163} INFO - Started process (PID=53855) to work on /home/vengat/big_data/python/venv/aflow_env/lib/python3.9/site-packages/airflow/example_dags/tutorial.py
[2022-03-28 10:32:56,015] {processor.py:642} INFO - Processing file /home/vengat/big_data/python/venv/aflow_env/lib/python3.9/site-packages/airflow/example_dags/tutorial.py for tasks to queue
[2022-03-28 10:32:56,016] {logging_mixin.py:109} INFO - [2022-03-28 10:32:56,015] {dagbag.py:500} INFO - Filling up the DagBag from /home/vengat/big_data/python/venv/aflow_env/lib/python3.9/site-packages/airflow/example_dags/tutorial.py
[2022-03-28 10:32:56,050] {processor.py:654} INFO - DAG(s) dict_keys(['tutorial']) retrieved from /home/vengat/big_data/python/venv/aflow_env/lib/python3.9/site-packages/airflow/example_dags/tutorial.py
[2022-03-28 10:32:56,061] {logging_mixin.py:109} INFO - [2022-03-28 10:32:56,061] {dag.py:2398} INFO - Sync 1 DAGs
[2022-03-28 10:32:56,075] {logging_mixin.py:109} INFO - [2022-03-28 10:32:56,075] {dag.py:2937} INFO - Setting next_dagrun for tutorial to 2022-03-27T17:32:56.075270+00:00
[2022-03-28 10:32:56,087] {processor.py:171} INFO - Processing /home/vengat/big_data/python/venv/aflow_env/lib/python3.9/site-packages/airflow/example_dags/tutorial.py took 0.077 seconds
[2022-03-28 10:33:28,341] {processor.py:163} INFO - Started process (PID=53888) to work on /home/vengat/big_data/python/venv/aflow_env/lib/python3.9/site-packages/airflow/example_dags/tutorial.py
[2022-03-28 10:33:28,343] {processor.py:642} INFO - Processing file /home/vengat/big_data/python/venv/aflow_env/lib/python3.9/site-packages/airflow/example_dags/tutorial.py for tasks to queue
[2022-03-28 10:33:28,344] {logging_mixin.py:109} INFO - [2022-03-28 10:33:28,344] {dagbag.py:500} INFO - Filling up the DagBag from /home/vengat/big_data/python/venv/aflow_env/lib/python3.9/site-packages/airflow/example_dags/tutorial.py
[2022-03-28 10:33:28,377] {processor.py:654} INFO - DAG(s) dict_keys(['tutorial']) retrieved from /home/vengat/big_data/python/venv/aflow_env/lib/python3.9/site-packages/airflow/example_dags/tutorial.py
[2022-03-28 10:33:28,390] {logging_mixin.py:109} INFO - [2022-03-28 10:33:28,390] {dag.py:2398} INFO - Sync 1 DAGs
[2022-03-28 10:33:28,403] {logging_mixin.py:109} INFO - [2022-03-28 10:33:28,403] {dag.py:2937} INFO - Setting next_dagrun for tutorial to 2022-03-27T17:33:28.402303+00:00
[2022-03-28 10:33:28,417] {processor.py:171} INFO - Processing /home/vengat/big_data/python/venv/aflow_env/lib/python3.9/site-packages/airflow/example_dags/tutorial.py took 0.080 seconds
[2022-03-28 10:34:03,783] {processor.py:163} INFO - Started process (PID=53928) to work on /home/vengat/big_data/python/venv/aflow_env/lib/python3.9/site-packages/airflow/example_dags/tutorial.py
[2022-03-28 10:34:03,785] {processor.py:642} INFO - Processing file /home/vengat/big_data/python/venv/aflow_env/lib/python3.9/site-packages/airflow/example_dags/tutorial.py for tasks to queue
[2022-03-28 10:34:03,786] {logging_mixin.py:109} INFO - [2022-03-28 10:34:03,785] {dagbag.py:500} INFO - Filling up the DagBag from /home/vengat/big_data/python/venv/aflow_env/lib/python3.9/site-packages/airflow/example_dags/tutorial.py
[2022-03-28 10:34:03,812] {processor.py:654} INFO - DAG(s) dict_keys(['tutorial']) retrieved from /home/vengat/big_data/python/venv/aflow_env/lib/python3.9/site-packages/airflow/example_dags/tutorial.py
[2022-03-28 10:34:03,823] {logging_mixin.py:109} INFO - [2022-03-28 10:34:03,823] {dag.py:2398} INFO - Sync 1 DAGs
[2022-03-28 10:34:03,835] {logging_mixin.py:109} INFO - [2022-03-28 10:34:03,835] {dag.py:2937} INFO - Setting next_dagrun for tutorial to 2022-03-27T17:34:03.834624+00:00
[2022-03-28 10:34:03,844] {processor.py:171} INFO - Processing /home/vengat/big_data/python/venv/aflow_env/lib/python3.9/site-packages/airflow/example_dags/tutorial.py took 0.065 seconds
[2022-03-28 10:34:36,204] {processor.py:163} INFO - Started process (PID=53960) to work on /home/vengat/big_data/python/venv/aflow_env/lib/python3.9/site-packages/airflow/example_dags/tutorial.py
[2022-03-28 10:34:36,206] {processor.py:642} INFO - Processing file /home/vengat/big_data/python/venv/aflow_env/lib/python3.9/site-packages/airflow/example_dags/tutorial.py for tasks to queue
[2022-03-28 10:34:36,207] {logging_mixin.py:109} INFO - [2022-03-28 10:34:36,207] {dagbag.py:500} INFO - Filling up the DagBag from /home/vengat/big_data/python/venv/aflow_env/lib/python3.9/site-packages/airflow/example_dags/tutorial.py
[2022-03-28 10:34:36,234] {processor.py:654} INFO - DAG(s) dict_keys(['tutorial']) retrieved from /home/vengat/big_data/python/venv/aflow_env/lib/python3.9/site-packages/airflow/example_dags/tutorial.py
[2022-03-28 10:34:36,245] {logging_mixin.py:109} INFO - [2022-03-28 10:34:36,245] {dag.py:2398} INFO - Sync 1 DAGs
[2022-03-28 10:34:36,259] {logging_mixin.py:109} INFO - [2022-03-28 10:34:36,259] {dag.py:2937} INFO - Setting next_dagrun for tutorial to 2022-03-27T17:34:36.259355+00:00
[2022-03-28 10:34:36,275] {processor.py:171} INFO - Processing /home/vengat/big_data/python/venv/aflow_env/lib/python3.9/site-packages/airflow/example_dags/tutorial.py took 0.074 seconds
[2022-03-28 10:35:12,773] {processor.py:163} INFO - Started process (PID=53993) to work on /home/vengat/big_data/python/venv/aflow_env/lib/python3.9/site-packages/airflow/example_dags/tutorial.py
[2022-03-28 10:35:12,775] {processor.py:642} INFO - Processing file /home/vengat/big_data/python/venv/aflow_env/lib/python3.9/site-packages/airflow/example_dags/tutorial.py for tasks to queue
[2022-03-28 10:35:12,776] {logging_mixin.py:109} INFO - [2022-03-28 10:35:12,776] {dagbag.py:500} INFO - Filling up the DagBag from /home/vengat/big_data/python/venv/aflow_env/lib/python3.9/site-packages/airflow/example_dags/tutorial.py
[2022-03-28 10:35:12,806] {processor.py:654} INFO - DAG(s) dict_keys(['tutorial']) retrieved from /home/vengat/big_data/python/venv/aflow_env/lib/python3.9/site-packages/airflow/example_dags/tutorial.py
[2022-03-28 10:35:12,816] {logging_mixin.py:109} INFO - [2022-03-28 10:35:12,816] {dag.py:2398} INFO - Sync 1 DAGs
[2022-03-28 10:35:12,831] {logging_mixin.py:109} INFO - [2022-03-28 10:35:12,830] {dag.py:2937} INFO - Setting next_dagrun for tutorial to 2022-03-27T17:35:12.830671+00:00
[2022-03-28 10:35:12,839] {processor.py:171} INFO - Processing /home/vengat/big_data/python/venv/aflow_env/lib/python3.9/site-packages/airflow/example_dags/tutorial.py took 0.071 seconds
[2022-03-28 10:35:46,411] {processor.py:163} INFO - Started process (PID=54024) to work on /home/vengat/big_data/python/venv/aflow_env/lib/python3.9/site-packages/airflow/example_dags/tutorial.py
[2022-03-28 10:35:46,412] {processor.py:642} INFO - Processing file /home/vengat/big_data/python/venv/aflow_env/lib/python3.9/site-packages/airflow/example_dags/tutorial.py for tasks to queue
[2022-03-28 10:35:46,413] {logging_mixin.py:109} INFO - [2022-03-28 10:35:46,413] {dagbag.py:500} INFO - Filling up the DagBag from /home/vengat/big_data/python/venv/aflow_env/lib/python3.9/site-packages/airflow/example_dags/tutorial.py
[2022-03-28 10:35:46,440] {processor.py:654} INFO - DAG(s) dict_keys(['tutorial']) retrieved from /home/vengat/big_data/python/venv/aflow_env/lib/python3.9/site-packages/airflow/example_dags/tutorial.py
[2022-03-28 10:35:46,450] {logging_mixin.py:109} INFO - [2022-03-28 10:35:46,450] {dag.py:2398} INFO - Sync 1 DAGs
[2022-03-28 10:35:46,467] {logging_mixin.py:109} INFO - [2022-03-28 10:35:46,467] {dag.py:2937} INFO - Setting next_dagrun for tutorial to 2022-03-27T17:35:46.466786+00:00
[2022-03-28 10:35:46,477] {processor.py:171} INFO - Processing /home/vengat/big_data/python/venv/aflow_env/lib/python3.9/site-packages/airflow/example_dags/tutorial.py took 0.069 seconds
[2022-03-28 10:36:18,150] {processor.py:163} INFO - Started process (PID=54054) to work on /home/vengat/big_data/python/venv/aflow_env/lib/python3.9/site-packages/airflow/example_dags/tutorial.py
[2022-03-28 10:36:18,152] {processor.py:642} INFO - Processing file /home/vengat/big_data/python/venv/aflow_env/lib/python3.9/site-packages/airflow/example_dags/tutorial.py for tasks to queue
[2022-03-28 10:36:18,154] {logging_mixin.py:109} INFO - [2022-03-28 10:36:18,154] {dagbag.py:500} INFO - Filling up the DagBag from /home/vengat/big_data/python/venv/aflow_env/lib/python3.9/site-packages/airflow/example_dags/tutorial.py
[2022-03-28 10:36:18,189] {processor.py:654} INFO - DAG(s) dict_keys(['tutorial']) retrieved from /home/vengat/big_data/python/venv/aflow_env/lib/python3.9/site-packages/airflow/example_dags/tutorial.py
[2022-03-28 10:36:18,199] {logging_mixin.py:109} INFO - [2022-03-28 10:36:18,199] {dag.py:2398} INFO - Sync 1 DAGs
[2022-03-28 10:36:18,213] {logging_mixin.py:109} INFO - [2022-03-28 10:36:18,213] {dag.py:2937} INFO - Setting next_dagrun for tutorial to 2022-03-27T17:36:18.213521+00:00
[2022-03-28 10:36:18,223] {processor.py:171} INFO - Processing /home/vengat/big_data/python/venv/aflow_env/lib/python3.9/site-packages/airflow/example_dags/tutorial.py took 0.078 seconds
[2022-03-28 10:36:50,552] {processor.py:163} INFO - Started process (PID=54085) to work on /home/vengat/big_data/python/venv/aflow_env/lib/python3.9/site-packages/airflow/example_dags/tutorial.py
[2022-03-28 10:36:50,553] {processor.py:642} INFO - Processing file /home/vengat/big_data/python/venv/aflow_env/lib/python3.9/site-packages/airflow/example_dags/tutorial.py for tasks to queue
[2022-03-28 10:36:50,554] {logging_mixin.py:109} INFO - [2022-03-28 10:36:50,554] {dagbag.py:500} INFO - Filling up the DagBag from /home/vengat/big_data/python/venv/aflow_env/lib/python3.9/site-packages/airflow/example_dags/tutorial.py
[2022-03-28 10:36:50,589] {processor.py:654} INFO - DAG(s) dict_keys(['tutorial']) retrieved from /home/vengat/big_data/python/venv/aflow_env/lib/python3.9/site-packages/airflow/example_dags/tutorial.py
[2022-03-28 10:36:50,599] {logging_mixin.py:109} INFO - [2022-03-28 10:36:50,599] {dag.py:2398} INFO - Sync 1 DAGs
[2022-03-28 10:36:50,615] {logging_mixin.py:109} INFO - [2022-03-28 10:36:50,614] {dag.py:2937} INFO - Setting next_dagrun for tutorial to 2022-03-27T17:36:50.614502+00:00
[2022-03-28 10:36:50,625] {processor.py:171} INFO - Processing /home/vengat/big_data/python/venv/aflow_env/lib/python3.9/site-packages/airflow/example_dags/tutorial.py took 0.077 seconds
[2022-03-28 10:37:25,164] {processor.py:163} INFO - Started process (PID=54132) to work on /home/vengat/big_data/python/venv/aflow_env/lib/python3.9/site-packages/airflow/example_dags/tutorial.py
[2022-03-28 10:37:25,166] {processor.py:642} INFO - Processing file /home/vengat/big_data/python/venv/aflow_env/lib/python3.9/site-packages/airflow/example_dags/tutorial.py for tasks to queue
[2022-03-28 10:37:25,167] {logging_mixin.py:109} INFO - [2022-03-28 10:37:25,166] {dagbag.py:500} INFO - Filling up the DagBag from /home/vengat/big_data/python/venv/aflow_env/lib/python3.9/site-packages/airflow/example_dags/tutorial.py
[2022-03-28 10:37:25,199] {processor.py:654} INFO - DAG(s) dict_keys(['tutorial']) retrieved from /home/vengat/big_data/python/venv/aflow_env/lib/python3.9/site-packages/airflow/example_dags/tutorial.py
[2022-03-28 10:37:25,208] {logging_mixin.py:109} INFO - [2022-03-28 10:37:25,208] {dag.py:2398} INFO - Sync 1 DAGs
[2022-03-28 10:37:25,226] {logging_mixin.py:109} INFO - [2022-03-28 10:37:25,226] {dag.py:2937} INFO - Setting next_dagrun for tutorial to 2022-03-27T17:37:25.225962+00:00
[2022-03-28 10:37:25,237] {processor.py:171} INFO - Processing /home/vengat/big_data/python/venv/aflow_env/lib/python3.9/site-packages/airflow/example_dags/tutorial.py took 0.077 seconds
[2022-03-28 10:37:58,465] {processor.py:163} INFO - Started process (PID=54167) to work on /home/vengat/big_data/python/venv/aflow_env/lib/python3.9/site-packages/airflow/example_dags/tutorial.py
[2022-03-28 10:37:58,467] {processor.py:642} INFO - Processing file /home/vengat/big_data/python/venv/aflow_env/lib/python3.9/site-packages/airflow/example_dags/tutorial.py for tasks to queue
[2022-03-28 10:37:58,467] {logging_mixin.py:109} INFO - [2022-03-28 10:37:58,467] {dagbag.py:500} INFO - Filling up the DagBag from /home/vengat/big_data/python/venv/aflow_env/lib/python3.9/site-packages/airflow/example_dags/tutorial.py
[2022-03-28 10:37:58,496] {processor.py:654} INFO - DAG(s) dict_keys(['tutorial']) retrieved from /home/vengat/big_data/python/venv/aflow_env/lib/python3.9/site-packages/airflow/example_dags/tutorial.py
[2022-03-28 10:37:58,507] {logging_mixin.py:109} INFO - [2022-03-28 10:37:58,507] {dag.py:2398} INFO - Sync 1 DAGs
[2022-03-28 10:37:58,522] {logging_mixin.py:109} INFO - [2022-03-28 10:37:58,522] {dag.py:2937} INFO - Setting next_dagrun for tutorial to 2022-03-27T17:37:58.522172+00:00
[2022-03-28 10:37:58,533] {processor.py:171} INFO - Processing /home/vengat/big_data/python/venv/aflow_env/lib/python3.9/site-packages/airflow/example_dags/tutorial.py took 0.072 seconds
[2022-03-28 10:38:31,890] {processor.py:163} INFO - Started process (PID=54232) to work on /home/vengat/big_data/python/venv/aflow_env/lib/python3.9/site-packages/airflow/example_dags/tutorial.py
[2022-03-28 10:38:31,892] {processor.py:642} INFO - Processing file /home/vengat/big_data/python/venv/aflow_env/lib/python3.9/site-packages/airflow/example_dags/tutorial.py for tasks to queue
[2022-03-28 10:38:31,893] {logging_mixin.py:109} INFO - [2022-03-28 10:38:31,893] {dagbag.py:500} INFO - Filling up the DagBag from /home/vengat/big_data/python/venv/aflow_env/lib/python3.9/site-packages/airflow/example_dags/tutorial.py
[2022-03-28 10:38:31,927] {processor.py:654} INFO - DAG(s) dict_keys(['tutorial']) retrieved from /home/vengat/big_data/python/venv/aflow_env/lib/python3.9/site-packages/airflow/example_dags/tutorial.py
[2022-03-28 10:38:31,943] {logging_mixin.py:109} INFO - [2022-03-28 10:38:31,943] {dag.py:2398} INFO - Sync 1 DAGs
[2022-03-28 10:38:31,960] {logging_mixin.py:109} INFO - [2022-03-28 10:38:31,959] {dag.py:2937} INFO - Setting next_dagrun for tutorial to 2022-03-27T17:38:31.959356+00:00
[2022-03-28 10:38:31,972] {processor.py:171} INFO - Processing /home/vengat/big_data/python/venv/aflow_env/lib/python3.9/site-packages/airflow/example_dags/tutorial.py took 0.086 seconds
[2022-03-28 10:39:04,937] {processor.py:163} INFO - Started process (PID=54291) to work on /home/vengat/big_data/python/venv/aflow_env/lib/python3.9/site-packages/airflow/example_dags/tutorial.py
[2022-03-28 10:39:04,938] {processor.py:642} INFO - Processing file /home/vengat/big_data/python/venv/aflow_env/lib/python3.9/site-packages/airflow/example_dags/tutorial.py for tasks to queue
[2022-03-28 10:39:04,939] {logging_mixin.py:109} INFO - [2022-03-28 10:39:04,939] {dagbag.py:500} INFO - Filling up the DagBag from /home/vengat/big_data/python/venv/aflow_env/lib/python3.9/site-packages/airflow/example_dags/tutorial.py
[2022-03-28 10:39:04,969] {processor.py:654} INFO - DAG(s) dict_keys(['tutorial']) retrieved from /home/vengat/big_data/python/venv/aflow_env/lib/python3.9/site-packages/airflow/example_dags/tutorial.py
[2022-03-28 10:39:04,992] {logging_mixin.py:109} INFO - [2022-03-28 10:39:04,992] {dag.py:2398} INFO - Sync 1 DAGs
[2022-03-28 10:39:05,010] {logging_mixin.py:109} INFO - [2022-03-28 10:39:05,010] {dag.py:2937} INFO - Setting next_dagrun for tutorial to 2022-03-27T17:39:05.009629+00:00
[2022-03-28 10:39:05,026] {processor.py:171} INFO - Processing /home/vengat/big_data/python/venv/aflow_env/lib/python3.9/site-packages/airflow/example_dags/tutorial.py took 0.094 seconds
[2022-03-28 10:39:40,228] {processor.py:163} INFO - Started process (PID=54341) to work on /home/vengat/big_data/python/venv/aflow_env/lib/python3.9/site-packages/airflow/example_dags/tutorial.py
[2022-03-28 10:39:40,231] {processor.py:642} INFO - Processing file /home/vengat/big_data/python/venv/aflow_env/lib/python3.9/site-packages/airflow/example_dags/tutorial.py for tasks to queue
[2022-03-28 10:39:40,232] {logging_mixin.py:109} INFO - [2022-03-28 10:39:40,232] {dagbag.py:500} INFO - Filling up the DagBag from /home/vengat/big_data/python/venv/aflow_env/lib/python3.9/site-packages/airflow/example_dags/tutorial.py
[2022-03-28 10:39:40,265] {processor.py:654} INFO - DAG(s) dict_keys(['tutorial']) retrieved from /home/vengat/big_data/python/venv/aflow_env/lib/python3.9/site-packages/airflow/example_dags/tutorial.py
[2022-03-28 10:39:40,275] {logging_mixin.py:109} INFO - [2022-03-28 10:39:40,275] {dag.py:2398} INFO - Sync 1 DAGs
[2022-03-28 10:39:40,291] {logging_mixin.py:109} INFO - [2022-03-28 10:39:40,291] {dag.py:2937} INFO - Setting next_dagrun for tutorial to 2022-03-27T17:39:40.289660+00:00
[2022-03-28 10:39:40,315] {processor.py:171} INFO - Processing /home/vengat/big_data/python/venv/aflow_env/lib/python3.9/site-packages/airflow/example_dags/tutorial.py took 0.093 seconds
[2022-03-28 10:40:15,176] {processor.py:163} INFO - Started process (PID=54378) to work on /home/vengat/big_data/python/venv/aflow_env/lib/python3.9/site-packages/airflow/example_dags/tutorial.py
[2022-03-28 10:40:15,178] {processor.py:642} INFO - Processing file /home/vengat/big_data/python/venv/aflow_env/lib/python3.9/site-packages/airflow/example_dags/tutorial.py for tasks to queue
[2022-03-28 10:40:15,179] {logging_mixin.py:109} INFO - [2022-03-28 10:40:15,179] {dagbag.py:500} INFO - Filling up the DagBag from /home/vengat/big_data/python/venv/aflow_env/lib/python3.9/site-packages/airflow/example_dags/tutorial.py
[2022-03-28 10:40:15,211] {processor.py:654} INFO - DAG(s) dict_keys(['tutorial']) retrieved from /home/vengat/big_data/python/venv/aflow_env/lib/python3.9/site-packages/airflow/example_dags/tutorial.py
[2022-03-28 10:40:15,221] {logging_mixin.py:109} INFO - [2022-03-28 10:40:15,221] {dag.py:2398} INFO - Sync 1 DAGs
[2022-03-28 10:40:15,238] {logging_mixin.py:109} INFO - [2022-03-28 10:40:15,238] {dag.py:2937} INFO - Setting next_dagrun for tutorial to 2022-03-27T17:40:15.237558+00:00
[2022-03-28 10:40:15,252] {processor.py:171} INFO - Processing /home/vengat/big_data/python/venv/aflow_env/lib/python3.9/site-packages/airflow/example_dags/tutorial.py took 0.081 seconds
[2022-03-28 10:40:47,658] {processor.py:163} INFO - Started process (PID=54490) to work on /home/vengat/big_data/python/venv/aflow_env/lib/python3.9/site-packages/airflow/example_dags/tutorial.py
[2022-03-28 10:40:47,660] {processor.py:642} INFO - Processing file /home/vengat/big_data/python/venv/aflow_env/lib/python3.9/site-packages/airflow/example_dags/tutorial.py for tasks to queue
[2022-03-28 10:40:47,660] {logging_mixin.py:109} INFO - [2022-03-28 10:40:47,660] {dagbag.py:500} INFO - Filling up the DagBag from /home/vengat/big_data/python/venv/aflow_env/lib/python3.9/site-packages/airflow/example_dags/tutorial.py
[2022-03-28 10:40:47,692] {processor.py:654} INFO - DAG(s) dict_keys(['tutorial']) retrieved from /home/vengat/big_data/python/venv/aflow_env/lib/python3.9/site-packages/airflow/example_dags/tutorial.py
[2022-03-28 10:40:47,703] {logging_mixin.py:109} INFO - [2022-03-28 10:40:47,703] {dag.py:2398} INFO - Sync 1 DAGs
[2022-03-28 10:40:47,720] {logging_mixin.py:109} INFO - [2022-03-28 10:40:47,720] {dag.py:2937} INFO - Setting next_dagrun for tutorial to 2022-03-27T17:40:47.719658+00:00
[2022-03-28 10:40:47,728] {processor.py:171} INFO - Processing /home/vengat/big_data/python/venv/aflow_env/lib/python3.9/site-packages/airflow/example_dags/tutorial.py took 0.074 seconds
[2022-03-28 10:41:20,594] {processor.py:163} INFO - Started process (PID=54522) to work on /home/vengat/big_data/python/venv/aflow_env/lib/python3.9/site-packages/airflow/example_dags/tutorial.py
[2022-03-28 10:41:20,597] {processor.py:642} INFO - Processing file /home/vengat/big_data/python/venv/aflow_env/lib/python3.9/site-packages/airflow/example_dags/tutorial.py for tasks to queue
[2022-03-28 10:41:20,598] {logging_mixin.py:109} INFO - [2022-03-28 10:41:20,598] {dagbag.py:500} INFO - Filling up the DagBag from /home/vengat/big_data/python/venv/aflow_env/lib/python3.9/site-packages/airflow/example_dags/tutorial.py
[2022-03-28 10:41:20,623] {processor.py:654} INFO - DAG(s) dict_keys(['tutorial']) retrieved from /home/vengat/big_data/python/venv/aflow_env/lib/python3.9/site-packages/airflow/example_dags/tutorial.py
[2022-03-28 10:41:20,634] {logging_mixin.py:109} INFO - [2022-03-28 10:41:20,634] {dag.py:2398} INFO - Sync 1 DAGs
[2022-03-28 10:41:20,647] {logging_mixin.py:109} INFO - [2022-03-28 10:41:20,647] {dag.py:2937} INFO - Setting next_dagrun for tutorial to 2022-03-27T17:41:20.647063+00:00
[2022-03-28 10:41:20,655] {processor.py:171} INFO - Processing /home/vengat/big_data/python/venv/aflow_env/lib/python3.9/site-packages/airflow/example_dags/tutorial.py took 0.064 seconds
[2022-03-28 10:41:53,809] {processor.py:163} INFO - Started process (PID=54555) to work on /home/vengat/big_data/python/venv/aflow_env/lib/python3.9/site-packages/airflow/example_dags/tutorial.py
[2022-03-28 10:41:53,813] {processor.py:642} INFO - Processing file /home/vengat/big_data/python/venv/aflow_env/lib/python3.9/site-packages/airflow/example_dags/tutorial.py for tasks to queue
[2022-03-28 10:41:53,813] {logging_mixin.py:109} INFO - [2022-03-28 10:41:53,813] {dagbag.py:500} INFO - Filling up the DagBag from /home/vengat/big_data/python/venv/aflow_env/lib/python3.9/site-packages/airflow/example_dags/tutorial.py
[2022-03-28 10:41:53,839] {processor.py:654} INFO - DAG(s) dict_keys(['tutorial']) retrieved from /home/vengat/big_data/python/venv/aflow_env/lib/python3.9/site-packages/airflow/example_dags/tutorial.py
[2022-03-28 10:41:53,849] {logging_mixin.py:109} INFO - [2022-03-28 10:41:53,849] {dag.py:2398} INFO - Sync 1 DAGs
[2022-03-28 10:41:53,860] {logging_mixin.py:109} INFO - [2022-03-28 10:41:53,860] {dag.py:2937} INFO - Setting next_dagrun for tutorial to 2022-03-27T17:41:53.860049+00:00
[2022-03-28 10:41:53,869] {processor.py:171} INFO - Processing /home/vengat/big_data/python/venv/aflow_env/lib/python3.9/site-packages/airflow/example_dags/tutorial.py took 0.063 seconds
[2022-03-28 10:42:27,031] {processor.py:163} INFO - Started process (PID=54591) to work on /home/vengat/big_data/python/venv/aflow_env/lib/python3.9/site-packages/airflow/example_dags/tutorial.py
[2022-03-28 10:42:27,033] {processor.py:642} INFO - Processing file /home/vengat/big_data/python/venv/aflow_env/lib/python3.9/site-packages/airflow/example_dags/tutorial.py for tasks to queue
[2022-03-28 10:42:27,033] {logging_mixin.py:109} INFO - [2022-03-28 10:42:27,033] {dagbag.py:500} INFO - Filling up the DagBag from /home/vengat/big_data/python/venv/aflow_env/lib/python3.9/site-packages/airflow/example_dags/tutorial.py
[2022-03-28 10:42:27,060] {processor.py:654} INFO - DAG(s) dict_keys(['tutorial']) retrieved from /home/vengat/big_data/python/venv/aflow_env/lib/python3.9/site-packages/airflow/example_dags/tutorial.py
[2022-03-28 10:42:27,069] {logging_mixin.py:109} INFO - [2022-03-28 10:42:27,069] {dag.py:2398} INFO - Sync 1 DAGs
[2022-03-28 10:42:27,081] {logging_mixin.py:109} INFO - [2022-03-28 10:42:27,081] {dag.py:2937} INFO - Setting next_dagrun for tutorial to 2022-03-27T17:42:27.081048+00:00
[2022-03-28 10:42:27,091] {processor.py:171} INFO - Processing /home/vengat/big_data/python/venv/aflow_env/lib/python3.9/site-packages/airflow/example_dags/tutorial.py took 0.066 seconds
[2022-03-28 10:42:59,689] {processor.py:163} INFO - Started process (PID=54639) to work on /home/vengat/big_data/python/venv/aflow_env/lib/python3.9/site-packages/airflow/example_dags/tutorial.py
[2022-03-28 10:42:59,690] {processor.py:642} INFO - Processing file /home/vengat/big_data/python/venv/aflow_env/lib/python3.9/site-packages/airflow/example_dags/tutorial.py for tasks to queue
[2022-03-28 10:42:59,691] {logging_mixin.py:109} INFO - [2022-03-28 10:42:59,691] {dagbag.py:500} INFO - Filling up the DagBag from /home/vengat/big_data/python/venv/aflow_env/lib/python3.9/site-packages/airflow/example_dags/tutorial.py
[2022-03-28 10:42:59,715] {processor.py:654} INFO - DAG(s) dict_keys(['tutorial']) retrieved from /home/vengat/big_data/python/venv/aflow_env/lib/python3.9/site-packages/airflow/example_dags/tutorial.py
[2022-03-28 10:42:59,723] {logging_mixin.py:109} INFO - [2022-03-28 10:42:59,723] {dag.py:2398} INFO - Sync 1 DAGs
[2022-03-28 10:42:59,735] {logging_mixin.py:109} INFO - [2022-03-28 10:42:59,734] {dag.py:2937} INFO - Setting next_dagrun for tutorial to 2022-03-27T17:42:59.734582+00:00
[2022-03-28 10:42:59,743] {processor.py:171} INFO - Processing /home/vengat/big_data/python/venv/aflow_env/lib/python3.9/site-packages/airflow/example_dags/tutorial.py took 0.056 seconds
[2022-03-28 10:43:34,371] {processor.py:163} INFO - Started process (PID=54695) to work on /home/vengat/big_data/python/venv/aflow_env/lib/python3.9/site-packages/airflow/example_dags/tutorial.py
[2022-03-28 10:43:34,372] {processor.py:642} INFO - Processing file /home/vengat/big_data/python/venv/aflow_env/lib/python3.9/site-packages/airflow/example_dags/tutorial.py for tasks to queue
[2022-03-28 10:43:34,373] {logging_mixin.py:109} INFO - [2022-03-28 10:43:34,373] {dagbag.py:500} INFO - Filling up the DagBag from /home/vengat/big_data/python/venv/aflow_env/lib/python3.9/site-packages/airflow/example_dags/tutorial.py
[2022-03-28 10:43:34,401] {processor.py:654} INFO - DAG(s) dict_keys(['tutorial']) retrieved from /home/vengat/big_data/python/venv/aflow_env/lib/python3.9/site-packages/airflow/example_dags/tutorial.py
[2022-03-28 10:43:34,410] {logging_mixin.py:109} INFO - [2022-03-28 10:43:34,410] {dag.py:2398} INFO - Sync 1 DAGs
[2022-03-28 10:43:34,425] {logging_mixin.py:109} INFO - [2022-03-28 10:43:34,425] {dag.py:2937} INFO - Setting next_dagrun for tutorial to 2022-03-27T17:43:34.424907+00:00
[2022-03-28 10:43:34,437] {processor.py:171} INFO - Processing /home/vengat/big_data/python/venv/aflow_env/lib/python3.9/site-packages/airflow/example_dags/tutorial.py took 0.070 seconds
[2022-03-28 10:44:07,479] {processor.py:163} INFO - Started process (PID=54740) to work on /home/vengat/big_data/python/venv/aflow_env/lib/python3.9/site-packages/airflow/example_dags/tutorial.py
[2022-03-28 10:44:07,480] {processor.py:642} INFO - Processing file /home/vengat/big_data/python/venv/aflow_env/lib/python3.9/site-packages/airflow/example_dags/tutorial.py for tasks to queue
[2022-03-28 10:44:07,482] {logging_mixin.py:109} INFO - [2022-03-28 10:44:07,481] {dagbag.py:500} INFO - Filling up the DagBag from /home/vengat/big_data/python/venv/aflow_env/lib/python3.9/site-packages/airflow/example_dags/tutorial.py
[2022-03-28 10:44:07,510] {processor.py:654} INFO - DAG(s) dict_keys(['tutorial']) retrieved from /home/vengat/big_data/python/venv/aflow_env/lib/python3.9/site-packages/airflow/example_dags/tutorial.py
[2022-03-28 10:44:07,519] {logging_mixin.py:109} INFO - [2022-03-28 10:44:07,519] {dag.py:2398} INFO - Sync 1 DAGs
[2022-03-28 10:44:07,530] {logging_mixin.py:109} INFO - [2022-03-28 10:44:07,530] {dag.py:2937} INFO - Setting next_dagrun for tutorial to 2022-03-27T17:44:07.529749+00:00
[2022-03-28 10:44:07,539] {processor.py:171} INFO - Processing /home/vengat/big_data/python/venv/aflow_env/lib/python3.9/site-packages/airflow/example_dags/tutorial.py took 0.064 seconds
[2022-03-28 10:44:42,300] {processor.py:163} INFO - Started process (PID=54787) to work on /home/vengat/big_data/python/venv/aflow_env/lib/python3.9/site-packages/airflow/example_dags/tutorial.py
[2022-03-28 10:44:42,302] {processor.py:642} INFO - Processing file /home/vengat/big_data/python/venv/aflow_env/lib/python3.9/site-packages/airflow/example_dags/tutorial.py for tasks to queue
[2022-03-28 10:44:42,303] {logging_mixin.py:109} INFO - [2022-03-28 10:44:42,303] {dagbag.py:500} INFO - Filling up the DagBag from /home/vengat/big_data/python/venv/aflow_env/lib/python3.9/site-packages/airflow/example_dags/tutorial.py
[2022-03-28 10:44:42,330] {processor.py:654} INFO - DAG(s) dict_keys(['tutorial']) retrieved from /home/vengat/big_data/python/venv/aflow_env/lib/python3.9/site-packages/airflow/example_dags/tutorial.py
[2022-03-28 10:44:42,339] {logging_mixin.py:109} INFO - [2022-03-28 10:44:42,339] {dag.py:2398} INFO - Sync 1 DAGs
[2022-03-28 10:44:42,352] {logging_mixin.py:109} INFO - [2022-03-28 10:44:42,352] {dag.py:2937} INFO - Setting next_dagrun for tutorial to 2022-03-27T17:44:42.351628+00:00
[2022-03-28 10:44:42,362] {processor.py:171} INFO - Processing /home/vengat/big_data/python/venv/aflow_env/lib/python3.9/site-packages/airflow/example_dags/tutorial.py took 0.066 seconds
[2022-03-28 10:45:15,365] {processor.py:163} INFO - Started process (PID=54820) to work on /home/vengat/big_data/python/venv/aflow_env/lib/python3.9/site-packages/airflow/example_dags/tutorial.py
[2022-03-28 10:45:15,366] {processor.py:642} INFO - Processing file /home/vengat/big_data/python/venv/aflow_env/lib/python3.9/site-packages/airflow/example_dags/tutorial.py for tasks to queue
[2022-03-28 10:45:15,367] {logging_mixin.py:109} INFO - [2022-03-28 10:45:15,367] {dagbag.py:500} INFO - Filling up the DagBag from /home/vengat/big_data/python/venv/aflow_env/lib/python3.9/site-packages/airflow/example_dags/tutorial.py
[2022-03-28 10:45:15,402] {processor.py:654} INFO - DAG(s) dict_keys(['tutorial']) retrieved from /home/vengat/big_data/python/venv/aflow_env/lib/python3.9/site-packages/airflow/example_dags/tutorial.py
[2022-03-28 10:45:15,412] {logging_mixin.py:109} INFO - [2022-03-28 10:45:15,412] {dag.py:2398} INFO - Sync 1 DAGs
[2022-03-28 10:45:15,430] {logging_mixin.py:109} INFO - [2022-03-28 10:45:15,430] {dag.py:2937} INFO - Setting next_dagrun for tutorial to 2022-03-27T17:45:15.429621+00:00
[2022-03-28 10:45:15,440] {processor.py:171} INFO - Processing /home/vengat/big_data/python/venv/aflow_env/lib/python3.9/site-packages/airflow/example_dags/tutorial.py took 0.082 seconds
[2022-03-28 10:45:47,837] {processor.py:163} INFO - Started process (PID=54886) to work on /home/vengat/big_data/python/venv/aflow_env/lib/python3.9/site-packages/airflow/example_dags/tutorial.py
[2022-03-28 10:45:47,840] {processor.py:642} INFO - Processing file /home/vengat/big_data/python/venv/aflow_env/lib/python3.9/site-packages/airflow/example_dags/tutorial.py for tasks to queue
[2022-03-28 10:45:47,841] {logging_mixin.py:109} INFO - [2022-03-28 10:45:47,841] {dagbag.py:500} INFO - Filling up the DagBag from /home/vengat/big_data/python/venv/aflow_env/lib/python3.9/site-packages/airflow/example_dags/tutorial.py
[2022-03-28 10:45:47,868] {processor.py:654} INFO - DAG(s) dict_keys(['tutorial']) retrieved from /home/vengat/big_data/python/venv/aflow_env/lib/python3.9/site-packages/airflow/example_dags/tutorial.py
[2022-03-28 10:45:47,876] {logging_mixin.py:109} INFO - [2022-03-28 10:45:47,876] {dag.py:2398} INFO - Sync 1 DAGs
[2022-03-28 10:45:47,887] {logging_mixin.py:109} INFO - [2022-03-28 10:45:47,887] {dag.py:2937} INFO - Setting next_dagrun for tutorial to 2022-03-27T17:45:47.886831+00:00
[2022-03-28 10:45:47,896] {processor.py:171} INFO - Processing /home/vengat/big_data/python/venv/aflow_env/lib/python3.9/site-packages/airflow/example_dags/tutorial.py took 0.065 seconds
[2022-03-28 10:46:20,405] {processor.py:163} INFO - Started process (PID=54930) to work on /home/vengat/big_data/python/venv/aflow_env/lib/python3.9/site-packages/airflow/example_dags/tutorial.py
[2022-03-28 10:46:20,406] {processor.py:642} INFO - Processing file /home/vengat/big_data/python/venv/aflow_env/lib/python3.9/site-packages/airflow/example_dags/tutorial.py for tasks to queue
[2022-03-28 10:46:20,407] {logging_mixin.py:109} INFO - [2022-03-28 10:46:20,407] {dagbag.py:500} INFO - Filling up the DagBag from /home/vengat/big_data/python/venv/aflow_env/lib/python3.9/site-packages/airflow/example_dags/tutorial.py
[2022-03-28 10:46:20,433] {processor.py:654} INFO - DAG(s) dict_keys(['tutorial']) retrieved from /home/vengat/big_data/python/venv/aflow_env/lib/python3.9/site-packages/airflow/example_dags/tutorial.py
[2022-03-28 10:46:20,442] {logging_mixin.py:109} INFO - [2022-03-28 10:46:20,442] {dag.py:2398} INFO - Sync 1 DAGs
[2022-03-28 10:46:20,453] {logging_mixin.py:109} INFO - [2022-03-28 10:46:20,453] {dag.py:2937} INFO - Setting next_dagrun for tutorial to 2022-03-27T17:46:20.453502+00:00
[2022-03-28 10:46:20,462] {processor.py:171} INFO - Processing /home/vengat/big_data/python/venv/aflow_env/lib/python3.9/site-packages/airflow/example_dags/tutorial.py took 0.061 seconds
[2022-03-28 10:46:57,509] {processor.py:163} INFO - Started process (PID=54965) to work on /home/vengat/big_data/python/venv/aflow_env/lib/python3.9/site-packages/airflow/example_dags/tutorial.py
[2022-03-28 10:46:57,531] {processor.py:642} INFO - Processing file /home/vengat/big_data/python/venv/aflow_env/lib/python3.9/site-packages/airflow/example_dags/tutorial.py for tasks to queue
[2022-03-28 10:46:57,532] {logging_mixin.py:109} INFO - [2022-03-28 10:46:57,532] {dagbag.py:500} INFO - Filling up the DagBag from /home/vengat/big_data/python/venv/aflow_env/lib/python3.9/site-packages/airflow/example_dags/tutorial.py
[2022-03-28 10:46:57,595] {processor.py:654} INFO - DAG(s) dict_keys(['tutorial']) retrieved from /home/vengat/big_data/python/venv/aflow_env/lib/python3.9/site-packages/airflow/example_dags/tutorial.py
[2022-03-28 10:46:57,604] {logging_mixin.py:109} INFO - [2022-03-28 10:46:57,604] {dag.py:2398} INFO - Sync 1 DAGs
[2022-03-28 10:46:57,616] {logging_mixin.py:109} INFO - [2022-03-28 10:46:57,616] {dag.py:2937} INFO - Setting next_dagrun for tutorial to 2022-03-27T17:46:57.616475+00:00
[2022-03-28 10:46:57,677] {processor.py:171} INFO - Processing /home/vengat/big_data/python/venv/aflow_env/lib/python3.9/site-packages/airflow/example_dags/tutorial.py took 0.172 seconds
[2022-03-28 10:47:47,957] {processor.py:163} INFO - Started process (PID=55007) to work on /home/vengat/big_data/python/venv/aflow_env/lib/python3.9/site-packages/airflow/example_dags/tutorial.py
[2022-03-28 10:47:47,959] {processor.py:642} INFO - Processing file /home/vengat/big_data/python/venv/aflow_env/lib/python3.9/site-packages/airflow/example_dags/tutorial.py for tasks to queue
[2022-03-28 10:47:47,960] {logging_mixin.py:109} INFO - [2022-03-28 10:47:47,960] {dagbag.py:500} INFO - Filling up the DagBag from /home/vengat/big_data/python/venv/aflow_env/lib/python3.9/site-packages/airflow/example_dags/tutorial.py
[2022-03-28 10:47:47,985] {processor.py:654} INFO - DAG(s) dict_keys(['tutorial']) retrieved from /home/vengat/big_data/python/venv/aflow_env/lib/python3.9/site-packages/airflow/example_dags/tutorial.py
[2022-03-28 10:47:47,995] {logging_mixin.py:109} INFO - [2022-03-28 10:47:47,995] {dag.py:2398} INFO - Sync 1 DAGs
[2022-03-28 10:47:48,007] {logging_mixin.py:109} INFO - [2022-03-28 10:47:48,007] {dag.py:2937} INFO - Setting next_dagrun for tutorial to 2022-03-27T17:47:48.007233+00:00
[2022-03-28 10:47:48,018] {processor.py:171} INFO - Processing /home/vengat/big_data/python/venv/aflow_env/lib/python3.9/site-packages/airflow/example_dags/tutorial.py took 0.064 seconds
[2022-03-28 10:48:31,231] {processor.py:163} INFO - Started process (PID=55061) to work on /home/vengat/big_data/python/venv/aflow_env/lib/python3.9/site-packages/airflow/example_dags/tutorial.py
[2022-03-28 10:48:31,236] {processor.py:642} INFO - Processing file /home/vengat/big_data/python/venv/aflow_env/lib/python3.9/site-packages/airflow/example_dags/tutorial.py for tasks to queue
[2022-03-28 10:48:31,237] {logging_mixin.py:109} INFO - [2022-03-28 10:48:31,237] {dagbag.py:500} INFO - Filling up the DagBag from /home/vengat/big_data/python/venv/aflow_env/lib/python3.9/site-packages/airflow/example_dags/tutorial.py
[2022-03-28 10:48:31,268] {processor.py:654} INFO - DAG(s) dict_keys(['tutorial']) retrieved from /home/vengat/big_data/python/venv/aflow_env/lib/python3.9/site-packages/airflow/example_dags/tutorial.py
[2022-03-28 10:48:31,277] {logging_mixin.py:109} INFO - [2022-03-28 10:48:31,277] {dag.py:2398} INFO - Sync 1 DAGs
[2022-03-28 10:48:31,290] {logging_mixin.py:109} INFO - [2022-03-28 10:48:31,290] {dag.py:2937} INFO - Setting next_dagrun for tutorial to 2022-03-27T17:48:31.289882+00:00
[2022-03-28 10:48:31,299] {processor.py:171} INFO - Processing /home/vengat/big_data/python/venv/aflow_env/lib/python3.9/site-packages/airflow/example_dags/tutorial.py took 0.071 seconds
[2022-03-28 10:49:07,517] {processor.py:163} INFO - Started process (PID=55099) to work on /home/vengat/big_data/python/venv/aflow_env/lib/python3.9/site-packages/airflow/example_dags/tutorial.py
[2022-03-28 10:49:07,519] {processor.py:642} INFO - Processing file /home/vengat/big_data/python/venv/aflow_env/lib/python3.9/site-packages/airflow/example_dags/tutorial.py for tasks to queue
[2022-03-28 10:49:07,519] {logging_mixin.py:109} INFO - [2022-03-28 10:49:07,519] {dagbag.py:500} INFO - Filling up the DagBag from /home/vengat/big_data/python/venv/aflow_env/lib/python3.9/site-packages/airflow/example_dags/tutorial.py
[2022-03-28 10:49:07,553] {processor.py:654} INFO - DAG(s) dict_keys(['tutorial']) retrieved from /home/vengat/big_data/python/venv/aflow_env/lib/python3.9/site-packages/airflow/example_dags/tutorial.py
[2022-03-28 10:49:07,564] {logging_mixin.py:109} INFO - [2022-03-28 10:49:07,564] {dag.py:2398} INFO - Sync 1 DAGs
[2022-03-28 10:49:07,581] {logging_mixin.py:109} INFO - [2022-03-28 10:49:07,581] {dag.py:2937} INFO - Setting next_dagrun for tutorial to 2022-03-27T17:49:07.581386+00:00
[2022-03-28 10:49:07,592] {processor.py:171} INFO - Processing /home/vengat/big_data/python/venv/aflow_env/lib/python3.9/site-packages/airflow/example_dags/tutorial.py took 0.078 seconds
[2022-03-28 10:49:41,177] {processor.py:163} INFO - Started process (PID=55131) to work on /home/vengat/big_data/python/venv/aflow_env/lib/python3.9/site-packages/airflow/example_dags/tutorial.py
[2022-03-28 10:49:41,179] {processor.py:642} INFO - Processing file /home/vengat/big_data/python/venv/aflow_env/lib/python3.9/site-packages/airflow/example_dags/tutorial.py for tasks to queue
[2022-03-28 10:49:41,180] {logging_mixin.py:109} INFO - [2022-03-28 10:49:41,180] {dagbag.py:500} INFO - Filling up the DagBag from /home/vengat/big_data/python/venv/aflow_env/lib/python3.9/site-packages/airflow/example_dags/tutorial.py
[2022-03-28 10:49:41,206] {processor.py:654} INFO - DAG(s) dict_keys(['tutorial']) retrieved from /home/vengat/big_data/python/venv/aflow_env/lib/python3.9/site-packages/airflow/example_dags/tutorial.py
[2022-03-28 10:49:41,215] {logging_mixin.py:109} INFO - [2022-03-28 10:49:41,214] {dag.py:2398} INFO - Sync 1 DAGs
[2022-03-28 10:49:41,226] {logging_mixin.py:109} INFO - [2022-03-28 10:49:41,226] {dag.py:2937} INFO - Setting next_dagrun for tutorial to 2022-03-27T17:49:41.226085+00:00
[2022-03-28 10:49:41,235] {processor.py:171} INFO - Processing /home/vengat/big_data/python/venv/aflow_env/lib/python3.9/site-packages/airflow/example_dags/tutorial.py took 0.066 seconds
[2022-03-28 10:50:15,212] {processor.py:163} INFO - Started process (PID=55165) to work on /home/vengat/big_data/python/venv/aflow_env/lib/python3.9/site-packages/airflow/example_dags/tutorial.py
[2022-03-28 10:50:15,214] {processor.py:642} INFO - Processing file /home/vengat/big_data/python/venv/aflow_env/lib/python3.9/site-packages/airflow/example_dags/tutorial.py for tasks to queue
[2022-03-28 10:50:15,214] {logging_mixin.py:109} INFO - [2022-03-28 10:50:15,214] {dagbag.py:500} INFO - Filling up the DagBag from /home/vengat/big_data/python/venv/aflow_env/lib/python3.9/site-packages/airflow/example_dags/tutorial.py
[2022-03-28 10:50:15,238] {processor.py:654} INFO - DAG(s) dict_keys(['tutorial']) retrieved from /home/vengat/big_data/python/venv/aflow_env/lib/python3.9/site-packages/airflow/example_dags/tutorial.py
[2022-03-28 10:50:15,246] {logging_mixin.py:109} INFO - [2022-03-28 10:50:15,246] {dag.py:2398} INFO - Sync 1 DAGs
[2022-03-28 10:50:15,258] {logging_mixin.py:109} INFO - [2022-03-28 10:50:15,258] {dag.py:2937} INFO - Setting next_dagrun for tutorial to 2022-03-27T17:50:15.258426+00:00
[2022-03-28 10:50:15,267] {processor.py:171} INFO - Processing /home/vengat/big_data/python/venv/aflow_env/lib/python3.9/site-packages/airflow/example_dags/tutorial.py took 0.058 seconds
[2022-03-28 10:50:49,013] {processor.py:163} INFO - Started process (PID=55198) to work on /home/vengat/big_data/python/venv/aflow_env/lib/python3.9/site-packages/airflow/example_dags/tutorial.py
[2022-03-28 10:50:49,014] {processor.py:642} INFO - Processing file /home/vengat/big_data/python/venv/aflow_env/lib/python3.9/site-packages/airflow/example_dags/tutorial.py for tasks to queue
[2022-03-28 10:50:49,015] {logging_mixin.py:109} INFO - [2022-03-28 10:50:49,015] {dagbag.py:500} INFO - Filling up the DagBag from /home/vengat/big_data/python/venv/aflow_env/lib/python3.9/site-packages/airflow/example_dags/tutorial.py
[2022-03-28 10:50:49,039] {processor.py:654} INFO - DAG(s) dict_keys(['tutorial']) retrieved from /home/vengat/big_data/python/venv/aflow_env/lib/python3.9/site-packages/airflow/example_dags/tutorial.py
[2022-03-28 10:50:49,047] {logging_mixin.py:109} INFO - [2022-03-28 10:50:49,047] {dag.py:2398} INFO - Sync 1 DAGs
[2022-03-28 10:50:49,058] {logging_mixin.py:109} INFO - [2022-03-28 10:50:49,058] {dag.py:2937} INFO - Setting next_dagrun for tutorial to 2022-03-27T17:50:49.058599+00:00
[2022-03-28 10:50:49,069] {processor.py:171} INFO - Processing /home/vengat/big_data/python/venv/aflow_env/lib/python3.9/site-packages/airflow/example_dags/tutorial.py took 0.059 seconds
[2022-03-28 10:51:23,356] {processor.py:163} INFO - Started process (PID=55230) to work on /home/vengat/big_data/python/venv/aflow_env/lib/python3.9/site-packages/airflow/example_dags/tutorial.py
[2022-03-28 10:51:23,358] {processor.py:642} INFO - Processing file /home/vengat/big_data/python/venv/aflow_env/lib/python3.9/site-packages/airflow/example_dags/tutorial.py for tasks to queue
[2022-03-28 10:51:23,358] {logging_mixin.py:109} INFO - [2022-03-28 10:51:23,358] {dagbag.py:500} INFO - Filling up the DagBag from /home/vengat/big_data/python/venv/aflow_env/lib/python3.9/site-packages/airflow/example_dags/tutorial.py
[2022-03-28 10:51:23,382] {processor.py:654} INFO - DAG(s) dict_keys(['tutorial']) retrieved from /home/vengat/big_data/python/venv/aflow_env/lib/python3.9/site-packages/airflow/example_dags/tutorial.py
[2022-03-28 10:51:23,392] {logging_mixin.py:109} INFO - [2022-03-28 10:51:23,392] {dag.py:2398} INFO - Sync 1 DAGs
[2022-03-28 10:51:23,404] {logging_mixin.py:109} INFO - [2022-03-28 10:51:23,404] {dag.py:2937} INFO - Setting next_dagrun for tutorial to 2022-03-27T17:51:23.403946+00:00
[2022-03-28 10:51:23,417] {processor.py:171} INFO - Processing /home/vengat/big_data/python/venv/aflow_env/lib/python3.9/site-packages/airflow/example_dags/tutorial.py took 0.065 seconds
[2022-03-28 10:51:55,816] {processor.py:163} INFO - Started process (PID=55263) to work on /home/vengat/big_data/python/venv/aflow_env/lib/python3.9/site-packages/airflow/example_dags/tutorial.py
[2022-03-28 10:51:55,819] {processor.py:642} INFO - Processing file /home/vengat/big_data/python/venv/aflow_env/lib/python3.9/site-packages/airflow/example_dags/tutorial.py for tasks to queue
[2022-03-28 10:51:55,820] {logging_mixin.py:109} INFO - [2022-03-28 10:51:55,819] {dagbag.py:500} INFO - Filling up the DagBag from /home/vengat/big_data/python/venv/aflow_env/lib/python3.9/site-packages/airflow/example_dags/tutorial.py
[2022-03-28 10:51:55,847] {processor.py:654} INFO - DAG(s) dict_keys(['tutorial']) retrieved from /home/vengat/big_data/python/venv/aflow_env/lib/python3.9/site-packages/airflow/example_dags/tutorial.py
[2022-03-28 10:51:55,858] {logging_mixin.py:109} INFO - [2022-03-28 10:51:55,857] {dag.py:2398} INFO - Sync 1 DAGs
[2022-03-28 10:51:55,871] {logging_mixin.py:109} INFO - [2022-03-28 10:51:55,871] {dag.py:2937} INFO - Setting next_dagrun for tutorial to 2022-03-27T17:51:55.871144+00:00
[2022-03-28 10:51:55,882] {processor.py:171} INFO - Processing /home/vengat/big_data/python/venv/aflow_env/lib/python3.9/site-packages/airflow/example_dags/tutorial.py took 0.072 seconds
[2022-03-28 10:52:30,461] {processor.py:163} INFO - Started process (PID=55300) to work on /home/vengat/big_data/python/venv/aflow_env/lib/python3.9/site-packages/airflow/example_dags/tutorial.py
[2022-03-28 10:52:30,463] {processor.py:642} INFO - Processing file /home/vengat/big_data/python/venv/aflow_env/lib/python3.9/site-packages/airflow/example_dags/tutorial.py for tasks to queue
[2022-03-28 10:52:30,464] {logging_mixin.py:109} INFO - [2022-03-28 10:52:30,463] {dagbag.py:500} INFO - Filling up the DagBag from /home/vengat/big_data/python/venv/aflow_env/lib/python3.9/site-packages/airflow/example_dags/tutorial.py
[2022-03-28 10:52:30,494] {processor.py:654} INFO - DAG(s) dict_keys(['tutorial']) retrieved from /home/vengat/big_data/python/venv/aflow_env/lib/python3.9/site-packages/airflow/example_dags/tutorial.py
[2022-03-28 10:52:30,503] {logging_mixin.py:109} INFO - [2022-03-28 10:52:30,503] {dag.py:2398} INFO - Sync 1 DAGs
[2022-03-28 10:52:30,515] {logging_mixin.py:109} INFO - [2022-03-28 10:52:30,515] {dag.py:2937} INFO - Setting next_dagrun for tutorial to 2022-03-27T17:52:30.515471+00:00
[2022-03-28 10:52:30,529] {processor.py:171} INFO - Processing /home/vengat/big_data/python/venv/aflow_env/lib/python3.9/site-packages/airflow/example_dags/tutorial.py took 0.072 seconds
[2022-03-28 10:53:05,718] {processor.py:163} INFO - Started process (PID=55336) to work on /home/vengat/big_data/python/venv/aflow_env/lib/python3.9/site-packages/airflow/example_dags/tutorial.py
[2022-03-28 10:53:05,719] {processor.py:642} INFO - Processing file /home/vengat/big_data/python/venv/aflow_env/lib/python3.9/site-packages/airflow/example_dags/tutorial.py for tasks to queue
[2022-03-28 10:53:05,720] {logging_mixin.py:109} INFO - [2022-03-28 10:53:05,720] {dagbag.py:500} INFO - Filling up the DagBag from /home/vengat/big_data/python/venv/aflow_env/lib/python3.9/site-packages/airflow/example_dags/tutorial.py
[2022-03-28 10:53:05,755] {processor.py:654} INFO - DAG(s) dict_keys(['tutorial']) retrieved from /home/vengat/big_data/python/venv/aflow_env/lib/python3.9/site-packages/airflow/example_dags/tutorial.py
[2022-03-28 10:53:05,777] {logging_mixin.py:109} INFO - [2022-03-28 10:53:05,777] {dag.py:2398} INFO - Sync 1 DAGs
[2022-03-28 10:53:05,790] {logging_mixin.py:109} INFO - [2022-03-28 10:53:05,790] {dag.py:2937} INFO - Setting next_dagrun for tutorial to 2022-03-27T17:53:05.790249+00:00
[2022-03-28 10:53:05,800] {processor.py:171} INFO - Processing /home/vengat/big_data/python/venv/aflow_env/lib/python3.9/site-packages/airflow/example_dags/tutorial.py took 0.089 seconds
[2022-03-28 10:53:38,148] {processor.py:163} INFO - Started process (PID=55369) to work on /home/vengat/big_data/python/venv/aflow_env/lib/python3.9/site-packages/airflow/example_dags/tutorial.py
[2022-03-28 10:53:38,151] {processor.py:642} INFO - Processing file /home/vengat/big_data/python/venv/aflow_env/lib/python3.9/site-packages/airflow/example_dags/tutorial.py for tasks to queue
[2022-03-28 10:53:38,151] {logging_mixin.py:109} INFO - [2022-03-28 10:53:38,151] {dagbag.py:500} INFO - Filling up the DagBag from /home/vengat/big_data/python/venv/aflow_env/lib/python3.9/site-packages/airflow/example_dags/tutorial.py
[2022-03-28 10:53:38,189] {processor.py:654} INFO - DAG(s) dict_keys(['tutorial']) retrieved from /home/vengat/big_data/python/venv/aflow_env/lib/python3.9/site-packages/airflow/example_dags/tutorial.py
[2022-03-28 10:53:38,199] {logging_mixin.py:109} INFO - [2022-03-28 10:53:38,199] {dag.py:2398} INFO - Sync 1 DAGs
[2022-03-28 10:53:38,212] {logging_mixin.py:109} INFO - [2022-03-28 10:53:38,212] {dag.py:2937} INFO - Setting next_dagrun for tutorial to 2022-03-27T17:53:38.211448+00:00
[2022-03-28 10:53:38,221] {processor.py:171} INFO - Processing /home/vengat/big_data/python/venv/aflow_env/lib/python3.9/site-packages/airflow/example_dags/tutorial.py took 0.078 seconds
[2022-03-28 10:54:12,625] {processor.py:163} INFO - Started process (PID=55402) to work on /home/vengat/big_data/python/venv/aflow_env/lib/python3.9/site-packages/airflow/example_dags/tutorial.py
[2022-03-28 10:54:12,627] {processor.py:642} INFO - Processing file /home/vengat/big_data/python/venv/aflow_env/lib/python3.9/site-packages/airflow/example_dags/tutorial.py for tasks to queue
[2022-03-28 10:54:12,627] {logging_mixin.py:109} INFO - [2022-03-28 10:54:12,627] {dagbag.py:500} INFO - Filling up the DagBag from /home/vengat/big_data/python/venv/aflow_env/lib/python3.9/site-packages/airflow/example_dags/tutorial.py
[2022-03-28 10:54:12,651] {processor.py:654} INFO - DAG(s) dict_keys(['tutorial']) retrieved from /home/vengat/big_data/python/venv/aflow_env/lib/python3.9/site-packages/airflow/example_dags/tutorial.py
[2022-03-28 10:54:12,659] {logging_mixin.py:109} INFO - [2022-03-28 10:54:12,659] {dag.py:2398} INFO - Sync 1 DAGs
[2022-03-28 10:54:12,676] {logging_mixin.py:109} INFO - [2022-03-28 10:54:12,676] {dag.py:2937} INFO - Setting next_dagrun for tutorial to 2022-03-27T17:54:12.675831+00:00
[2022-03-28 10:54:12,686] {processor.py:171} INFO - Processing /home/vengat/big_data/python/venv/aflow_env/lib/python3.9/site-packages/airflow/example_dags/tutorial.py took 0.064 seconds
[2022-03-28 10:54:45,916] {processor.py:163} INFO - Started process (PID=55434) to work on /home/vengat/big_data/python/venv/aflow_env/lib/python3.9/site-packages/airflow/example_dags/tutorial.py
[2022-03-28 10:54:45,919] {processor.py:642} INFO - Processing file /home/vengat/big_data/python/venv/aflow_env/lib/python3.9/site-packages/airflow/example_dags/tutorial.py for tasks to queue
[2022-03-28 10:54:45,920] {logging_mixin.py:109} INFO - [2022-03-28 10:54:45,920] {dagbag.py:500} INFO - Filling up the DagBag from /home/vengat/big_data/python/venv/aflow_env/lib/python3.9/site-packages/airflow/example_dags/tutorial.py
[2022-03-28 10:54:45,946] {processor.py:654} INFO - DAG(s) dict_keys(['tutorial']) retrieved from /home/vengat/big_data/python/venv/aflow_env/lib/python3.9/site-packages/airflow/example_dags/tutorial.py
[2022-03-28 10:54:45,955] {logging_mixin.py:109} INFO - [2022-03-28 10:54:45,955] {dag.py:2398} INFO - Sync 1 DAGs
[2022-03-28 10:54:45,968] {logging_mixin.py:109} INFO - [2022-03-28 10:54:45,967] {dag.py:2937} INFO - Setting next_dagrun for tutorial to 2022-03-27T17:54:45.967689+00:00
[2022-03-28 10:54:45,977] {processor.py:171} INFO - Processing /home/vengat/big_data/python/venv/aflow_env/lib/python3.9/site-packages/airflow/example_dags/tutorial.py took 0.068 seconds
