[2022-03-28 10:13:30,827] {taskinstance.py:1037} INFO - Dependencies all met for <TaskInstance: example_bash_operator.run_after_loop scheduled__2022-03-27T00:00:00+00:00 [queued]>
[2022-03-28 10:13:30,833] {taskinstance.py:1037} INFO - Dependencies all met for <TaskInstance: example_bash_operator.run_after_loop scheduled__2022-03-27T00:00:00+00:00 [queued]>
[2022-03-28 10:13:30,834] {taskinstance.py:1243} INFO - 
--------------------------------------------------------------------------------
[2022-03-28 10:13:30,834] {taskinstance.py:1244} INFO - Starting attempt 1 of 1
[2022-03-28 10:13:30,834] {taskinstance.py:1245} INFO - 
--------------------------------------------------------------------------------
[2022-03-28 10:13:30,845] {taskinstance.py:1264} INFO - Executing <Task(BashOperator): run_after_loop> on 2022-03-27 00:00:00+00:00
[2022-03-28 10:13:30,847] {standard_task_runner.py:52} INFO - Started process 52716 to run task
[2022-03-28 10:13:30,855] {standard_task_runner.py:76} INFO - Running: ['airflow', 'tasks', 'run', 'example_bash_operator', 'run_after_loop', 'scheduled__2022-03-27T00:00:00+00:00', '--job-id', '12', '--raw', '--subdir', '/home/vengat/big_data/python/venv/aflow_env/lib/python3.9/site-packages/airflow/example_dags/example_bash_operator.py', '--cfg-path', '/tmp/tmpy5whrm1a', '--error-file', '/tmp/tmpcvn6qk8m']
[2022-03-28 10:13:30,856] {standard_task_runner.py:77} INFO - Job 12: Subtask run_after_loop
[2022-03-28 10:13:30,933] {logging_mixin.py:109} INFO - Running <TaskInstance: example_bash_operator.run_after_loop scheduled__2022-03-27T00:00:00+00:00 [running]> on host ubuntu
[2022-03-28 10:13:30,972] {taskinstance.py:1429} INFO - Exporting the following env vars:
AIRFLOW_CTX_DAG_OWNER=airflow
AIRFLOW_CTX_DAG_ID=example_bash_operator
AIRFLOW_CTX_TASK_ID=run_after_loop
AIRFLOW_CTX_EXECUTION_DATE=2022-03-27T00:00:00+00:00
AIRFLOW_CTX_DAG_RUN_ID=scheduled__2022-03-27T00:00:00+00:00
[2022-03-28 10:13:30,974] {subprocess.py:62} INFO - Tmp dir root location: 
 /tmp
[2022-03-28 10:13:30,974] {subprocess.py:74} INFO - Running command: ['bash', '-c', 'echo 1']
[2022-03-28 10:13:30,980] {subprocess.py:85} INFO - Output:
[2022-03-28 10:13:30,981] {subprocess.py:89} INFO - 1
[2022-03-28 10:13:30,982] {subprocess.py:93} INFO - Command exited with return code 0
[2022-03-28 10:13:30,999] {taskinstance.py:1272} INFO - Marking task as SUCCESS. dag_id=example_bash_operator, task_id=run_after_loop, execution_date=20220327T000000, start_date=20220328T171330, end_date=20220328T171330
[2022-03-28 10:13:31,033] {local_task_job.py:154} INFO - Task exited with return code 0
[2022-03-28 10:13:31,060] {local_task_job.py:264} INFO - 0 downstream tasks scheduled from follow-on schedule check
